9.5043 	WARNING 	User requested fullscreen with size [2160 1440], but screen is actually [3240, 2160]. Using actual size
11.4896 	EXP 	Created window1 = Window(allowGUI=False, allowStencil=False, args=UNKNOWN, autoLog=True, bitsMode=UNKNOWN, blendMode='avg', color=u'white', colorSpace='named', fullscr=UNKNOWN, gamma=None, kwargs=UNKNOWN, lms=UNKNOWN, monitor=<psychopy.monitors.calibTools.Monitor object at 0x203AA470>, multiSample=False, name='window1', numSamples=2, pos=[0, 0], screen=0, size=array([3240, 2160]), stereo=False, units=u'norm', useFBO=True, useRetina=False, viewOri=0.0, viewPos=None, viewScale=None, waitBlanking=True, winType=u'pyglet')
11.4897 	EXP 	window1: recordFrameIntervals = False
11.6552 	EXP 	window1: recordFrameIntervals = True
11.8376 	EXP 	window1: recordFrameIntervals = False
12.1621 	EXP 	Created instructions_text = TextStim(alignHoriz='center', alignVert='center', antialias=True, autoLog=True, bold=False, color=u'black', colorSpace='named', contrast=1.0, depth=0.0, flipHoriz=False, flipVert=False, font=u'Arial', fontFiles=[], height=0.1, italic=False, name='instructions_text', opacity=1.0, ori=0, pos=array([ 0.,  0.]), rgb=array([ 0.,  0.,  0.]), text=newstr(...), units=u'norm', win=Window(...), wrapWidth=1)
12.1627 	EXP 	Created blank_iti = TextStim(alignHoriz='center', alignVert='center', antialias=True, autoLog=True, bold=False, color=u'white', colorSpace='named', contrast=1.0, depth=0.0, flipHoriz=False, flipVert=False, font=u'Arial', fontFiles=[], height=0.1, italic=False, name='blank_iti', opacity=1.0, ori=0, pos=array([ 0.,  0.]), rgb=array([ 255.,  255.,  255.]), text='', units=u'norm', win=Window(...), wrapWidth=1)
12.3031 	EXP 	Sound  set volume 1.000
12.3198 	EXP 	instructions_text: autoDraw = True
13.2555 	DATA 	Keypress: space
13.2710 	EXP 	instructions_text: autoDraw = False
13.2710 	EXP 	blank_iti: autoDraw = True
14.2574 	EXP 	Created sequence: random, trialTypes=1, nReps=17, seed=None
14.2585 	EXP 	New trial (rep=0, index=0): None
14.2716 	EXP 	blank_iti: autoDraw = False
14.2716 	EXP 	blank_iti: autoDraw = False
14.8538 	EXP 	New trial (rep=1, index=0): None
15.4561 	EXP 	New trial (rep=2, index=0): None
15.8381 	DATA 	Keypress: escape
15.8967 	EXP 	window1: mouseVisible = True
