2.8339 	WARNING 	psychopy.parallel has been imported but no parallel port driver found. Install either inpout32 or dlportio
5.8725 	WARNING 	User requested fullscreen with size [2160 1440], but screen is actually [3240, 2160]. Using actual size
7.1170 	EXP 	Created window1 = Window(allowGUI=False, allowStencil=False, args=UNKNOWN, autoLog=True, bitsMode=UNKNOWN, blendMode='avg', color=u'white', colorSpace='named', fullscr=UNKNOWN, gamma=None, kwargs=UNKNOWN, lms=UNKNOWN, monitor=<psychopy.monitors.calibTools.Monitor object at 0x1F10B3D0>, multiSample=False, name='window1', numSamples=2, pos=[0, 0], screen=0, size=array([3240, 2160]), stereo=False, units=u'norm', useFBO=True, useRetina=False, viewOri=0.0, viewPos=None, viewScale=None, waitBlanking=True, winType=u'pyglet')
7.1171 	EXP 	window1: recordFrameIntervals = False
7.2836 	EXP 	window1: recordFrameIntervals = True
7.4666 	EXP 	window1: recordFrameIntervals = False
7.8299 	EXP 	Created instructions_text = TextStim(alignHoriz='center', alignVert='center', antialias=True, autoLog=True, bold=False, color=u'black', colorSpace='named', contrast=1.0, depth=0.0, flipHoriz=False, flipVert=False, font=u'Arial', fontFiles=[], height=0.1, italic=False, name='instructions_text', opacity=1.0, ori=0, pos=array([ 0.,  0.]), rgb=array([ 0.,  0.,  0.]), text=newstr(...), units=u'norm', win=Window(...), wrapWidth=1)
7.8594 	EXP 	Sound  set volume 1.000
7.8780 	EXP 	instructions_text: autoDraw = True
8.2388 	DATA 	Keypress: space
8.2396 	EXP 	Created sequence: random, trialTypes=1, nReps=17, seed=None
8.2400 	EXP 	New trial (rep=0, index=0): None
8.2619 	EXP 	instructions_text: autoDraw = False
8.8354 	EXP 	New trial (rep=1, index=0): None
9.4351 	EXP 	New trial (rep=2, index=0): None
10.0351 	EXP 	New trial (rep=3, index=0): None
10.6367 	EXP 	New trial (rep=4, index=0): None
11.2351 	EXP 	New trial (rep=5, index=0): None
11.8367 	EXP 	New trial (rep=6, index=0): None
12.4357 	EXP 	New trial (rep=7, index=0): None
13.0330 	EXP 	New trial (rep=8, index=0): None
13.6347 	EXP 	New trial (rep=9, index=0): None
14.2353 	EXP 	New trial (rep=10, index=0): None
14.8357 	EXP 	New trial (rep=11, index=0): None
15.4341 	EXP 	New trial (rep=12, index=0): None
16.0357 	EXP 	New trial (rep=13, index=0): None
16.6333 	EXP 	New trial (rep=14, index=0): None
17.2356 	EXP 	New trial (rep=15, index=0): None
17.8360 	EXP 	New trial (rep=16, index=0): None
25.3520 	DATA 	Keypress: escape
25.4310 	EXP 	window1: mouseVisible = True
