5.8834 	WARNING 	User requested fullscreen with size [2160 1440], but screen is actually [3240, 2160]. Using actual size
7.3078 	EXP 	Created window1 = Window(allowGUI=False, allowStencil=False, args=UNKNOWN, autoLog=True, bitsMode=UNKNOWN, blendMode='avg', color=u'white', colorSpace='named', fullscr=UNKNOWN, gamma=None, kwargs=UNKNOWN, lms=UNKNOWN, monitor=<psychopy.monitors.calibTools.Monitor object at 0x21AC5ED0>, multiSample=False, name='window1', numSamples=2, pos=[0, 0], screen=0, size=array([3240, 2160]), stereo=False, units=u'norm', useFBO=True, useRetina=False, viewOri=0.0, viewPos=None, viewScale=None, waitBlanking=True, winType=u'pyglet')
7.3078 	EXP 	window1: recordFrameIntervals = False
7.4756 	EXP 	window1: recordFrameIntervals = True
7.6594 	EXP 	window1: recordFrameIntervals = False
8.1092 	EXP 	Created instructions_text = TextStim(alignHoriz='center', alignVert='center', antialias=True, autoLog=True, bold=False, color=u'black', colorSpace='named', contrast=1.0, depth=0.0, flipHoriz=False, flipVert=False, font=u'Arial', fontFiles=[], height=0.1, italic=False, name='instructions_text', opacity=1.0, ori=0, pos=array([ 0.,  0.]), rgb=array([ 0.,  0.,  0.]), text=newstr(...), units=u'norm', win=Window(...), wrapWidth=1)
8.1097 	EXP 	Created blank_iti = TextStim(alignHoriz='center', alignVert='center', antialias=True, autoLog=True, bold=False, color=u'white', colorSpace='named', contrast=1.0, depth=0.0, flipHoriz=False, flipVert=False, font=u'Arial', fontFiles=[], height=0.1, italic=False, name='blank_iti', opacity=1.0, ori=0, pos=array([ 0.,  0.]), rgb=array([ 255.,  255.,  255.]), text='', units=u'norm', win=Window(...), wrapWidth=1)
8.1473 	EXP 	Sound  set volume 1.000
8.1614 	EXP 	instructions_text: autoDraw = True
8.4938 	DATA 	Keypress: space
8.5083 	EXP 	instructions_text: autoDraw = False
8.5083 	EXP 	blank_iti: autoDraw = True
9.4956 	EXP 	Created sequence: random, trialTypes=1, nReps=17, seed=None
9.5235 	EXP 	Created crosshair = TextStim(alignHoriz='center', alignVert='center', antialias=True, autoLog=True, bold=False, color='black', colorSpace='named', contrast=1.0, depth=0, flipHoriz=False, flipVert=False, font='', fontFiles=[], height=0.1, italic=False, name='crosshair', opacity=1.0, ori=0.0, pos=array([ 0.,  0.]), rgb=array([ 0.,  0.,  0.]), text='+', units=u'norm', win=Window(...), wrapWidth=1)
9.5247 	EXP 	New trial (rep=0, index=0): None
9.5386 	EXP 	blank_iti: autoDraw = False
9.5386 	EXP 	blank_iti: autoDraw = False
9.5386 	EXP 	crosshair: autoDraw = True
9.5386 	EXP 	crosshair: autoDraw = True
10.0996 	EXP 	New trial (rep=1, index=0): None
10.1227 	EXP 	crosshair: autoDraw = True
10.6923 	EXP 	New trial (rep=2, index=0): None
10.7085 	EXP 	crosshair: autoDraw = True
11.2924 	EXP 	New trial (rep=3, index=0): None
11.3082 	EXP 	crosshair: autoDraw = True
11.8945 	EXP 	New trial (rep=4, index=0): None
11.9113 	EXP 	crosshair: autoDraw = True
12.4942 	EXP 	New trial (rep=5, index=0): None
12.5102 	EXP 	crosshair: autoDraw = True
13.0931 	EXP 	New trial (rep=6, index=0): None
13.1087 	EXP 	crosshair: autoDraw = True
13.6948 	EXP 	New trial (rep=7, index=0): None
13.7116 	EXP 	crosshair: autoDraw = True
14.2950 	EXP 	New trial (rep=8, index=0): None
14.3131 	EXP 	crosshair: autoDraw = True
14.8953 	EXP 	New trial (rep=9, index=0): None
14.9164 	EXP 	crosshair: autoDraw = True
15.4950 	EXP 	New trial (rep=10, index=0): None
15.5146 	EXP 	crosshair: autoDraw = True
16.0930 	EXP 	New trial (rep=11, index=0): None
16.1091 	EXP 	crosshair: autoDraw = True
16.6969 	EXP 	New trial (rep=12, index=0): None
16.7167 	EXP 	crosshair: autoDraw = True
17.2962 	EXP 	New trial (rep=13, index=0): None
17.3132 	EXP 	crosshair: autoDraw = True
17.8962 	EXP 	New trial (rep=14, index=0): None
17.9144 	EXP 	crosshair: autoDraw = True
18.4989 	EXP 	New trial (rep=15, index=0): None
18.5172 	EXP 	crosshair: autoDraw = True
19.0935 	EXP 	New trial (rep=16, index=0): None
19.1094 	EXP 	crosshair: autoDraw = True
22.0781 	DATA 	Keypress: escape
22.1344 	EXP 	window1: mouseVisible = True
