9.7690 	EXP 	Added new global key event: forcequit
9.7690 	EXP 	Added new global key event: forcequit
17.4149 	WARNING 	Couldn't measure a consistent frame rate.
  - Is your graphics card set to sync to vertical blank?
  - Are you running other processes on your computer?

17.4250 	EXP 	Created window1 = Window(allowGUI=True, allowStencil=False, args=UNKNOWN, autoLog=True, bitsMode=UNKNOWN, blendMode='avg', color='red', colorSpace='named', fullscr=UNKNOWN, gamma=None, kwargs=UNKNOWN, lms=UNKNOWN, monitor=<psychopy.monitors.calibTools.Monitor object at 0x1F7F4DB0>, multiSample=False, name='window1', numSamples=2, pos=[0, 0], screen=0, size=array([3240, 2160]), stereo=False, units=u'norm', useFBO=True, useRetina=False, viewOri=0.0, viewPos=None, viewScale=None, waitBlanking=True, winType=u'pyglet')
17.4252 	EXP 	window1: mouseVisible = False
17.4252 	EXP 	window1: recordFrameIntervals = False
17.7200 	EXP 	window1: recordFrameIntervals = True
17.7788 	WARNING 	t of last frame was 33.63ms (=1/29)
17.8070 	WARNING 	t of last frame was 28.20ms (=1/35)
17.8363 	WARNING 	t of last frame was 29.38ms (=1/34)
17.8632 	WARNING 	t of last frame was 26.82ms (=1/37)
17.8951 	WARNING 	Multiple dropped frames have occurred - I'll stop bothering you about them!
20.7672 	WARNING 	Couldn't measure a consistent frame rate.
  - Is your graphics card set to sync to vertical blank?
  - Are you running other processes on your computer?

22.1786 	EXP 	Created instruct_p1 = TextStim(alignHoriz='center', alignVert='center', antialias=True, autoLog=True, bold=False, color='white', colorSpace='named', contrast=1.0, depth=0.0, flipHoriz=False, flipVert=False, font='Arial', fontFiles=[], height=0.05, italic=False, name='instruct_p1', opacity=1.0, ori=0, pos=array([ 0.,  0.]), rgb=array([ 255.,  255.,  255.]), text=newstr(...), units=u'norm', win=Window(...), wrapWidth=1)
22.2208 	EXP 	Created endTxt = TextStim(alignHoriz='center', alignVert='center', antialias=True, autoLog=True, bold=False, color='white', colorSpace='named', contrast=1.0, depth=0.0, flipHoriz=False, flipVert=False, font='Arial', fontFiles=[], height=0.05, italic=False, name='endTxt', opacity=1.0, ori=0, pos=array([ 0.,  0.]), rgb=array([ 255.,  255.,  255.]), text=newstr(...), units=u'norm', win=Window(...), wrapWidth=1)
22.2618 	EXP 	Created ready = TextStim(alignHoriz='center', alignVert='center', antialias=True, autoLog=True, bold=False, color='white', colorSpace='named', contrast=1.0, depth=-1.0, flipHoriz=False, flipVert=False, font='Arial', fontFiles=[], height=0.1, italic=False, name='ready', opacity=1.0, ori=0, pos=array([ 0.,  0.]), rgb=array([ 255.,  255.,  255.]), text='default text', units=u'norm', win=Window(...), wrapWidth=1)
22.2761 	EXP 	Created go = TextStim(alignHoriz='center', alignVert='center', antialias=True, autoLog=True, bold=False, color='white', colorSpace='named', contrast=1.0, depth=-2.0, flipHoriz=False, flipVert=False, font='Arial', fontFiles=[], height=0.1, italic=False, name='go', opacity=1.0, ori=0, pos=array([ 0.,  0.]), rgb=array([ 255.,  255.,  255.]), text='GO', units=u'norm', win=Window(...), wrapWidth=1)
22.2770 	EXP 	Created gap = TextStim(alignHoriz='center', alignVert='center', antialias=True, autoLog=True, bold=False, color='white', colorSpace='named', contrast=1.0, depth=-3.0, flipHoriz=False, flipVert=False, font='Arial', fontFiles=[], height=0.1, italic=False, name='gap', opacity=1.0, ori=0, pos=array([ 0.,  0.]), rgb=array([ 255.,  255.,  255.]), text='', units=u'norm', win=Window(...), wrapWidth=1)
22.2925 	EXP 	Created text = TextStim(alignHoriz='center', alignVert='center', antialias=True, autoLog=True, bold=False, color='white', colorSpace='named', contrast=1.0, depth=-1.0, flipHoriz=False, flipVert=False, font='Arial', fontFiles=[], height=0.1, italic=False, name='text', opacity=0.0, ori=0, pos=array([ 0.,  0.]), rgb=array([ 255.,  255.,  255.]), text='default text', units=u'norm', win=Window(...), wrapWidth=1)
23.2500 	EXP 	Created text_2 = TextStim(alignHoriz='center', alignVert='center', antialias=True, autoLog=True, bold=False, color='white', colorSpace='named', contrast=1.0, depth=0.0, flipHoriz=False, flipVert=False, font='Arial', fontFiles=[], height=0.5, italic=False, name='text_2', opacity=1.0, ori=0, pos=array([ 0.,  0.]), rgb=array([ 255.,  255.,  255.]), text='default text', units=u'norm', win=Window(...), wrapWidth=1)
23.2549 	EXP 	Created mask = TextStim(alignHoriz='center', alignVert='center', antialias=True, autoLog=True, bold=False, color='white', colorSpace='named', contrast=1.0, depth=-1.0, flipHoriz=False, flipVert=False, font='Arial', fontFiles=[], height=0.1, italic=False, name='mask', opacity=1.0, ori=0, pos=array([ 0.,  0.]), rgb=array([ 255.,  255.,  255.]), text=' ', units=u'norm', win=Window(...), wrapWidth=1)
23.3089 	EXP 	Created Probe_t1 = TextStim(alignHoriz='center', alignVert='center', antialias=True, autoLog=True, bold=False, color='white', colorSpace='named', contrast=1.0, depth=0.0, flipHoriz=False, flipVert=False, font='Arial', fontFiles=[], height=0.1, italic=False, name='Probe_t1', opacity=1.0, ori=0, pos=array([ 0.,  0.]), rgb=array([ 255.,  255.,  255.]), text='What numbers did you see?', units=u'norm', win=Window(...), wrapWidth=1)
23.3391 	EXP 	Created Probe_t2 = TextStim(alignHoriz='center', alignVert='center', antialias=True, autoLog=True, bold=False, color='white', colorSpace='named', contrast=1.0, depth=0.0, flipHoriz=False, flipVert=False, font='Arial', fontFiles=[], height=0.1, italic=False, name='Probe_t2', opacity=1.0, ori=0, pos=array([ 0.,  0.]), rgb=array([ 255.,  255.,  255.]), text='What numbers did you see?', units=u'norm', win=Window(...), wrapWidth=1)
23.3404 	EXP 	Created blank = TextStim(alignHoriz='center', alignVert='center', antialias=True, autoLog=True, bold=False, color='red', colorSpace='named', contrast=1.0, depth=0.0, flipHoriz=False, flipVert=False, font='Arial', fontFiles=[], height=0.1, italic=False, name='blank', opacity=1.0, ori=0, pos=array([ 0.,  0.]), rgb=array([ 255.,    0.,    0.]), text='', units=u'norm', win=Window(...), wrapWidth=1)
24.0299 	EXP 	Created Break = TextStim(alignHoriz='center', alignVert='center', antialias=True, autoLog=True, bold=False, color='white', colorSpace='named', contrast=1.0, depth=0.0, flipHoriz=False, flipVert=False, font='Arial', fontFiles=[], height=0.5, italic=False, name='Break', opacity=1.0, ori=0, pos=array([ 0.,  0.]), rgb=array([ 255.,  255.,  255.]), text=newstr(...), units=u'norm', win=Window(...), wrapWidth=1)
24.0796 	EXP 	instruct_p1: autoDraw = True
26.3140 	DATA 	Keypress: space
26.3148 	EXP 	Created sequence: random, trialTypes=1, nReps=2, seed=None
26.3151 	EXP 	New trial (rep=0, index=0): None
26.3920 	EXP 	instruct_p1: autoDraw = False
26.3920 	EXP 	ready: text = 'Block 1\n\nReady?'
26.3920 	EXP 	ready: autoDraw = True
27.3733 	EXP 	ready: autoDraw = False
27.3733 	EXP 	go: autoDraw = True
27.8775 	EXP 	go: autoDraw = False
27.8775 	EXP 	gap: autoDraw = True
28.0238 	EXP 	Created sequence: sequential, trialTypes=1, nReps=4, seed=None
28.0242 	EXP 	New trial (rep=0, index=0): None
28.0734 	EXP 	ready: autoDraw = False
28.0734 	EXP 	go: autoDraw = False
28.0734 	EXP 	gap: autoDraw = False
28.0734 	EXP 	text: text = 1
28.0734 	EXP 	text: autoDraw = True
28.2260 	EXP 	Imported tmp_stimuli.csv as conditions, 17 conditions, 6 params
28.2263 	EXP 	Created sequence: sequential, trialTypes=17, nReps=1, seed=None
28.2269 	EXP 	New trial (rep=0, index=0): OrderedDict([('block', 1), ('sep_dur', u'long'), ('Tx', u't2'), ('trial', 1), ('stimulus', u'S'), ('cond', u'distractor')])
28.2624 	EXP 	text: autoDraw = False
28.2624 	EXP 	text_2: text = u'S'
28.2624 	EXP 	text_2: autoDraw = True
28.2988 	EXP 	New trial (rep=0, index=1): OrderedDict([('block', 1), ('sep_dur', u'long'), ('Tx', u't2'), ('trial', 2), ('stimulus', u'3'), ('cond', u'target')])
28.3708 	EXP 	text_2: autoDraw = False
28.3708 	EXP 	mask: autoDraw = False
28.3708 	EXP 	text_2: text = u'3'
28.3708 	EXP 	text_2: autoDraw = True
28.4077 	EXP 	text_2: autoDraw = False
28.4077 	EXP 	mask: autoDraw = True
28.4087 	EXP 	New trial (rep=0, index=2): OrderedDict([('block', 1), ('sep_dur', u'long'), ('Tx', u't2'), ('trial', 3), ('stimulus', u'J'), ('cond', u'distractor')])
28.4822 	EXP 	text_2: autoDraw = False
28.4822 	EXP 	mask: autoDraw = False
28.4822 	EXP 	text_2: text = u'J'
28.4822 	EXP 	text_2: autoDraw = True
28.4830 	EXP 	New trial (rep=0, index=3): OrderedDict([('block', 1), ('sep_dur', u'long'), ('Tx', u't2'), ('trial', 4), ('stimulus', u'H'), ('cond', u'distractor')])
28.5531 	EXP 	text_2: autoDraw = False
28.5531 	EXP 	mask: autoDraw = False
28.5531 	EXP 	text_2: text = u'H'
28.5531 	EXP 	text_2: autoDraw = True
28.5538 	EXP 	New trial (rep=0, index=4): OrderedDict([('block', 1), ('sep_dur', u'long'), ('Tx', u't2'), ('trial', 5), ('stimulus', u'X'), ('cond', u'distractor')])
28.6277 	EXP 	text_2: autoDraw = False
28.6277 	EXP 	mask: autoDraw = False
28.6277 	EXP 	text_2: text = u'X'
28.6277 	EXP 	text_2: autoDraw = True
28.6631 	EXP 	text_2: autoDraw = False
28.6631 	EXP 	mask: autoDraw = True
28.6640 	EXP 	New trial (rep=0, index=5): OrderedDict([('block', 1), ('sep_dur', u'long'), ('Tx', u't2'), ('trial', 6), ('stimulus', u'A'), ('cond', u'distractor')])
28.7059 	EXP 	text_2: autoDraw = False
28.7059 	EXP 	mask: autoDraw = False
28.7059 	EXP 	text_2: text = u'A'
28.7059 	EXP 	text_2: autoDraw = True
28.7413 	EXP 	New trial (rep=0, index=6): OrderedDict([('block', 1), ('sep_dur', u'long'), ('Tx', u't2'), ('trial', 7), ('stimulus', u'A'), ('cond', u'distractor')])
28.7846 	EXP 	text_2: autoDraw = False
28.7846 	EXP 	mask: autoDraw = False
28.7846 	EXP 	text_2: text = u'A'
28.7846 	EXP 	text_2: autoDraw = True
28.8256 	EXP 	New trial (rep=0, index=7): OrderedDict([('block', 1), ('sep_dur', u'long'), ('Tx', u't2'), ('trial', 8), ('stimulus', u'M'), ('cond', u'distractor')])
28.9075 	EXP 	text_2: autoDraw = False
28.9075 	EXP 	mask: autoDraw = False
28.9075 	EXP 	text_2: text = u'M'
28.9075 	EXP 	text_2: autoDraw = True
28.9075 	EXP 	text_2: autoDraw = False
28.9075 	EXP 	mask: autoDraw = True
28.9082 	EXP 	New trial (rep=0, index=8): OrderedDict([('block', 1), ('sep_dur', u'long'), ('Tx', u't2'), ('trial', 9), ('stimulus', u'T'), ('cond', u'distractor')])
28.9480 	EXP 	text_2: autoDraw = False
28.9480 	EXP 	mask: autoDraw = False
28.9480 	EXP 	text_2: text = u'T'
28.9480 	EXP 	text_2: autoDraw = True
28.9864 	EXP 	New trial (rep=0, index=9): OrderedDict([('block', 1), ('sep_dur', u'long'), ('Tx', u't2'), ('trial', 10), ('stimulus', u'Z'), ('cond', u'distractor')])
29.0608 	EXP 	text_2: autoDraw = False
29.0608 	EXP 	mask: autoDraw = False
29.0608 	EXP 	text_2: text = u'Z'
29.0608 	EXP 	text_2: autoDraw = True
29.0614 	EXP 	New trial (rep=0, index=10): OrderedDict([('block', 1), ('sep_dur', u'long'), ('Tx', u't2'), ('trial', 11), ('stimulus', u'4'), ('cond', u'target')])
29.1315 	EXP 	text_2: autoDraw = False
29.1315 	EXP 	mask: autoDraw = False
29.1315 	EXP 	text_2: text = u'4'
29.1315 	EXP 	text_2: autoDraw = True
29.1697 	EXP 	text_2: autoDraw = False
29.1697 	EXP 	mask: autoDraw = True
29.1705 	EXP 	New trial (rep=0, index=11): OrderedDict([('block', 1), ('sep_dur', u'long'), ('Tx', u't2'), ('trial', 12), ('stimulus', u'O'), ('cond', u'distractor')])
29.2507 	EXP 	text_2: autoDraw = False
29.2507 	EXP 	mask: autoDraw = False
29.2507 	EXP 	text_2: text = u'O'
29.2507 	EXP 	text_2: autoDraw = True
29.2516 	EXP 	New trial (rep=0, index=12): OrderedDict([('block', 1), ('sep_dur', u'long'), ('Tx', u't2'), ('trial', 13), ('stimulus', u'E'), ('cond', u'distractor')])
29.2914 	EXP 	text_2: autoDraw = False
29.2914 	EXP 	mask: autoDraw = False
29.2914 	EXP 	text_2: text = u'E'
29.2914 	EXP 	text_2: autoDraw = True
29.3305 	EXP 	New trial (rep=0, index=13): OrderedDict([('block', 1), ('sep_dur', u'long'), ('Tx', u't2'), ('trial', 14), ('stimulus', u'O'), ('cond', u'distractor')])
29.3723 	EXP 	text_2: autoDraw = False
29.3723 	EXP 	mask: autoDraw = False
29.3723 	EXP 	text_2: text = u'O'
29.3723 	EXP 	text_2: autoDraw = True
29.4086 	EXP 	New trial (rep=0, index=14): OrderedDict([('block', 1), ('sep_dur', u'long'), ('Tx', u't2'), ('trial', 15), ('stimulus', u'V'), ('cond', u'distractor')])
29.4900 	EXP 	text_2: autoDraw = False
29.4900 	EXP 	mask: autoDraw = False
29.4900 	EXP 	text_2: text = u'V'
29.4900 	EXP 	text_2: autoDraw = True
29.4900 	EXP 	text_2: autoDraw = False
29.4900 	EXP 	mask: autoDraw = True
29.4906 	EXP 	New trial (rep=0, index=15): OrderedDict([('block', 1), ('sep_dur', u'long'), ('Tx', u't2'), ('trial', 16), ('stimulus', u'U'), ('cond', u'distractor')])
29.5670 	EXP 	text_2: autoDraw = False
29.5670 	EXP 	mask: autoDraw = False
29.5670 	EXP 	text_2: text = u'U'
29.5670 	EXP 	text_2: autoDraw = True
29.5679 	EXP 	New trial (rep=0, index=16): OrderedDict([('block', 1), ('sep_dur', u'long'), ('Tx', u't2'), ('trial', 17), ('stimulus', u'U'), ('cond', u'distractor')])
29.6050 	EXP 	text_2: autoDraw = False
29.6050 	EXP 	mask: autoDraw = False
29.6050 	EXP 	text_2: text = u'U'
29.6050 	EXP 	text_2: autoDraw = True
29.6774 	EXP 	text_2: autoDraw = False
29.6774 	EXP 	mask: autoDraw = True
29.7157 	EXP 	text_2: autoDraw = False
29.7157 	EXP 	mask: autoDraw = False
30.7237 	EXP 	Probe_t1: autoDraw = True
31.4515 	DATA 	Keypress: 4
31.4888 	EXP 	Probe_t1: autoDraw = False
31.4888 	EXP 	Probe_t2: autoDraw = True
31.7585 	DATA 	Keypress: 4
31.8377 	EXP 	Probe_t2: autoDraw = False
31.8377 	EXP 	blank: autoDraw = True
32.5644 	EXP 	New trial (rep=1, index=0): None
32.6195 	EXP 	blank: autoDraw = False
32.6195 	EXP 	text: text = 2
32.6195 	EXP 	text: autoDraw = True
32.7717 	EXP 	Imported tmp_stimuli.csv as conditions, 17 conditions, 6 params
32.7728 	EXP 	Created sequence: sequential, trialTypes=17, nReps=1, seed=None
32.7744 	EXP 	New trial (rep=0, index=0): OrderedDict([('block', 2), ('sep_dur', u'short'), ('Tx', u't1'), ('trial', 1), ('stimulus', u'S'), ('cond', u'distractor')])
32.8121 	EXP 	text: autoDraw = False
32.8121 	EXP 	text_2: text = u'S'
32.8121 	EXP 	text_2: autoDraw = True
32.8469 	EXP 	New trial (rep=0, index=1): OrderedDict([('block', 2), ('sep_dur', u'short'), ('Tx', u't1'), ('trial', 2), ('stimulus', u'N'), ('cond', u'distractor')])
32.9178 	EXP 	text_2: autoDraw = False
32.9178 	EXP 	mask: autoDraw = False
32.9178 	EXP 	text_2: text = u'N'
32.9178 	EXP 	text_2: autoDraw = True
32.9191 	EXP 	New trial (rep=0, index=2): OrderedDict([('block', 2), ('sep_dur', u'short'), ('Tx', u't1'), ('trial', 3), ('stimulus', u'I'), ('cond', u'distractor')])
33.0053 	EXP 	text_2: autoDraw = False
33.0053 	EXP 	mask: autoDraw = False
33.0053 	EXP 	text_2: text = u'I'
33.0053 	EXP 	text_2: autoDraw = True
33.0053 	EXP 	text_2: autoDraw = False
33.0053 	EXP 	mask: autoDraw = True
33.0062 	EXP 	New trial (rep=0, index=3): OrderedDict([('block', 2), ('sep_dur', u'short'), ('Tx', u't1'), ('trial', 4), ('stimulus', u'L'), ('cond', u'distractor')])
33.0882 	EXP 	text_2: autoDraw = False
33.0882 	EXP 	mask: autoDraw = False
33.0882 	EXP 	text_2: text = u'L'
33.0882 	EXP 	text_2: autoDraw = True
33.0882 	EXP 	text_2: autoDraw = False
33.0882 	EXP 	mask: autoDraw = True
33.0888 	EXP 	New trial (rep=0, index=4): OrderedDict([('block', 2), ('sep_dur', u'short'), ('Tx', u't1'), ('trial', 5), ('stimulus', u'K'), ('cond', u'distractor')])
33.1635 	EXP 	text_2: autoDraw = False
33.1635 	EXP 	mask: autoDraw = False
33.1635 	EXP 	text_2: text = u'K'
33.1635 	EXP 	text_2: autoDraw = True
33.1966 	EXP 	text_2: autoDraw = False
33.1966 	EXP 	mask: autoDraw = True
33.1973 	EXP 	New trial (rep=0, index=5): OrderedDict([('block', 2), ('sep_dur', u'short'), ('Tx', u't1'), ('trial', 6), ('stimulus', u'W'), ('cond', u'distractor')])
33.2726 	EXP 	text_2: autoDraw = False
33.2726 	EXP 	mask: autoDraw = False
33.2726 	EXP 	text_2: text = u'W'
33.2726 	EXP 	text_2: autoDraw = True
33.2732 	EXP 	New trial (rep=0, index=6): OrderedDict([('block', 2), ('sep_dur', u'short'), ('Tx', u't1'), ('trial', 7), ('stimulus', u'A'), ('cond', u'distractor')])
33.3123 	EXP 	text_2: autoDraw = False
33.3123 	EXP 	mask: autoDraw = False
33.3123 	EXP 	text_2: text = u'A'
33.3123 	EXP 	text_2: autoDraw = True
33.3511 	EXP 	New trial (rep=0, index=7): OrderedDict([('block', 2), ('sep_dur', u'short'), ('Tx', u't1'), ('trial', 8), ('stimulus', u'I'), ('cond', u'distractor')])
33.3924 	EXP 	text_2: autoDraw = False
33.3924 	EXP 	mask: autoDraw = False
33.3924 	EXP 	text_2: text = u'I'
33.3924 	EXP 	text_2: autoDraw = True
33.4388 	EXP 	New trial (rep=0, index=8): OrderedDict([('block', 2), ('sep_dur', u'short'), ('Tx', u't1'), ('trial', 9), ('stimulus', u'P'), ('cond', u'distractor')])
33.4814 	EXP 	text_2: autoDraw = False
33.4814 	EXP 	mask: autoDraw = False
33.4814 	EXP 	text_2: text = u'P'
33.4814 	EXP 	text_2: autoDraw = True
33.5226 	EXP 	New trial (rep=0, index=9): OrderedDict([('block', 2), ('sep_dur', u'short'), ('Tx', u't1'), ('trial', 10), ('stimulus', u'H'), ('cond', u'distractor')])
33.5640 	EXP 	text_2: autoDraw = False
33.5640 	EXP 	mask: autoDraw = False
33.5640 	EXP 	text_2: text = u'H'
33.5640 	EXP 	text_2: autoDraw = True
33.6028 	EXP 	New trial (rep=0, index=10): OrderedDict([('block', 2), ('sep_dur', u'short'), ('Tx', u't1'), ('trial', 11), ('stimulus', u'2'), ('cond', u'target')])
33.6837 	EXP 	text_2: autoDraw = False
33.6837 	EXP 	mask: autoDraw = False
33.6837 	EXP 	text_2: text = u'2'
33.6837 	EXP 	text_2: autoDraw = True
33.6837 	EXP 	text_2: autoDraw = False
33.6837 	EXP 	mask: autoDraw = True
33.6848 	EXP 	New trial (rep=0, index=11): OrderedDict([('block', 2), ('sep_dur', u'short'), ('Tx', u't1'), ('trial', 12), ('stimulus', u'G'), ('cond', u'distractor')])
33.7600 	EXP 	text_2: autoDraw = False
33.7600 	EXP 	mask: autoDraw = False
33.7600 	EXP 	text_2: text = u'G'
33.7600 	EXP 	text_2: autoDraw = True
33.7611 	EXP 	New trial (rep=0, index=12): OrderedDict([('block', 2), ('sep_dur', u'short'), ('Tx', u't1'), ('trial', 13), ('stimulus', u'Q'), ('cond', u'distractor')])
33.8388 	EXP 	text_2: autoDraw = False
33.8388 	EXP 	mask: autoDraw = False
33.8388 	EXP 	text_2: text = u'Q'
33.8388 	EXP 	text_2: autoDraw = True
33.8397 	EXP 	New trial (rep=0, index=13): OrderedDict([('block', 2), ('sep_dur', u'short'), ('Tx', u't1'), ('trial', 14), ('stimulus', u'K'), ('cond', u'distractor')])
33.8873 	EXP 	text_2: autoDraw = False
33.8873 	EXP 	mask: autoDraw = False
33.8873 	EXP 	text_2: text = u'K'
33.8873 	EXP 	text_2: autoDraw = True
33.9235 	EXP 	New trial (rep=0, index=14): OrderedDict([('block', 2), ('sep_dur', u'short'), ('Tx', u't1'), ('trial', 15), ('stimulus', u'J'), ('cond', u'distractor')])
33.9741 	EXP 	text_2: autoDraw = False
33.9741 	EXP 	mask: autoDraw = False
33.9741 	EXP 	text_2: text = u'J'
33.9741 	EXP 	text_2: autoDraw = True
34.0099 	EXP 	text_2: autoDraw = False
34.0099 	EXP 	mask: autoDraw = True
34.0109 	EXP 	New trial (rep=0, index=15): OrderedDict([('block', 2), ('sep_dur', u'short'), ('Tx', u't1'), ('trial', 16), ('stimulus', u' '), ('cond', u'mask')])
34.0558 	EXP 	text_2: autoDraw = False
34.0558 	EXP 	mask: autoDraw = False
34.0558 	EXP 	text_2: text = u' '
34.0558 	EXP 	text_2: autoDraw = True
34.0965 	EXP 	New trial (rep=0, index=16): OrderedDict([('block', 2), ('sep_dur', u'short'), ('Tx', u't1'), ('trial', 17), ('stimulus', u'Y'), ('cond', u'distractor')])
34.1708 	EXP 	text_2: autoDraw = False
34.1708 	EXP 	mask: autoDraw = False
34.1708 	EXP 	text_2: text = u'Y'
34.1708 	EXP 	text_2: autoDraw = True
34.2069 	EXP 	text_2: autoDraw = False
34.2069 	EXP 	mask: autoDraw = True
34.2459 	EXP 	text_2: autoDraw = False
34.2459 	EXP 	mask: autoDraw = False
35.2697 	EXP 	Probe_t1: autoDraw = True
35.8445 	DATA 	Keypress: 4
35.8896 	EXP 	Probe_t1: autoDraw = False
35.8896 	EXP 	Probe_t2: autoDraw = True
36.0503 	DATA 	Keypress: 4
36.0930 	EXP 	Probe_t2: autoDraw = False
36.0930 	EXP 	blank: autoDraw = True
36.8145 	EXP 	New trial (rep=2, index=0): None
36.8882 	EXP 	blank: autoDraw = False
36.8882 	EXP 	text: text = 3
36.8882 	EXP 	text: autoDraw = True
37.0224 	EXP 	Imported tmp_stimuli.csv as conditions, 16 conditions, 6 params
37.0235 	EXP 	Created sequence: sequential, trialTypes=16, nReps=1, seed=None
37.0251 	EXP 	New trial (rep=0, index=0): OrderedDict([('block', 3), ('sep_dur', u'short'), ('Tx', u't1'), ('trial', 1), ('stimulus', u'N'), ('cond', u'distractor')])
37.0687 	EXP 	text: autoDraw = False
37.0687 	EXP 	text_2: text = u'N'
37.0687 	EXP 	text_2: autoDraw = True
37.1094 	EXP 	New trial (rep=0, index=1): OrderedDict([('block', 3), ('sep_dur', u'short'), ('Tx', u't1'), ('trial', 2), ('stimulus', u'H'), ('cond', u'distractor')])
37.1591 	EXP 	text_2: autoDraw = False
37.1591 	EXP 	mask: autoDraw = False
37.1591 	EXP 	text_2: text = u'H'
37.1591 	EXP 	text_2: autoDraw = True
37.2011 	EXP 	New trial (rep=0, index=2): OrderedDict([('block', 3), ('sep_dur', u'short'), ('Tx', u't1'), ('trial', 3), ('stimulus', u'N'), ('cond', u'distractor')])
37.2479 	EXP 	text_2: autoDraw = False
37.2479 	EXP 	mask: autoDraw = False
37.2479 	EXP 	text_2: text = u'N'
37.2479 	EXP 	text_2: autoDraw = True
37.2922 	EXP 	New trial (rep=0, index=3): OrderedDict([('block', 3), ('sep_dur', u'short'), ('Tx', u't1'), ('trial', 4), ('stimulus', u'C'), ('cond', u'distractor')])
37.3463 	EXP 	text_2: autoDraw = False
37.3463 	EXP 	mask: autoDraw = False
37.3463 	EXP 	text_2: text = u'C'
37.3463 	EXP 	text_2: autoDraw = True
37.3477 	EXP 	New trial (rep=0, index=4): OrderedDict([('block', 3), ('sep_dur', u'short'), ('Tx', u't1'), ('trial', 5), ('stimulus', u'T'), ('cond', u'distractor')])
37.3937 	EXP 	text_2: autoDraw = False
37.3937 	EXP 	mask: autoDraw = False
37.3937 	EXP 	text_2: text = u'T'
37.3937 	EXP 	text_2: autoDraw = True
37.4357 	EXP 	New trial (rep=0, index=5): OrderedDict([('block', 3), ('sep_dur', u'short'), ('Tx', u't1'), ('trial', 6), ('stimulus', u'Z'), ('cond', u'distractor')])
37.4835 	EXP 	text_2: autoDraw = False
37.4835 	EXP 	mask: autoDraw = False
37.4835 	EXP 	text_2: text = u'Z'
37.4835 	EXP 	text_2: autoDraw = True
37.5232 	EXP 	New trial (rep=0, index=6): OrderedDict([('block', 3), ('sep_dur', u'short'), ('Tx', u't1'), ('trial', 7), ('stimulus', u'1'), ('cond', u'target')])
37.6188 	EXP 	text_2: autoDraw = False
37.6188 	EXP 	mask: autoDraw = False
37.6188 	EXP 	text_2: text = u'1'
37.6188 	EXP 	text_2: autoDraw = True
37.6188 	EXP 	text_2: autoDraw = False
37.6188 	EXP 	mask: autoDraw = True
37.6200 	EXP 	New trial (rep=0, index=7): OrderedDict([('block', 3), ('sep_dur', u'short'), ('Tx', u't1'), ('trial', 8), ('stimulus', u'Q'), ('cond', u'distractor')])
37.6666 	EXP 	text_2: autoDraw = False
37.6666 	EXP 	mask: autoDraw = False
37.6666 	EXP 	text_2: text = u'Q'
37.6666 	EXP 	text_2: autoDraw = True
37.7167 	EXP 	New trial (rep=0, index=8): OrderedDict([('block', 3), ('sep_dur', u'short'), ('Tx', u't1'), ('trial', 9), ('stimulus', u'Y'), ('cond', u'distractor')])
37.7657 	EXP 	text_2: autoDraw = False
37.7657 	EXP 	mask: autoDraw = False
37.7657 	EXP 	text_2: text = u'Y'
37.7657 	EXP 	text_2: autoDraw = True
37.7670 	EXP 	New trial (rep=0, index=9): OrderedDict([('block', 3), ('sep_dur', u'short'), ('Tx', u't1'), ('trial', 10), ('stimulus', u'V'), ('cond', u'distractor')])
37.8153 	EXP 	text_2: autoDraw = False
37.8153 	EXP 	mask: autoDraw = False
37.8153 	EXP 	text_2: text = u'V'
37.8153 	EXP 	text_2: autoDraw = True
37.8580 	EXP 	New trial (rep=0, index=10): OrderedDict([('block', 3), ('sep_dur', u'short'), ('Tx', u't1'), ('trial', 11), ('stimulus', u'X'), ('cond', u'distractor')])
37.9093 	EXP 	text_2: autoDraw = False
37.9093 	EXP 	mask: autoDraw = False
37.9093 	EXP 	text_2: text = u'X'
37.9093 	EXP 	text_2: autoDraw = True
37.9538 	EXP 	text_2: autoDraw = False
37.9538 	EXP 	mask: autoDraw = True
37.9555 	EXP 	New trial (rep=0, index=11): OrderedDict([('block', 3), ('sep_dur', u'short'), ('Tx', u't1'), ('trial', 12), ('stimulus', u' '), ('cond', u'mask')])
38.0061 	EXP 	text_2: autoDraw = False
38.0061 	EXP 	mask: autoDraw = False
38.0061 	EXP 	text_2: text = u' '
38.0061 	EXP 	text_2: autoDraw = True
38.0411 	EXP 	text_2: autoDraw = False
38.0411 	EXP 	mask: autoDraw = True
38.0424 	EXP 	New trial (rep=0, index=12): OrderedDict([('block', 3), ('sep_dur', u'short'), ('Tx', u't1'), ('trial', 13), ('stimulus', u'I'), ('cond', u'distractor')])
38.0944 	EXP 	text_2: autoDraw = False
38.0944 	EXP 	mask: autoDraw = False
38.0944 	EXP 	text_2: text = u'I'
38.0944 	EXP 	text_2: autoDraw = True
38.0957 	EXP 	New trial (rep=0, index=13): OrderedDict([('block', 3), ('sep_dur', u'short'), ('Tx', u't1'), ('trial', 14), ('stimulus', u'C'), ('cond', u'distractor')])
38.1418 	EXP 	text_2: autoDraw = False
38.1418 	EXP 	mask: autoDraw = False
38.1418 	EXP 	text_2: text = u'C'
38.1418 	EXP 	text_2: autoDraw = True
38.1840 	EXP 	New trial (rep=0, index=14): OrderedDict([('block', 3), ('sep_dur', u'short'), ('Tx', u't1'), ('trial', 15), ('stimulus', u'J'), ('cond', u'distractor')])
38.2313 	EXP 	text_2: autoDraw = False
38.2313 	EXP 	mask: autoDraw = False
38.2313 	EXP 	text_2: text = u'J'
38.2313 	EXP 	text_2: autoDraw = True
38.2706 	EXP 	New trial (rep=0, index=15): OrderedDict([('block', 3), ('sep_dur', u'short'), ('Tx', u't1'), ('trial', 16), ('stimulus', u'Q'), ('cond', u'distractor')])
38.3243 	EXP 	text_2: autoDraw = False
38.3243 	EXP 	mask: autoDraw = False
38.3243 	EXP 	text_2: text = u'Q'
38.3243 	EXP 	text_2: autoDraw = True
38.3631 	EXP 	text_2: autoDraw = False
38.3631 	EXP 	mask: autoDraw = True
38.4088 	EXP 	text_2: autoDraw = False
38.4088 	EXP 	mask: autoDraw = False
39.4345 	EXP 	Probe_t1: autoDraw = True
40.7110 	DATA 	Keypress: 5
40.7561 	EXP 	Probe_t1: autoDraw = False
40.7561 	EXP 	Probe_t2: autoDraw = True
40.9097 	DATA 	Keypress: 5
40.9529 	EXP 	Probe_t2: autoDraw = False
40.9529 	EXP 	blank: autoDraw = True
41.6670 	EXP 	New trial (rep=3, index=0): None
41.7427 	EXP 	blank: autoDraw = False
41.7427 	EXP 	text: text = 4
41.7427 	EXP 	text: autoDraw = True
41.9146 	EXP 	Imported tmp_stimuli.csv as conditions, 15 conditions, 6 params
41.9155 	EXP 	Created sequence: sequential, trialTypes=15, nReps=1, seed=None
41.9179 	EXP 	New trial (rep=0, index=0): OrderedDict([('block', 4), ('sep_dur', u'long'), ('Tx', u't2'), ('trial', 1), ('stimulus', u'Z'), ('cond', u'distractor')])
41.9651 	EXP 	text: autoDraw = False
41.9651 	EXP 	text_2: text = u'Z'
41.9651 	EXP 	text_2: autoDraw = True
41.9664 	EXP 	New trial (rep=0, index=1): OrderedDict([('block', 4), ('sep_dur', u'long'), ('Tx', u't2'), ('trial', 2), ('stimulus', u'L'), ('cond', u'distractor')])
42.0137 	EXP 	text_2: autoDraw = False
42.0137 	EXP 	mask: autoDraw = False
42.0137 	EXP 	text_2: text = u'L'
42.0137 	EXP 	text_2: autoDraw = True
42.0535 	EXP 	New trial (rep=0, index=2): OrderedDict([('block', 4), ('sep_dur', u'long'), ('Tx', u't2'), ('trial', 3), ('stimulus', u'O'), ('cond', u'distractor')])
42.1058 	EXP 	text_2: autoDraw = False
42.1058 	EXP 	mask: autoDraw = False
42.1058 	EXP 	text_2: text = u'O'
42.1058 	EXP 	text_2: autoDraw = True
42.1403 	EXP 	text_2: autoDraw = False
42.1403 	EXP 	mask: autoDraw = True
42.1414 	EXP 	New trial (rep=0, index=3): OrderedDict([('block', 4), ('sep_dur', u'long'), ('Tx', u't2'), ('trial', 4), ('stimulus', u'B'), ('cond', u'distractor')])
42.2225 	EXP 	New trial (rep=0, index=4): OrderedDict([('block', 4), ('sep_dur', u'long'), ('Tx', u't2'), ('trial', 5), ('stimulus', u'C'), ('cond', u'distractor')])
42.2646 	EXP 	text_2: autoDraw = False
42.2646 	EXP 	mask: autoDraw = False
42.2646 	EXP 	text_2: text = u'B'
42.2646 	EXP 	text_2: autoDraw = False
42.2646 	EXP 	mask: autoDraw = False
42.2646 	EXP 	text_2: text = u'C'
42.2646 	EXP 	text_2: autoDraw = True
42.3050 	EXP 	New trial (rep=0, index=5): OrderedDict([('block', 4), ('sep_dur', u'long'), ('Tx', u't2'), ('trial', 6), ('stimulus', u'7'), ('cond', u'target')])
42.3794 	EXP 	New trial (rep=0, index=6): OrderedDict([('block', 4), ('sep_dur', u'long'), ('Tx', u't2'), ('trial', 7), ('stimulus', u'U'), ('cond', u'distractor')])
42.4228 	EXP 	text_2: autoDraw = False
42.4228 	EXP 	mask: autoDraw = False
42.4228 	EXP 	text_2: text = u'7'
42.4228 	EXP 	text_2: autoDraw = False
42.4228 	EXP 	mask: autoDraw = False
42.4228 	EXP 	text_2: text = u'U'
42.4228 	EXP 	text_2: autoDraw = True
42.4590 	EXP 	New trial (rep=0, index=7): OrderedDict([('block', 4), ('sep_dur', u'long'), ('Tx', u't2'), ('trial', 8), ('stimulus', u'W'), ('cond', u'distractor')])
42.5084 	EXP 	text_2: autoDraw = False
42.5084 	EXP 	mask: autoDraw = False
42.5084 	EXP 	text_2: text = u'W'
42.5084 	EXP 	text_2: autoDraw = True
42.5462 	EXP 	New trial (rep=0, index=8): OrderedDict([('block', 4), ('sep_dur', u'long'), ('Tx', u't2'), ('trial', 9), ('stimulus', u'F'), ('cond', u'distractor')])
42.6481 	EXP 	text_2: autoDraw = False
42.6481 	EXP 	mask: autoDraw = False
42.6481 	EXP 	text_2: text = u'F'
42.6481 	EXP 	text_2: autoDraw = True
42.6481 	EXP 	text_2: autoDraw = False
42.6481 	EXP 	mask: autoDraw = True
42.6492 	EXP 	New trial (rep=0, index=9): OrderedDict([('block', 4), ('sep_dur', u'long'), ('Tx', u't2'), ('trial', 10), ('stimulus', u'U'), ('cond', u'distractor')])
42.7103 	EXP 	text_2: autoDraw = False
42.7103 	EXP 	mask: autoDraw = False
42.7103 	EXP 	text_2: text = u'U'
42.7103 	EXP 	text_2: autoDraw = True
42.7115 	EXP 	New trial (rep=0, index=10): OrderedDict([('block', 4), ('sep_dur', u'long'), ('Tx', u't2'), ('trial', 11), ('stimulus', u'D'), ('cond', u'distractor')])
42.8109 	EXP 	text_2: autoDraw = False
42.8109 	EXP 	mask: autoDraw = False
42.8109 	EXP 	text_2: text = u'D'
42.8109 	EXP 	text_2: autoDraw = True
42.8109 	EXP 	text_2: autoDraw = False
42.8109 	EXP 	mask: autoDraw = True
42.8120 	EXP 	New trial (rep=0, index=11): OrderedDict([('block', 4), ('sep_dur', u'long'), ('Tx', u't2'), ('trial', 12), ('stimulus', u'B'), ('cond', u'distractor')])
42.8584 	EXP 	text_2: autoDraw = False
42.8584 	EXP 	mask: autoDraw = False
42.8584 	EXP 	text_2: text = u'B'
42.8584 	EXP 	text_2: autoDraw = True
42.8997 	EXP 	New trial (rep=0, index=12): OrderedDict([('block', 4), ('sep_dur', u'long'), ('Tx', u't2'), ('trial', 13), ('stimulus', u'B'), ('cond', u'distractor')])
42.9387 	EXP 	text_2: autoDraw = False
42.9387 	EXP 	mask: autoDraw = False
42.9387 	EXP 	text_2: text = u'B'
42.9387 	EXP 	text_2: autoDraw = True
42.9775 	EXP 	New trial (rep=0, index=13): OrderedDict([('block', 4), ('sep_dur', u'long'), ('Tx', u't2'), ('trial', 14), ('stimulus', u'I'), ('cond', u'distractor')])
43.0241 	EXP 	text_2: autoDraw = False
43.0241 	EXP 	mask: autoDraw = False
43.0241 	EXP 	text_2: text = u'I'
43.0241 	EXP 	text_2: autoDraw = True
43.0607 	EXP 	New trial (rep=0, index=14): OrderedDict([('block', 4), ('sep_dur', u'long'), ('Tx', u't2'), ('trial', 15), ('stimulus', u'3'), ('cond', u'target')])
43.1097 	EXP 	text_2: autoDraw = False
43.1097 	EXP 	mask: autoDraw = False
43.1097 	EXP 	text_2: text = u'3'
43.1097 	EXP 	text_2: autoDraw = True
43.1903 	EXP 	text_2: autoDraw = False
43.1903 	EXP 	mask: autoDraw = False
44.1964 	EXP 	Probe_t1: autoDraw = True
44.9116 	DATA 	Keypress: 5
44.9562 	EXP 	Probe_t1: autoDraw = False
44.9562 	EXP 	Probe_t2: autoDraw = True
45.1085 	DATA 	Keypress: 5
45.1499 	EXP 	Probe_t2: autoDraw = False
45.1499 	EXP 	blank: autoDraw = True
45.8791 	EXP 	New trial (rep=1, index=0): None
45.9636 	EXP 	blank: autoDraw = False
45.9636 	EXP 	ready: text = 'Block 2\n\nReady?'
45.9636 	EXP 	ready: autoDraw = True
46.9302 	EXP 	ready: autoDraw = False
46.9302 	EXP 	go: autoDraw = True
47.4236 	EXP 	go: autoDraw = False
47.4236 	EXP 	gap: autoDraw = True
47.6234 	EXP 	Created sequence: sequential, trialTypes=1, nReps=4, seed=None
47.6241 	EXP 	New trial (rep=0, index=0): None
47.6744 	EXP 	ready: autoDraw = False
47.6744 	EXP 	go: autoDraw = False
47.6744 	EXP 	gap: autoDraw = False
47.6744 	EXP 	text: text = 5
47.6744 	EXP 	text: autoDraw = True
47.7926 	EXP 	Imported tmp_stimuli.csv as conditions, 17 conditions, 6 params
47.7935 	EXP 	Created sequence: sequential, trialTypes=17, nReps=1, seed=None
47.7947 	EXP 	New trial (rep=0, index=0): OrderedDict([('block', 5), ('sep_dur', u'short'), ('Tx', u't1'), ('trial', 1), ('stimulus', u'S'), ('cond', u'distractor')])
47.8324 	EXP 	text: autoDraw = False
47.8324 	EXP 	text_2: text = u'S'
47.8324 	EXP 	text_2: autoDraw = True
47.8739 	EXP 	New trial (rep=0, index=1): OrderedDict([('block', 5), ('sep_dur', u'short'), ('Tx', u't1'), ('trial', 2), ('stimulus', u'K'), ('cond', u'distractor')])
47.9118 	EXP 	text_2: autoDraw = False
47.9118 	EXP 	mask: autoDraw = False
47.9118 	EXP 	text_2: text = u'K'
47.9118 	EXP 	text_2: autoDraw = True
47.9490 	EXP 	New trial (rep=0, index=2): OrderedDict([('block', 5), ('sep_dur', u'short'), ('Tx', u't1'), ('trial', 3), ('stimulus', u'V'), ('cond', u'distractor')])
47.9954 	EXP 	text_2: autoDraw = False
47.9954 	EXP 	mask: autoDraw = False
47.9954 	EXP 	text_2: text = u'V'
47.9954 	EXP 	text_2: autoDraw = True
48.0773 	EXP 	text_2: autoDraw = False
48.0773 	EXP 	mask: autoDraw = True
48.0786 	EXP 	New trial (rep=0, index=3): OrderedDict([('block', 5), ('sep_dur', u'short'), ('Tx', u't1'), ('trial', 4), ('stimulus', u'D'), ('cond', u'distractor')])
48.1265 	EXP 	text_2: autoDraw = False
48.1265 	EXP 	mask: autoDraw = False
48.1265 	EXP 	text_2: text = u'D'
48.1265 	EXP 	text_2: autoDraw = True
48.1274 	EXP 	New trial (rep=0, index=4): OrderedDict([('block', 5), ('sep_dur', u'short'), ('Tx', u't1'), ('trial', 5), ('stimulus', u'A'), ('cond', u'distractor')])
48.1718 	EXP 	text_2: autoDraw = False
48.1718 	EXP 	mask: autoDraw = False
48.1718 	EXP 	text_2: text = u'A'
48.1718 	EXP 	text_2: autoDraw = True
48.2095 	EXP 	New trial (rep=0, index=5): OrderedDict([('block', 5), ('sep_dur', u'short'), ('Tx', u't1'), ('trial', 6), ('stimulus', u'Y'), ('cond', u'distractor')])
48.2502 	EXP 	text_2: autoDraw = False
48.2502 	EXP 	mask: autoDraw = False
48.2502 	EXP 	text_2: text = u'Y'
48.2502 	EXP 	text_2: autoDraw = True
48.2889 	EXP 	New trial (rep=0, index=6): OrderedDict([('block', 5), ('sep_dur', u'short'), ('Tx', u't1'), ('trial', 7), ('stimulus', u'L'), ('cond', u'distractor')])
48.3306 	EXP 	text_2: autoDraw = False
48.3306 	EXP 	mask: autoDraw = False
48.3306 	EXP 	text_2: text = u'L'
48.3306 	EXP 	text_2: autoDraw = True
48.3704 	EXP 	New trial (rep=0, index=7): OrderedDict([('block', 5), ('sep_dur', u'short'), ('Tx', u't1'), ('trial', 8), ('stimulus', u'H'), ('cond', u'distractor')])
48.4165 	EXP 	text_2: autoDraw = False
48.4165 	EXP 	mask: autoDraw = False
48.4165 	EXP 	text_2: text = u'H'
48.4165 	EXP 	text_2: autoDraw = True
48.4552 	EXP 	New trial (rep=0, index=8): OrderedDict([('block', 5), ('sep_dur', u'short'), ('Tx', u't1'), ('trial', 9), ('stimulus', u'Z'), ('cond', u'distractor')])
48.5059 	EXP 	text_2: autoDraw = False
48.5059 	EXP 	mask: autoDraw = False
48.5059 	EXP 	text_2: text = u'Z'
48.5059 	EXP 	text_2: autoDraw = True
48.5428 	EXP 	text_2: autoDraw = False
48.5428 	EXP 	mask: autoDraw = True
48.5439 	EXP 	New trial (rep=0, index=9): OrderedDict([('block', 5), ('sep_dur', u'short'), ('Tx', u't1'), ('trial', 10), ('stimulus', u'8'), ('cond', u'target')])
48.6386 	EXP 	text_2: autoDraw = False
48.6386 	EXP 	mask: autoDraw = False
48.6386 	EXP 	text_2: text = u'8'
48.6386 	EXP 	text_2: autoDraw = True
48.6386 	EXP 	text_2: autoDraw = False
48.6386 	EXP 	mask: autoDraw = True
48.6398 	EXP 	New trial (rep=0, index=10): OrderedDict([('block', 5), ('sep_dur', u'short'), ('Tx', u't1'), ('trial', 11), ('stimulus', u'R'), ('cond', u'distractor')])
48.7286 	EXP 	text_2: autoDraw = False
48.7286 	EXP 	mask: autoDraw = False
48.7286 	EXP 	text_2: text = u'R'
48.7286 	EXP 	text_2: autoDraw = True
48.7286 	EXP 	text_2: autoDraw = False
48.7286 	EXP 	mask: autoDraw = True
48.7294 	EXP 	New trial (rep=0, index=11): OrderedDict([('block', 5), ('sep_dur', u'short'), ('Tx', u't1'), ('trial', 12), ('stimulus', u'V'), ('cond', u'distractor')])
48.7715 	EXP 	text_2: autoDraw = False
48.7715 	EXP 	mask: autoDraw = False
48.7715 	EXP 	text_2: text = u'V'
48.7715 	EXP 	text_2: autoDraw = True
48.8086 	EXP 	New trial (rep=0, index=12): OrderedDict([('block', 5), ('sep_dur', u'short'), ('Tx', u't1'), ('trial', 13), ('stimulus', u'I'), ('cond', u'distractor')])
48.8579 	EXP 	text_2: autoDraw = False
48.8579 	EXP 	mask: autoDraw = False
48.8579 	EXP 	text_2: text = u'I'
48.8579 	EXP 	text_2: autoDraw = True
48.8955 	EXP 	New trial (rep=0, index=13): OrderedDict([('block', 5), ('sep_dur', u'short'), ('Tx', u't1'), ('trial', 14), ('stimulus', u'F'), ('cond', u'distractor')])
48.9462 	EXP 	text_2: autoDraw = False
48.9462 	EXP 	mask: autoDraw = False
48.9462 	EXP 	text_2: text = u'F'
48.9462 	EXP 	text_2: autoDraw = True
48.9868 	EXP 	text_2: autoDraw = False
48.9868 	EXP 	mask: autoDraw = True
48.9882 	EXP 	New trial (rep=0, index=14): OrderedDict([('block', 5), ('sep_dur', u'short'), ('Tx', u't1'), ('trial', 15), ('stimulus', u' '), ('cond', u'mask')])
49.0329 	EXP 	text_2: autoDraw = False
49.0329 	EXP 	mask: autoDraw = False
49.0329 	EXP 	text_2: text = u' '
49.0329 	EXP 	text_2: autoDraw = True
49.0756 	EXP 	New trial (rep=0, index=15): OrderedDict([('block', 5), ('sep_dur', u'short'), ('Tx', u't1'), ('trial', 16), ('stimulus', u'X'), ('cond', u'distractor')])
49.1263 	EXP 	text_2: autoDraw = False
49.1263 	EXP 	mask: autoDraw = False
49.1263 	EXP 	text_2: text = u'X'
49.1263 	EXP 	text_2: autoDraw = True
49.1272 	EXP 	New trial (rep=0, index=16): OrderedDict([('block', 5), ('sep_dur', u'short'), ('Tx', u't1'), ('trial', 17), ('stimulus', u'S'), ('cond', u'distractor')])
49.1704 	EXP 	text_2: autoDraw = False
49.1704 	EXP 	mask: autoDraw = False
49.1704 	EXP 	text_2: text = u'S'
49.1704 	EXP 	text_2: autoDraw = True
49.2400 	EXP 	text_2: autoDraw = False
49.2400 	EXP 	mask: autoDraw = False
50.2623 	EXP 	Probe_t1: autoDraw = True
50.7138 	DATA 	Keypress: 5
50.7971 	EXP 	Probe_t1: autoDraw = False
50.7971 	EXP 	Probe_t2: autoDraw = True
50.9254 	DATA 	Keypress: 5
50.9699 	EXP 	Probe_t2: autoDraw = False
50.9699 	EXP 	blank: autoDraw = True
51.6932 	EXP 	New trial (rep=1, index=0): None
51.7626 	EXP 	blank: autoDraw = False
51.7626 	EXP 	text: text = 6
51.7626 	EXP 	text: autoDraw = True
51.8896 	EXP 	Imported tmp_stimuli.csv as conditions, 16 conditions, 6 params
51.8906 	EXP 	Created sequence: sequential, trialTypes=16, nReps=1, seed=None
51.8925 	EXP 	New trial (rep=0, index=0): OrderedDict([('block', 6), ('sep_dur', u'long'), ('Tx', u't2'), ('trial', 1), ('stimulus', u'M'), ('cond', u'distractor')])
51.9334 	EXP 	text: autoDraw = False
51.9334 	EXP 	text_2: text = u'M'
51.9334 	EXP 	text_2: autoDraw = True
51.9735 	EXP 	New trial (rep=0, index=1): OrderedDict([('block', 6), ('sep_dur', u'long'), ('Tx', u't2'), ('trial', 2), ('stimulus', u'1'), ('cond', u'target')])
52.0161 	EXP 	text_2: autoDraw = False
52.0161 	EXP 	mask: autoDraw = False
52.0161 	EXP 	text_2: text = u'1'
52.0161 	EXP 	text_2: autoDraw = True
52.0584 	EXP 	New trial (rep=0, index=2): OrderedDict([('block', 6), ('sep_dur', u'long'), ('Tx', u't2'), ('trial', 3), ('stimulus', u'L'), ('cond', u'distractor')])
52.1059 	EXP 	text_2: autoDraw = False
52.1059 	EXP 	mask: autoDraw = False
52.1059 	EXP 	text_2: text = u'L'
52.1059 	EXP 	text_2: autoDraw = True
52.1447 	EXP 	New trial (rep=0, index=3): OrderedDict([('block', 6), ('sep_dur', u'long'), ('Tx', u't2'), ('trial', 4), ('stimulus', u'I'), ('cond', u'distractor')])
52.1938 	EXP 	text_2: autoDraw = False
52.1938 	EXP 	mask: autoDraw = False
52.1938 	EXP 	text_2: text = u'I'
52.1938 	EXP 	text_2: autoDraw = True
52.2318 	EXP 	New trial (rep=0, index=4): OrderedDict([('block', 6), ('sep_dur', u'long'), ('Tx', u't2'), ('trial', 5), ('stimulus', u'L'), ('cond', u'distractor')])
52.3349 	EXP 	New trial (rep=0, index=5): OrderedDict([('block', 6), ('sep_dur', u'long'), ('Tx', u't2'), ('trial', 6), ('stimulus', u'K'), ('cond', u'distractor')])
52.3734 	EXP 	text_2: autoDraw = False
52.3734 	EXP 	mask: autoDraw = False
52.3734 	EXP 	text_2: text = u'L'
52.3734 	EXP 	text_2: autoDraw = False
52.3734 	EXP 	mask: autoDraw = False
52.3734 	EXP 	text_2: text = u'K'
52.3734 	EXP 	text_2: autoDraw = True
52.4092 	EXP 	New trial (rep=0, index=6): OrderedDict([('block', 6), ('sep_dur', u'long'), ('Tx', u't2'), ('trial', 7), ('stimulus', u'C'), ('cond', u'distractor')])
52.4571 	EXP 	text_2: autoDraw = False
52.4571 	EXP 	mask: autoDraw = False
52.4571 	EXP 	text_2: text = u'C'
52.4571 	EXP 	text_2: autoDraw = True
52.4952 	EXP 	New trial (rep=0, index=7): OrderedDict([('block', 6), ('sep_dur', u'long'), ('Tx', u't2'), ('trial', 8), ('stimulus', u'Y'), ('cond', u'distractor')])
52.5386 	EXP 	text_2: autoDraw = False
52.5386 	EXP 	mask: autoDraw = False
52.5386 	EXP 	text_2: text = u'Y'
52.5386 	EXP 	text_2: autoDraw = True
52.5813 	EXP 	New trial (rep=0, index=8): OrderedDict([('block', 6), ('sep_dur', u'long'), ('Tx', u't2'), ('trial', 9), ('stimulus', u'R'), ('cond', u'distractor')])
52.6279 	EXP 	text_2: autoDraw = False
52.6279 	EXP 	mask: autoDraw = False
52.6279 	EXP 	text_2: text = u'R'
52.6279 	EXP 	text_2: autoDraw = True
52.6664 	EXP 	New trial (rep=0, index=9): OrderedDict([('block', 6), ('sep_dur', u'long'), ('Tx', u't2'), ('trial', 10), ('stimulus', u'L'), ('cond', u'distractor')])
52.7127 	EXP 	text_2: autoDraw = False
52.7127 	EXP 	mask: autoDraw = False
52.7127 	EXP 	text_2: text = u'L'
52.7127 	EXP 	text_2: autoDraw = True
52.7516 	EXP 	New trial (rep=0, index=10): OrderedDict([('block', 6), ('sep_dur', u'long'), ('Tx', u't2'), ('trial', 11), ('stimulus', u'4'), ('cond', u'target')])
52.7965 	EXP 	text_2: autoDraw = False
52.7965 	EXP 	mask: autoDraw = False
52.7965 	EXP 	text_2: text = u'4'
52.7965 	EXP 	text_2: autoDraw = True
52.8345 	EXP 	New trial (rep=0, index=11): OrderedDict([('block', 6), ('sep_dur', u'long'), ('Tx', u't2'), ('trial', 12), ('stimulus', u'E'), ('cond', u'distractor')])
52.8811 	EXP 	text_2: autoDraw = False
52.8811 	EXP 	mask: autoDraw = False
52.8811 	EXP 	text_2: text = u'E'
52.8811 	EXP 	text_2: autoDraw = True
52.9174 	EXP 	New trial (rep=0, index=12): OrderedDict([('block', 6), ('sep_dur', u'long'), ('Tx', u't2'), ('trial', 13), ('stimulus', u'Y'), ('cond', u'distractor')])
52.9620 	EXP 	text_2: autoDraw = False
52.9620 	EXP 	mask: autoDraw = False
52.9620 	EXP 	text_2: text = u'Y'
52.9620 	EXP 	text_2: autoDraw = True
53.0037 	EXP 	New trial (rep=0, index=13): OrderedDict([('block', 6), ('sep_dur', u'long'), ('Tx', u't2'), ('trial', 14), ('stimulus', u'U'), ('cond', u'distractor')])
53.0443 	EXP 	text_2: autoDraw = False
53.0443 	EXP 	mask: autoDraw = False
53.0443 	EXP 	text_2: text = u'U'
53.0443 	EXP 	text_2: autoDraw = True
53.0835 	EXP 	New trial (rep=0, index=14): OrderedDict([('block', 6), ('sep_dur', u'long'), ('Tx', u't2'), ('trial', 15), ('stimulus', u'X'), ('cond', u'distractor')])
53.1338 	EXP 	text_2: autoDraw = False
53.1338 	EXP 	mask: autoDraw = False
53.1338 	EXP 	text_2: text = u'X'
53.1338 	EXP 	text_2: autoDraw = True
53.1743 	EXP 	text_2: autoDraw = False
53.1743 	EXP 	mask: autoDraw = True
53.1755 	EXP 	New trial (rep=0, index=15): OrderedDict([('block', 6), ('sep_dur', u'long'), ('Tx', u't2'), ('trial', 16), ('stimulus', u'T'), ('cond', u'distractor')])
53.2280 	EXP 	text_2: autoDraw = False
53.2280 	EXP 	mask: autoDraw = False
53.2280 	EXP 	text_2: text = u'T'
53.2280 	EXP 	text_2: autoDraw = True
53.2660 	EXP 	text_2: autoDraw = False
53.2660 	EXP 	mask: autoDraw = False
54.2823 	EXP 	Probe_t1: autoDraw = True
54.6289 	DATA 	Keypress: 1
54.7085 	EXP 	Probe_t1: autoDraw = False
54.7085 	EXP 	Probe_t2: autoDraw = True
54.7964 	DATA 	Keypress: 4
54.8341 	EXP 	Probe_t2: autoDraw = False
54.8341 	EXP 	blank: autoDraw = True
55.5639 	EXP 	New trial (rep=2, index=0): None
55.6340 	EXP 	blank: autoDraw = False
55.6340 	EXP 	text: text = 7
55.6340 	EXP 	text: autoDraw = True
55.7625 	EXP 	Imported tmp_stimuli.csv as conditions, 18 conditions, 6 params
55.7633 	EXP 	Created sequence: sequential, trialTypes=18, nReps=1, seed=None
55.7642 	EXP 	New trial (rep=0, index=0): OrderedDict([('block', 7), ('sep_dur', u'long'), ('Tx', u't2'), ('trial', 1), ('stimulus', u'V'), ('cond', u'distractor')])
55.8055 	EXP 	text: autoDraw = False
55.8055 	EXP 	text_2: text = u'V'
55.8055 	EXP 	text_2: autoDraw = True
55.8465 	EXP 	New trial (rep=0, index=1): OrderedDict([('block', 7), ('sep_dur', u'long'), ('Tx', u't2'), ('trial', 2), ('stimulus', u'2'), ('cond', u'target')])
55.8916 	EXP 	text_2: autoDraw = False
55.8916 	EXP 	mask: autoDraw = False
55.8916 	EXP 	text_2: text = u'2'
55.8916 	EXP 	text_2: autoDraw = True
55.9288 	EXP 	New trial (rep=0, index=2): OrderedDict([('block', 7), ('sep_dur', u'long'), ('Tx', u't2'), ('trial', 3), ('stimulus', u'S'), ('cond', u'distractor')])
55.9761 	EXP 	text_2: autoDraw = False
55.9761 	EXP 	mask: autoDraw = False
55.9761 	EXP 	text_2: text = u'S'
55.9761 	EXP 	text_2: autoDraw = True
56.0182 	EXP 	New trial (rep=0, index=3): OrderedDict([('block', 7), ('sep_dur', u'long'), ('Tx', u't2'), ('trial', 4), ('stimulus', u'D'), ('cond', u'distractor')])
56.0680 	EXP 	text_2: autoDraw = False
56.0680 	EXP 	mask: autoDraw = False
56.0680 	EXP 	text_2: text = u'D'
56.0680 	EXP 	text_2: autoDraw = True
56.1126 	EXP 	New trial (rep=0, index=4): OrderedDict([('block', 7), ('sep_dur', u'long'), ('Tx', u't2'), ('trial', 5), ('stimulus', u'X'), ('cond', u'distractor')])
56.1577 	EXP 	text_2: autoDraw = False
56.1577 	EXP 	mask: autoDraw = False
56.1577 	EXP 	text_2: text = u'X'
56.1577 	EXP 	text_2: autoDraw = True
56.1941 	EXP 	New trial (rep=0, index=5): OrderedDict([('block', 7), ('sep_dur', u'long'), ('Tx', u't2'), ('trial', 6), ('stimulus', u'C'), ('cond', u'distractor')])
56.2398 	EXP 	text_2: autoDraw = False
56.2398 	EXP 	mask: autoDraw = False
56.2398 	EXP 	text_2: text = u'C'
56.2398 	EXP 	text_2: autoDraw = True
56.2786 	EXP 	New trial (rep=0, index=6): OrderedDict([('block', 7), ('sep_dur', u'long'), ('Tx', u't2'), ('trial', 7), ('stimulus', u'M'), ('cond', u'distractor')])
56.3238 	EXP 	text_2: autoDraw = False
56.3238 	EXP 	mask: autoDraw = False
56.3238 	EXP 	text_2: text = u'M'
56.3238 	EXP 	text_2: autoDraw = True
56.3597 	EXP 	New trial (rep=0, index=7): OrderedDict([('block', 7), ('sep_dur', u'long'), ('Tx', u't2'), ('trial', 8), ('stimulus', u'W'), ('cond', u'distractor')])
56.4093 	EXP 	text_2: autoDraw = False
56.4093 	EXP 	mask: autoDraw = False
56.4093 	EXP 	text_2: text = u'W'
56.4093 	EXP 	text_2: autoDraw = True
56.4497 	EXP 	New trial (rep=0, index=8): OrderedDict([('block', 7), ('sep_dur', u'long'), ('Tx', u't2'), ('trial', 9), ('stimulus', u'R'), ('cond', u'distractor')])
56.4983 	EXP 	text_2: autoDraw = False
56.4983 	EXP 	mask: autoDraw = False
56.4983 	EXP 	text_2: text = u'R'
56.4983 	EXP 	text_2: autoDraw = True
56.5416 	EXP 	New trial (rep=0, index=9): OrderedDict([('block', 7), ('sep_dur', u'long'), ('Tx', u't2'), ('trial', 10), ('stimulus', u'Q'), ('cond', u'distractor')])
56.5829 	EXP 	text_2: autoDraw = False
56.5829 	EXP 	mask: autoDraw = False
56.5829 	EXP 	text_2: text = u'Q'
56.5829 	EXP 	text_2: autoDraw = True
56.6222 	EXP 	New trial (rep=0, index=10): OrderedDict([('block', 7), ('sep_dur', u'long'), ('Tx', u't2'), ('trial', 11), ('stimulus', u'4'), ('cond', u'target')])
56.6654 	EXP 	text_2: autoDraw = False
56.6654 	EXP 	mask: autoDraw = False
56.6654 	EXP 	text_2: text = u'4'
56.6654 	EXP 	text_2: autoDraw = True
56.7041 	EXP 	New trial (rep=0, index=11): OrderedDict([('block', 7), ('sep_dur', u'long'), ('Tx', u't2'), ('trial', 12), ('stimulus', u'B'), ('cond', u'distractor')])
56.7491 	EXP 	text_2: autoDraw = False
56.7491 	EXP 	mask: autoDraw = False
56.7491 	EXP 	text_2: text = u'B'
56.7491 	EXP 	text_2: autoDraw = True
56.7881 	EXP 	New trial (rep=0, index=12): OrderedDict([('block', 7), ('sep_dur', u'long'), ('Tx', u't2'), ('trial', 13), ('stimulus', u'A'), ('cond', u'distractor')])
56.8290 	EXP 	text_2: autoDraw = False
56.8290 	EXP 	mask: autoDraw = False
56.8290 	EXP 	text_2: text = u'A'
56.8290 	EXP 	text_2: autoDraw = True
56.8711 	EXP 	New trial (rep=0, index=13): OrderedDict([('block', 7), ('sep_dur', u'long'), ('Tx', u't2'), ('trial', 14), ('stimulus', u'E'), ('cond', u'distractor')])
56.9138 	EXP 	text_2: autoDraw = False
56.9138 	EXP 	mask: autoDraw = False
56.9138 	EXP 	text_2: text = u'E'
56.9138 	EXP 	text_2: autoDraw = True
56.9619 	EXP 	New trial (rep=0, index=14): OrderedDict([('block', 7), ('sep_dur', u'long'), ('Tx', u't2'), ('trial', 15), ('stimulus', u'S'), ('cond', u'distractor')])
57.0033 	EXP 	text_2: autoDraw = False
57.0033 	EXP 	mask: autoDraw = False
57.0033 	EXP 	text_2: text = u'S'
57.0033 	EXP 	text_2: autoDraw = True
57.0425 	EXP 	New trial (rep=0, index=15): OrderedDict([('block', 7), ('sep_dur', u'long'), ('Tx', u't2'), ('trial', 16), ('stimulus', u'Z'), ('cond', u'distractor')])
57.0910 	EXP 	text_2: autoDraw = False
57.0910 	EXP 	mask: autoDraw = False
57.0910 	EXP 	text_2: text = u'Z'
57.0910 	EXP 	text_2: autoDraw = True
57.1262 	EXP 	New trial (rep=0, index=16): OrderedDict([('block', 7), ('sep_dur', u'long'), ('Tx', u't2'), ('trial', 17), ('stimulus', u'V'), ('cond', u'distractor')])
57.1700 	EXP 	text_2: autoDraw = False
57.1700 	EXP 	mask: autoDraw = False
57.1700 	EXP 	text_2: text = u'V'
57.1700 	EXP 	text_2: autoDraw = True
57.2081 	EXP 	New trial (rep=0, index=17): OrderedDict([('block', 7), ('sep_dur', u'long'), ('Tx', u't2'), ('trial', 18), ('stimulus', u'E'), ('cond', u'distractor')])
57.2497 	EXP 	text_2: autoDraw = False
57.2497 	EXP 	mask: autoDraw = False
57.2497 	EXP 	text_2: text = u'E'
57.2497 	EXP 	text_2: autoDraw = True
57.3227 	EXP 	text_2: autoDraw = False
57.3227 	EXP 	mask: autoDraw = False
58.3418 	EXP 	Probe_t1: autoDraw = True
58.4124 	DATA 	Keypress: 2
58.4815 	EXP 	Probe_t1: autoDraw = False
58.4815 	EXP 	Probe_t2: autoDraw = True
58.6744 	DATA 	Keypress: 2
58.7082 	EXP 	Probe_t2: autoDraw = False
58.7082 	EXP 	blank: autoDraw = True
59.4427 	EXP 	New trial (rep=3, index=0): None
59.4937 	EXP 	blank: autoDraw = False
59.4937 	EXP 	text: text = 8
59.4937 	EXP 	text: autoDraw = True
59.6638 	EXP 	Imported tmp_stimuli.csv as conditions, 18 conditions, 6 params
59.6647 	EXP 	Created sequence: sequential, trialTypes=18, nReps=1, seed=None
59.6658 	EXP 	New trial (rep=0, index=0): OrderedDict([('block', 8), ('sep_dur', u'long'), ('Tx', u't2'), ('trial', 1), ('stimulus', u'C'), ('cond', u'distractor')])
59.7041 	EXP 	text: autoDraw = False
59.7041 	EXP 	text_2: text = u'C'
59.7041 	EXP 	text_2: autoDraw = True
59.7347 	EXP 	New trial (rep=0, index=1): OrderedDict([('block', 8), ('sep_dur', u'long'), ('Tx', u't2'), ('trial', 2), ('stimulus', u'U'), ('cond', u'distractor')])
59.7777 	EXP 	text_2: autoDraw = False
59.7777 	EXP 	mask: autoDraw = False
59.7777 	EXP 	text_2: text = u'U'
59.7777 	EXP 	text_2: autoDraw = True
59.8117 	EXP 	New trial (rep=0, index=2): OrderedDict([('block', 8), ('sep_dur', u'long'), ('Tx', u't2'), ('trial', 3), ('stimulus', u'E'), ('cond', u'distractor')])
59.8510 	EXP 	text_2: autoDraw = False
59.8510 	EXP 	mask: autoDraw = False
59.8510 	EXP 	text_2: text = u'E'
59.8510 	EXP 	text_2: autoDraw = True
59.8881 	EXP 	New trial (rep=0, index=3): OrderedDict([('block', 8), ('sep_dur', u'long'), ('Tx', u't2'), ('trial', 4), ('stimulus', u'V'), ('cond', u'distractor')])
59.9284 	EXP 	text_2: autoDraw = False
59.9284 	EXP 	mask: autoDraw = False
59.9284 	EXP 	text_2: text = u'V'
59.9284 	EXP 	text_2: autoDraw = True
59.9630 	EXP 	New trial (rep=0, index=4): OrderedDict([('block', 8), ('sep_dur', u'long'), ('Tx', u't2'), ('trial', 5), ('stimulus', u'5'), ('cond', u'target')])
60.0479 	EXP 	text_2: autoDraw = False
60.0479 	EXP 	mask: autoDraw = False
60.0479 	EXP 	text_2: text = u'5'
60.0479 	EXP 	text_2: autoDraw = True
60.0479 	EXP 	text_2: autoDraw = False
60.0479 	EXP 	mask: autoDraw = True
60.0487 	EXP 	New trial (rep=0, index=5): OrderedDict([('block', 8), ('sep_dur', u'long'), ('Tx', u't2'), ('trial', 6), ('stimulus', u'B'), ('cond', u'distractor')])
60.0875 	EXP 	text_2: autoDraw = False
60.0875 	EXP 	mask: autoDraw = False
60.0875 	EXP 	text_2: text = u'B'
60.0875 	EXP 	text_2: autoDraw = True
60.1520 	EXP 	text_2: autoDraw = False
60.1520 	EXP 	mask: autoDraw = True
60.1540 	EXP 	New trial (rep=0, index=6): OrderedDict([('block', 8), ('sep_dur', u'long'), ('Tx', u't2'), ('trial', 7), ('stimulus', u'C'), ('cond', u'distractor')])
60.1983 	EXP 	text_2: autoDraw = False
60.1983 	EXP 	mask: autoDraw = False
60.1983 	EXP 	text_2: text = u'C'
60.1983 	EXP 	text_2: autoDraw = True
60.2304 	EXP 	New trial (rep=0, index=7): OrderedDict([('block', 8), ('sep_dur', u'long'), ('Tx', u't2'), ('trial', 8), ('stimulus', u'M'), ('cond', u'distractor')])
60.2737 	EXP 	text_2: autoDraw = False
60.2737 	EXP 	mask: autoDraw = False
60.2737 	EXP 	text_2: text = u'M'
60.2737 	EXP 	text_2: autoDraw = True
60.3092 	EXP 	New trial (rep=0, index=8): OrderedDict([('block', 8), ('sep_dur', u'long'), ('Tx', u't2'), ('trial', 9), ('stimulus', u'V'), ('cond', u'distractor')])
60.3487 	EXP 	text_2: autoDraw = False
60.3487 	EXP 	mask: autoDraw = False
60.3487 	EXP 	text_2: text = u'V'
60.3487 	EXP 	text_2: autoDraw = True
60.3842 	EXP 	New trial (rep=0, index=9): OrderedDict([('block', 8), ('sep_dur', u'long'), ('Tx', u't2'), ('trial', 10), ('stimulus', u'P'), ('cond', u'distractor')])
60.4259 	EXP 	text_2: autoDraw = False
60.4259 	EXP 	mask: autoDraw = False
60.4259 	EXP 	text_2: text = u'P'
60.4259 	EXP 	text_2: autoDraw = True
60.4949 	EXP 	text_2: autoDraw = False
60.4949 	EXP 	mask: autoDraw = True
60.4961 	EXP 	New trial (rep=0, index=10): OrderedDict([('block', 8), ('sep_dur', u'long'), ('Tx', u't2'), ('trial', 11), ('stimulus', u'W'), ('cond', u'distractor')])
60.5404 	EXP 	text_2: autoDraw = False
60.5404 	EXP 	mask: autoDraw = False
60.5404 	EXP 	text_2: text = u'W'
60.5404 	EXP 	text_2: autoDraw = True
60.5711 	EXP 	New trial (rep=0, index=11): OrderedDict([('block', 8), ('sep_dur', u'long'), ('Tx', u't2'), ('trial', 12), ('stimulus', u'J'), ('cond', u'distractor')])
60.6079 	EXP 	text_2: autoDraw = False
60.6079 	EXP 	mask: autoDraw = False
60.6079 	EXP 	text_2: text = u'J'
60.6079 	EXP 	text_2: autoDraw = True
60.6450 	EXP 	New trial (rep=0, index=12): OrderedDict([('block', 8), ('sep_dur', u'long'), ('Tx', u't2'), ('trial', 13), ('stimulus', u'W'), ('cond', u'distractor')])
60.6853 	EXP 	text_2: autoDraw = False
60.6853 	EXP 	mask: autoDraw = False
60.6853 	EXP 	text_2: text = u'W'
60.6853 	EXP 	text_2: autoDraw = True
60.7510 	EXP 	text_2: autoDraw = False
60.7510 	EXP 	mask: autoDraw = True
60.7521 	EXP 	New trial (rep=0, index=13): OrderedDict([('block', 8), ('sep_dur', u'long'), ('Tx', u't2'), ('trial', 14), ('stimulus', u'8'), ('cond', u'target')])
60.7957 	EXP 	text_2: autoDraw = False
60.7957 	EXP 	mask: autoDraw = False
60.7957 	EXP 	text_2: text = u'8'
60.7957 	EXP 	text_2: autoDraw = True
60.8335 	EXP 	New trial (rep=0, index=14): OrderedDict([('block', 8), ('sep_dur', u'long'), ('Tx', u't2'), ('trial', 15), ('stimulus', u'U'), ('cond', u'distractor')])
60.8819 	EXP 	text_2: autoDraw = False
60.8819 	EXP 	mask: autoDraw = False
60.8819 	EXP 	text_2: text = u'U'
60.8819 	EXP 	text_2: autoDraw = True
60.9161 	EXP 	New trial (rep=0, index=15): OrderedDict([('block', 8), ('sep_dur', u'long'), ('Tx', u't2'), ('trial', 16), ('stimulus', u'O'), ('cond', u'distractor')])
60.9593 	EXP 	text_2: autoDraw = False
60.9593 	EXP 	mask: autoDraw = False
60.9593 	EXP 	text_2: text = u'O'
60.9593 	EXP 	text_2: autoDraw = True
60.9958 	EXP 	New trial (rep=0, index=16): OrderedDict([('block', 8), ('sep_dur', u'long'), ('Tx', u't2'), ('trial', 17), ('stimulus', u'J'), ('cond', u'distractor')])
61.0376 	EXP 	text_2: autoDraw = False
61.0376 	EXP 	mask: autoDraw = False
61.0376 	EXP 	text_2: text = u'J'
61.0376 	EXP 	text_2: autoDraw = True
61.0712 	EXP 	New trial (rep=0, index=17): OrderedDict([('block', 8), ('sep_dur', u'long'), ('Tx', u't2'), ('trial', 18), ('stimulus', u'V'), ('cond', u'distractor')])
61.1172 	EXP 	text_2: autoDraw = False
61.1172 	EXP 	mask: autoDraw = False
61.1172 	EXP 	text_2: text = u'V'
61.1172 	EXP 	text_2: autoDraw = True
61.1942 	EXP 	text_2: autoDraw = False
61.1942 	EXP 	mask: autoDraw = False
62.2260 	EXP 	Probe_t1: autoDraw = True
62.2935 	DATA 	Keypress: 2
62.3243 	EXP 	Probe_t1: autoDraw = False
62.3243 	EXP 	Probe_t2: autoDraw = True
62.5327 	DATA 	Keypress: 2
62.5992 	EXP 	Probe_t2: autoDraw = False
62.5992 	EXP 	blank: autoDraw = True
63.3803 	EXP 	blank: autoDraw = False
63.3803 	EXP 	endTxt: autoDraw = True
63.4142 	EXP 	endTxt: autoDraw = True
63.4495 	EXP 	endTxt: autoDraw = True
63.4835 	EXP 	endTxt: autoDraw = True
63.5150 	EXP 	endTxt: autoDraw = True
63.5478 	EXP 	endTxt: autoDraw = True
63.5810 	EXP 	endTxt: autoDraw = True
63.6137 	EXP 	endTxt: autoDraw = True
63.6453 	EXP 	endTxt: autoDraw = True
63.6751 	EXP 	endTxt: autoDraw = True
63.7098 	EXP 	endTxt: autoDraw = True
63.7443 	EXP 	endTxt: autoDraw = True
63.7790 	EXP 	endTxt: autoDraw = True
63.8159 	EXP 	endTxt: autoDraw = True
63.8479 	EXP 	endTxt: autoDraw = True
63.8810 	EXP 	endTxt: autoDraw = True
63.9112 	EXP 	endTxt: autoDraw = True
63.9437 	EXP 	endTxt: autoDraw = True
63.9802 	EXP 	endTxt: autoDraw = True
64.0186 	EXP 	endTxt: autoDraw = True
64.0524 	EXP 	endTxt: autoDraw = True
64.0910 	EXP 	endTxt: autoDraw = True
64.1211 	EXP 	endTxt: autoDraw = True
64.1521 	EXP 	endTxt: autoDraw = True
64.1929 	EXP 	endTxt: autoDraw = True
64.2258 	EXP 	endTxt: autoDraw = True
64.2582 	EXP 	endTxt: autoDraw = True
64.2943 	EXP 	endTxt: autoDraw = True
64.3286 	EXP 	endTxt: autoDraw = True
64.3641 	EXP 	endTxt: autoDraw = True
64.3989 	EXP 	endTxt: autoDraw = True
64.4307 	EXP 	endTxt: autoDraw = True
64.4646 	EXP 	endTxt: autoDraw = True
64.4981 	EXP 	endTxt: autoDraw = True
64.5312 	EXP 	endTxt: autoDraw = True
64.5624 	EXP 	endTxt: autoDraw = True
64.5962 	EXP 	endTxt: autoDraw = True
64.6273 	EXP 	endTxt: autoDraw = True
64.6628 	EXP 	endTxt: autoDraw = True
64.6966 	EXP 	endTxt: autoDraw = True
64.7313 	EXP 	endTxt: autoDraw = True
64.7627 	EXP 	endTxt: autoDraw = True
64.8008 	EXP 	endTxt: autoDraw = True
64.8334 	EXP 	endTxt: autoDraw = True
64.8665 	EXP 	endTxt: autoDraw = True
64.9006 	EXP 	endTxt: autoDraw = True
64.9338 	EXP 	endTxt: autoDraw = True
64.9649 	EXP 	endTxt: autoDraw = True
65.0002 	EXP 	endTxt: autoDraw = True
65.0378 	EXP 	endTxt: autoDraw = True
65.0681 	EXP 	endTxt: autoDraw = True
65.1073 	EXP 	endTxt: autoDraw = True
65.1367 	EXP 	endTxt: autoDraw = True
65.1707 	EXP 	endTxt: autoDraw = True
65.2081 	EXP 	endTxt: autoDraw = True
65.2424 	EXP 	endTxt: autoDraw = True
65.2754 	EXP 	endTxt: autoDraw = True
65.3121 	EXP 	endTxt: autoDraw = True
65.3470 	EXP 	endTxt: autoDraw = True
65.3787 	EXP 	endTxt: autoDraw = True
65.4174 	EXP 	endTxt: autoDraw = True
65.4576 	EXP 	endTxt: autoDraw = True
65.4905 	EXP 	endTxt: autoDraw = True
65.4917 	DATA 	Keypress: lshift
65.5280 	EXP 	endTxt: autoDraw = True
65.5577 	EXP 	endTxt: autoDraw = True
65.5969 	EXP 	endTxt: autoDraw = True
65.6341 	EXP 	endTxt: autoDraw = True
65.6696 	EXP 	endTxt: autoDraw = True
65.7018 	EXP 	endTxt: autoDraw = True
65.7345 	EXP 	endTxt: autoDraw = True
65.7675 	EXP 	endTxt: autoDraw = True
65.8027 	EXP 	endTxt: autoDraw = True
65.8345 	EXP 	endTxt: autoDraw = True
65.8691 	EXP 	endTxt: autoDraw = True
65.9026 	EXP 	endTxt: autoDraw = True
65.9357 	EXP 	endTxt: autoDraw = True
65.9702 	EXP 	endTxt: autoDraw = True
66.0034 	EXP 	endTxt: autoDraw = True
66.0342 	EXP 	endTxt: autoDraw = True
66.0352 	DATA 	Keypress: escape
66.0353 	EXP 	Global key event: forcequit. Calling <function forceQuit at 0x1113DC70>.
66.1940 	EXP 	window1: mouseVisible = True
