10.9433 	EXP 	Added new global key event: forcequit
10.9434 	EXP 	Added new global key event: forcequit
15.5121 	DATA 	Mouse: Left button down, pos=(1535,1272)
15.7061 	DATA 	Mouse:  Left button up, pos=(1535,1272)
17.0662 	WARNING 	Couldn't measure a consistent frame rate.
  - Is your graphics card set to sync to vertical blank?
  - Are you running other processes on your computer?

17.0664 	EXP 	Created window1 = Window(allowGUI=True, allowStencil=False, args=UNKNOWN, autoLog=True, bitsMode=UNKNOWN, blendMode='avg', color='red', colorSpace='named', fullscr=UNKNOWN, gamma=None, kwargs=UNKNOWN, lms=UNKNOWN, monitor=<psychopy.monitors.calibTools.Monitor object at 0x1F54EDB0>, multiSample=False, name='window1', numSamples=2, pos=[0, 0], screen=0, size=array([3240, 2160]), stereo=False, units=u'norm', useFBO=True, useRetina=False, viewOri=0.0, viewPos=None, viewScale=None, waitBlanking=True, winType=u'pyglet')
17.0666 	EXP 	window1: mouseVisible = False
17.0666 	EXP 	window1: recordFrameIntervals = False
17.4653 	EXP 	window1: recordFrameIntervals = True
17.5517 	WARNING 	t of last frame was 49.31ms (=1/20)
17.5853 	WARNING 	t of last frame was 33.53ms (=1/29)
17.6228 	WARNING 	t of last frame was 37.51ms (=1/26)
17.6615 	WARNING 	t of last frame was 38.71ms (=1/25)
17.6983 	WARNING 	Multiple dropped frames have occurred - I'll stop bothering you about them!
19.6637 	DATA 	Mouse: Left button down, pos=(2239,1344)
19.8255 	DATA 	Mouse:  Left button up, pos=(2107,1196)
20.9062 	WARNING 	Couldn't measure a consistent frame rate.
  - Is your graphics card set to sync to vertical blank?
  - Are you running other processes on your computer?

22.1643 	EXP 	Created instruct_p1 = TextStim(alignHoriz='center', alignVert='center', antialias=True, autoLog=True, bold=False, color='white', colorSpace='named', contrast=1.0, depth=0.0, flipHoriz=False, flipVert=False, font='Arial', fontFiles=[], height=0.05, italic=False, name='instruct_p1', opacity=1.0, ori=0, pos=array([ 0.,  0.]), rgb=array([ 255.,  255.,  255.]), text=newstr(...), units=u'norm', win=Window(...), wrapWidth=1)
22.2140 	EXP 	Created endTxt = TextStim(alignHoriz='center', alignVert='center', antialias=True, autoLog=True, bold=False, color='white', colorSpace='named', contrast=1.0, depth=0.0, flipHoriz=False, flipVert=False, font='Arial', fontFiles=[], height=0.05, italic=False, name='endTxt', opacity=1.0, ori=0, pos=array([ 0.,  0.]), rgb=array([ 255.,  255.,  255.]), text=newstr(...), units=u'norm', win=Window(...), wrapWidth=1)
22.2418 	EXP 	Created ready = TextStim(alignHoriz='center', alignVert='center', antialias=True, autoLog=True, bold=False, color='white', colorSpace='named', contrast=1.0, depth=-1.0, flipHoriz=False, flipVert=False, font='Arial', fontFiles=[], height=0.1, italic=False, name='ready', opacity=1.0, ori=0, pos=array([ 0.,  0.]), rgb=array([ 255.,  255.,  255.]), text='default text', units=u'norm', win=Window(...), wrapWidth=1)
22.2543 	EXP 	Created go = TextStim(alignHoriz='center', alignVert='center', antialias=True, autoLog=True, bold=False, color='white', colorSpace='named', contrast=1.0, depth=-2.0, flipHoriz=False, flipVert=False, font='Arial', fontFiles=[], height=0.1, italic=False, name='go', opacity=1.0, ori=0, pos=array([ 0.,  0.]), rgb=array([ 255.,  255.,  255.]), text='GO', units=u'norm', win=Window(...), wrapWidth=1)
22.2552 	EXP 	Created gap = TextStim(alignHoriz='center', alignVert='center', antialias=True, autoLog=True, bold=False, color='white', colorSpace='named', contrast=1.0, depth=-3.0, flipHoriz=False, flipVert=False, font='Arial', fontFiles=[], height=0.1, italic=False, name='gap', opacity=1.0, ori=0, pos=array([ 0.,  0.]), rgb=array([ 255.,  255.,  255.]), text='', units=u'norm', win=Window(...), wrapWidth=1)
22.2676 	EXP 	Created text = TextStim(alignHoriz='center', alignVert='center', antialias=True, autoLog=True, bold=False, color='white', colorSpace='named', contrast=1.0, depth=-1.0, flipHoriz=False, flipVert=False, font='Arial', fontFiles=[], height=0.1, italic=False, name='text', opacity=0.0, ori=0, pos=array([ 0.,  0.]), rgb=array([ 255.,  255.,  255.]), text='default text', units=u'norm', win=Window(...), wrapWidth=1)
23.2365 	EXP 	Created text_2 = TextStim(alignHoriz='center', alignVert='center', antialias=True, autoLog=True, bold=False, color='white', colorSpace='named', contrast=1.0, depth=0.0, flipHoriz=False, flipVert=False, font='Arial', fontFiles=[], height=0.5, italic=False, name='text_2', opacity=1.0, ori=0, pos=array([ 0.,  0.]), rgb=array([ 255.,  255.,  255.]), text='default text', units=u'norm', win=Window(...), wrapWidth=1)
23.2402 	EXP 	Created mask = TextStim(alignHoriz='center', alignVert='center', antialias=True, autoLog=True, bold=False, color='white', colorSpace='named', contrast=1.0, depth=-1.0, flipHoriz=False, flipVert=False, font='Arial', fontFiles=[], height=0.1, italic=False, name='mask', opacity=1.0, ori=0, pos=array([ 0.,  0.]), rgb=array([ 255.,  255.,  255.]), text=' ', units=u'norm', win=Window(...), wrapWidth=1)
23.2905 	EXP 	Created Probe_t1 = TextStim(alignHoriz='center', alignVert='center', antialias=True, autoLog=True, bold=False, color='white', colorSpace='named', contrast=1.0, depth=0.0, flipHoriz=False, flipVert=False, font='Arial', fontFiles=[], height=0.1, italic=False, name='Probe_t1', opacity=1.0, ori=0, pos=array([ 0.,  0.]), rgb=array([ 255.,  255.,  255.]), text='What numbers did you see?', units=u'norm', win=Window(...), wrapWidth=1)
23.3262 	EXP 	Created Probe_t2 = TextStim(alignHoriz='center', alignVert='center', antialias=True, autoLog=True, bold=False, color='white', colorSpace='named', contrast=1.0, depth=0.0, flipHoriz=False, flipVert=False, font='Arial', fontFiles=[], height=0.1, italic=False, name='Probe_t2', opacity=1.0, ori=0, pos=array([ 0.,  0.]), rgb=array([ 255.,  255.,  255.]), text='What numbers did you see?', units=u'norm', win=Window(...), wrapWidth=1)
23.3270 	EXP 	Created blank = TextStim(alignHoriz='center', alignVert='center', antialias=True, autoLog=True, bold=False, color='red', colorSpace='named', contrast=1.0, depth=0.0, flipHoriz=False, flipVert=False, font='Arial', fontFiles=[], height=0.1, italic=False, name='blank', opacity=1.0, ori=0, pos=array([ 0.,  0.]), rgb=array([ 255.,    0.,    0.]), text='', units=u'norm', win=Window(...), wrapWidth=1)
24.0594 	EXP 	Created Break = TextStim(alignHoriz='center', alignVert='center', antialias=True, autoLog=True, bold=False, color='white', colorSpace='named', contrast=1.0, depth=0.0, flipHoriz=False, flipVert=False, font='Arial', fontFiles=[], height=0.5, italic=False, name='Break', opacity=1.0, ori=0, pos=array([ 0.,  0.]), rgb=array([ 255.,  255.,  255.]), text=newstr(...), units=u'norm', win=Window(...), wrapWidth=1)
24.0886 	EXP 	instruct_p1: autoDraw = True
25.5049 	DATA 	Mouse: Left button down, pos=(2861,856)
25.5059 	DATA 	Mouse:  Left button up, pos=(2861,856)
25.9269 	DATA 	Mouse: Left button down, pos=(2863,846)
25.9278 	DATA 	Mouse:  Left button up, pos=(2863,846)
26.0925 	DATA 	Mouse: Left button down, pos=(2863,846)
26.1809 	DATA 	Mouse:  Left button up, pos=(2868,853)
26.7942 	DATA 	Mouse: Left button down, pos=(2871,865)
27.0100 	DATA 	Mouse:  Left button up, pos=(3137,987)
39.1542 	DATA 	Mouse: Left button down, pos=(2629,822)
39.3740 	DATA 	Mouse:  Left button up, pos=(2629,822)
39.9038 	DATA 	Keypress: space
39.9049 	EXP 	Created sequence: random, trialTypes=1, nReps=2, seed=None
39.9052 	EXP 	New trial (rep=0, index=0): None
39.9686 	EXP 	instruct_p1: autoDraw = False
39.9686 	EXP 	ready: text = 'Block 1\n\nReady?'
39.9686 	EXP 	ready: autoDraw = True
40.9604 	EXP 	ready: autoDraw = False
40.9604 	EXP 	go: autoDraw = True
41.4629 	EXP 	go: autoDraw = False
41.4629 	EXP 	gap: autoDraw = True
41.6161 	EXP 	Created sequence: sequential, trialTypes=1, nReps=4, seed=None
41.6175 	EXP 	New trial (rep=0, index=0): None
41.6629 	EXP 	ready: autoDraw = False
41.6629 	EXP 	go: autoDraw = False
41.6629 	EXP 	gap: autoDraw = False
41.6629 	EXP 	text: text = 1
41.6629 	EXP 	text: autoDraw = True
41.8426 	EXP 	Imported tmp_stimuli.csv as conditions, 16 conditions, 6 params
41.8433 	EXP 	Created sequence: sequential, trialTypes=16, nReps=1, seed=None
41.8443 	EXP 	New trial (rep=0, index=0): OrderedDict([('block', 1), ('sep_dur', u'short'), ('Tx', u't1'), ('trial', 1), ('stimulus', u'P'), ('cond', u'distractor')])
41.9844 	EXP 	text: autoDraw = False
41.9844 	EXP 	text_2: text = u'P'
41.9844 	EXP 	text_2: autoDraw = True
41.9855 	EXP 	New trial (rep=0, index=1): OrderedDict([('block', 1), ('sep_dur', u'short'), ('Tx', u't1'), ('trial', 2), ('stimulus', u'U'), ('cond', u'distractor')])
42.0496 	EXP 	New trial (rep=0, index=2): OrderedDict([('block', 1), ('sep_dur', u'short'), ('Tx', u't1'), ('trial', 3), ('stimulus', u'X'), ('cond', u'distractor')])
42.1006 	EXP 	New trial (rep=0, index=3): OrderedDict([('block', 1), ('sep_dur', u'short'), ('Tx', u't1'), ('trial', 4), ('stimulus', u'I'), ('cond', u'distractor')])
42.1444 	EXP 	New trial (rep=0, index=4): OrderedDict([('block', 1), ('sep_dur', u'short'), ('Tx', u't1'), ('trial', 5), ('stimulus', u'C'), ('cond', u'distractor')])
42.1738 	EXP 	text_2: autoDraw = False
42.1738 	EXP 	mask: autoDraw = False
42.1738 	EXP 	text_2: text = u'U'
42.1738 	EXP 	text_2: autoDraw = False
42.1738 	EXP 	mask: autoDraw = False
42.1738 	EXP 	text_2: text = u'X'
42.1738 	EXP 	text_2: autoDraw = False
42.1738 	EXP 	mask: autoDraw = False
42.1738 	EXP 	text_2: text = u'I'
42.1738 	EXP 	text_2: autoDraw = False
42.1738 	EXP 	mask: autoDraw = False
42.1738 	EXP 	text_2: text = u'C'
42.1738 	EXP 	text_2: autoDraw = True
42.2388 	EXP 	text_2: autoDraw = False
42.2388 	EXP 	mask: autoDraw = True
42.2395 	EXP 	New trial (rep=0, index=5): OrderedDict([('block', 1), ('sep_dur', u'short'), ('Tx', u't1'), ('trial', 6), ('stimulus', u'K'), ('cond', u'distractor')])
42.3058 	EXP 	text_2: autoDraw = False
42.3058 	EXP 	mask: autoDraw = False
42.3058 	EXP 	text_2: text = u'K'
42.3058 	EXP 	text_2: autoDraw = True
42.3302 	EXP 	text_2: autoDraw = False
42.3302 	EXP 	mask: autoDraw = True
42.3311 	EXP 	New trial (rep=0, index=6): OrderedDict([('block', 1), ('sep_dur', u'short'), ('Tx', u't1'), ('trial', 7), ('stimulus', u'V'), ('cond', u'distractor')])
42.4001 	EXP 	text_2: autoDraw = False
42.4001 	EXP 	mask: autoDraw = False
42.4001 	EXP 	text_2: text = u'V'
42.4001 	EXP 	text_2: autoDraw = True
42.4012 	EXP 	New trial (rep=0, index=7): OrderedDict([('block', 1), ('sep_dur', u'short'), ('Tx', u't1'), ('trial', 8), ('stimulus', u'2'), ('cond', u'target')])
42.4826 	EXP 	text_2: autoDraw = False
42.4826 	EXP 	mask: autoDraw = False
42.4826 	EXP 	text_2: text = u'2'
42.4826 	EXP 	text_2: autoDraw = True
42.4826 	EXP 	text_2: autoDraw = False
42.4826 	EXP 	mask: autoDraw = True
42.4835 	EXP 	New trial (rep=0, index=8): OrderedDict([('block', 1), ('sep_dur', u'short'), ('Tx', u't1'), ('trial', 9), ('stimulus', u'H'), ('cond', u'distractor')])
42.5557 	EXP 	text_2: autoDraw = False
42.5557 	EXP 	mask: autoDraw = False
42.5557 	EXP 	text_2: text = u'H'
42.5557 	EXP 	text_2: autoDraw = True
42.5806 	EXP 	text_2: autoDraw = False
42.5806 	EXP 	mask: autoDraw = True
42.5823 	EXP 	New trial (rep=0, index=9): OrderedDict([('block', 1), ('sep_dur', u'short'), ('Tx', u't1'), ('trial', 10), ('stimulus', u'C'), ('cond', u'distractor')])
42.6217 	EXP 	text_2: autoDraw = False
42.6217 	EXP 	mask: autoDraw = False
42.6217 	EXP 	text_2: text = u'C'
42.6217 	EXP 	text_2: autoDraw = True
42.6489 	EXP 	New trial (rep=0, index=10): OrderedDict([('block', 1), ('sep_dur', u'short'), ('Tx', u't1'), ('trial', 11), ('stimulus', u'V'), ('cond', u'distractor')])
42.6862 	EXP 	text_2: autoDraw = False
42.6862 	EXP 	mask: autoDraw = False
42.6862 	EXP 	text_2: text = u'V'
42.6862 	EXP 	text_2: autoDraw = True
42.7436 	EXP 	text_2: autoDraw = False
42.7436 	EXP 	mask: autoDraw = True
42.7442 	EXP 	New trial (rep=0, index=11): OrderedDict([('block', 1), ('sep_dur', u'short'), ('Tx', u't1'), ('trial', 12), ('stimulus', u'P'), ('cond', u'distractor')])
42.7751 	EXP 	text_2: autoDraw = False
42.7751 	EXP 	mask: autoDraw = False
42.7751 	EXP 	text_2: text = u'P'
42.7751 	EXP 	text_2: autoDraw = True
42.8266 	EXP 	text_2: autoDraw = False
42.8266 	EXP 	mask: autoDraw = True
42.8274 	EXP 	New trial (rep=0, index=12): OrderedDict([('block', 1), ('sep_dur', u'short'), ('Tx', u't1'), ('trial', 13), ('stimulus', u' '), ('cond', u'mask')])
42.8600 	EXP 	text_2: autoDraw = False
42.8600 	EXP 	mask: autoDraw = False
42.8600 	EXP 	text_2: text = u' '
42.8600 	EXP 	text_2: autoDraw = True
42.9118 	EXP 	text_2: autoDraw = False
42.9118 	EXP 	mask: autoDraw = True
42.9125 	EXP 	New trial (rep=0, index=13): OrderedDict([('block', 1), ('sep_dur', u'short'), ('Tx', u't1'), ('trial', 14), ('stimulus', u'O'), ('cond', u'distractor')])
42.9866 	EXP 	text_2: autoDraw = False
42.9866 	EXP 	mask: autoDraw = False
42.9866 	EXP 	text_2: text = u'O'
42.9866 	EXP 	text_2: autoDraw = True
42.9866 	EXP 	text_2: autoDraw = False
42.9866 	EXP 	mask: autoDraw = True
42.9873 	EXP 	New trial (rep=0, index=14): OrderedDict([('block', 1), ('sep_dur', u'short'), ('Tx', u't1'), ('trial', 15), ('stimulus', u'B'), ('cond', u'distractor')])
43.0562 	EXP 	text_2: autoDraw = False
43.0562 	EXP 	mask: autoDraw = False
43.0562 	EXP 	text_2: text = u'B'
43.0562 	EXP 	text_2: autoDraw = True
43.0817 	EXP 	text_2: autoDraw = False
43.0817 	EXP 	mask: autoDraw = True
43.0832 	EXP 	New trial (rep=0, index=15): OrderedDict([('block', 1), ('sep_dur', u'short'), ('Tx', u't1'), ('trial', 16), ('stimulus', u'C'), ('cond', u'distractor')])
43.1152 	EXP 	text_2: autoDraw = False
43.1152 	EXP 	mask: autoDraw = False
43.1152 	EXP 	text_2: text = u'C'
43.1152 	EXP 	text_2: autoDraw = True
43.1714 	EXP 	text_2: autoDraw = False
43.1714 	EXP 	mask: autoDraw = True
43.1947 	EXP 	text_2: autoDraw = False
43.1947 	EXP 	mask: autoDraw = False
44.2202 	EXP 	Probe_t1: autoDraw = True
44.9433 	DATA 	Keypress: 9
44.9759 	EXP 	Probe_t1: autoDraw = False
44.9759 	EXP 	Probe_t2: autoDraw = True
45.2201 	DATA 	Keypress: 9
45.2499 	EXP 	Probe_t2: autoDraw = False
45.2499 	EXP 	blank: autoDraw = True
45.9883 	EXP 	New trial (rep=1, index=0): None
46.0481 	EXP 	blank: autoDraw = False
46.0481 	EXP 	text: text = 2
46.0481 	EXP 	text: autoDraw = True
46.1890 	EXP 	Imported tmp_stimuli.csv as conditions, 17 conditions, 6 params
46.1899 	EXP 	Created sequence: sequential, trialTypes=17, nReps=1, seed=None
46.1910 	EXP 	New trial (rep=0, index=0): OrderedDict([('block', 2), ('sep_dur', u'short'), ('Tx', u't1'), ('trial', 1), ('stimulus', u'Q'), ('cond', u'distractor')])
46.2802 	EXP 	text: autoDraw = False
46.2802 	EXP 	text_2: text = u'Q'
46.2802 	EXP 	text_2: autoDraw = True
46.2802 	EXP 	text_2: autoDraw = False
46.2802 	EXP 	mask: autoDraw = True
46.2812 	EXP 	New trial (rep=0, index=1): OrderedDict([('block', 2), ('sep_dur', u'short'), ('Tx', u't1'), ('trial', 2), ('stimulus', u'Q'), ('cond', u'distractor')])
46.3132 	EXP 	text_2: autoDraw = False
46.3132 	EXP 	mask: autoDraw = False
46.3132 	EXP 	text_2: text = u'Q'
46.3132 	EXP 	text_2: autoDraw = True
46.3475 	EXP 	New trial (rep=0, index=2): OrderedDict([('block', 2), ('sep_dur', u'short'), ('Tx', u't1'), ('trial', 3), ('stimulus', u'L'), ('cond', u'distractor')])
46.4448 	EXP 	text_2: autoDraw = False
46.4448 	EXP 	mask: autoDraw = False
46.4448 	EXP 	text_2: text = u'L'
46.4448 	EXP 	text_2: autoDraw = True
46.4448 	EXP 	text_2: autoDraw = False
46.4448 	EXP 	mask: autoDraw = True
46.4459 	EXP 	New trial (rep=0, index=3): OrderedDict([('block', 2), ('sep_dur', u'short'), ('Tx', u't1'), ('trial', 4), ('stimulus', u'M'), ('cond', u'distractor')])
46.5314 	EXP 	text_2: autoDraw = False
46.5314 	EXP 	mask: autoDraw = False
46.5314 	EXP 	text_2: text = u'M'
46.5314 	EXP 	text_2: autoDraw = True
46.5314 	EXP 	text_2: autoDraw = False
46.5314 	EXP 	mask: autoDraw = True
46.5337 	EXP 	New trial (rep=0, index=4): OrderedDict([('block', 2), ('sep_dur', u'short'), ('Tx', u't1'), ('trial', 5), ('stimulus', u'W'), ('cond', u'distractor')])
46.6103 	EXP 	text_2: autoDraw = False
46.6103 	EXP 	mask: autoDraw = False
46.6103 	EXP 	text_2: text = u'W'
46.6103 	EXP 	text_2: autoDraw = True
46.6103 	EXP 	text_2: autoDraw = False
46.6103 	EXP 	mask: autoDraw = True
46.6116 	EXP 	New trial (rep=0, index=5): OrderedDict([('block', 2), ('sep_dur', u'short'), ('Tx', u't1'), ('trial', 6), ('stimulus', u'G'), ('cond', u'distractor')])
46.6945 	EXP 	text_2: autoDraw = False
46.6945 	EXP 	mask: autoDraw = False
46.6945 	EXP 	text_2: text = u'G'
46.6945 	EXP 	text_2: autoDraw = True
46.6945 	EXP 	text_2: autoDraw = False
46.6945 	EXP 	mask: autoDraw = True
46.6964 	EXP 	New trial (rep=0, index=6): OrderedDict([('block', 2), ('sep_dur', u'short'), ('Tx', u't1'), ('trial', 7), ('stimulus', u'B'), ('cond', u'distractor')])
46.7370 	EXP 	text_2: autoDraw = False
46.7370 	EXP 	mask: autoDraw = False
46.7370 	EXP 	text_2: text = u'B'
46.7370 	EXP 	text_2: autoDraw = True
46.7632 	EXP 	New trial (rep=0, index=7): OrderedDict([('block', 2), ('sep_dur', u'short'), ('Tx', u't1'), ('trial', 8), ('stimulus', u'7'), ('cond', u'target')])
46.8513 	EXP 	text_2: autoDraw = False
46.8513 	EXP 	mask: autoDraw = False
46.8513 	EXP 	text_2: text = u'7'
46.8513 	EXP 	text_2: autoDraw = True
46.8513 	EXP 	text_2: autoDraw = False
46.8513 	EXP 	mask: autoDraw = True
46.8520 	EXP 	New trial (rep=0, index=8): OrderedDict([('block', 2), ('sep_dur', u'short'), ('Tx', u't1'), ('trial', 9), ('stimulus', u'V'), ('cond', u'distractor')])
46.8873 	EXP 	text_2: autoDraw = False
46.8873 	EXP 	mask: autoDraw = False
46.8873 	EXP 	text_2: text = u'V'
46.8873 	EXP 	text_2: autoDraw = True
46.9460 	EXP 	text_2: autoDraw = False
46.9460 	EXP 	mask: autoDraw = True
46.9470 	EXP 	New trial (rep=0, index=9): OrderedDict([('block', 2), ('sep_dur', u'short'), ('Tx', u't1'), ('trial', 10), ('stimulus', u'M'), ('cond', u'distractor')])
46.9849 	EXP 	text_2: autoDraw = False
46.9849 	EXP 	mask: autoDraw = False
46.9849 	EXP 	text_2: text = u'M'
46.9849 	EXP 	text_2: autoDraw = True
47.0133 	EXP 	New trial (rep=0, index=10): OrderedDict([('block', 2), ('sep_dur', u'short'), ('Tx', u't1'), ('trial', 11), ('stimulus', u'N'), ('cond', u'distractor')])
47.0841 	EXP 	text_2: autoDraw = False
47.0841 	EXP 	mask: autoDraw = False
47.0841 	EXP 	text_2: text = u'N'
47.0841 	EXP 	text_2: autoDraw = True
47.1132 	EXP 	text_2: autoDraw = False
47.1132 	EXP 	mask: autoDraw = True
47.1141 	EXP 	New trial (rep=0, index=11): OrderedDict([('block', 2), ('sep_dur', u'short'), ('Tx', u't1'), ('trial', 12), ('stimulus', u'J'), ('cond', u'distractor')])
47.1888 	EXP 	text_2: autoDraw = False
47.1888 	EXP 	mask: autoDraw = False
47.1888 	EXP 	text_2: text = u'J'
47.1888 	EXP 	text_2: autoDraw = True
47.1888 	EXP 	text_2: autoDraw = False
47.1888 	EXP 	mask: autoDraw = True
47.1899 	EXP 	New trial (rep=0, index=12): OrderedDict([('block', 2), ('sep_dur', u'short'), ('Tx', u't1'), ('trial', 13), ('stimulus', u' '), ('cond', u'mask')])
47.2228 	EXP 	text_2: autoDraw = False
47.2228 	EXP 	mask: autoDraw = False
47.2228 	EXP 	text_2: text = u' '
47.2228 	EXP 	text_2: autoDraw = True
47.2787 	EXP 	text_2: autoDraw = False
47.2787 	EXP 	mask: autoDraw = True
47.2793 	EXP 	New trial (rep=0, index=13): OrderedDict([('block', 2), ('sep_dur', u'short'), ('Tx', u't1'), ('trial', 14), ('stimulus', u'D'), ('cond', u'distractor')])
47.3562 	EXP 	text_2: autoDraw = False
47.3562 	EXP 	mask: autoDraw = False
47.3562 	EXP 	text_2: text = u'D'
47.3562 	EXP 	text_2: autoDraw = True
47.3562 	EXP 	text_2: autoDraw = False
47.3562 	EXP 	mask: autoDraw = True
47.3569 	EXP 	New trial (rep=0, index=14): OrderedDict([('block', 2), ('sep_dur', u'short'), ('Tx', u't1'), ('trial', 15), ('stimulus', u'Q'), ('cond', u'distractor')])
47.3894 	EXP 	text_2: autoDraw = False
47.3894 	EXP 	mask: autoDraw = False
47.3894 	EXP 	text_2: text = u'Q'
47.3894 	EXP 	text_2: autoDraw = True
47.4478 	EXP 	text_2: autoDraw = False
47.4478 	EXP 	mask: autoDraw = True
47.4499 	EXP 	New trial (rep=0, index=15): OrderedDict([('block', 2), ('sep_dur', u'short'), ('Tx', u't1'), ('trial', 16), ('stimulus', u'E'), ('cond', u'distractor')])
47.4868 	EXP 	text_2: autoDraw = False
47.4868 	EXP 	mask: autoDraw = False
47.4868 	EXP 	text_2: text = u'E'
47.4868 	EXP 	text_2: autoDraw = True
47.5478 	EXP 	text_2: autoDraw = False
47.5478 	EXP 	mask: autoDraw = True
47.5497 	EXP 	New trial (rep=0, index=16): OrderedDict([('block', 2), ('sep_dur', u'short'), ('Tx', u't1'), ('trial', 17), ('stimulus', u'M'), ('cond', u'distractor')])
47.5828 	EXP 	text_2: autoDraw = False
47.5828 	EXP 	mask: autoDraw = False
47.5828 	EXP 	text_2: text = u'M'
47.5828 	EXP 	text_2: autoDraw = True
47.6433 	EXP 	text_2: autoDraw = False
47.6433 	EXP 	mask: autoDraw = False
48.6448 	EXP 	Probe_t1: autoDraw = True
48.9454 	DATA 	Keypress: 9
49.0045 	EXP 	Probe_t1: autoDraw = False
49.0045 	EXP 	Probe_t2: autoDraw = True
49.2184 	DATA 	Keypress: 9
49.2477 	EXP 	Probe_t2: autoDraw = False
49.2477 	EXP 	blank: autoDraw = True
49.9717 	EXP 	New trial (rep=2, index=0): None
50.0270 	EXP 	blank: autoDraw = False
50.0270 	EXP 	text: text = 3
50.0270 	EXP 	text: autoDraw = True
50.1945 	EXP 	Imported tmp_stimuli.csv as conditions, 16 conditions, 6 params
50.1955 	EXP 	Created sequence: sequential, trialTypes=16, nReps=1, seed=None
50.1968 	EXP 	New trial (rep=0, index=0): OrderedDict([('block', 3), ('sep_dur', u'long'), ('Tx', u't2'), ('trial', 1), ('stimulus', u'F'), ('cond', u'distractor')])
50.2627 	EXP 	New trial (rep=0, index=1): OrderedDict([('block', 3), ('sep_dur', u'long'), ('Tx', u't2'), ('trial', 2), ('stimulus', u'2'), ('cond', u'target')])
50.2981 	EXP 	text: autoDraw = False
50.2981 	EXP 	text_2: text = u'F'
50.2981 	EXP 	text_2: autoDraw = False
50.2981 	EXP 	mask: autoDraw = False
50.2981 	EXP 	text_2: text = u'2'
50.2981 	EXP 	text_2: autoDraw = True
50.3637 	EXP 	text_2: autoDraw = False
50.3637 	EXP 	mask: autoDraw = True
50.3656 	EXP 	New trial (rep=0, index=2): OrderedDict([('block', 3), ('sep_dur', u'long'), ('Tx', u't2'), ('trial', 3), ('stimulus', u'D'), ('cond', u'distractor')])
50.4116 	EXP 	text_2: autoDraw = False
50.4116 	EXP 	mask: autoDraw = False
50.4116 	EXP 	text_2: text = u'D'
50.4116 	EXP 	text_2: autoDraw = True
50.4453 	EXP 	New trial (rep=0, index=3): OrderedDict([('block', 3), ('sep_dur', u'long'), ('Tx', u't2'), ('trial', 4), ('stimulus', u'Z'), ('cond', u'distractor')])
50.5242 	EXP 	New trial (rep=0, index=4): OrderedDict([('block', 3), ('sep_dur', u'long'), ('Tx', u't2'), ('trial', 5), ('stimulus', u'N'), ('cond', u'distractor')])
50.5610 	EXP 	text_2: autoDraw = False
50.5610 	EXP 	mask: autoDraw = False
50.5610 	EXP 	text_2: text = u'Z'
50.5610 	EXP 	text_2: autoDraw = False
50.5610 	EXP 	mask: autoDraw = False
50.5610 	EXP 	text_2: text = u'N'
50.5610 	EXP 	text_2: autoDraw = True
50.5945 	EXP 	New trial (rep=0, index=5): OrderedDict([('block', 3), ('sep_dur', u'long'), ('Tx', u't2'), ('trial', 6), ('stimulus', u'O'), ('cond', u'distractor')])
50.6395 	EXP 	text_2: autoDraw = False
50.6395 	EXP 	mask: autoDraw = False
50.6395 	EXP 	text_2: text = u'O'
50.6395 	EXP 	text_2: autoDraw = True
50.7043 	EXP 	text_2: autoDraw = False
50.7043 	EXP 	mask: autoDraw = True
50.7053 	EXP 	New trial (rep=0, index=6): OrderedDict([('block', 3), ('sep_dur', u'long'), ('Tx', u't2'), ('trial', 7), ('stimulus', u'G'), ('cond', u'distractor')])
50.7485 	EXP 	text_2: autoDraw = False
50.7485 	EXP 	mask: autoDraw = False
50.7485 	EXP 	text_2: text = u'G'
50.7485 	EXP 	text_2: autoDraw = True
50.7831 	EXP 	New trial (rep=0, index=7): OrderedDict([('block', 3), ('sep_dur', u'long'), ('Tx', u't2'), ('trial', 8), ('stimulus', u'D'), ('cond', u'distractor')])
50.8240 	EXP 	text_2: autoDraw = False
50.8240 	EXP 	mask: autoDraw = False
50.8240 	EXP 	text_2: text = u'D'
50.8240 	EXP 	text_2: autoDraw = True
50.8577 	EXP 	New trial (rep=0, index=8): OrderedDict([('block', 3), ('sep_dur', u'long'), ('Tx', u't2'), ('trial', 9), ('stimulus', u'H'), ('cond', u'distractor')])
50.8964 	EXP 	text_2: autoDraw = False
50.8964 	EXP 	mask: autoDraw = False
50.8964 	EXP 	text_2: text = u'H'
50.8964 	EXP 	text_2: autoDraw = True
50.9300 	EXP 	New trial (rep=0, index=9): OrderedDict([('block', 3), ('sep_dur', u'long'), ('Tx', u't2'), ('trial', 10), ('stimulus', u'B'), ('cond', u'distractor')])
50.9706 	EXP 	text_2: autoDraw = False
50.9706 	EXP 	mask: autoDraw = False
50.9706 	EXP 	text_2: text = u'B'
50.9706 	EXP 	text_2: autoDraw = True
51.0454 	EXP 	text_2: autoDraw = False
51.0454 	EXP 	mask: autoDraw = True
51.0471 	EXP 	New trial (rep=0, index=10): OrderedDict([('block', 3), ('sep_dur', u'long'), ('Tx', u't2'), ('trial', 11), ('stimulus', u'5'), ('cond', u'target')])
51.1214 	EXP 	New trial (rep=0, index=11): OrderedDict([('block', 3), ('sep_dur', u'long'), ('Tx', u't2'), ('trial', 12), ('stimulus', u'A'), ('cond', u'distractor')])
51.1601 	EXP 	text_2: autoDraw = False
51.1601 	EXP 	mask: autoDraw = False
51.1601 	EXP 	text_2: text = u'5'
51.1601 	EXP 	text_2: autoDraw = False
51.1601 	EXP 	mask: autoDraw = False
51.1601 	EXP 	text_2: text = u'A'
51.1601 	EXP 	text_2: autoDraw = True
51.1941 	EXP 	New trial (rep=0, index=12): OrderedDict([('block', 3), ('sep_dur', u'long'), ('Tx', u't2'), ('trial', 13), ('stimulus', u' '), ('cond', u'mask')])
51.2426 	EXP 	text_2: autoDraw = False
51.2426 	EXP 	mask: autoDraw = False
51.2426 	EXP 	text_2: text = u' '
51.2426 	EXP 	text_2: autoDraw = True
51.2789 	EXP 	New trial (rep=0, index=13): OrderedDict([('block', 3), ('sep_dur', u'long'), ('Tx', u't2'), ('trial', 14), ('stimulus', u'V'), ('cond', u'distractor')])
51.3245 	EXP 	text_2: autoDraw = False
51.3245 	EXP 	mask: autoDraw = False
51.3245 	EXP 	text_2: text = u'V'
51.3245 	EXP 	text_2: autoDraw = True
51.3598 	EXP 	New trial (rep=0, index=14): OrderedDict([('block', 3), ('sep_dur', u'long'), ('Tx', u't2'), ('trial', 15), ('stimulus', u'E'), ('cond', u'distractor')])
51.4008 	EXP 	text_2: autoDraw = False
51.4008 	EXP 	mask: autoDraw = False
51.4008 	EXP 	text_2: text = u'E'
51.4008 	EXP 	text_2: autoDraw = True
51.4662 	EXP 	text_2: autoDraw = False
51.4662 	EXP 	mask: autoDraw = True
51.4674 	EXP 	New trial (rep=0, index=15): OrderedDict([('block', 3), ('sep_dur', u'long'), ('Tx', u't2'), ('trial', 16), ('stimulus', u'Y'), ('cond', u'distractor')])
51.5574 	EXP 	text_2: autoDraw = False
51.5574 	EXP 	mask: autoDraw = False
51.5574 	EXP 	text_2: text = u'Y'
51.5574 	EXP 	text_2: autoDraw = False
51.5574 	EXP 	mask: autoDraw = False
52.5916 	EXP 	Probe_t1: autoDraw = True
53.0355 	DATA 	Keypress: 9
53.0635 	EXP 	Probe_t1: autoDraw = False
53.0635 	EXP 	Probe_t2: autoDraw = True
53.3171 	DATA 	Keypress: 9
53.3455 	EXP 	Probe_t2: autoDraw = False
53.3455 	EXP 	blank: autoDraw = True
54.0914 	EXP 	New trial (rep=3, index=0): None
54.1607 	EXP 	blank: autoDraw = False
54.1607 	EXP 	text: text = 4
54.1607 	EXP 	text: autoDraw = True
54.3051 	EXP 	Imported tmp_stimuli.csv as conditions, 15 conditions, 6 params
54.3060 	EXP 	Created sequence: sequential, trialTypes=15, nReps=1, seed=None
54.3072 	EXP 	New trial (rep=0, index=0): OrderedDict([('block', 4), ('sep_dur', u'short'), ('Tx', u't1'), ('trial', 1), ('stimulus', u'R'), ('cond', u'distractor')])
54.3629 	EXP 	New trial (rep=0, index=1): OrderedDict([('block', 4), ('sep_dur', u'short'), ('Tx', u't1'), ('trial', 2), ('stimulus', u'B'), ('cond', u'distractor')])
54.3944 	EXP 	text: autoDraw = False
54.3944 	EXP 	text_2: text = u'R'
54.3944 	EXP 	text_2: autoDraw = False
54.3944 	EXP 	mask: autoDraw = False
54.3944 	EXP 	text_2: text = u'B'
54.3944 	EXP 	text_2: autoDraw = True
54.4586 	EXP 	text_2: autoDraw = False
54.4586 	EXP 	mask: autoDraw = True
54.4597 	EXP 	New trial (rep=0, index=2): OrderedDict([('block', 4), ('sep_dur', u'short'), ('Tx', u't1'), ('trial', 3), ('stimulus', u'S'), ('cond', u'distractor')])
54.5029 	EXP 	text_2: autoDraw = False
54.5029 	EXP 	mask: autoDraw = False
54.5029 	EXP 	text_2: text = u'S'
54.5029 	EXP 	text_2: autoDraw = True
54.5404 	EXP 	New trial (rep=0, index=3): OrderedDict([('block', 4), ('sep_dur', u'short'), ('Tx', u't1'), ('trial', 4), ('stimulus', u'D'), ('cond', u'distractor')])
54.5874 	EXP 	text_2: autoDraw = False
54.5874 	EXP 	mask: autoDraw = False
54.5874 	EXP 	text_2: text = u'D'
54.5874 	EXP 	text_2: autoDraw = True
54.6253 	EXP 	New trial (rep=0, index=4): OrderedDict([('block', 4), ('sep_dur', u'short'), ('Tx', u't1'), ('trial', 5), ('stimulus', u'2'), ('cond', u'target')])
54.6643 	EXP 	text_2: autoDraw = False
54.6643 	EXP 	mask: autoDraw = False
54.6643 	EXP 	text_2: text = u'2'
54.6643 	EXP 	text_2: autoDraw = True
54.7029 	EXP 	New trial (rep=0, index=5): OrderedDict([('block', 4), ('sep_dur', u'short'), ('Tx', u't1'), ('trial', 6), ('stimulus', u'T'), ('cond', u'distractor')])
54.7436 	EXP 	text_2: autoDraw = False
54.7436 	EXP 	mask: autoDraw = False
54.7436 	EXP 	text_2: text = u'T'
54.7436 	EXP 	text_2: autoDraw = True
54.7779 	EXP 	New trial (rep=0, index=6): OrderedDict([('block', 4), ('sep_dur', u'short'), ('Tx', u't1'), ('trial', 7), ('stimulus', u'S'), ('cond', u'distractor')])
54.8175 	EXP 	text_2: autoDraw = False
54.8175 	EXP 	mask: autoDraw = False
54.8175 	EXP 	text_2: text = u'S'
54.8175 	EXP 	text_2: autoDraw = True
54.8781 	EXP 	text_2: autoDraw = False
54.8781 	EXP 	mask: autoDraw = True
54.8792 	EXP 	New trial (rep=0, index=7): OrderedDict([('block', 4), ('sep_dur', u'short'), ('Tx', u't1'), ('trial', 8), ('stimulus', u'Q'), ('cond', u'distractor')])
54.9194 	EXP 	text_2: autoDraw = False
54.9194 	EXP 	mask: autoDraw = False
54.9194 	EXP 	text_2: text = u'Q'
54.9194 	EXP 	text_2: autoDraw = True
54.9475 	EXP 	New trial (rep=0, index=8): OrderedDict([('block', 4), ('sep_dur', u'short'), ('Tx', u't1'), ('trial', 9), ('stimulus', u'G'), ('cond', u'distractor')])
54.9914 	EXP 	text_2: autoDraw = False
54.9914 	EXP 	mask: autoDraw = False
54.9914 	EXP 	text_2: text = u'G'
54.9914 	EXP 	text_2: autoDraw = True
55.0543 	EXP 	text_2: autoDraw = False
55.0543 	EXP 	mask: autoDraw = True
55.0557 	EXP 	New trial (rep=0, index=9): OrderedDict([('block', 4), ('sep_dur', u'short'), ('Tx', u't1'), ('trial', 10), ('stimulus', u' '), ('cond', u'mask')])
55.0973 	EXP 	text_2: autoDraw = False
55.0973 	EXP 	mask: autoDraw = False
55.0973 	EXP 	text_2: text = u' '
55.0973 	EXP 	text_2: autoDraw = True
55.1315 	EXP 	New trial (rep=0, index=10): OrderedDict([('block', 4), ('sep_dur', u'short'), ('Tx', u't1'), ('trial', 11), ('stimulus', u'T'), ('cond', u'distractor')])
55.1701 	EXP 	text_2: autoDraw = False
55.1701 	EXP 	mask: autoDraw = False
55.1701 	EXP 	text_2: text = u'T'
55.1701 	EXP 	text_2: autoDraw = True
55.2024 	EXP 	New trial (rep=0, index=11): OrderedDict([('block', 4), ('sep_dur', u'short'), ('Tx', u't1'), ('trial', 12), ('stimulus', u'N'), ('cond', u'distractor')])
55.2404 	EXP 	text_2: autoDraw = False
55.2404 	EXP 	mask: autoDraw = False
55.2404 	EXP 	text_2: text = u'N'
55.2404 	EXP 	text_2: autoDraw = True
55.3043 	EXP 	text_2: autoDraw = False
55.3043 	EXP 	mask: autoDraw = True
55.3055 	EXP 	New trial (rep=0, index=12): OrderedDict([('block', 4), ('sep_dur', u'short'), ('Tx', u't1'), ('trial', 13), ('stimulus', u'V'), ('cond', u'distractor')])
55.3480 	EXP 	text_2: autoDraw = False
55.3480 	EXP 	mask: autoDraw = False
55.3480 	EXP 	text_2: text = u'V'
55.3480 	EXP 	text_2: autoDraw = True
55.3798 	EXP 	New trial (rep=0, index=13): OrderedDict([('block', 4), ('sep_dur', u'short'), ('Tx', u't1'), ('trial', 14), ('stimulus', u'T'), ('cond', u'distractor')])
55.4216 	EXP 	text_2: autoDraw = False
55.4216 	EXP 	mask: autoDraw = False
55.4216 	EXP 	text_2: text = u'T'
55.4216 	EXP 	text_2: autoDraw = True
55.4522 	EXP 	New trial (rep=0, index=14): OrderedDict([('block', 4), ('sep_dur', u'short'), ('Tx', u't1'), ('trial', 15), ('stimulus', u'D'), ('cond', u'distractor')])
55.4949 	EXP 	text_2: autoDraw = False
55.4949 	EXP 	mask: autoDraw = False
55.4949 	EXP 	text_2: text = u'D'
55.4949 	EXP 	text_2: autoDraw = True
55.5684 	EXP 	text_2: autoDraw = False
55.5684 	EXP 	mask: autoDraw = True
55.6039 	EXP 	text_2: autoDraw = False
55.6039 	EXP 	mask: autoDraw = False
56.6315 	EXP 	Probe_t1: autoDraw = True
57.5410 	DATA 	Keypress: 9
57.5730 	EXP 	Probe_t1: autoDraw = False
57.5730 	EXP 	Probe_t2: autoDraw = True
57.8917 	DATA 	Keypress: 9
57.9320 	EXP 	Probe_t2: autoDraw = False
57.9320 	EXP 	blank: autoDraw = True
58.6478 	EXP 	New trial (rep=1, index=0): None
58.7089 	EXP 	blank: autoDraw = False
58.7089 	EXP 	ready: text = 'Block 2\n\nReady?'
58.7089 	EXP 	ready: autoDraw = True
59.6933 	EXP 	ready: autoDraw = False
59.6933 	EXP 	go: autoDraw = True
60.1876 	EXP 	go: autoDraw = False
60.1876 	EXP 	gap: autoDraw = True
60.3764 	EXP 	Created sequence: sequential, trialTypes=1, nReps=4, seed=None
60.3771 	EXP 	New trial (rep=0, index=0): None
60.4356 	EXP 	ready: autoDraw = False
60.4356 	EXP 	go: autoDraw = False
60.4356 	EXP 	gap: autoDraw = False
60.4356 	EXP 	text: text = 5
60.4356 	EXP 	text: autoDraw = True
60.5701 	EXP 	Imported tmp_stimuli.csv as conditions, 16 conditions, 6 params
60.5712 	EXP 	Created sequence: sequential, trialTypes=16, nReps=1, seed=None
60.5724 	EXP 	New trial (rep=0, index=0): OrderedDict([('block', 5), ('sep_dur', u'short'), ('Tx', u't1'), ('trial', 1), ('stimulus', u'P'), ('cond', u'distractor')])
60.6114 	EXP 	text: autoDraw = False
60.6114 	EXP 	text_2: text = u'P'
60.6114 	EXP 	text_2: autoDraw = True
60.6458 	EXP 	New trial (rep=0, index=1): OrderedDict([('block', 5), ('sep_dur', u'short'), ('Tx', u't1'), ('trial', 2), ('stimulus', u'E'), ('cond', u'distractor')])
60.6857 	EXP 	text_2: autoDraw = False
60.6857 	EXP 	mask: autoDraw = False
60.6857 	EXP 	text_2: text = u'E'
60.6857 	EXP 	text_2: autoDraw = True
60.7227 	EXP 	New trial (rep=0, index=2): OrderedDict([('block', 5), ('sep_dur', u'short'), ('Tx', u't1'), ('trial', 3), ('stimulus', u'W'), ('cond', u'distractor')])
60.7649 	EXP 	text_2: autoDraw = False
60.7649 	EXP 	mask: autoDraw = False
60.7649 	EXP 	text_2: text = u'W'
60.7649 	EXP 	text_2: autoDraw = True
60.8092 	EXP 	New trial (rep=0, index=3): OrderedDict([('block', 5), ('sep_dur', u'short'), ('Tx', u't1'), ('trial', 4), ('stimulus', u'Y'), ('cond', u'distractor')])
60.8542 	EXP 	text_2: autoDraw = False
60.8542 	EXP 	mask: autoDraw = False
60.8542 	EXP 	text_2: text = u'Y'
60.8542 	EXP 	text_2: autoDraw = True
60.8927 	EXP 	New trial (rep=0, index=4): OrderedDict([('block', 5), ('sep_dur', u'short'), ('Tx', u't1'), ('trial', 5), ('stimulus', u'H'), ('cond', u'distractor')])
60.9417 	EXP 	text_2: autoDraw = False
60.9417 	EXP 	mask: autoDraw = False
60.9417 	EXP 	text_2: text = u'H'
60.9417 	EXP 	text_2: autoDraw = True
60.9747 	EXP 	New trial (rep=0, index=5): OrderedDict([('block', 5), ('sep_dur', u'short'), ('Tx', u't1'), ('trial', 6), ('stimulus', u'Y'), ('cond', u'distractor')])
61.0196 	EXP 	text_2: autoDraw = False
61.0196 	EXP 	mask: autoDraw = False
61.0196 	EXP 	text_2: text = u'Y'
61.0196 	EXP 	text_2: autoDraw = True
61.0539 	EXP 	New trial (rep=0, index=6): OrderedDict([('block', 5), ('sep_dur', u'short'), ('Tx', u't1'), ('trial', 7), ('stimulus', u'H'), ('cond', u'distractor')])
61.0962 	EXP 	text_2: autoDraw = False
61.0962 	EXP 	mask: autoDraw = False
61.0962 	EXP 	text_2: text = u'H'
61.0962 	EXP 	text_2: autoDraw = True
61.1632 	EXP 	text_2: autoDraw = False
61.1632 	EXP 	mask: autoDraw = True
61.1641 	EXP 	New trial (rep=0, index=7): OrderedDict([('block', 5), ('sep_dur', u'short'), ('Tx', u't1'), ('trial', 8), ('stimulus', u'S'), ('cond', u'distractor')])
61.2053 	EXP 	text_2: autoDraw = False
61.2053 	EXP 	mask: autoDraw = False
61.2053 	EXP 	text_2: text = u'S'
61.2053 	EXP 	text_2: autoDraw = True
61.2399 	EXP 	New trial (rep=0, index=8): OrderedDict([('block', 5), ('sep_dur', u'short'), ('Tx', u't1'), ('trial', 9), ('stimulus', u'R'), ('cond', u'distractor')])
61.2811 	EXP 	text_2: autoDraw = False
61.2811 	EXP 	mask: autoDraw = False
61.2811 	EXP 	text_2: text = u'R'
61.2811 	EXP 	text_2: autoDraw = True
61.3176 	EXP 	New trial (rep=0, index=9): OrderedDict([('block', 5), ('sep_dur', u'short'), ('Tx', u't1'), ('trial', 10), ('stimulus', u'5'), ('cond', u'target')])
61.3589 	EXP 	text_2: autoDraw = False
61.3589 	EXP 	mask: autoDraw = False
61.3589 	EXP 	text_2: text = u'5'
61.3589 	EXP 	text_2: autoDraw = True
61.3900 	EXP 	New trial (rep=0, index=10): OrderedDict([('block', 5), ('sep_dur', u'short'), ('Tx', u't1'), ('trial', 11), ('stimulus', u'U'), ('cond', u'distractor')])
61.4417 	EXP 	text_2: autoDraw = False
61.4417 	EXP 	mask: autoDraw = False
61.4417 	EXP 	text_2: text = u'U'
61.4417 	EXP 	text_2: autoDraw = True
61.4744 	EXP 	text_2: autoDraw = False
61.4744 	EXP 	mask: autoDraw = True
61.4757 	EXP 	New trial (rep=0, index=11): OrderedDict([('block', 5), ('sep_dur', u'short'), ('Tx', u't1'), ('trial', 12), ('stimulus', u'X'), ('cond', u'distractor')])
61.5210 	EXP 	text_2: autoDraw = False
61.5210 	EXP 	mask: autoDraw = False
61.5210 	EXP 	text_2: text = u'X'
61.5210 	EXP 	text_2: autoDraw = True
61.5563 	EXP 	New trial (rep=0, index=12): OrderedDict([('block', 5), ('sep_dur', u'short'), ('Tx', u't1'), ('trial', 13), ('stimulus', u'A'), ('cond', u'distractor')])
61.5970 	EXP 	text_2: autoDraw = False
61.5970 	EXP 	mask: autoDraw = False
61.5970 	EXP 	text_2: text = u'A'
61.5970 	EXP 	text_2: autoDraw = True
61.6652 	EXP 	text_2: autoDraw = False
61.6652 	EXP 	mask: autoDraw = True
61.6672 	EXP 	New trial (rep=0, index=13): OrderedDict([('block', 5), ('sep_dur', u'short'), ('Tx', u't1'), ('trial', 14), ('stimulus', u'A'), ('cond', u'distractor')])
61.6998 	EXP 	text_2: autoDraw = False
61.6998 	EXP 	mask: autoDraw = False
61.6998 	EXP 	text_2: text = u'A'
61.6998 	EXP 	text_2: autoDraw = True
61.7390 	EXP 	New trial (rep=0, index=14): OrderedDict([('block', 5), ('sep_dur', u'short'), ('Tx', u't1'), ('trial', 15), ('stimulus', u' '), ('cond', u'mask')])
61.7793 	EXP 	text_2: autoDraw = False
61.7793 	EXP 	mask: autoDraw = False
61.7793 	EXP 	text_2: text = u' '
61.7793 	EXP 	text_2: autoDraw = True
61.8176 	EXP 	New trial (rep=0, index=15): OrderedDict([('block', 5), ('sep_dur', u'short'), ('Tx', u't1'), ('trial', 16), ('stimulus', u'L'), ('cond', u'distractor')])
61.8610 	EXP 	text_2: autoDraw = False
61.8610 	EXP 	mask: autoDraw = False
61.8610 	EXP 	text_2: text = u'L'
61.8610 	EXP 	text_2: autoDraw = True
61.9231 	EXP 	text_2: autoDraw = False
61.9231 	EXP 	mask: autoDraw = False
62.9413 	EXP 	Probe_t1: autoDraw = True
63.5475 	DATA 	Keypress: 9
63.5776 	EXP 	Probe_t1: autoDraw = False
63.5776 	EXP 	Probe_t2: autoDraw = True
63.8691 	DATA 	Keypress: 9
63.9262 	EXP 	Probe_t2: autoDraw = False
63.9262 	EXP 	blank: autoDraw = True
64.6747 	EXP 	New trial (rep=1, index=0): None
64.7231 	EXP 	blank: autoDraw = False
64.7231 	EXP 	text: text = 6
64.7231 	EXP 	text: autoDraw = True
64.8782 	EXP 	Imported tmp_stimuli.csv as conditions, 16 conditions, 6 params
64.8786 	EXP 	Created sequence: sequential, trialTypes=16, nReps=1, seed=None
64.8793 	EXP 	New trial (rep=0, index=0): OrderedDict([('block', 6), ('sep_dur', u'long'), ('Tx', u't2'), ('trial', 1), ('stimulus', u'C'), ('cond', u'distractor')])
64.9124 	EXP 	text: autoDraw = False
64.9124 	EXP 	text_2: text = u'C'
64.9124 	EXP 	text_2: autoDraw = True
64.9520 	EXP 	New trial (rep=0, index=1): OrderedDict([('block', 6), ('sep_dur', u'long'), ('Tx', u't2'), ('trial', 2), ('stimulus', u'7'), ('cond', u'target')])
64.9877 	EXP 	text_2: autoDraw = False
64.9877 	EXP 	mask: autoDraw = False
64.9877 	EXP 	text_2: text = u'7'
64.9877 	EXP 	text_2: autoDraw = True
65.0184 	EXP 	New trial (rep=0, index=2): OrderedDict([('block', 6), ('sep_dur', u'long'), ('Tx', u't2'), ('trial', 3), ('stimulus', u'N'), ('cond', u'distractor')])
65.0575 	EXP 	text_2: autoDraw = False
65.0575 	EXP 	mask: autoDraw = False
65.0575 	EXP 	text_2: text = u'N'
65.0575 	EXP 	text_2: autoDraw = True
65.1300 	EXP 	text_2: autoDraw = False
65.1300 	EXP 	mask: autoDraw = True
65.1311 	EXP 	New trial (rep=0, index=3): OrderedDict([('block', 6), ('sep_dur', u'long'), ('Tx', u't2'), ('trial', 4), ('stimulus', u'Z'), ('cond', u'distractor')])
65.2482 	EXP 	New trial (rep=0, index=4): OrderedDict([('block', 6), ('sep_dur', u'long'), ('Tx', u't2'), ('trial', 5), ('stimulus', u'A'), ('cond', u'distractor')])
65.2769 	EXP 	text_2: autoDraw = False
65.2769 	EXP 	mask: autoDraw = False
65.2769 	EXP 	text_2: text = u'Z'
65.2769 	EXP 	text_2: autoDraw = False
65.2769 	EXP 	mask: autoDraw = False
65.2769 	EXP 	text_2: text = u'A'
65.2769 	EXP 	text_2: autoDraw = True
65.2785 	EXP 	New trial (rep=0, index=5): OrderedDict([('block', 6), ('sep_dur', u'long'), ('Tx', u't2'), ('trial', 6), ('stimulus', u'K'), ('cond', u'distractor')])
65.3182 	EXP 	text_2: autoDraw = False
65.3182 	EXP 	mask: autoDraw = False
65.3182 	EXP 	text_2: text = u'K'
65.3182 	EXP 	text_2: autoDraw = True
65.3822 	EXP 	text_2: autoDraw = False
65.3822 	EXP 	mask: autoDraw = True
65.3840 	EXP 	New trial (rep=0, index=6): OrderedDict([('block', 6), ('sep_dur', u'long'), ('Tx', u't2'), ('trial', 7), ('stimulus', u'G'), ('cond', u'distractor')])
65.4236 	EXP 	text_2: autoDraw = False
65.4236 	EXP 	mask: autoDraw = False
65.4236 	EXP 	text_2: text = u'G'
65.4236 	EXP 	text_2: autoDraw = True
65.4563 	EXP 	New trial (rep=0, index=7): OrderedDict([('block', 6), ('sep_dur', u'long'), ('Tx', u't2'), ('trial', 8), ('stimulus', u'I'), ('cond', u'distractor')])
65.4977 	EXP 	text_2: autoDraw = False
65.4977 	EXP 	mask: autoDraw = False
65.4977 	EXP 	text_2: text = u'I'
65.4977 	EXP 	text_2: autoDraw = True
65.5312 	EXP 	New trial (rep=0, index=8): OrderedDict([('block', 6), ('sep_dur', u'long'), ('Tx', u't2'), ('trial', 9), ('stimulus', u'J'), ('cond', u'distractor')])
65.5711 	EXP 	text_2: autoDraw = False
65.5711 	EXP 	mask: autoDraw = False
65.5711 	EXP 	text_2: text = u'J'
65.5711 	EXP 	text_2: autoDraw = True
65.6343 	EXP 	text_2: autoDraw = False
65.6343 	EXP 	mask: autoDraw = True
65.6368 	EXP 	New trial (rep=0, index=9): OrderedDict([('block', 6), ('sep_dur', u'long'), ('Tx', u't2'), ('trial', 10), ('stimulus', u'F'), ('cond', u'distractor')])
65.6812 	EXP 	text_2: autoDraw = False
65.6812 	EXP 	mask: autoDraw = False
65.6812 	EXP 	text_2: text = u'F'
65.6812 	EXP 	text_2: autoDraw = True
65.7259 	EXP 	New trial (rep=0, index=10): OrderedDict([('block', 6), ('sep_dur', u'long'), ('Tx', u't2'), ('trial', 11), ('stimulus', u'6'), ('cond', u'target')])
65.8072 	EXP 	New trial (rep=0, index=11): OrderedDict([('block', 6), ('sep_dur', u'long'), ('Tx', u't2'), ('trial', 12), ('stimulus', u'S'), ('cond', u'distractor')])
65.8451 	EXP 	text_2: autoDraw = False
65.8451 	EXP 	mask: autoDraw = False
65.8451 	EXP 	text_2: text = u'6'
65.8451 	EXP 	text_2: autoDraw = False
65.8451 	EXP 	mask: autoDraw = False
65.8451 	EXP 	text_2: text = u'S'
65.8451 	EXP 	text_2: autoDraw = True
65.8801 	EXP 	New trial (rep=0, index=12): OrderedDict([('block', 6), ('sep_dur', u'long'), ('Tx', u't2'), ('trial', 13), ('stimulus', u'E'), ('cond', u'distractor')])
65.9242 	EXP 	text_2: autoDraw = False
65.9242 	EXP 	mask: autoDraw = False
65.9242 	EXP 	text_2: text = u'E'
65.9242 	EXP 	text_2: autoDraw = True
65.9609 	EXP 	New trial (rep=0, index=13): OrderedDict([('block', 6), ('sep_dur', u'long'), ('Tx', u't2'), ('trial', 14), ('stimulus', u'U'), ('cond', u'distractor')])
66.0043 	EXP 	text_2: autoDraw = False
66.0043 	EXP 	mask: autoDraw = False
66.0043 	EXP 	text_2: text = u'U'
66.0043 	EXP 	text_2: autoDraw = True
66.0401 	EXP 	New trial (rep=0, index=14): OrderedDict([('block', 6), ('sep_dur', u'long'), ('Tx', u't2'), ('trial', 15), ('stimulus', u'M'), ('cond', u'distractor')])
66.0810 	EXP 	text_2: autoDraw = False
66.0810 	EXP 	mask: autoDraw = False
66.0810 	EXP 	text_2: text = u'M'
66.0810 	EXP 	text_2: autoDraw = True
66.1185 	EXP 	New trial (rep=0, index=15): OrderedDict([('block', 6), ('sep_dur', u'long'), ('Tx', u't2'), ('trial', 16), ('stimulus', u'E'), ('cond', u'distractor')])
66.1635 	EXP 	text_2: autoDraw = False
66.1635 	EXP 	mask: autoDraw = False
66.1635 	EXP 	text_2: text = u'E'
66.1635 	EXP 	text_2: autoDraw = True
66.2436 	EXP 	text_2: autoDraw = False
66.2436 	EXP 	mask: autoDraw = False
67.2546 	EXP 	Probe_t1: autoDraw = True
67.8640 	DATA 	Keypress: 9
67.8982 	EXP 	Probe_t1: autoDraw = False
67.8982 	EXP 	Probe_t2: autoDraw = True
68.1338 	DATA 	Keypress: 9
68.1682 	EXP 	Probe_t2: autoDraw = False
68.1682 	EXP 	blank: autoDraw = True
68.9007 	EXP 	New trial (rep=2, index=0): None
68.9533 	EXP 	blank: autoDraw = False
68.9533 	EXP 	text: text = 7
68.9533 	EXP 	text: autoDraw = True
69.1301 	EXP 	Imported tmp_stimuli.csv as conditions, 18 conditions, 6 params
69.1307 	EXP 	Created sequence: sequential, trialTypes=18, nReps=1, seed=None
69.1316 	EXP 	New trial (rep=0, index=0): OrderedDict([('block', 7), ('sep_dur', u'long'), ('Tx', u't2'), ('trial', 1), ('stimulus', u'S'), ('cond', u'distractor')])
69.1692 	EXP 	text: autoDraw = False
69.1692 	EXP 	text_2: text = u'S'
69.1692 	EXP 	text_2: autoDraw = True
69.1713 	EXP 	New trial (rep=0, index=1): OrderedDict([('block', 7), ('sep_dur', u'long'), ('Tx', u't2'), ('trial', 2), ('stimulus', u'E'), ('cond', u'distractor')])
69.2134 	EXP 	text_2: autoDraw = False
69.2134 	EXP 	mask: autoDraw = False
69.2134 	EXP 	text_2: text = u'E'
69.2134 	EXP 	text_2: autoDraw = True
69.2804 	EXP 	text_2: autoDraw = False
69.2804 	EXP 	mask: autoDraw = True
69.2815 	EXP 	New trial (rep=0, index=2): OrderedDict([('block', 7), ('sep_dur', u'long'), ('Tx', u't2'), ('trial', 3), ('stimulus', u'P'), ('cond', u'distractor')])
69.3285 	EXP 	text_2: autoDraw = False
69.3285 	EXP 	mask: autoDraw = False
69.3285 	EXP 	text_2: text = u'P'
69.3285 	EXP 	text_2: autoDraw = True
69.3670 	EXP 	New trial (rep=0, index=3): OrderedDict([('block', 7), ('sep_dur', u'long'), ('Tx', u't2'), ('trial', 4), ('stimulus', u'F'), ('cond', u'distractor')])
69.4159 	EXP 	text_2: autoDraw = False
69.4159 	EXP 	mask: autoDraw = False
69.4159 	EXP 	text_2: text = u'F'
69.4159 	EXP 	text_2: autoDraw = True
69.4551 	EXP 	New trial (rep=0, index=4): OrderedDict([('block', 7), ('sep_dur', u'long'), ('Tx', u't2'), ('trial', 5), ('stimulus', u'T'), ('cond', u'distractor')])
69.4944 	EXP 	text_2: autoDraw = False
69.4944 	EXP 	mask: autoDraw = False
69.4944 	EXP 	text_2: text = u'T'
69.4944 	EXP 	text_2: autoDraw = True
69.5304 	EXP 	New trial (rep=0, index=5): OrderedDict([('block', 7), ('sep_dur', u'long'), ('Tx', u't2'), ('trial', 6), ('stimulus', u'3'), ('cond', u'target')])
69.6052 	EXP 	text_2: autoDraw = False
69.6052 	EXP 	mask: autoDraw = False
69.6052 	EXP 	text_2: text = u'3'
69.6052 	EXP 	text_2: autoDraw = True
69.6061 	EXP 	New trial (rep=0, index=6): OrderedDict([('block', 7), ('sep_dur', u'long'), ('Tx', u't2'), ('trial', 7), ('stimulus', u'F'), ('cond', u'distractor')])
69.6429 	EXP 	text_2: autoDraw = False
69.6429 	EXP 	mask: autoDraw = False
69.6429 	EXP 	text_2: text = u'F'
69.6429 	EXP 	text_2: autoDraw = True
69.6759 	EXP 	New trial (rep=0, index=7): OrderedDict([('block', 7), ('sep_dur', u'long'), ('Tx', u't2'), ('trial', 8), ('stimulus', u'S'), ('cond', u'distractor')])
69.7147 	EXP 	text_2: autoDraw = False
69.7147 	EXP 	mask: autoDraw = False
69.7147 	EXP 	text_2: text = u'S'
69.7147 	EXP 	text_2: autoDraw = True
69.7910 	EXP 	text_2: autoDraw = False
69.7910 	EXP 	mask: autoDraw = True
69.7921 	EXP 	New trial (rep=0, index=8): OrderedDict([('block', 7), ('sep_dur', u'long'), ('Tx', u't2'), ('trial', 9), ('stimulus', u'C'), ('cond', u'distractor')])
69.8348 	EXP 	text_2: autoDraw = False
69.8348 	EXP 	mask: autoDraw = False
69.8348 	EXP 	text_2: text = u'C'
69.8348 	EXP 	text_2: autoDraw = True
69.8642 	EXP 	New trial (rep=0, index=9): OrderedDict([('block', 7), ('sep_dur', u'long'), ('Tx', u't2'), ('trial', 10), ('stimulus', u'S'), ('cond', u'distractor')])
69.9067 	EXP 	text_2: autoDraw = False
69.9067 	EXP 	mask: autoDraw = False
69.9067 	EXP 	text_2: text = u'S'
69.9067 	EXP 	text_2: autoDraw = True
69.9401 	EXP 	New trial (rep=0, index=10): OrderedDict([('block', 7), ('sep_dur', u'long'), ('Tx', u't2'), ('trial', 11), ('stimulus', u'B'), ('cond', u'distractor')])
69.9816 	EXP 	text_2: autoDraw = False
69.9816 	EXP 	mask: autoDraw = False
69.9816 	EXP 	text_2: text = u'B'
69.9816 	EXP 	text_2: autoDraw = True
70.0221 	EXP 	New trial (rep=0, index=11): OrderedDict([('block', 7), ('sep_dur', u'long'), ('Tx', u't2'), ('trial', 12), ('stimulus', u'C'), ('cond', u'distractor')])
70.0565 	EXP 	text_2: autoDraw = False
70.0565 	EXP 	mask: autoDraw = False
70.0565 	EXP 	text_2: text = u'C'
70.0565 	EXP 	text_2: autoDraw = True
70.1233 	EXP 	text_2: autoDraw = False
70.1233 	EXP 	mask: autoDraw = True
70.1239 	EXP 	New trial (rep=0, index=12): OrderedDict([('block', 7), ('sep_dur', u'long'), ('Tx', u't2'), ('trial', 13), ('stimulus', u'W'), ('cond', u'distractor')])
70.1680 	EXP 	text_2: autoDraw = False
70.1680 	EXP 	mask: autoDraw = False
70.1680 	EXP 	text_2: text = u'W'
70.1680 	EXP 	text_2: autoDraw = True
70.2021 	EXP 	New trial (rep=0, index=13): OrderedDict([('block', 7), ('sep_dur', u'long'), ('Tx', u't2'), ('trial', 14), ('stimulus', u'L'), ('cond', u'distractor')])
70.2443 	EXP 	text_2: autoDraw = False
70.2443 	EXP 	mask: autoDraw = False
70.2443 	EXP 	text_2: text = u'L'
70.2443 	EXP 	text_2: autoDraw = True
70.2901 	EXP 	New trial (rep=0, index=14): OrderedDict([('block', 7), ('sep_dur', u'long'), ('Tx', u't2'), ('trial', 15), ('stimulus', u'2'), ('cond', u'target')])
70.3331 	EXP 	text_2: autoDraw = False
70.3331 	EXP 	mask: autoDraw = False
70.3331 	EXP 	text_2: text = u'2'
70.3331 	EXP 	text_2: autoDraw = True
70.3700 	EXP 	New trial (rep=0, index=15): OrderedDict([('block', 7), ('sep_dur', u'long'), ('Tx', u't2'), ('trial', 16), ('stimulus', u'N'), ('cond', u'distractor')])
70.4143 	EXP 	text_2: autoDraw = False
70.4143 	EXP 	mask: autoDraw = False
70.4143 	EXP 	text_2: text = u'N'
70.4143 	EXP 	text_2: autoDraw = True
70.4533 	EXP 	New trial (rep=0, index=16): OrderedDict([('block', 7), ('sep_dur', u'long'), ('Tx', u't2'), ('trial', 17), ('stimulus', u'Y'), ('cond', u'distractor')])
70.4977 	EXP 	text_2: autoDraw = False
70.4977 	EXP 	mask: autoDraw = False
70.4977 	EXP 	text_2: text = u'Y'
70.4977 	EXP 	text_2: autoDraw = True
70.5369 	EXP 	New trial (rep=0, index=17): OrderedDict([('block', 7), ('sep_dur', u'long'), ('Tx', u't2'), ('trial', 18), ('stimulus', u'D'), ('cond', u'distractor')])
70.5825 	EXP 	text_2: autoDraw = False
70.5825 	EXP 	mask: autoDraw = False
70.5825 	EXP 	text_2: text = u'D'
70.5825 	EXP 	text_2: autoDraw = True
70.6619 	EXP 	text_2: autoDraw = False
70.6619 	EXP 	mask: autoDraw = False
71.6568 	EXP 	Probe_t1: autoDraw = True
71.9500 	DATA 	Keypress: 9
71.9865 	EXP 	Probe_t1: autoDraw = False
71.9865 	EXP 	Probe_t2: autoDraw = True
72.2042 	DATA 	Keypress: 9
72.2390 	EXP 	Probe_t2: autoDraw = False
72.2390 	EXP 	blank: autoDraw = True
72.9718 	EXP 	New trial (rep=3, index=0): None
73.0356 	EXP 	blank: autoDraw = False
73.0356 	EXP 	text: text = 8
73.0356 	EXP 	text: autoDraw = True
73.1823 	EXP 	Imported tmp_stimuli.csv as conditions, 18 conditions, 6 params
73.1829 	EXP 	Created sequence: sequential, trialTypes=18, nReps=1, seed=None
73.1843 	EXP 	New trial (rep=0, index=0): OrderedDict([('block', 8), ('sep_dur', u'short'), ('Tx', u't1'), ('trial', 1), ('stimulus', u'E'), ('cond', u'distractor')])
73.2313 	EXP 	text: autoDraw = False
73.2313 	EXP 	text_2: text = u'E'
73.2313 	EXP 	text_2: autoDraw = True
73.2732 	EXP 	New trial (rep=0, index=1): OrderedDict([('block', 8), ('sep_dur', u'short'), ('Tx', u't1'), ('trial', 2), ('stimulus', u'A'), ('cond', u'distractor')])
73.3130 	EXP 	text_2: autoDraw = False
73.3130 	EXP 	mask: autoDraw = False
73.3130 	EXP 	text_2: text = u'A'
73.3130 	EXP 	text_2: autoDraw = True
73.3477 	EXP 	New trial (rep=0, index=2): OrderedDict([('block', 8), ('sep_dur', u'short'), ('Tx', u't1'), ('trial', 3), ('stimulus', u'Y'), ('cond', u'distractor')])
73.4039 	EXP 	text_2: autoDraw = False
73.4039 	EXP 	mask: autoDraw = False
73.4039 	EXP 	text_2: text = u'Y'
73.4039 	EXP 	text_2: autoDraw = True
73.4456 	EXP 	text_2: autoDraw = False
73.4456 	EXP 	mask: autoDraw = True
73.4469 	EXP 	New trial (rep=0, index=3): OrderedDict([('block', 8), ('sep_dur', u'short'), ('Tx', u't1'), ('trial', 4), ('stimulus', u'U'), ('cond', u'distractor')])
73.4873 	EXP 	text_2: autoDraw = False
73.4873 	EXP 	mask: autoDraw = False
73.4873 	EXP 	text_2: text = u'U'
73.4873 	EXP 	text_2: autoDraw = True
73.5288 	EXP 	New trial (rep=0, index=4): OrderedDict([('block', 8), ('sep_dur', u'short'), ('Tx', u't1'), ('trial', 5), ('stimulus', u'Y'), ('cond', u'distractor')])
73.5713 	EXP 	text_2: autoDraw = False
73.5713 	EXP 	mask: autoDraw = False
73.5713 	EXP 	text_2: text = u'Y'
73.5713 	EXP 	text_2: autoDraw = True
73.6087 	EXP 	New trial (rep=0, index=5): OrderedDict([('block', 8), ('sep_dur', u'short'), ('Tx', u't1'), ('trial', 6), ('stimulus', u'5'), ('cond', u'target')])
73.6484 	EXP 	text_2: autoDraw = False
73.6484 	EXP 	mask: autoDraw = False
73.6484 	EXP 	text_2: text = u'5'
73.6484 	EXP 	text_2: autoDraw = True
73.6894 	EXP 	New trial (rep=0, index=6): OrderedDict([('block', 8), ('sep_dur', u'short'), ('Tx', u't1'), ('trial', 7), ('stimulus', u'O'), ('cond', u'distractor')])
73.7275 	EXP 	text_2: autoDraw = False
73.7275 	EXP 	mask: autoDraw = False
73.7275 	EXP 	text_2: text = u'O'
73.7275 	EXP 	text_2: autoDraw = True
73.7604 	EXP 	New trial (rep=0, index=7): OrderedDict([('block', 8), ('sep_dur', u'short'), ('Tx', u't1'), ('trial', 8), ('stimulus', u'T'), ('cond', u'distractor')])
73.7993 	EXP 	text_2: autoDraw = False
73.7993 	EXP 	mask: autoDraw = False
73.7993 	EXP 	text_2: text = u'T'
73.7993 	EXP 	text_2: autoDraw = True
73.8412 	EXP 	New trial (rep=0, index=8): OrderedDict([('block', 8), ('sep_dur', u'short'), ('Tx', u't1'), ('trial', 9), ('stimulus', u'B'), ('cond', u'distractor')])
73.8857 	EXP 	text_2: autoDraw = False
73.8857 	EXP 	mask: autoDraw = False
73.8857 	EXP 	text_2: text = u'B'
73.8857 	EXP 	text_2: autoDraw = True
73.9228 	EXP 	New trial (rep=0, index=9): OrderedDict([('block', 8), ('sep_dur', u'short'), ('Tx', u't1'), ('trial', 10), ('stimulus', u'P'), ('cond', u'distractor')])
73.9601 	EXP 	text_2: autoDraw = False
73.9601 	EXP 	mask: autoDraw = False
73.9601 	EXP 	text_2: text = u'P'
73.9601 	EXP 	text_2: autoDraw = True
73.9987 	EXP 	New trial (rep=0, index=10): OrderedDict([('block', 8), ('sep_dur', u'short'), ('Tx', u't1'), ('trial', 11), ('stimulus', u' '), ('cond', u'mask')])
74.0398 	EXP 	text_2: autoDraw = False
74.0398 	EXP 	mask: autoDraw = False
74.0398 	EXP 	text_2: text = u' '
74.0398 	EXP 	text_2: autoDraw = True
74.1082 	EXP 	text_2: autoDraw = False
74.1082 	EXP 	mask: autoDraw = True
74.1089 	EXP 	New trial (rep=0, index=11): OrderedDict([('block', 8), ('sep_dur', u'short'), ('Tx', u't1'), ('trial', 12), ('stimulus', u'Y'), ('cond', u'distractor')])
74.1517 	EXP 	text_2: autoDraw = False
74.1517 	EXP 	mask: autoDraw = False
74.1517 	EXP 	text_2: text = u'Y'
74.1517 	EXP 	text_2: autoDraw = True
74.1824 	EXP 	New trial (rep=0, index=12): OrderedDict([('block', 8), ('sep_dur', u'short'), ('Tx', u't1'), ('trial', 13), ('stimulus', u'P'), ('cond', u'distractor')])
74.2267 	EXP 	text_2: autoDraw = False
74.2267 	EXP 	mask: autoDraw = False
74.2267 	EXP 	text_2: text = u'P'
74.2267 	EXP 	text_2: autoDraw = True
74.2574 	EXP 	New trial (rep=0, index=13): OrderedDict([('block', 8), ('sep_dur', u'short'), ('Tx', u't1'), ('trial', 14), ('stimulus', u'S'), ('cond', u'distractor')])
74.2993 	EXP 	text_2: autoDraw = False
74.2993 	EXP 	mask: autoDraw = False
74.2993 	EXP 	text_2: text = u'S'
74.2993 	EXP 	text_2: autoDraw = True
74.3399 	EXP 	New trial (rep=0, index=14): OrderedDict([('block', 8), ('sep_dur', u'short'), ('Tx', u't1'), ('trial', 15), ('stimulus', u'N'), ('cond', u'distractor')])
74.3853 	EXP 	text_2: autoDraw = False
74.3853 	EXP 	mask: autoDraw = False
74.3853 	EXP 	text_2: text = u'N'
74.3853 	EXP 	text_2: autoDraw = True
74.4275 	EXP 	New trial (rep=0, index=15): OrderedDict([('block', 8), ('sep_dur', u'short'), ('Tx', u't1'), ('trial', 16), ('stimulus', u'M'), ('cond', u'distractor')])
74.4685 	EXP 	text_2: autoDraw = False
74.4685 	EXP 	mask: autoDraw = False
74.4685 	EXP 	text_2: text = u'M'
74.4685 	EXP 	text_2: autoDraw = True
74.5023 	EXP 	New trial (rep=0, index=16): OrderedDict([('block', 8), ('sep_dur', u'short'), ('Tx', u't1'), ('trial', 17), ('stimulus', u'I'), ('cond', u'distractor')])
74.5452 	EXP 	text_2: autoDraw = False
74.5452 	EXP 	mask: autoDraw = False
74.5452 	EXP 	text_2: text = u'I'
74.5452 	EXP 	text_2: autoDraw = True
74.6145 	EXP 	text_2: autoDraw = False
74.6145 	EXP 	mask: autoDraw = True
74.6154 	EXP 	New trial (rep=0, index=17): OrderedDict([('block', 8), ('sep_dur', u'short'), ('Tx', u't1'), ('trial', 18), ('stimulus', u'F'), ('cond', u'distractor')])
74.6577 	EXP 	text_2: autoDraw = False
74.6577 	EXP 	mask: autoDraw = False
74.6577 	EXP 	text_2: text = u'F'
74.6577 	EXP 	text_2: autoDraw = True
74.7260 	EXP 	text_2: autoDraw = False
74.7260 	EXP 	mask: autoDraw = False
75.7410 	EXP 	Probe_t1: autoDraw = True
76.5247 	DATA 	Keypress: 9
76.5612 	EXP 	Probe_t1: autoDraw = False
76.5612 	EXP 	Probe_t2: autoDraw = True
76.7808 	DATA 	Keypress: 9
76.8153 	EXP 	Probe_t2: autoDraw = False
76.8153 	EXP 	blank: autoDraw = True
77.5868 	EXP 	blank: autoDraw = False
77.5868 	EXP 	endTxt: autoDraw = True
77.6233 	EXP 	endTxt: autoDraw = True
77.6578 	EXP 	endTxt: autoDraw = True
77.6916 	EXP 	endTxt: autoDraw = True
77.7265 	EXP 	endTxt: autoDraw = True
77.7648 	EXP 	endTxt: autoDraw = True
77.7999 	EXP 	endTxt: autoDraw = True
77.8388 	EXP 	endTxt: autoDraw = True
77.8699 	EXP 	endTxt: autoDraw = True
77.9020 	EXP 	endTxt: autoDraw = True
77.9403 	EXP 	endTxt: autoDraw = True
77.9739 	EXP 	endTxt: autoDraw = True
78.0089 	EXP 	endTxt: autoDraw = True
78.0408 	EXP 	endTxt: autoDraw = True
78.0783 	EXP 	endTxt: autoDraw = True
78.1167 	EXP 	endTxt: autoDraw = True
78.1559 	EXP 	endTxt: autoDraw = True
78.1867 	EXP 	endTxt: autoDraw = True
78.2240 	EXP 	endTxt: autoDraw = True
78.2569 	EXP 	endTxt: autoDraw = True
78.2951 	EXP 	endTxt: autoDraw = True
78.3392 	EXP 	endTxt: autoDraw = True
78.3722 	EXP 	endTxt: autoDraw = True
78.4120 	EXP 	endTxt: autoDraw = True
78.4481 	EXP 	endTxt: autoDraw = True
78.4802 	EXP 	endTxt: autoDraw = True
78.5147 	EXP 	endTxt: autoDraw = True
78.5487 	EXP 	endTxt: autoDraw = True
78.5832 	EXP 	endTxt: autoDraw = True
78.6193 	EXP 	endTxt: autoDraw = True
78.6559 	EXP 	endTxt: autoDraw = True
78.6896 	EXP 	endTxt: autoDraw = True
78.7230 	EXP 	endTxt: autoDraw = True
78.7578 	EXP 	endTxt: autoDraw = True
78.7955 	EXP 	endTxt: autoDraw = True
78.8330 	EXP 	endTxt: autoDraw = True
78.8708 	EXP 	endTxt: autoDraw = True
78.9021 	EXP 	endTxt: autoDraw = True
78.9412 	EXP 	endTxt: autoDraw = True
78.9417 	DATA 	Keypress: space
79.1147 	EXP 	window1: mouseVisible = True
