50.0273 	EXP 	Added new global key event: forcequit
50.0274 	EXP 	Added new global key event: forcequit
55.5168 	WARNING 	Couldn't measure a consistent frame rate.
  - Is your graphics card set to sync to vertical blank?
  - Are you running other processes on your computer?

55.5173 	EXP 	Created window1 = Window(allowGUI=True, allowStencil=False, args=UNKNOWN, autoLog=True, bitsMode=UNKNOWN, blendMode='avg', color='red', colorSpace='named', fullscr=UNKNOWN, gamma=None, kwargs=UNKNOWN, lms=UNKNOWN, monitor=<psychopy.monitors.calibTools.Monitor object at 0x1EC9DE70>, multiSample=False, name='window1', numSamples=2, pos=[0, 0], screen=0, size=array([3240, 2160]), stereo=False, units=u'norm', useFBO=True, useRetina=False, viewOri=0.0, viewPos=None, viewScale=None, waitBlanking=True, winType=u'pyglet')
55.5175 	EXP 	window1: mouseVisible = False
55.5176 	EXP 	window1: recordFrameIntervals = False
55.8955 	EXP 	window1: recordFrameIntervals = True
55.9726 	WARNING 	t of last frame was 36.82ms (=1/27)
56.0118 	WARNING 	t of last frame was 39.20ms (=1/25)
56.0544 	WARNING 	t of last frame was 42.62ms (=1/23)
56.0904 	WARNING 	t of last frame was 35.99ms (=1/27)
56.1270 	WARNING 	Multiple dropped frames have occurred - I'll stop bothering you about them!
59.1384 	DATA 	Keypress: lctrl
59.1388 	DATA 	Keypress: lwindows
59.8978 	WARNING 	Couldn't measure a consistent frame rate.
  - Is your graphics card set to sync to vertical blank?
  - Are you running other processes on your computer?

61.0629 	EXP 	Created instruct_p1 = TextStim(alignHoriz='center', alignVert='center', antialias=True, autoLog=True, bold=False, color='white', colorSpace='named', contrast=1.0, depth=0.0, flipHoriz=False, flipVert=False, font='Arial', fontFiles=[], height=0.05, italic=False, name='instruct_p1', opacity=1.0, ori=0, pos=array([ 0.,  0.]), rgb=array([ 255.,  255.,  255.]), text=newstr(...), units=u'norm', win=Window(...), wrapWidth=1)
61.1169 	EXP 	Created endTxt = TextStim(alignHoriz='center', alignVert='center', antialias=True, autoLog=True, bold=False, color='white', colorSpace='named', contrast=1.0, depth=0.0, flipHoriz=False, flipVert=False, font='Arial', fontFiles=[], height=0.05, italic=False, name='endTxt', opacity=1.0, ori=0, pos=array([ 0.,  0.]), rgb=array([ 255.,  255.,  255.]), text=newstr(...), units=u'norm', win=Window(...), wrapWidth=1)
61.1437 	EXP 	Created ready = TextStim(alignHoriz='center', alignVert='center', antialias=True, autoLog=True, bold=False, color='white', colorSpace='named', contrast=1.0, depth=-1.0, flipHoriz=False, flipVert=False, font='Arial', fontFiles=[], height=0.1, italic=False, name='ready', opacity=1.0, ori=0, pos=array([ 0.,  0.]), rgb=array([ 255.,  255.,  255.]), text='default text', units=u'norm', win=Window(...), wrapWidth=1)
61.1532 	EXP 	Created go = TextStim(alignHoriz='center', alignVert='center', antialias=True, autoLog=True, bold=False, color='white', colorSpace='named', contrast=1.0, depth=-2.0, flipHoriz=False, flipVert=False, font='Arial', fontFiles=[], height=0.1, italic=False, name='go', opacity=1.0, ori=0, pos=array([ 0.,  0.]), rgb=array([ 255.,  255.,  255.]), text='GO', units=u'norm', win=Window(...), wrapWidth=1)
61.1547 	EXP 	Created gap = TextStim(alignHoriz='center', alignVert='center', antialias=True, autoLog=True, bold=False, color='white', colorSpace='named', contrast=1.0, depth=-3.0, flipHoriz=False, flipVert=False, font='Arial', fontFiles=[], height=0.1, italic=False, name='gap', opacity=1.0, ori=0, pos=array([ 0.,  0.]), rgb=array([ 255.,  255.,  255.]), text='', units=u'norm', win=Window(...), wrapWidth=1)
61.1711 	EXP 	Created text = TextStim(alignHoriz='center', alignVert='center', antialias=True, autoLog=True, bold=False, color='white', colorSpace='named', contrast=1.0, depth=-1.0, flipHoriz=False, flipVert=False, font='Arial', fontFiles=[], height=0.1, italic=False, name='text', opacity=0.0, ori=0, pos=array([ 0.,  0.]), rgb=array([ 255.,  255.,  255.]), text='default text', units=u'norm', win=Window(...), wrapWidth=1)
62.9302 	EXP 	Created text_2 = TextStim(alignHoriz='center', alignVert='center', antialias=True, autoLog=True, bold=False, color='white', colorSpace='named', contrast=1.0, depth=0.0, flipHoriz=False, flipVert=False, font='Arial', fontFiles=[], height=0.5, italic=False, name='text_2', opacity=1.0, ori=0, pos=array([ 0.,  0.]), rgb=array([ 255.,  255.,  255.]), text='default text', units=u'norm', win=Window(...), wrapWidth=1)
62.9373 	EXP 	Created mask = TextStim(alignHoriz='center', alignVert='center', antialias=True, autoLog=True, bold=False, color='white', colorSpace='named', contrast=1.0, depth=-1.0, flipHoriz=False, flipVert=False, font='Arial', fontFiles=[], height=0.1, italic=False, name='mask', opacity=1.0, ori=0, pos=array([ 0.,  0.]), rgb=array([ 255.,  255.,  255.]), text=' ', units=u'norm', win=Window(...), wrapWidth=1)
63.0105 	EXP 	Created Probe_t1 = TextStim(alignHoriz='center', alignVert='center', antialias=True, autoLog=True, bold=False, color='white', colorSpace='named', contrast=1.0, depth=0.0, flipHoriz=False, flipVert=False, font='Arial', fontFiles=[], height=0.1, italic=False, name='Probe_t1', opacity=1.0, ori=0, pos=array([ 0.,  0.]), rgb=array([ 255.,  255.,  255.]), text='What numbers did you see?', units=u'norm', win=Window(...), wrapWidth=1)
63.0583 	EXP 	Created Probe_t2 = TextStim(alignHoriz='center', alignVert='center', antialias=True, autoLog=True, bold=False, color='white', colorSpace='named', contrast=1.0, depth=0.0, flipHoriz=False, flipVert=False, font='Arial', fontFiles=[], height=0.1, italic=False, name='Probe_t2', opacity=1.0, ori=0, pos=array([ 0.,  0.]), rgb=array([ 255.,  255.,  255.]), text='What numbers did you see?', units=u'norm', win=Window(...), wrapWidth=1)
63.0597 	EXP 	Created blank = TextStim(alignHoriz='center', alignVert='center', antialias=True, autoLog=True, bold=False, color='red', colorSpace='named', contrast=1.0, depth=0.0, flipHoriz=False, flipVert=False, font='Arial', fontFiles=[], height=0.1, italic=False, name='blank', opacity=1.0, ori=0, pos=array([ 0.,  0.]), rgb=array([ 255.,    0.,    0.]), text='', units=u'norm', win=Window(...), wrapWidth=1)
63.2523 	EXP 	Created Break = TextStim(alignHoriz='center', alignVert='center', antialias=True, autoLog=True, bold=False, color='red', colorSpace='named', contrast=1.0, depth=0.0, flipHoriz=False, flipVert=False, font='Arial', fontFiles=[], height=0.1, italic=False, name='Break', opacity=1.0, ori=0, pos=array([ 0.,  0.]), rgb=array([ 255.,    0.,    0.]), text=newstr(...), units=u'norm', win=Window(...), wrapWidth=1)
63.2839 	EXP 	instruct_p1: autoDraw = True
64.5913 	DATA 	Mouse: Left button down, pos=(915,383)
64.7657 	DATA 	Mouse:  Left button up, pos=(915,383)
65.3178 	DATA 	Mouse: Left button down, pos=(1240,497)
65.5172 	DATA 	Mouse:  Left button up, pos=(1240,497)
65.9829 	DATA 	Keypress: space
65.9843 	EXP 	Created sequence: random, trialTypes=1, nReps=2, seed=None
65.9851 	EXP 	New trial (rep=0, index=0): None
66.0586 	EXP 	instruct_p1: autoDraw = False
66.0586 	EXP 	ready: text = 'Block 1\n\nReady?'
66.0586 	EXP 	ready: autoDraw = True
67.0301 	EXP 	ready: autoDraw = False
67.0301 	EXP 	go: autoDraw = True
67.5170 	EXP 	go: autoDraw = False
67.5170 	EXP 	gap: autoDraw = True
67.6856 	EXP 	Created sequence: sequential, trialTypes=1, nReps=4, seed=None
67.6866 	EXP 	New trial (rep=0, index=0): None
67.7442 	EXP 	ready: autoDraw = False
67.7442 	EXP 	go: autoDraw = False
67.7442 	EXP 	gap: autoDraw = False
67.7442 	EXP 	text: text = 1
67.7442 	EXP 	text: autoDraw = True
67.9271 	EXP 	Imported tmp_stimuli.csv as conditions, 16 conditions, 6 params
67.9281 	EXP 	Created sequence: sequential, trialTypes=16, nReps=1, seed=None
67.9295 	EXP 	New trial (rep=0, index=0): OrderedDict([('block', 1), ('sep_dur', u'long'), ('Tx', u't2'), ('trial', 1), ('stimulus', u'W'), ('cond', u'distractor')])
67.9955 	EXP 	New trial (rep=0, index=1): OrderedDict([('block', 1), ('sep_dur', u'long'), ('Tx', u't2'), ('trial', 2), ('stimulus', u'X'), ('cond', u'distractor')])
68.0623 	EXP 	text: autoDraw = False
68.0623 	EXP 	text_2: text = u'W'
68.0623 	EXP 	text_2: autoDraw = False
68.0623 	EXP 	mask: autoDraw = False
68.0623 	EXP 	text_2: text = u'X'
68.0623 	EXP 	text_2: autoDraw = True
68.0633 	EXP 	New trial (rep=0, index=2): OrderedDict([('block', 1), ('sep_dur', u'long'), ('Tx', u't2'), ('trial', 3), ('stimulus', u'O'), ('cond', u'distractor')])
68.1338 	EXP 	text_2: autoDraw = False
68.1338 	EXP 	mask: autoDraw = False
68.1338 	EXP 	text_2: text = u'O'
68.1338 	EXP 	text_2: autoDraw = True
68.1614 	EXP 	text_2: autoDraw = False
68.1614 	EXP 	mask: autoDraw = True
68.1624 	EXP 	New trial (rep=0, index=3): OrderedDict([('block', 1), ('sep_dur', u'long'), ('Tx', u't2'), ('trial', 4), ('stimulus', u'I'), ('cond', u'distractor')])
68.2299 	EXP 	New trial (rep=0, index=4): OrderedDict([('block', 1), ('sep_dur', u'long'), ('Tx', u't2'), ('trial', 5), ('stimulus', u'O'), ('cond', u'distractor')])
68.2597 	EXP 	text_2: autoDraw = False
68.2597 	EXP 	mask: autoDraw = False
68.2597 	EXP 	text_2: text = u'I'
68.2597 	EXP 	text_2: autoDraw = False
68.2597 	EXP 	mask: autoDraw = False
68.2597 	EXP 	text_2: text = u'O'
68.2597 	EXP 	text_2: autoDraw = True
68.3128 	EXP 	text_2: autoDraw = False
68.3128 	EXP 	mask: autoDraw = True
68.3143 	EXP 	New trial (rep=0, index=5): OrderedDict([('block', 1), ('sep_dur', u'long'), ('Tx', u't2'), ('trial', 6), ('stimulus', u'5'), ('cond', u'target')])
68.3887 	EXP 	text_2: autoDraw = False
68.3887 	EXP 	mask: autoDraw = False
68.3887 	EXP 	text_2: text = u'5'
68.3887 	EXP 	text_2: autoDraw = True
68.3887 	EXP 	text_2: autoDraw = False
68.3887 	EXP 	mask: autoDraw = True
68.3898 	EXP 	New trial (rep=0, index=6): OrderedDict([('block', 1), ('sep_dur', u'long'), ('Tx', u't2'), ('trial', 7), ('stimulus', u'X'), ('cond', u'distractor')])
68.4246 	EXP 	text_2: autoDraw = False
68.4246 	EXP 	mask: autoDraw = False
68.4246 	EXP 	text_2: text = u'X'
68.4246 	EXP 	text_2: autoDraw = True
68.4785 	EXP 	text_2: autoDraw = False
68.4785 	EXP 	mask: autoDraw = True
68.4796 	EXP 	New trial (rep=0, index=7): OrderedDict([('block', 1), ('sep_dur', u'long'), ('Tx', u't2'), ('trial', 8), ('stimulus', u'O'), ('cond', u'distractor')])
68.5124 	EXP 	text_2: autoDraw = False
68.5124 	EXP 	mask: autoDraw = False
68.5124 	EXP 	text_2: text = u'O'
68.5124 	EXP 	text_2: autoDraw = True
68.5671 	EXP 	text_2: autoDraw = False
68.5671 	EXP 	mask: autoDraw = True
68.5683 	EXP 	New trial (rep=0, index=8): OrderedDict([('block', 1), ('sep_dur', u'long'), ('Tx', u't2'), ('trial', 9), ('stimulus', u'A'), ('cond', u'distractor')])
68.6508 	EXP 	text_2: autoDraw = False
68.6508 	EXP 	mask: autoDraw = False
68.6508 	EXP 	text_2: text = u'A'
68.6508 	EXP 	text_2: autoDraw = True
68.6508 	EXP 	text_2: autoDraw = False
68.6508 	EXP 	mask: autoDraw = True
68.6514 	EXP 	New trial (rep=0, index=9): OrderedDict([('block', 1), ('sep_dur', u'long'), ('Tx', u't2'), ('trial', 10), ('stimulus', u'I'), ('cond', u'distractor')])
68.6802 	EXP 	text_2: autoDraw = False
68.6802 	EXP 	mask: autoDraw = False
68.6802 	EXP 	text_2: text = u'I'
68.6802 	EXP 	text_2: autoDraw = True
68.7328 	EXP 	text_2: autoDraw = False
68.7328 	EXP 	mask: autoDraw = True
68.7338 	EXP 	New trial (rep=0, index=10): OrderedDict([('block', 1), ('sep_dur', u'long'), ('Tx', u't2'), ('trial', 11), ('stimulus', u'Q'), ('cond', u'distractor')])
68.8200 	EXP 	text_2: autoDraw = False
68.8200 	EXP 	mask: autoDraw = False
68.8200 	EXP 	text_2: text = u'Q'
68.8200 	EXP 	text_2: autoDraw = True
68.8200 	EXP 	text_2: autoDraw = False
68.8200 	EXP 	mask: autoDraw = True
68.8216 	EXP 	New trial (rep=0, index=11): OrderedDict([('block', 1), ('sep_dur', u'long'), ('Tx', u't2'), ('trial', 12), ('stimulus', u'U'), ('cond', u'distractor')])
68.8944 	EXP 	text_2: autoDraw = False
68.8944 	EXP 	mask: autoDraw = False
68.8944 	EXP 	text_2: text = u'U'
68.8944 	EXP 	text_2: autoDraw = True
68.8944 	EXP 	text_2: autoDraw = False
68.8944 	EXP 	mask: autoDraw = True
68.8952 	EXP 	New trial (rep=0, index=12): OrderedDict([('block', 1), ('sep_dur', u'long'), ('Tx', u't2'), ('trial', 13), ('stimulus', u'W'), ('cond', u'distractor')])
68.9277 	EXP 	text_2: autoDraw = False
68.9277 	EXP 	mask: autoDraw = False
68.9277 	EXP 	text_2: text = u'W'
68.9277 	EXP 	text_2: autoDraw = True
68.9805 	EXP 	text_2: autoDraw = False
68.9805 	EXP 	mask: autoDraw = True
68.9817 	EXP 	New trial (rep=0, index=13): OrderedDict([('block', 1), ('sep_dur', u'long'), ('Tx', u't2'), ('trial', 14), ('stimulus', u'A'), ('cond', u'distractor')])
69.0215 	EXP 	text_2: autoDraw = False
69.0215 	EXP 	mask: autoDraw = False
69.0215 	EXP 	text_2: text = u'A'
69.0215 	EXP 	text_2: autoDraw = True
69.0760 	EXP 	text_2: autoDraw = False
69.0760 	EXP 	mask: autoDraw = True
69.0769 	EXP 	New trial (rep=0, index=14): OrderedDict([('block', 1), ('sep_dur', u'long'), ('Tx', u't2'), ('trial', 15), ('stimulus', u'6'), ('cond', u'target')])
69.1465 	EXP 	New trial (rep=0, index=15): OrderedDict([('block', 1), ('sep_dur', u'long'), ('Tx', u't2'), ('trial', 16), ('stimulus', u'Q'), ('cond', u'distractor')])
69.1748 	EXP 	text_2: autoDraw = False
69.1748 	EXP 	mask: autoDraw = False
69.1748 	EXP 	text_2: text = u'6'
69.1748 	EXP 	text_2: autoDraw = False
69.1748 	EXP 	mask: autoDraw = False
69.1748 	EXP 	text_2: text = u'Q'
69.1748 	EXP 	text_2: autoDraw = True
69.2318 	EXP 	text_2: autoDraw = False
69.2318 	EXP 	mask: autoDraw = True
69.2606 	EXP 	text_2: autoDraw = False
69.2606 	EXP 	mask: autoDraw = False
70.2844 	EXP 	Probe_t1: autoDraw = True
70.6886 	DATA 	Keypress: 2
70.7260 	EXP 	Probe_t1: autoDraw = False
70.7260 	EXP 	Probe_t2: autoDraw = True
70.9046 	DATA 	Keypress: 2
70.9638 	EXP 	Probe_t2: autoDraw = False
70.9638 	EXP 	blank: autoDraw = True
71.7175 	EXP 	New trial (rep=1, index=0): None
71.7664 	EXP 	blank: autoDraw = False
71.7664 	EXP 	text: text = 2
71.7664 	EXP 	text: autoDraw = True
71.9287 	EXP 	Imported tmp_stimuli.csv as conditions, 17 conditions, 6 params
71.9293 	EXP 	Created sequence: sequential, trialTypes=17, nReps=1, seed=None
71.9305 	EXP 	New trial (rep=0, index=0): OrderedDict([('block', 2), ('sep_dur', u'short'), ('Tx', u't1'), ('trial', 1), ('stimulus', u'Z'), ('cond', u'distractor')])
71.9850 	EXP 	New trial (rep=0, index=1): OrderedDict([('block', 2), ('sep_dur', u'short'), ('Tx', u't1'), ('trial', 2), ('stimulus', u'F'), ('cond', u'distractor')])
72.0482 	EXP 	text: autoDraw = False
72.0482 	EXP 	text_2: text = u'Z'
72.0482 	EXP 	text_2: autoDraw = False
72.0482 	EXP 	mask: autoDraw = False
72.0482 	EXP 	text_2: text = u'F'
72.0482 	EXP 	text_2: autoDraw = True
72.0782 	EXP 	text_2: autoDraw = False
72.0782 	EXP 	mask: autoDraw = True
72.0797 	EXP 	New trial (rep=0, index=2): OrderedDict([('block', 2), ('sep_dur', u'short'), ('Tx', u't1'), ('trial', 3), ('stimulus', u'D'), ('cond', u'distractor')])
72.1434 	EXP 	New trial (rep=0, index=3): OrderedDict([('block', 2), ('sep_dur', u'short'), ('Tx', u't1'), ('trial', 4), ('stimulus', u'F'), ('cond', u'distractor')])
72.1739 	EXP 	text_2: autoDraw = False
72.1739 	EXP 	mask: autoDraw = False
72.1739 	EXP 	text_2: text = u'D'
72.1739 	EXP 	text_2: autoDraw = False
72.1739 	EXP 	mask: autoDraw = False
72.1739 	EXP 	text_2: text = u'F'
72.1739 	EXP 	text_2: autoDraw = True
72.2353 	EXP 	text_2: autoDraw = False
72.2353 	EXP 	mask: autoDraw = True
72.2366 	EXP 	New trial (rep=0, index=4): OrderedDict([('block', 2), ('sep_dur', u'short'), ('Tx', u't1'), ('trial', 5), ('stimulus', u'6'), ('cond', u'target')])
72.2788 	EXP 	text_2: autoDraw = False
72.2788 	EXP 	mask: autoDraw = False
72.2788 	EXP 	text_2: text = u'6'
72.2788 	EXP 	text_2: autoDraw = True
72.3131 	EXP 	New trial (rep=0, index=5): OrderedDict([('block', 2), ('sep_dur', u'short'), ('Tx', u't1'), ('trial', 6), ('stimulus', u'X'), ('cond', u'distractor')])
72.3494 	EXP 	text_2: autoDraw = False
72.3494 	EXP 	mask: autoDraw = False
72.3494 	EXP 	text_2: text = u'X'
72.3494 	EXP 	text_2: autoDraw = True
72.4096 	EXP 	text_2: autoDraw = False
72.4096 	EXP 	mask: autoDraw = True
72.4106 	EXP 	New trial (rep=0, index=6): OrderedDict([('block', 2), ('sep_dur', u'short'), ('Tx', u't1'), ('trial', 7), ('stimulus', u'G'), ('cond', u'distractor')])
72.4970 	EXP 	text_2: autoDraw = False
72.4970 	EXP 	mask: autoDraw = False
72.4970 	EXP 	text_2: text = u'G'
72.4970 	EXP 	text_2: autoDraw = True
72.4970 	EXP 	text_2: autoDraw = False
72.4970 	EXP 	mask: autoDraw = True
72.4983 	EXP 	New trial (rep=0, index=7): OrderedDict([('block', 2), ('sep_dur', u'short'), ('Tx', u't1'), ('trial', 8), ('stimulus', u'X'), ('cond', u'distractor')])
72.5385 	EXP 	text_2: autoDraw = False
72.5385 	EXP 	mask: autoDraw = False
72.5385 	EXP 	text_2: text = u'X'
72.5385 	EXP 	text_2: autoDraw = True
72.5673 	EXP 	New trial (rep=0, index=8): OrderedDict([('block', 2), ('sep_dur', u'short'), ('Tx', u't1'), ('trial', 9), ('stimulus', u'L'), ('cond', u'distractor')])
72.6665 	EXP 	text_2: autoDraw = False
72.6665 	EXP 	mask: autoDraw = False
72.6665 	EXP 	text_2: text = u'L'
72.6665 	EXP 	text_2: autoDraw = True
72.6665 	EXP 	text_2: autoDraw = False
72.6665 	EXP 	mask: autoDraw = True
72.6676 	EXP 	New trial (rep=0, index=9): OrderedDict([('block', 2), ('sep_dur', u'short'), ('Tx', u't1'), ('trial', 10), ('stimulus', u' '), ('cond', u'mask')])
72.7056 	EXP 	text_2: autoDraw = False
72.7056 	EXP 	mask: autoDraw = False
72.7056 	EXP 	text_2: text = u' '
72.7056 	EXP 	text_2: autoDraw = True
72.7371 	EXP 	New trial (rep=0, index=10): OrderedDict([('block', 2), ('sep_dur', u'short'), ('Tx', u't1'), ('trial', 11), ('stimulus', u'F'), ('cond', u'distractor')])
72.7814 	EXP 	text_2: autoDraw = False
72.7814 	EXP 	mask: autoDraw = False
72.7814 	EXP 	text_2: text = u'F'
72.7814 	EXP 	text_2: autoDraw = True
72.8148 	EXP 	New trial (rep=0, index=11): OrderedDict([('block', 2), ('sep_dur', u'short'), ('Tx', u't1'), ('trial', 12), ('stimulus', u'D'), ('cond', u'distractor')])
72.8582 	EXP 	text_2: autoDraw = False
72.8582 	EXP 	mask: autoDraw = False
72.8582 	EXP 	text_2: text = u'D'
72.8582 	EXP 	text_2: autoDraw = True
72.9174 	EXP 	text_2: autoDraw = False
72.9174 	EXP 	mask: autoDraw = True
72.9183 	EXP 	New trial (rep=0, index=12): OrderedDict([('block', 2), ('sep_dur', u'short'), ('Tx', u't1'), ('trial', 13), ('stimulus', u'T'), ('cond', u'distractor')])
72.9917 	EXP 	text_2: autoDraw = False
72.9917 	EXP 	mask: autoDraw = False
72.9917 	EXP 	text_2: text = u'T'
72.9917 	EXP 	text_2: autoDraw = True
72.9925 	EXP 	New trial (rep=0, index=13): OrderedDict([('block', 2), ('sep_dur', u'short'), ('Tx', u't1'), ('trial', 14), ('stimulus', u'L'), ('cond', u'distractor')])
73.0320 	EXP 	text_2: autoDraw = False
73.0320 	EXP 	mask: autoDraw = False
73.0320 	EXP 	text_2: text = u'L'
73.0320 	EXP 	text_2: autoDraw = True
73.0658 	EXP 	New trial (rep=0, index=14): OrderedDict([('block', 2), ('sep_dur', u'short'), ('Tx', u't1'), ('trial', 15), ('stimulus', u'Q'), ('cond', u'distractor')])
73.1114 	EXP 	text_2: autoDraw = False
73.1114 	EXP 	mask: autoDraw = False
73.1114 	EXP 	text_2: text = u'Q'
73.1114 	EXP 	text_2: autoDraw = True
73.1771 	EXP 	text_2: autoDraw = False
73.1771 	EXP 	mask: autoDraw = True
73.1783 	EXP 	New trial (rep=0, index=15): OrderedDict([('block', 2), ('sep_dur', u'short'), ('Tx', u't1'), ('trial', 16), ('stimulus', u'N'), ('cond', u'distractor')])
73.2461 	EXP 	New trial (rep=0, index=16): OrderedDict([('block', 2), ('sep_dur', u'short'), ('Tx', u't1'), ('trial', 17), ('stimulus', u'A'), ('cond', u'distractor')])
73.2805 	EXP 	text_2: autoDraw = False
73.2805 	EXP 	mask: autoDraw = False
73.2805 	EXP 	text_2: text = u'N'
73.2805 	EXP 	text_2: autoDraw = False
73.2805 	EXP 	mask: autoDraw = False
73.2805 	EXP 	text_2: text = u'A'
73.2805 	EXP 	text_2: autoDraw = True
73.3438 	EXP 	text_2: autoDraw = False
73.3438 	EXP 	mask: autoDraw = True
73.3786 	EXP 	text_2: autoDraw = False
73.3786 	EXP 	mask: autoDraw = False
74.3811 	EXP 	Probe_t1: autoDraw = True
74.7353 	DATA 	Keypress: 6
74.7741 	EXP 	Probe_t1: autoDraw = False
74.7741 	EXP 	Probe_t2: autoDraw = True
74.9417 	DATA 	Keypress: 6
75.0150 	EXP 	Probe_t2: autoDraw = False
75.0150 	EXP 	blank: autoDraw = True
75.7333 	EXP 	New trial (rep=2, index=0): None
75.8092 	EXP 	blank: autoDraw = False
75.8092 	EXP 	text: text = 3
75.8092 	EXP 	text: autoDraw = True
75.9428 	EXP 	Imported tmp_stimuli.csv as conditions, 15 conditions, 6 params
75.9435 	EXP 	Created sequence: sequential, trialTypes=15, nReps=1, seed=None
75.9443 	EXP 	New trial (rep=0, index=0): OrderedDict([('block', 3), ('sep_dur', u'long'), ('Tx', u't2'), ('trial', 1), ('stimulus', u'H'), ('cond', u'distractor')])
76.0358 	EXP 	text: autoDraw = False
76.0358 	EXP 	text_2: text = u'H'
76.0358 	EXP 	text_2: autoDraw = True
76.0358 	EXP 	text_2: autoDraw = False
76.0358 	EXP 	mask: autoDraw = True
76.0368 	EXP 	New trial (rep=0, index=1): OrderedDict([('block', 3), ('sep_dur', u'long'), ('Tx', u't2'), ('trial', 2), ('stimulus', u'G'), ('cond', u'distractor')])
76.0777 	EXP 	text_2: autoDraw = False
76.0777 	EXP 	mask: autoDraw = False
76.0777 	EXP 	text_2: text = u'G'
76.0777 	EXP 	text_2: autoDraw = True
76.1123 	EXP 	New trial (rep=0, index=2): OrderedDict([('block', 3), ('sep_dur', u'long'), ('Tx', u't2'), ('trial', 3), ('stimulus', u'4'), ('cond', u'target')])
76.2032 	EXP 	text_2: autoDraw = False
76.2032 	EXP 	mask: autoDraw = False
76.2032 	EXP 	text_2: text = u'4'
76.2032 	EXP 	text_2: autoDraw = True
76.2032 	EXP 	text_2: autoDraw = False
76.2032 	EXP 	mask: autoDraw = True
76.2039 	EXP 	New trial (rep=0, index=3): OrderedDict([('block', 3), ('sep_dur', u'long'), ('Tx', u't2'), ('trial', 4), ('stimulus', u'U'), ('cond', u'distractor')])
76.2446 	EXP 	text_2: autoDraw = False
76.2446 	EXP 	mask: autoDraw = False
76.2446 	EXP 	text_2: text = u'U'
76.2446 	EXP 	text_2: autoDraw = True
76.2803 	EXP 	New trial (rep=0, index=4): OrderedDict([('block', 3), ('sep_dur', u'long'), ('Tx', u't2'), ('trial', 5), ('stimulus', u'V'), ('cond', u'distractor')])
76.3527 	EXP 	New trial (rep=0, index=5): OrderedDict([('block', 3), ('sep_dur', u'long'), ('Tx', u't2'), ('trial', 6), ('stimulus', u'F'), ('cond', u'distractor')])
76.3944 	EXP 	text_2: autoDraw = False
76.3944 	EXP 	mask: autoDraw = False
76.3944 	EXP 	text_2: text = u'V'
76.3944 	EXP 	text_2: autoDraw = False
76.3944 	EXP 	mask: autoDraw = False
76.3944 	EXP 	text_2: text = u'F'
76.3944 	EXP 	text_2: autoDraw = True
76.4697 	EXP 	text_2: autoDraw = False
76.4697 	EXP 	mask: autoDraw = True
76.4712 	EXP 	New trial (rep=0, index=6): OrderedDict([('block', 3), ('sep_dur', u'long'), ('Tx', u't2'), ('trial', 7), ('stimulus', u'Y'), ('cond', u'distractor')])
76.5281 	EXP 	New trial (rep=0, index=7): OrderedDict([('block', 3), ('sep_dur', u'long'), ('Tx', u't2'), ('trial', 8), ('stimulus', u'L'), ('cond', u'distractor')])
76.5649 	EXP 	text_2: autoDraw = False
76.5649 	EXP 	mask: autoDraw = False
76.5649 	EXP 	text_2: text = u'Y'
76.5649 	EXP 	text_2: autoDraw = False
76.5649 	EXP 	mask: autoDraw = False
76.5649 	EXP 	text_2: text = u'L'
76.5649 	EXP 	text_2: autoDraw = True
76.6026 	EXP 	New trial (rep=0, index=8): OrderedDict([('block', 3), ('sep_dur', u'long'), ('Tx', u't2'), ('trial', 9), ('stimulus', u'C'), ('cond', u'distractor')])
76.6956 	EXP 	text_2: autoDraw = False
76.6956 	EXP 	mask: autoDraw = False
76.6956 	EXP 	text_2: text = u'C'
76.6956 	EXP 	text_2: autoDraw = True
76.6956 	EXP 	text_2: autoDraw = False
76.6956 	EXP 	mask: autoDraw = True
76.6966 	EXP 	New trial (rep=0, index=9): OrderedDict([('block', 3), ('sep_dur', u'long'), ('Tx', u't2'), ('trial', 10), ('stimulus', u'V'), ('cond', u'distractor')])
76.7410 	EXP 	text_2: autoDraw = False
76.7410 	EXP 	mask: autoDraw = False
76.7410 	EXP 	text_2: text = u'V'
76.7410 	EXP 	text_2: autoDraw = True
76.7797 	EXP 	New trial (rep=0, index=10): OrderedDict([('block', 3), ('sep_dur', u'long'), ('Tx', u't2'), ('trial', 11), ('stimulus', u'V'), ('cond', u'distractor')])
76.8162 	EXP 	text_2: autoDraw = False
76.8162 	EXP 	mask: autoDraw = False
76.8162 	EXP 	text_2: text = u'V'
76.8162 	EXP 	text_2: autoDraw = True
76.8597 	EXP 	New trial (rep=0, index=11): OrderedDict([('block', 3), ('sep_dur', u'long'), ('Tx', u't2'), ('trial', 12), ('stimulus', u'4'), ('cond', u'target')])
76.9079 	EXP 	text_2: autoDraw = False
76.9079 	EXP 	mask: autoDraw = False
76.9079 	EXP 	text_2: text = u'4'
76.9079 	EXP 	text_2: autoDraw = True
76.9478 	EXP 	New trial (rep=0, index=12): OrderedDict([('block', 3), ('sep_dur', u'long'), ('Tx', u't2'), ('trial', 13), ('stimulus', u'I'), ('cond', u'distractor')])
76.9980 	EXP 	text_2: autoDraw = False
76.9980 	EXP 	mask: autoDraw = False
76.9980 	EXP 	text_2: text = u'I'
76.9980 	EXP 	text_2: autoDraw = True
77.0333 	EXP 	text_2: autoDraw = False
77.0333 	EXP 	mask: autoDraw = True
77.0343 	EXP 	New trial (rep=0, index=13): OrderedDict([('block', 3), ('sep_dur', u'long'), ('Tx', u't2'), ('trial', 14), ('stimulus', u'F'), ('cond', u'distractor')])
77.0753 	EXP 	text_2: autoDraw = False
77.0753 	EXP 	mask: autoDraw = False
77.0753 	EXP 	text_2: text = u'F'
77.0753 	EXP 	text_2: autoDraw = True
77.1118 	EXP 	New trial (rep=0, index=14): OrderedDict([('block', 3), ('sep_dur', u'long'), ('Tx', u't2'), ('trial', 15), ('stimulus', u'N'), ('cond', u'distractor')])
77.1598 	EXP 	text_2: autoDraw = False
77.1598 	EXP 	mask: autoDraw = False
77.1598 	EXP 	text_2: text = u'N'
77.1598 	EXP 	text_2: autoDraw = True
77.2335 	EXP 	text_2: autoDraw = False
77.2335 	EXP 	mask: autoDraw = False
78.2666 	EXP 	Probe_t1: autoDraw = True
78.6069 	DATA 	Keypress: 4
78.6530 	EXP 	Probe_t1: autoDraw = False
78.6530 	EXP 	Probe_t2: autoDraw = True
78.8450 	DATA 	Keypress: 4
78.8921 	EXP 	Probe_t2: autoDraw = False
78.8921 	EXP 	blank: autoDraw = True
79.6340 	EXP 	New trial (rep=3, index=0): None
79.6925 	EXP 	blank: autoDraw = False
79.6925 	EXP 	text: text = 4
79.6925 	EXP 	text: autoDraw = True
79.8140 	EXP 	Imported tmp_stimuli.csv as conditions, 18 conditions, 6 params
79.8147 	EXP 	Created sequence: sequential, trialTypes=18, nReps=1, seed=None
79.8156 	EXP 	New trial (rep=0, index=0): OrderedDict([('block', 4), ('sep_dur', u'short'), ('Tx', u't1'), ('trial', 1), ('stimulus', u'A'), ('cond', u'distractor')])
79.8563 	EXP 	text: autoDraw = False
79.8563 	EXP 	text_2: text = u'A'
79.8563 	EXP 	text_2: autoDraw = True
79.8989 	EXP 	New trial (rep=0, index=1): OrderedDict([('block', 4), ('sep_dur', u'short'), ('Tx', u't1'), ('trial', 2), ('stimulus', u'I'), ('cond', u'distractor')])
79.9453 	EXP 	text_2: autoDraw = False
79.9453 	EXP 	mask: autoDraw = False
79.9453 	EXP 	text_2: text = u'I'
79.9453 	EXP 	text_2: autoDraw = True
79.9812 	EXP 	New trial (rep=0, index=2): OrderedDict([('block', 4), ('sep_dur', u'short'), ('Tx', u't1'), ('trial', 3), ('stimulus', u'G'), ('cond', u'distractor')])
80.0290 	EXP 	text_2: autoDraw = False
80.0290 	EXP 	mask: autoDraw = False
80.0290 	EXP 	text_2: text = u'G'
80.0290 	EXP 	text_2: autoDraw = True
80.0642 	EXP 	New trial (rep=0, index=3): OrderedDict([('block', 4), ('sep_dur', u'short'), ('Tx', u't1'), ('trial', 4), ('stimulus', u'E'), ('cond', u'distractor')])
80.1610 	EXP 	text_2: autoDraw = False
80.1610 	EXP 	mask: autoDraw = False
80.1610 	EXP 	text_2: text = u'E'
80.1610 	EXP 	text_2: autoDraw = True
80.1610 	EXP 	text_2: autoDraw = False
80.1610 	EXP 	mask: autoDraw = True
80.1620 	EXP 	New trial (rep=0, index=4): OrderedDict([('block', 4), ('sep_dur', u'short'), ('Tx', u't1'), ('trial', 5), ('stimulus', u'U'), ('cond', u'distractor')])
80.2073 	EXP 	text_2: autoDraw = False
80.2073 	EXP 	mask: autoDraw = False
80.2073 	EXP 	text_2: text = u'U'
80.2073 	EXP 	text_2: autoDraw = True
80.2452 	EXP 	New trial (rep=0, index=5): OrderedDict([('block', 4), ('sep_dur', u'short'), ('Tx', u't1'), ('trial', 6), ('stimulus', u'D'), ('cond', u'distractor')])
80.2899 	EXP 	text_2: autoDraw = False
80.2899 	EXP 	mask: autoDraw = False
80.2899 	EXP 	text_2: text = u'D'
80.2899 	EXP 	text_2: autoDraw = True
80.3278 	EXP 	New trial (rep=0, index=6): OrderedDict([('block', 4), ('sep_dur', u'short'), ('Tx', u't1'), ('trial', 7), ('stimulus', u'V'), ('cond', u'distractor')])
80.3703 	EXP 	text_2: autoDraw = False
80.3703 	EXP 	mask: autoDraw = False
80.3703 	EXP 	text_2: text = u'V'
80.3703 	EXP 	text_2: autoDraw = True
80.4083 	EXP 	New trial (rep=0, index=7): OrderedDict([('block', 4), ('sep_dur', u'short'), ('Tx', u't1'), ('trial', 8), ('stimulus', u'Q'), ('cond', u'distractor')])
80.4516 	EXP 	text_2: autoDraw = False
80.4516 	EXP 	mask: autoDraw = False
80.4516 	EXP 	text_2: text = u'Q'
80.4516 	EXP 	text_2: autoDraw = True
80.4899 	EXP 	New trial (rep=0, index=8): OrderedDict([('block', 4), ('sep_dur', u'short'), ('Tx', u't1'), ('trial', 9), ('stimulus', u'G'), ('cond', u'distractor')])
80.5427 	EXP 	text_2: autoDraw = False
80.5427 	EXP 	mask: autoDraw = False
80.5427 	EXP 	text_2: text = u'G'
80.5427 	EXP 	text_2: autoDraw = True
80.5783 	EXP 	text_2: autoDraw = False
80.5783 	EXP 	mask: autoDraw = True
80.5799 	EXP 	New trial (rep=0, index=9): OrderedDict([('block', 4), ('sep_dur', u'short'), ('Tx', u't1'), ('trial', 10), ('stimulus', u'8'), ('cond', u'target')])
80.6998 	EXP 	New trial (rep=0, index=10): OrderedDict([('block', 4), ('sep_dur', u'short'), ('Tx', u't1'), ('trial', 11), ('stimulus', u'L'), ('cond', u'distractor')])
80.7408 	EXP 	text_2: autoDraw = False
80.7408 	EXP 	mask: autoDraw = False
80.7408 	EXP 	text_2: text = u'8'
80.7408 	EXP 	text_2: autoDraw = False
80.7408 	EXP 	mask: autoDraw = False
80.7408 	EXP 	text_2: text = u'L'
80.7408 	EXP 	text_2: autoDraw = True
80.7419 	EXP 	New trial (rep=0, index=11): OrderedDict([('block', 4), ('sep_dur', u'short'), ('Tx', u't1'), ('trial', 12), ('stimulus', u'S'), ('cond', u'distractor')])
80.8331 	EXP 	text_2: autoDraw = False
80.8331 	EXP 	mask: autoDraw = False
80.8331 	EXP 	text_2: text = u'S'
80.8331 	EXP 	text_2: autoDraw = True
80.8331 	EXP 	text_2: autoDraw = False
80.8331 	EXP 	mask: autoDraw = True
80.8341 	EXP 	New trial (rep=0, index=12): OrderedDict([('block', 4), ('sep_dur', u'short'), ('Tx', u't1'), ('trial', 13), ('stimulus', u'Z'), ('cond', u'distractor')])
80.8765 	EXP 	text_2: autoDraw = False
80.8765 	EXP 	mask: autoDraw = False
80.8765 	EXP 	text_2: text = u'Z'
80.8765 	EXP 	text_2: autoDraw = True
80.9142 	EXP 	New trial (rep=0, index=13): OrderedDict([('block', 4), ('sep_dur', u'short'), ('Tx', u't1'), ('trial', 14), ('stimulus', u'M'), ('cond', u'distractor')])
80.9874 	EXP 	New trial (rep=0, index=14): OrderedDict([('block', 4), ('sep_dur', u'short'), ('Tx', u't1'), ('trial', 15), ('stimulus', u' '), ('cond', u'mask')])
81.0253 	EXP 	text_2: autoDraw = False
81.0253 	EXP 	mask: autoDraw = False
81.0253 	EXP 	text_2: text = u'M'
81.0253 	EXP 	text_2: autoDraw = False
81.0253 	EXP 	mask: autoDraw = False
81.0253 	EXP 	text_2: text = u' '
81.0253 	EXP 	text_2: autoDraw = True
81.0966 	EXP 	text_2: autoDraw = False
81.0966 	EXP 	mask: autoDraw = True
81.0976 	EXP 	New trial (rep=0, index=15): OrderedDict([('block', 4), ('sep_dur', u'short'), ('Tx', u't1'), ('trial', 16), ('stimulus', u'Q'), ('cond', u'distractor')])
81.1443 	EXP 	text_2: autoDraw = False
81.1443 	EXP 	mask: autoDraw = False
81.1443 	EXP 	text_2: text = u'Q'
81.1443 	EXP 	text_2: autoDraw = True
81.1798 	EXP 	New trial (rep=0, index=16): OrderedDict([('block', 4), ('sep_dur', u'short'), ('Tx', u't1'), ('trial', 17), ('stimulus', u'V'), ('cond', u'distractor')])
81.2278 	EXP 	text_2: autoDraw = False
81.2278 	EXP 	mask: autoDraw = False
81.2278 	EXP 	text_2: text = u'V'
81.2278 	EXP 	text_2: autoDraw = True
81.2649 	EXP 	New trial (rep=0, index=17): OrderedDict([('block', 4), ('sep_dur', u'short'), ('Tx', u't1'), ('trial', 18), ('stimulus', u'S'), ('cond', u'distractor')])
81.3188 	EXP 	text_2: autoDraw = False
81.3188 	EXP 	mask: autoDraw = False
81.3188 	EXP 	text_2: text = u'S'
81.3188 	EXP 	text_2: autoDraw = True
81.3596 	EXP 	text_2: autoDraw = False
81.3596 	EXP 	mask: autoDraw = False
82.3702 	EXP 	Probe_t1: autoDraw = True
82.7492 	DATA 	Keypress: 4
82.7989 	EXP 	Probe_t1: autoDraw = False
82.7989 	EXP 	Probe_t2: autoDraw = True
82.9247 	DATA 	Keypress: 4
82.9982 	EXP 	Probe_t2: autoDraw = False
82.9982 	EXP 	blank: autoDraw = True
83.7489 	EXP 	blank: autoDraw = False
90.4277 	DATA 	Keypress: lctrl
90.4280 	DATA 	Keypress: lwindows
95.2768 	DATA 	Mouse: Left button down, pos=(1081,624)
95.4186 	DATA 	Mouse:  Left button up, pos=(1081,624)
95.9308 	DATA 	Mouse: Left button down, pos=(1169,698)
96.0507 	DATA 	Mouse:  Left button up, pos=(1169,698)
96.1720 	DATA 	Mouse: Left button down, pos=(1169,698)
96.2689 	DATA 	Mouse:  Left button up, pos=(1169,698)
98.8746 	DATA 	Keypress: space
98.8776 	EXP 	New trial (rep=1, index=0): None
98.9203 	EXP 	Created sequence: sequential, trialTypes=1, nReps=4, seed=None
98.9208 	EXP 	New trial (rep=0, index=0): None
98.9508 	EXP 	Imported tmp_stimuli.csv as conditions, 15 conditions, 6 params
98.9514 	EXP 	Created sequence: sequential, trialTypes=15, nReps=1, seed=None
98.9522 	EXP 	New trial (rep=0, index=0): OrderedDict([('block', 5), ('sep_dur', u'long'), ('Tx', u't2'), ('trial', 1), ('stimulus', u'K'), ('cond', u'distractor')])
99.0128 	EXP 	New trial (rep=0, index=1): OrderedDict([('block', 5), ('sep_dur', u'long'), ('Tx', u't2'), ('trial', 2), ('stimulus', u'B'), ('cond', u'distractor')])
99.0584 	EXP 	New trial (rep=0, index=2): OrderedDict([('block', 5), ('sep_dur', u'long'), ('Tx', u't2'), ('trial', 3), ('stimulus', u' '), ('cond', u'mask')])
99.0649 	EXP 	New trial (rep=0, index=3): OrderedDict([('block', 5), ('sep_dur', u'long'), ('Tx', u't2'), ('trial', 4), ('stimulus', u'P'), ('cond', u'distractor')])
99.1170 	EXP 	New trial (rep=0, index=4): OrderedDict([('block', 5), ('sep_dur', u'long'), ('Tx', u't2'), ('trial', 5), ('stimulus', u'J'), ('cond', u'distractor')])
99.1610 	EXP 	New trial (rep=0, index=5): OrderedDict([('block', 5), ('sep_dur', u'long'), ('Tx', u't2'), ('trial', 6), ('stimulus', u'5'), ('cond', u'target')])
99.1670 	EXP 	New trial (rep=0, index=6): OrderedDict([('block', 5), ('sep_dur', u'long'), ('Tx', u't2'), ('trial', 7), ('stimulus', u'Y'), ('cond', u'distractor')])
99.1761 	EXP 	New trial (rep=0, index=7): OrderedDict([('block', 5), ('sep_dur', u'long'), ('Tx', u't2'), ('trial', 8), ('stimulus', u'K'), ('cond', u'distractor')])
99.1809 	EXP 	New trial (rep=0, index=8): OrderedDict([('block', 5), ('sep_dur', u'long'), ('Tx', u't2'), ('trial', 9), ('stimulus', u'J'), ('cond', u'distractor')])
99.1858 	EXP 	New trial (rep=0, index=9): OrderedDict([('block', 5), ('sep_dur', u'long'), ('Tx', u't2'), ('trial', 10), ('stimulus', u'S'), ('cond', u'distractor')])
99.1919 	EXP 	New trial (rep=0, index=10): OrderedDict([('block', 5), ('sep_dur', u'long'), ('Tx', u't2'), ('trial', 11), ('stimulus', u'S'), ('cond', u'distractor')])
99.1937 	EXP 	New trial (rep=0, index=11): OrderedDict([('block', 5), ('sep_dur', u'long'), ('Tx', u't2'), ('trial', 12), ('stimulus', u'C'), ('cond', u'distractor')])
99.2050 	EXP 	New trial (rep=0, index=12): OrderedDict([('block', 5), ('sep_dur', u'long'), ('Tx', u't2'), ('trial', 13), ('stimulus', u'M'), ('cond', u'distractor')])
99.2139 	EXP 	New trial (rep=0, index=13): OrderedDict([('block', 5), ('sep_dur', u'long'), ('Tx', u't2'), ('trial', 14), ('stimulus', u'W'), ('cond', u'distractor')])
99.2251 	EXP 	New trial (rep=0, index=14): OrderedDict([('block', 5), ('sep_dur', u'long'), ('Tx', u't2'), ('trial', 15), ('stimulus', u'2'), ('cond', u'target')])
99.3985 	DATA 	Keypress: space
99.4204 	EXP 	ready: text = 'Block 2\n\nReady?'
99.4204 	EXP 	ready: autoDraw = False
99.4204 	EXP 	go: autoDraw = False
99.4204 	EXP 	gap: autoDraw = False
99.4204 	EXP 	text: text = 5
99.4204 	EXP 	text: autoDraw = False
99.4204 	EXP 	text_2: text = u'K'
99.4204 	EXP 	text_2: autoDraw = False
99.4204 	EXP 	mask: autoDraw = False
99.4204 	EXP 	text_2: text = u'B'
99.4204 	EXP 	text_2: autoDraw = False
99.4204 	EXP 	mask: autoDraw = False
99.4204 	EXP 	text_2: text = u' '
99.4204 	EXP 	text_2: autoDraw = False
99.4204 	EXP 	mask: autoDraw = False
99.4204 	EXP 	text_2: text = u'P'
99.4204 	EXP 	text_2: autoDraw = False
99.4204 	EXP 	mask: autoDraw = False
99.4204 	EXP 	text_2: text = u'J'
99.4204 	EXP 	text_2: autoDraw = False
99.4204 	EXP 	mask: autoDraw = False
99.4204 	EXP 	text_2: text = u'5'
99.4204 	EXP 	text_2: autoDraw = False
99.4204 	EXP 	mask: autoDraw = False
99.4204 	EXP 	text_2: text = u'Y'
99.4204 	EXP 	text_2: autoDraw = False
99.4204 	EXP 	mask: autoDraw = False
99.4204 	EXP 	text_2: text = u'K'
99.4204 	EXP 	text_2: autoDraw = False
99.4204 	EXP 	mask: autoDraw = False
99.4204 	EXP 	text_2: text = u'J'
99.4204 	EXP 	text_2: autoDraw = False
99.4204 	EXP 	mask: autoDraw = False
99.4204 	EXP 	text_2: text = u'S'
99.4204 	EXP 	text_2: autoDraw = False
99.4204 	EXP 	mask: autoDraw = False
99.4204 	EXP 	text_2: text = u'S'
99.4204 	EXP 	text_2: autoDraw = False
99.4204 	EXP 	mask: autoDraw = False
99.4204 	EXP 	text_2: text = u'C'
99.4204 	EXP 	text_2: autoDraw = False
99.4204 	EXP 	mask: autoDraw = False
99.4204 	EXP 	text_2: text = u'M'
99.4204 	EXP 	text_2: autoDraw = False
99.4204 	EXP 	mask: autoDraw = False
99.4204 	EXP 	text_2: text = u'W'
99.4204 	EXP 	text_2: autoDraw = False
99.4204 	EXP 	mask: autoDraw = False
99.4204 	EXP 	text_2: text = u'2'
99.4204 	EXP 	text_2: autoDraw = False
99.4204 	EXP 	mask: autoDraw = False
99.5863 	DATA 	Keypress: lshift
99.8825 	DATA 	Keypress: escape
99.8826 	EXP 	Global key event: forcequit. Calling <function forceQuit at 0x10F0BCF0>.
100.4321 	EXP 	Probe_t1: autoDraw = True
102.1639 	DATA 	Keypress: 5
102.1990 	EXP 	Probe_t1: autoDraw = False
102.1990 	EXP 	Probe_t2: autoDraw = True
102.3197 	DATA 	Keypress: 5
102.3535 	EXP 	Probe_t2: autoDraw = False
102.3535 	EXP 	blank: autoDraw = True
103.0801 	EXP 	New trial (rep=1, index=0): None
103.1394 	EXP 	blank: autoDraw = False
103.1394 	EXP 	text: text = 6
103.1394 	EXP 	text: autoDraw = True
103.3028 	EXP 	Imported tmp_stimuli.csv as conditions, 17 conditions, 6 params
103.3034 	EXP 	Created sequence: sequential, trialTypes=17, nReps=1, seed=None
103.3043 	EXP 	New trial (rep=0, index=0): OrderedDict([('block', 6), ('sep_dur', u'short'), ('Tx', u't1'), ('trial', 1), ('stimulus', u'Y'), ('cond', u'distractor')])
103.3438 	EXP 	text: autoDraw = False
103.3438 	EXP 	text_2: text = u'Y'
103.3438 	EXP 	text_2: autoDraw = True
103.3768 	EXP 	New trial (rep=0, index=1): OrderedDict([('block', 6), ('sep_dur', u'short'), ('Tx', u't1'), ('trial', 2), ('stimulus', u'P'), ('cond', u'distractor')])
103.4203 	EXP 	text_2: autoDraw = False
103.4203 	EXP 	mask: autoDraw = False
103.4203 	EXP 	text_2: text = u'P'
103.4203 	EXP 	text_2: autoDraw = True
103.4522 	EXP 	New trial (rep=0, index=2): OrderedDict([('block', 6), ('sep_dur', u'short'), ('Tx', u't1'), ('trial', 3), ('stimulus', u'8'), ('cond', u'target')])
103.4936 	EXP 	text_2: autoDraw = False
103.4936 	EXP 	mask: autoDraw = False
103.4936 	EXP 	text_2: text = u'8'
103.4936 	EXP 	text_2: autoDraw = True
103.5327 	EXP 	New trial (rep=0, index=3): OrderedDict([('block', 6), ('sep_dur', u'short'), ('Tx', u't1'), ('trial', 4), ('stimulus', u'B'), ('cond', u'distractor')])
103.5676 	EXP 	text_2: autoDraw = False
103.5676 	EXP 	mask: autoDraw = False
103.5676 	EXP 	text_2: text = u'B'
103.5676 	EXP 	text_2: autoDraw = True
103.6334 	EXP 	text_2: autoDraw = False
103.6334 	EXP 	mask: autoDraw = True
103.6346 	EXP 	New trial (rep=0, index=4): OrderedDict([('block', 6), ('sep_dur', u'short'), ('Tx', u't1'), ('trial', 5), ('stimulus', u'N'), ('cond', u'distractor')])
103.6749 	EXP 	text_2: autoDraw = False
103.6749 	EXP 	mask: autoDraw = False
103.6749 	EXP 	text_2: text = u'N'
103.6749 	EXP 	text_2: autoDraw = True
103.7128 	EXP 	New trial (rep=0, index=5): OrderedDict([('block', 6), ('sep_dur', u'short'), ('Tx', u't1'), ('trial', 6), ('stimulus', u'O'), ('cond', u'distractor')])
103.7605 	EXP 	text_2: autoDraw = False
103.7605 	EXP 	mask: autoDraw = False
103.7605 	EXP 	text_2: text = u'O'
103.7605 	EXP 	text_2: autoDraw = True
103.7916 	EXP 	New trial (rep=0, index=6): OrderedDict([('block', 6), ('sep_dur', u'short'), ('Tx', u't1'), ('trial', 7), ('stimulus', u'T'), ('cond', u'distractor')])
103.8291 	EXP 	text_2: autoDraw = False
103.8291 	EXP 	mask: autoDraw = False
103.8291 	EXP 	text_2: text = u'T'
103.8291 	EXP 	text_2: autoDraw = True
103.8946 	EXP 	text_2: autoDraw = False
103.8946 	EXP 	mask: autoDraw = True
103.8956 	EXP 	New trial (rep=0, index=7): OrderedDict([('block', 6), ('sep_dur', u'short'), ('Tx', u't1'), ('trial', 8), ('stimulus', u' '), ('cond', u'mask')])
103.9352 	EXP 	text_2: autoDraw = False
103.9352 	EXP 	mask: autoDraw = False
103.9352 	EXP 	text_2: text = u' '
103.9352 	EXP 	text_2: autoDraw = True
103.9688 	EXP 	New trial (rep=0, index=8): OrderedDict([('block', 6), ('sep_dur', u'short'), ('Tx', u't1'), ('trial', 9), ('stimulus', u'C'), ('cond', u'distractor')])
104.0111 	EXP 	text_2: autoDraw = False
104.0111 	EXP 	mask: autoDraw = False
104.0111 	EXP 	text_2: text = u'C'
104.0111 	EXP 	text_2: autoDraw = True
104.0429 	EXP 	New trial (rep=0, index=9): OrderedDict([('block', 6), ('sep_dur', u'short'), ('Tx', u't1'), ('trial', 10), ('stimulus', u'L'), ('cond', u'distractor')])
104.0859 	EXP 	text_2: autoDraw = False
104.0859 	EXP 	mask: autoDraw = False
104.0859 	EXP 	text_2: text = u'L'
104.0859 	EXP 	text_2: autoDraw = True
104.1208 	EXP 	New trial (rep=0, index=10): OrderedDict([('block', 6), ('sep_dur', u'short'), ('Tx', u't1'), ('trial', 11), ('stimulus', u'D'), ('cond', u'distractor')])
104.1593 	EXP 	text_2: autoDraw = False
104.1593 	EXP 	mask: autoDraw = False
104.1593 	EXP 	text_2: text = u'D'
104.1593 	EXP 	text_2: autoDraw = True
104.2288 	EXP 	text_2: autoDraw = False
104.2288 	EXP 	mask: autoDraw = True
104.2303 	EXP 	New trial (rep=0, index=11): OrderedDict([('block', 6), ('sep_dur', u'short'), ('Tx', u't1'), ('trial', 12), ('stimulus', u'O'), ('cond', u'distractor')])
104.2759 	EXP 	text_2: autoDraw = False
104.2759 	EXP 	mask: autoDraw = False
104.2759 	EXP 	text_2: text = u'O'
104.2759 	EXP 	text_2: autoDraw = True
104.3121 	EXP 	New trial (rep=0, index=12): OrderedDict([('block', 6), ('sep_dur', u'short'), ('Tx', u't1'), ('trial', 13), ('stimulus', u'H'), ('cond', u'distractor')])
104.3527 	EXP 	text_2: autoDraw = False
104.3527 	EXP 	mask: autoDraw = False
104.3527 	EXP 	text_2: text = u'H'
104.3527 	EXP 	text_2: autoDraw = True
104.3898 	EXP 	New trial (rep=0, index=13): OrderedDict([('block', 6), ('sep_dur', u'short'), ('Tx', u't1'), ('trial', 14), ('stimulus', u'I'), ('cond', u'distractor')])
104.4319 	EXP 	text_2: autoDraw = False
104.4319 	EXP 	mask: autoDraw = False
104.4319 	EXP 	text_2: text = u'I'
104.4319 	EXP 	text_2: autoDraw = True
104.4638 	EXP 	New trial (rep=0, index=14): OrderedDict([('block', 6), ('sep_dur', u'short'), ('Tx', u't1'), ('trial', 15), ('stimulus', u'Y'), ('cond', u'distractor')])
104.5096 	EXP 	text_2: autoDraw = False
104.5096 	EXP 	mask: autoDraw = False
104.5096 	EXP 	text_2: text = u'Y'
104.5096 	EXP 	text_2: autoDraw = True
104.5451 	EXP 	New trial (rep=0, index=15): OrderedDict([('block', 6), ('sep_dur', u'short'), ('Tx', u't1'), ('trial', 16), ('stimulus', u'C'), ('cond', u'distractor')])
104.5874 	EXP 	text_2: autoDraw = False
104.5874 	EXP 	mask: autoDraw = False
104.5874 	EXP 	text_2: text = u'C'
104.5874 	EXP 	text_2: autoDraw = True
104.6263 	EXP 	New trial (rep=0, index=16): OrderedDict([('block', 6), ('sep_dur', u'short'), ('Tx', u't1'), ('trial', 17), ('stimulus', u'X'), ('cond', u'distractor')])
104.6666 	EXP 	text_2: autoDraw = False
104.6666 	EXP 	mask: autoDraw = False
104.6666 	EXP 	text_2: text = u'X'
104.6666 	EXP 	text_2: autoDraw = True
104.7360 	EXP 	text_2: autoDraw = False
104.7360 	EXP 	mask: autoDraw = True
104.7706 	EXP 	text_2: autoDraw = False
104.7706 	EXP 	mask: autoDraw = False
105.7931 	EXP 	Probe_t1: autoDraw = True
106.3312 	DATA 	Keypress: 8
106.3657 	EXP 	Probe_t1: autoDraw = False
106.3657 	EXP 	Probe_t2: autoDraw = True
106.5079 	DATA 	Keypress: 8
106.5441 	EXP 	Probe_t2: autoDraw = False
106.5441 	EXP 	blank: autoDraw = True
107.2743 	EXP 	New trial (rep=2, index=0): None
107.3360 	EXP 	blank: autoDraw = False
107.3360 	EXP 	text: text = 7
107.3360 	EXP 	text: autoDraw = True
107.5130 	EXP 	Imported tmp_stimuli.csv as conditions, 18 conditions, 6 params
107.5141 	EXP 	Created sequence: sequential, trialTypes=18, nReps=1, seed=None
107.5167 	EXP 	New trial (rep=0, index=0): OrderedDict([('block', 7), ('sep_dur', u'short'), ('Tx', u't1'), ('trial', 1), ('stimulus', u'Y'), ('cond', u'distractor')])
107.5786 	EXP 	text: autoDraw = False
107.5786 	EXP 	text_2: text = u'Y'
107.5786 	EXP 	text_2: autoDraw = True
107.5812 	EXP 	New trial (rep=0, index=1): OrderedDict([('block', 7), ('sep_dur', u'short'), ('Tx', u't1'), ('trial', 2), ('stimulus', u'F'), ('cond', u'distractor')])
107.6451 	EXP 	text_2: autoDraw = False
107.6451 	EXP 	mask: autoDraw = False
107.6451 	EXP 	text_2: text = u'F'
107.6451 	EXP 	text_2: autoDraw = True
107.6482 	EXP 	New trial (rep=0, index=2): OrderedDict([('block', 7), ('sep_dur', u'short'), ('Tx', u't1'), ('trial', 3), ('stimulus', u'T'), ('cond', u'distractor')])
107.6952 	EXP 	text_2: autoDraw = False
107.6952 	EXP 	mask: autoDraw = False
107.6952 	EXP 	text_2: text = u'T'
107.6952 	EXP 	text_2: autoDraw = True
107.7316 	EXP 	New trial (rep=0, index=3): OrderedDict([('block', 7), ('sep_dur', u'short'), ('Tx', u't1'), ('trial', 4), ('stimulus', u'T'), ('cond', u'distractor')])
107.7643 	EXP 	text_2: autoDraw = False
107.7643 	EXP 	mask: autoDraw = False
107.7643 	EXP 	text_2: text = u'T'
107.7643 	EXP 	text_2: autoDraw = True
107.8025 	EXP 	New trial (rep=0, index=4): OrderedDict([('block', 7), ('sep_dur', u'short'), ('Tx', u't1'), ('trial', 5), ('stimulus', u'L'), ('cond', u'distractor')])
107.8464 	EXP 	text_2: autoDraw = False
107.8464 	EXP 	mask: autoDraw = False
107.8464 	EXP 	text_2: text = u'L'
107.8464 	EXP 	text_2: autoDraw = True
107.9155 	EXP 	text_2: autoDraw = False
107.9155 	EXP 	mask: autoDraw = True
107.9163 	EXP 	New trial (rep=0, index=5): OrderedDict([('block', 7), ('sep_dur', u'short'), ('Tx', u't1'), ('trial', 6), ('stimulus', u'Y'), ('cond', u'distractor')])
107.9626 	EXP 	text_2: autoDraw = False
107.9626 	EXP 	mask: autoDraw = False
107.9626 	EXP 	text_2: text = u'Y'
107.9626 	EXP 	text_2: autoDraw = True
107.9979 	EXP 	New trial (rep=0, index=6): OrderedDict([('block', 7), ('sep_dur', u'short'), ('Tx', u't1'), ('trial', 7), ('stimulus', u'J'), ('cond', u'distractor')])
108.0443 	EXP 	text_2: autoDraw = False
108.0443 	EXP 	mask: autoDraw = False
108.0443 	EXP 	text_2: text = u'J'
108.0443 	EXP 	text_2: autoDraw = True
108.0810 	EXP 	New trial (rep=0, index=7): OrderedDict([('block', 7), ('sep_dur', u'short'), ('Tx', u't1'), ('trial', 8), ('stimulus', u'V'), ('cond', u'distractor')])
108.1245 	EXP 	text_2: autoDraw = False
108.1245 	EXP 	mask: autoDraw = False
108.1245 	EXP 	text_2: text = u'V'
108.1245 	EXP 	text_2: autoDraw = True
108.1627 	EXP 	New trial (rep=0, index=8): OrderedDict([('block', 7), ('sep_dur', u'short'), ('Tx', u't1'), ('trial', 9), ('stimulus', u'F'), ('cond', u'distractor')])
108.2114 	EXP 	text_2: autoDraw = False
108.2114 	EXP 	mask: autoDraw = False
108.2114 	EXP 	text_2: text = u'F'
108.2114 	EXP 	text_2: autoDraw = True
108.2497 	EXP 	New trial (rep=0, index=9): OrderedDict([('block', 7), ('sep_dur', u'short'), ('Tx', u't1'), ('trial', 10), ('stimulus', u'W'), ('cond', u'distractor')])
108.2940 	EXP 	text_2: autoDraw = False
108.2940 	EXP 	mask: autoDraw = False
108.2940 	EXP 	text_2: text = u'W'
108.2940 	EXP 	text_2: autoDraw = True
108.3341 	EXP 	New trial (rep=0, index=10): OrderedDict([('block', 7), ('sep_dur', u'short'), ('Tx', u't1'), ('trial', 11), ('stimulus', u'X'), ('cond', u'distractor')])
108.3799 	EXP 	text_2: autoDraw = False
108.3799 	EXP 	mask: autoDraw = False
108.3799 	EXP 	text_2: text = u'X'
108.3799 	EXP 	text_2: autoDraw = True
108.4194 	EXP 	New trial (rep=0, index=11): OrderedDict([('block', 7), ('sep_dur', u'short'), ('Tx', u't1'), ('trial', 12), ('stimulus', u'6'), ('cond', u'target')])
108.4705 	EXP 	text_2: autoDraw = False
108.4705 	EXP 	mask: autoDraw = False
108.4705 	EXP 	text_2: text = u'6'
108.4705 	EXP 	text_2: autoDraw = True
108.5125 	EXP 	New trial (rep=0, index=12): OrderedDict([('block', 7), ('sep_dur', u'short'), ('Tx', u't1'), ('trial', 13), ('stimulus', u'E'), ('cond', u'distractor')])
108.5557 	EXP 	text_2: autoDraw = False
108.5557 	EXP 	mask: autoDraw = False
108.5557 	EXP 	text_2: text = u'E'
108.5557 	EXP 	text_2: autoDraw = True
108.5566 	EXP 	New trial (rep=0, index=13): OrderedDict([('block', 7), ('sep_dur', u'short'), ('Tx', u't1'), ('trial', 14), ('stimulus', u'S'), ('cond', u'distractor')])
108.5992 	EXP 	text_2: autoDraw = False
108.5992 	EXP 	mask: autoDraw = False
108.5992 	EXP 	text_2: text = u'S'
108.5992 	EXP 	text_2: autoDraw = True
108.6447 	EXP 	New trial (rep=0, index=14): OrderedDict([('block', 7), ('sep_dur', u'short'), ('Tx', u't1'), ('trial', 15), ('stimulus', u'G'), ('cond', u'distractor')])
108.6848 	EXP 	text_2: autoDraw = False
108.6848 	EXP 	mask: autoDraw = False
108.6848 	EXP 	text_2: text = u'G'
108.6848 	EXP 	text_2: autoDraw = True
108.7612 	EXP 	text_2: autoDraw = False
108.7612 	EXP 	mask: autoDraw = True
108.7623 	EXP 	New trial (rep=0, index=15): OrderedDict([('block', 7), ('sep_dur', u'short'), ('Tx', u't1'), ('trial', 16), ('stimulus', u'Y'), ('cond', u'distractor')])
108.8030 	EXP 	text_2: autoDraw = False
108.8030 	EXP 	mask: autoDraw = False
108.8030 	EXP 	text_2: text = u'Y'
108.8030 	EXP 	text_2: autoDraw = True
108.8413 	EXP 	New trial (rep=0, index=16): OrderedDict([('block', 7), ('sep_dur', u'short'), ('Tx', u't1'), ('trial', 17), ('stimulus', u' '), ('cond', u'mask')])
108.8841 	EXP 	text_2: autoDraw = False
108.8841 	EXP 	mask: autoDraw = False
108.8841 	EXP 	text_2: text = u' '
108.8841 	EXP 	text_2: autoDraw = True
108.9199 	EXP 	New trial (rep=0, index=17): OrderedDict([('block', 7), ('sep_dur', u'short'), ('Tx', u't1'), ('trial', 18), ('stimulus', u'S'), ('cond', u'distractor')])
108.9653 	EXP 	text_2: autoDraw = False
108.9653 	EXP 	mask: autoDraw = False
108.9653 	EXP 	text_2: text = u'S'
108.9653 	EXP 	text_2: autoDraw = True
109.0447 	EXP 	text_2: autoDraw = False
109.0447 	EXP 	mask: autoDraw = False
110.0726 	EXP 	Probe_t1: autoDraw = True
110.4841 	DATA 	Keypress: 6
110.5311 	EXP 	Probe_t1: autoDraw = False
110.5311 	EXP 	Probe_t2: autoDraw = True
110.6827 	DATA 	Keypress: 6
110.7230 	EXP 	Probe_t2: autoDraw = False
110.7230 	EXP 	blank: autoDraw = True
111.4796 	EXP 	New trial (rep=3, index=0): None
111.5458 	EXP 	blank: autoDraw = False
111.5458 	EXP 	text: text = 8
111.5458 	EXP 	text: autoDraw = True
111.6712 	EXP 	Imported tmp_stimuli.csv as conditions, 17 conditions, 6 params
111.6719 	EXP 	Created sequence: sequential, trialTypes=17, nReps=1, seed=None
111.6730 	EXP 	New trial (rep=0, index=0): OrderedDict([('block', 8), ('sep_dur', u'short'), ('Tx', u't1'), ('trial', 1), ('stimulus', u'3'), ('cond', u'target')])
111.7476 	EXP 	New trial (rep=0, index=1): OrderedDict([('block', 8), ('sep_dur', u'short'), ('Tx', u't1'), ('trial', 2), ('stimulus', u'Z'), ('cond', u'distractor')])
111.7954 	EXP 	text: autoDraw = False
111.7954 	EXP 	text_2: text = u'3'
111.7954 	EXP 	text_2: autoDraw = False
111.7954 	EXP 	mask: autoDraw = False
111.7954 	EXP 	text_2: text = u'Z'
111.7954 	EXP 	text_2: autoDraw = True
111.8319 	EXP 	New trial (rep=0, index=2): OrderedDict([('block', 8), ('sep_dur', u'short'), ('Tx', u't1'), ('trial', 3), ('stimulus', u'U'), ('cond', u'distractor')])
111.8780 	EXP 	text_2: autoDraw = False
111.8780 	EXP 	mask: autoDraw = False
111.8780 	EXP 	text_2: text = u'U'
111.8780 	EXP 	text_2: autoDraw = True
111.9132 	EXP 	New trial (rep=0, index=3): OrderedDict([('block', 8), ('sep_dur', u'short'), ('Tx', u't1'), ('trial', 4), ('stimulus', u'O'), ('cond', u'distractor')])
111.9587 	EXP 	text_2: autoDraw = False
111.9587 	EXP 	mask: autoDraw = False
111.9587 	EXP 	text_2: text = u'O'
111.9587 	EXP 	text_2: autoDraw = True
111.9998 	EXP 	New trial (rep=0, index=4): OrderedDict([('block', 8), ('sep_dur', u'short'), ('Tx', u't1'), ('trial', 5), ('stimulus', u'S'), ('cond', u'distractor')])
112.0465 	EXP 	text_2: autoDraw = False
112.0465 	EXP 	mask: autoDraw = False
112.0465 	EXP 	text_2: text = u'S'
112.0465 	EXP 	text_2: autoDraw = True
112.0825 	EXP 	New trial (rep=0, index=5): OrderedDict([('block', 8), ('sep_dur', u'short'), ('Tx', u't1'), ('trial', 6), ('stimulus', u' '), ('cond', u'mask')])
112.1318 	EXP 	text_2: autoDraw = False
112.1318 	EXP 	mask: autoDraw = False
112.1318 	EXP 	text_2: text = u' '
112.1318 	EXP 	text_2: autoDraw = True
112.1672 	EXP 	New trial (rep=0, index=6): OrderedDict([('block', 8), ('sep_dur', u'short'), ('Tx', u't1'), ('trial', 7), ('stimulus', u'F'), ('cond', u'distractor')])
112.2139 	EXP 	text_2: autoDraw = False
112.2139 	EXP 	mask: autoDraw = False
112.2139 	EXP 	text_2: text = u'F'
112.2139 	EXP 	text_2: autoDraw = True
112.2486 	EXP 	New trial (rep=0, index=7): OrderedDict([('block', 8), ('sep_dur', u'short'), ('Tx', u't1'), ('trial', 8), ('stimulus', u'S'), ('cond', u'distractor')])
112.2953 	EXP 	text_2: autoDraw = False
112.2953 	EXP 	mask: autoDraw = False
112.2953 	EXP 	text_2: text = u'S'
112.2953 	EXP 	text_2: autoDraw = True
112.3327 	EXP 	New trial (rep=0, index=8): OrderedDict([('block', 8), ('sep_dur', u'short'), ('Tx', u't1'), ('trial', 9), ('stimulus', u'L'), ('cond', u'distractor')])
112.3765 	EXP 	text_2: autoDraw = False
112.3765 	EXP 	mask: autoDraw = False
112.3765 	EXP 	text_2: text = u'L'
112.3765 	EXP 	text_2: autoDraw = True
112.4160 	EXP 	New trial (rep=0, index=9): OrderedDict([('block', 8), ('sep_dur', u'short'), ('Tx', u't1'), ('trial', 10), ('stimulus', u'E'), ('cond', u'distractor')])
112.4592 	EXP 	text_2: autoDraw = False
112.4592 	EXP 	mask: autoDraw = False
112.4592 	EXP 	text_2: text = u'E'
112.4592 	EXP 	text_2: autoDraw = True
112.4970 	EXP 	New trial (rep=0, index=10): OrderedDict([('block', 8), ('sep_dur', u'short'), ('Tx', u't1'), ('trial', 11), ('stimulus', u'F'), ('cond', u'distractor')])
112.5401 	EXP 	text_2: autoDraw = False
112.5401 	EXP 	mask: autoDraw = False
112.5401 	EXP 	text_2: text = u'F'
112.5401 	EXP 	text_2: autoDraw = True
112.5775 	EXP 	New trial (rep=0, index=11): OrderedDict([('block', 8), ('sep_dur', u'short'), ('Tx', u't1'), ('trial', 12), ('stimulus', u'C'), ('cond', u'distractor')])
112.6269 	EXP 	text_2: autoDraw = False
112.6269 	EXP 	mask: autoDraw = False
112.6269 	EXP 	text_2: text = u'C'
112.6269 	EXP 	text_2: autoDraw = True
112.6651 	EXP 	New trial (rep=0, index=12): OrderedDict([('block', 8), ('sep_dur', u'short'), ('Tx', u't1'), ('trial', 13), ('stimulus', u'A'), ('cond', u'distractor')])
112.7109 	EXP 	text_2: autoDraw = False
112.7109 	EXP 	mask: autoDraw = False
112.7109 	EXP 	text_2: text = u'A'
112.7109 	EXP 	text_2: autoDraw = True
112.7488 	EXP 	New trial (rep=0, index=13): OrderedDict([('block', 8), ('sep_dur', u'short'), ('Tx', u't1'), ('trial', 14), ('stimulus', u'K'), ('cond', u'distractor')])
112.7952 	EXP 	text_2: autoDraw = False
112.7952 	EXP 	mask: autoDraw = False
112.7952 	EXP 	text_2: text = u'K'
112.7952 	EXP 	text_2: autoDraw = True
112.8341 	EXP 	New trial (rep=0, index=14): OrderedDict([('block', 8), ('sep_dur', u'short'), ('Tx', u't1'), ('trial', 15), ('stimulus', u'A'), ('cond', u'distractor')])
112.8794 	EXP 	text_2: autoDraw = False
112.8794 	EXP 	mask: autoDraw = False
112.8794 	EXP 	text_2: text = u'A'
112.8794 	EXP 	text_2: autoDraw = True
112.9160 	EXP 	New trial (rep=0, index=15): OrderedDict([('block', 8), ('sep_dur', u'short'), ('Tx', u't1'), ('trial', 16), ('stimulus', u'S'), ('cond', u'distractor')])
112.9629 	EXP 	text_2: autoDraw = False
112.9629 	EXP 	mask: autoDraw = False
112.9629 	EXP 	text_2: text = u'S'
112.9629 	EXP 	text_2: autoDraw = True
112.9996 	EXP 	New trial (rep=0, index=16): OrderedDict([('block', 8), ('sep_dur', u'short'), ('Tx', u't1'), ('trial', 17), ('stimulus', u'X'), ('cond', u'distractor')])
113.0472 	EXP 	text_2: autoDraw = False
113.0472 	EXP 	mask: autoDraw = False
113.0472 	EXP 	text_2: text = u'X'
113.0472 	EXP 	text_2: autoDraw = True
113.1216 	EXP 	text_2: autoDraw = False
113.1216 	EXP 	mask: autoDraw = False
114.1356 	EXP 	Probe_t1: autoDraw = True
114.7680 	DATA 	Keypress: 6
114.8186 	EXP 	Probe_t1: autoDraw = False
114.8186 	EXP 	Probe_t2: autoDraw = True
114.9794 	DATA 	Keypress: 6
115.0678 	EXP 	Probe_t2: autoDraw = False
115.0678 	EXP 	blank: autoDraw = True
115.8311 	EXP 	blank: autoDraw = False
120.8622 	DATA 	Keypress: space
120.9002 	EXP 	endTxt: autoDraw = True
120.9467 	EXP 	endTxt: autoDraw = True
120.9826 	EXP 	endTxt: autoDraw = True
121.0219 	EXP 	endTxt: autoDraw = True
121.0630 	EXP 	endTxt: autoDraw = True
121.0996 	EXP 	endTxt: autoDraw = True
121.1337 	EXP 	endTxt: autoDraw = True
121.1735 	EXP 	endTxt: autoDraw = True
121.2124 	EXP 	endTxt: autoDraw = True
121.2510 	EXP 	endTxt: autoDraw = True
121.2905 	EXP 	endTxt: autoDraw = True
121.3285 	EXP 	endTxt: autoDraw = True
121.3659 	EXP 	endTxt: autoDraw = True
121.4032 	EXP 	endTxt: autoDraw = True
121.4430 	EXP 	endTxt: autoDraw = True
121.4794 	EXP 	endTxt: autoDraw = True
121.5156 	EXP 	endTxt: autoDraw = True
121.5537 	EXP 	endTxt: autoDraw = True
121.5960 	EXP 	endTxt: autoDraw = True
121.6324 	EXP 	endTxt: autoDraw = True
121.6661 	EXP 	endTxt: autoDraw = True
121.7057 	EXP 	endTxt: autoDraw = True
121.7465 	EXP 	endTxt: autoDraw = True
121.7813 	EXP 	endTxt: autoDraw = True
121.8193 	EXP 	endTxt: autoDraw = True
121.8577 	EXP 	endTxt: autoDraw = True
121.8938 	EXP 	endTxt: autoDraw = True
121.9313 	EXP 	endTxt: autoDraw = True
121.9658 	EXP 	endTxt: autoDraw = True
122.0127 	EXP 	endTxt: autoDraw = True
122.0464 	EXP 	endTxt: autoDraw = True
122.0803 	EXP 	endTxt: autoDraw = True
122.1198 	EXP 	endTxt: autoDraw = True
122.1595 	EXP 	endTxt: autoDraw = True
122.1965 	EXP 	endTxt: autoDraw = True
122.2314 	EXP 	endTxt: autoDraw = True
122.2701 	EXP 	endTxt: autoDraw = True
122.3126 	EXP 	endTxt: autoDraw = True
122.3498 	EXP 	endTxt: autoDraw = True
122.3845 	EXP 	endTxt: autoDraw = True
122.4235 	EXP 	endTxt: autoDraw = True
122.4639 	EXP 	endTxt: autoDraw = True
122.4983 	EXP 	endTxt: autoDraw = True
122.5355 	EXP 	endTxt: autoDraw = True
122.5762 	EXP 	endTxt: autoDraw = True
122.6128 	EXP 	endTxt: autoDraw = True
122.6499 	EXP 	endTxt: autoDraw = True
122.6884 	EXP 	endTxt: autoDraw = True
122.7262 	EXP 	endTxt: autoDraw = True
122.7660 	EXP 	endTxt: autoDraw = True
122.8051 	EXP 	endTxt: autoDraw = True
122.8419 	EXP 	endTxt: autoDraw = True
122.8431 	DATA 	Keypress: space
123.0358 	EXP 	window1: mouseVisible = True
