2.6604 	EXP 	Added new global key event: forcequit
2.6604 	EXP 	Added new global key event: forcequit
2.7538 	EXP 	Added new global key event: forcequit
2.7538 	EXP 	Added new global key event: forcequit
2.4867 	EXP 	Added new global key event: forcequit
2.4867 	EXP 	Added new global key event: forcequit
2.4608 	EXP 	Added new global key event: forcequit
2.4608 	EXP 	Added new global key event: forcequit
2.4970 	EXP 	Added new global key event: forcequit
2.4970 	EXP 	Added new global key event: forcequit
2.4915 	EXP 	Added new global key event: forcequit
2.4915 	EXP 	Added new global key event: forcequit
2.4508 	EXP 	Added new global key event: forcequit
2.4508 	EXP 	Added new global key event: forcequit
2.4818 	EXP 	Added new global key event: forcequit
2.4818 	EXP 	Added new global key event: forcequit
3.6261 	WARNING 	User requested fullscreen with size [800 600], but screen is actually [3240, 2160]. Using actual size
2.5154 	EXP 	Added new global key event: forcequit
2.5154 	EXP 	Added new global key event: forcequit
5.9931 	EXP 	Added new global key event: forcequit
5.9931 	EXP 	Added new global key event: forcequit
14.2916 	DATA 	Mouse: wheel shift=(0,4), pos=(1499,1177)
14.3576 	DATA 	Mouse: wheel shift=(0,0), pos=(1499,1177)
14.3924 	DATA 	Mouse: wheel shift=(0,0), pos=(1499,1177)
14.4253 	DATA 	Mouse: wheel shift=(0,0), pos=(1499,1177)
15.0868 	EXP 	Created window1 = Window(allowGUI=True, allowStencil=False, args=UNKNOWN, autoLog=True, bitsMode=UNKNOWN, blendMode='avg', color='red', colorSpace='named', fullscr=UNKNOWN, gamma=None, kwargs=UNKNOWN, lms=UNKNOWN, monitor=<psychopy.monitors.calibTools.Monitor object at 0x1D9C9A70>, multiSample=False, name='window1', numSamples=2, pos=[0, 0], screen=0, size=array([3240, 2160]), stereo=False, units=u'norm', useFBO=True, useRetina=False, viewOri=0.0, viewPos=None, viewScale=None, waitBlanking=True, winType=u'pyglet')
15.0872 	EXP 	window1: mouseVisible = False
15.0872 	EXP 	window1: recordFrameIntervals = False
15.4200 	EXP 	window1: recordFrameIntervals = True
15.5349 	WARNING 	t of last frame was 41.88ms (=1/23)
16.1149 	EXP 	window1: recordFrameIntervals = False
17.3313 	EXP 	Created instruct_p1 = TextStim(alignHoriz='center', alignVert='center', antialias=True, autoLog=True, bold=False, color='white', colorSpace='named', contrast=1.0, depth=0.0, flipHoriz=False, flipVert=False, font='Arial', fontFiles=[], height=0.05, italic=False, name='instruct_p1', opacity=1.0, ori=0, pos=array([ 0.,  0.]), rgb=array([ 255.,  255.,  255.]), text=newstr(...), units=u'norm', win=Window(...), wrapWidth=1)
17.3876 	EXP 	Created endTxt = TextStim(alignHoriz='center', alignVert='center', antialias=True, autoLog=True, bold=False, color='white', colorSpace='named', contrast=1.0, depth=0.0, flipHoriz=False, flipVert=False, font='Arial', fontFiles=[], height=0.05, italic=False, name='endTxt', opacity=1.0, ori=0, pos=array([ 0.,  0.]), rgb=array([ 255.,  255.,  255.]), text=newstr(...), units=u'norm', win=Window(...), wrapWidth=1)
17.4247 	EXP 	Created ready = TextStim(alignHoriz='center', alignVert='center', antialias=True, autoLog=True, bold=False, color='white', colorSpace='named', contrast=1.0, depth=-1.0, flipHoriz=False, flipVert=False, font='Arial', fontFiles=[], height=0.1, italic=False, name='ready', opacity=1.0, ori=0, pos=array([ 0.,  0.]), rgb=array([ 255.,  255.,  255.]), text='default text', units=u'norm', win=Window(...), wrapWidth=1)
17.4370 	EXP 	Created go = TextStim(alignHoriz='center', alignVert='center', antialias=True, autoLog=True, bold=False, color='white', colorSpace='named', contrast=1.0, depth=-2.0, flipHoriz=False, flipVert=False, font='Arial', fontFiles=[], height=0.1, italic=False, name='go', opacity=1.0, ori=0, pos=array([ 0.,  0.]), rgb=array([ 255.,  255.,  255.]), text='GO', units=u'norm', win=Window(...), wrapWidth=1)
17.4379 	EXP 	Created gap = TextStim(alignHoriz='center', alignVert='center', antialias=True, autoLog=True, bold=False, color='white', colorSpace='named', contrast=1.0, depth=-3.0, flipHoriz=False, flipVert=False, font='Arial', fontFiles=[], height=0.1, italic=False, name='gap', opacity=1.0, ori=0, pos=array([ 0.,  0.]), rgb=array([ 255.,  255.,  255.]), text='', units=u'norm', win=Window(...), wrapWidth=1)
17.4496 	EXP 	Created text = TextStim(alignHoriz='center', alignVert='center', antialias=True, autoLog=True, bold=False, color='white', colorSpace='named', contrast=1.0, depth=-1.0, flipHoriz=False, flipVert=False, font='Arial', fontFiles=[], height=0.1, italic=False, name='text', opacity=0.0, ori=0, pos=array([ 0.,  0.]), rgb=array([ 255.,  255.,  255.]), text='default text', units=u'norm', win=Window(...), wrapWidth=1)
19.0820 	EXP 	Created text_2 = TextStim(alignHoriz='center', alignVert='center', antialias=True, autoLog=True, bold=False, color='white', colorSpace='named', contrast=1.0, depth=0.0, flipHoriz=False, flipVert=False, font='Arial', fontFiles=[], height=0.5, italic=False, name='text_2', opacity=1.0, ori=0, pos=array([ 0.,  0.]), rgb=array([ 255.,  255.,  255.]), text='default text', units=u'norm', win=Window(...), wrapWidth=1)
19.0858 	EXP 	Created mask = TextStim(alignHoriz='center', alignVert='center', antialias=True, autoLog=True, bold=False, color='white', colorSpace='named', contrast=1.0, depth=-1.0, flipHoriz=False, flipVert=False, font='Arial', fontFiles=[], height=0.1, italic=False, name='mask', opacity=1.0, ori=0, pos=array([ 0.,  0.]), rgb=array([ 255.,  255.,  255.]), text=' ', units=u'norm', win=Window(...), wrapWidth=1)
19.1365 	EXP 	Created Probe_t1 = TextStim(alignHoriz='center', alignVert='center', antialias=True, autoLog=True, bold=False, color='white', colorSpace='named', contrast=1.0, depth=0.0, flipHoriz=False, flipVert=False, font='Arial', fontFiles=[], height=0.1, italic=False, name='Probe_t1', opacity=1.0, ori=0, pos=array([ 0.,  0.]), rgb=array([ 255.,  255.,  255.]), text='What numbers did you see?', units=u'norm', win=Window(...), wrapWidth=1)
19.1652 	EXP 	Created Probe_t2 = TextStim(alignHoriz='center', alignVert='center', antialias=True, autoLog=True, bold=False, color='white', colorSpace='named', contrast=1.0, depth=0.0, flipHoriz=False, flipVert=False, font='Arial', fontFiles=[], height=0.1, italic=False, name='Probe_t2', opacity=1.0, ori=0, pos=array([ 0.,  0.]), rgb=array([ 255.,  255.,  255.]), text='What numbers did you see?', units=u'norm', win=Window(...), wrapWidth=1)
19.1660 	EXP 	Created blank = TextStim(alignHoriz='center', alignVert='center', antialias=True, autoLog=True, bold=False, color='red', colorSpace='named', contrast=1.0, depth=0.0, flipHoriz=False, flipVert=False, font='Arial', fontFiles=[], height=0.1, italic=False, name='blank', opacity=1.0, ori=0, pos=array([ 0.,  0.]), rgb=array([ 255.,    0.,    0.]), text='', units=u'norm', win=Window(...), wrapWidth=1)
19.2682 	EXP 	Created Break = TextStim(alignHoriz='center', alignVert='center', antialias=True, autoLog=True, bold=False, color='red', colorSpace='named', contrast=1.0, depth=0.0, flipHoriz=False, flipVert=False, font='Arial', fontFiles=[], height=0.1, italic=False, name='Break', opacity=1.0, ori=0, pos=array([ 0.,  0.]), rgb=array([ 255.,    0.,    0.]), text=newstr(...), units=u'norm', win=Window(...), wrapWidth=1)
19.3110 	EXP 	instruct_p1: autoDraw = True
21.2734 	DATA 	Keypress: space
21.2743 	EXP 	Created sequence: random, trialTypes=1, nReps=2, seed=None
21.2746 	EXP 	New trial (rep=0, index=0): None
21.3763 	EXP 	window1: mouseVisible = True
6.6708 	EXP 	Added new global key event: forcequit
6.6708 	EXP 	Added new global key event: forcequit
11.4103 	EXP 	Created window1 = Window(allowGUI=True, allowStencil=False, args=UNKNOWN, autoLog=True, bitsMode=UNKNOWN, blendMode='avg', color='red', colorSpace='named', fullscr=UNKNOWN, gamma=None, kwargs=UNKNOWN, lms=UNKNOWN, monitor=<psychopy.monitors.calibTools.Monitor object at 0x1E056A70>, multiSample=False, name='window1', numSamples=2, pos=[0, 0], screen=0, size=array([3240, 2160]), stereo=False, units=u'norm', useFBO=True, useRetina=False, viewOri=0.0, viewPos=None, viewScale=None, waitBlanking=True, winType=u'pyglet')
11.4104 	EXP 	window1: mouseVisible = False
11.4104 	EXP 	window1: recordFrameIntervals = False
11.7501 	EXP 	window1: recordFrameIntervals = True
12.1153 	EXP 	window1: recordFrameIntervals = False
13.1431 	EXP 	Created instruct_p1 = TextStim(alignHoriz='center', alignVert='center', antialias=True, autoLog=True, bold=False, color='white', colorSpace='named', contrast=1.0, depth=0.0, flipHoriz=False, flipVert=False, font='Arial', fontFiles=[], height=0.05, italic=False, name='instruct_p1', opacity=1.0, ori=0, pos=array([ 0.,  0.]), rgb=array([ 255.,  255.,  255.]), text=newstr(...), units=u'norm', win=Window(...), wrapWidth=1)
13.2053 	EXP 	Created endTxt = TextStim(alignHoriz='center', alignVert='center', antialias=True, autoLog=True, bold=False, color='white', colorSpace='named', contrast=1.0, depth=0.0, flipHoriz=False, flipVert=False, font='Arial', fontFiles=[], height=0.05, italic=False, name='endTxt', opacity=1.0, ori=0, pos=array([ 0.,  0.]), rgb=array([ 255.,  255.,  255.]), text=newstr(...), units=u'norm', win=Window(...), wrapWidth=1)
13.2418 	EXP 	Created ready = TextStim(alignHoriz='center', alignVert='center', antialias=True, autoLog=True, bold=False, color='white', colorSpace='named', contrast=1.0, depth=-1.0, flipHoriz=False, flipVert=False, font='Arial', fontFiles=[], height=0.1, italic=False, name='ready', opacity=1.0, ori=0, pos=array([ 0.,  0.]), rgb=array([ 255.,  255.,  255.]), text='default text', units=u'norm', win=Window(...), wrapWidth=1)
13.2556 	EXP 	Created go = TextStim(alignHoriz='center', alignVert='center', antialias=True, autoLog=True, bold=False, color='white', colorSpace='named', contrast=1.0, depth=-2.0, flipHoriz=False, flipVert=False, font='Arial', fontFiles=[], height=0.1, italic=False, name='go', opacity=1.0, ori=0, pos=array([ 0.,  0.]), rgb=array([ 255.,  255.,  255.]), text='GO', units=u'norm', win=Window(...), wrapWidth=1)
13.2565 	EXP 	Created gap = TextStim(alignHoriz='center', alignVert='center', antialias=True, autoLog=True, bold=False, color='white', colorSpace='named', contrast=1.0, depth=-3.0, flipHoriz=False, flipVert=False, font='Arial', fontFiles=[], height=0.1, italic=False, name='gap', opacity=1.0, ori=0, pos=array([ 0.,  0.]), rgb=array([ 255.,  255.,  255.]), text='', units=u'norm', win=Window(...), wrapWidth=1)
13.2675 	EXP 	Created text = TextStim(alignHoriz='center', alignVert='center', antialias=True, autoLog=True, bold=False, color='white', colorSpace='named', contrast=1.0, depth=-1.0, flipHoriz=False, flipVert=False, font='Arial', fontFiles=[], height=0.1, italic=False, name='text', opacity=0.0, ori=0, pos=array([ 0.,  0.]), rgb=array([ 255.,  255.,  255.]), text='default text', units=u'norm', win=Window(...), wrapWidth=1)
13.7328 	EXP 	Created text_2 = TextStim(alignHoriz='center', alignVert='center', antialias=True, autoLog=True, bold=False, color='white', colorSpace='named', contrast=1.0, depth=0.0, flipHoriz=False, flipVert=False, font='Arial', fontFiles=[], height=0.5, italic=False, name='text_2', opacity=1.0, ori=0, pos=array([ 0.,  0.]), rgb=array([ 255.,  255.,  255.]), text='default text', units=u'norm', win=Window(...), wrapWidth=1)
13.7375 	EXP 	Created mask = TextStim(alignHoriz='center', alignVert='center', antialias=True, autoLog=True, bold=False, color='white', colorSpace='named', contrast=1.0, depth=-1.0, flipHoriz=False, flipVert=False, font='Arial', fontFiles=[], height=0.1, italic=False, name='mask', opacity=1.0, ori=0, pos=array([ 0.,  0.]), rgb=array([ 255.,  255.,  255.]), text=' ', units=u'norm', win=Window(...), wrapWidth=1)
13.7933 	EXP 	Created Probe_t1 = TextStim(alignHoriz='center', alignVert='center', antialias=True, autoLog=True, bold=False, color='white', colorSpace='named', contrast=1.0, depth=0.0, flipHoriz=False, flipVert=False, font='Arial', fontFiles=[], height=0.1, italic=False, name='Probe_t1', opacity=1.0, ori=0, pos=array([ 0.,  0.]), rgb=array([ 255.,  255.,  255.]), text='What numbers did you see?', units=u'norm', win=Window(...), wrapWidth=1)
13.8402 	EXP 	Created Probe_t2 = TextStim(alignHoriz='center', alignVert='center', antialias=True, autoLog=True, bold=False, color='white', colorSpace='named', contrast=1.0, depth=0.0, flipHoriz=False, flipVert=False, font='Arial', fontFiles=[], height=0.1, italic=False, name='Probe_t2', opacity=1.0, ori=0, pos=array([ 0.,  0.]), rgb=array([ 255.,  255.,  255.]), text='What numbers did you see?', units=u'norm', win=Window(...), wrapWidth=1)
13.8414 	EXP 	Created blank = TextStim(alignHoriz='center', alignVert='center', antialias=True, autoLog=True, bold=False, color='red', colorSpace='named', contrast=1.0, depth=0.0, flipHoriz=False, flipVert=False, font='Arial', fontFiles=[], height=0.1, italic=False, name='blank', opacity=1.0, ori=0, pos=array([ 0.,  0.]), rgb=array([ 255.,    0.,    0.]), text='', units=u'norm', win=Window(...), wrapWidth=1)
13.9667 	EXP 	Created Break = TextStim(alignHoriz='center', alignVert='center', antialias=True, autoLog=True, bold=False, color='red', colorSpace='named', contrast=1.0, depth=0.0, flipHoriz=False, flipVert=False, font='Arial', fontFiles=[], height=0.1, italic=False, name='Break', opacity=1.0, ori=0, pos=array([ 0.,  0.]), rgb=array([ 255.,    0.,    0.]), text=newstr(...), units=u'norm', win=Window(...), wrapWidth=1)
14.0040 	EXP 	instruct_p1: autoDraw = True
14.7091 	DATA 	Keypress: space
14.7101 	EXP 	Created sequence: random, trialTypes=1, nReps=2, seed=None
14.7106 	EXP 	New trial (rep=0, index=0): None
14.7757 	EXP 	instruct_p1: autoDraw = False
14.7757 	EXP 	ready: text = 'Block 1\n\nReady?'
14.7757 	EXP 	ready: autoDraw = True
15.7351 	EXP 	ready: autoDraw = False
15.7728 	EXP 	go: autoDraw = True
16.2209 	EXP 	go: autoDraw = False
16.2519 	EXP 	gap: autoDraw = True
16.3949 	EXP 	Created sequence: sequential, trialTypes=1, nReps=528, seed=None
16.3994 	EXP 	New trial (rep=0, index=0): None
16.4477 	EXP 	gap: autoDraw = False
16.4477 	EXP 	ready: autoDraw = False
16.4477 	EXP 	go: autoDraw = False
16.4477 	EXP 	gap: autoDraw = False
16.4477 	EXP 	text: text = 1
16.4477 	EXP 	text: autoDraw = True
16.5951 	EXP 	Imported tmp_stimuli.csv as conditions, 18 conditions, 6 params
16.5955 	EXP 	Created sequence: sequential, trialTypes=18, nReps=1, seed=None
16.5960 	EXP 	New trial (rep=0, index=0): OrderedDict([('block', 1), ('sep_dur', u'short'), ('Tx', u't2'), ('trial', 1), ('stimulus', u'U'), ('cond', u'distractor')])
16.6751 	EXP 	text: autoDraw = False
16.6751 	EXP 	text: autoDraw = False
16.6751 	EXP 	text_2: text = u'U'
16.6751 	EXP 	text_2: autoDraw = True
16.6751 	EXP 	text_2: autoDraw = False
16.6757 	EXP 	New trial (rep=0, index=1): OrderedDict([('block', 1), ('sep_dur', u'short'), ('Tx', u't2'), ('trial', 2), ('stimulus', u'Y'), ('cond', u'distractor')])
16.7486 	EXP 	mask: autoDraw = True
16.7486 	EXP 	mask: autoDraw = False
16.7486 	EXP 	text_2: autoDraw = False
16.7486 	EXP 	mask: autoDraw = False
16.7486 	EXP 	text_2: text = u'Y'
16.7486 	EXP 	text_2: autoDraw = True
16.7486 	EXP 	text_2: autoDraw = False
16.7493 	EXP 	New trial (rep=0, index=2): OrderedDict([('block', 1), ('sep_dur', u'short'), ('Tx', u't2'), ('trial', 3), ('stimulus', u'R'), ('cond', u'distractor')])
16.8213 	EXP 	mask: autoDraw = True
16.8213 	EXP 	mask: autoDraw = False
16.8213 	EXP 	text_2: autoDraw = False
16.8213 	EXP 	mask: autoDraw = False
16.8213 	EXP 	text_2: text = u'R'
16.8213 	EXP 	text_2: autoDraw = True
16.8213 	EXP 	text_2: autoDraw = False
16.8222 	EXP 	New trial (rep=0, index=3): OrderedDict([('block', 1), ('sep_dur', u'short'), ('Tx', u't2'), ('trial', 4), ('stimulus', u'F'), ('cond', u'distractor')])
16.8961 	EXP 	mask: autoDraw = True
16.8961 	EXP 	mask: autoDraw = False
16.8961 	EXP 	text_2: autoDraw = False
16.8961 	EXP 	mask: autoDraw = False
16.8961 	EXP 	text_2: text = u'F'
16.8961 	EXP 	text_2: autoDraw = True
16.8961 	EXP 	text_2: autoDraw = False
16.8969 	EXP 	New trial (rep=0, index=4): OrderedDict([('block', 1), ('sep_dur', u'short'), ('Tx', u't2'), ('trial', 5), ('stimulus', u'6'), ('cond', u'target')])
16.9753 	EXP 	mask: autoDraw = True
16.9753 	EXP 	mask: autoDraw = False
16.9753 	EXP 	text_2: autoDraw = False
16.9753 	EXP 	mask: autoDraw = False
16.9753 	EXP 	text_2: text = u'6'
16.9753 	EXP 	text_2: autoDraw = True
16.9753 	EXP 	text_2: autoDraw = False
16.9764 	EXP 	New trial (rep=0, index=5): OrderedDict([('block', 1), ('sep_dur', u'short'), ('Tx', u't2'), ('trial', 6), ('stimulus', u'S'), ('cond', u'distractor')])
17.0504 	EXP 	mask: autoDraw = True
17.0504 	EXP 	mask: autoDraw = False
17.0504 	EXP 	text_2: autoDraw = False
17.0504 	EXP 	mask: autoDraw = False
17.0504 	EXP 	text_2: text = u'S'
17.0504 	EXP 	text_2: autoDraw = True
17.0504 	EXP 	text_2: autoDraw = False
17.0511 	EXP 	New trial (rep=0, index=6): OrderedDict([('block', 1), ('sep_dur', u'short'), ('Tx', u't2'), ('trial', 7), ('stimulus', u'P'), ('cond', u'distractor')])
17.1215 	EXP 	mask: autoDraw = True
17.1215 	EXP 	mask: autoDraw = False
17.1215 	EXP 	text_2: autoDraw = False
17.1215 	EXP 	mask: autoDraw = False
17.1215 	EXP 	text_2: text = u'P'
17.1215 	EXP 	text_2: autoDraw = True
17.1215 	EXP 	text_2: autoDraw = False
17.1221 	EXP 	New trial (rep=0, index=7): OrderedDict([('block', 1), ('sep_dur', u'short'), ('Tx', u't2'), ('trial', 8), ('stimulus', u'H'), ('cond', u'distractor')])
17.1956 	EXP 	mask: autoDraw = True
17.1956 	EXP 	mask: autoDraw = False
17.1956 	EXP 	text_2: autoDraw = False
17.1956 	EXP 	mask: autoDraw = False
17.1956 	EXP 	text_2: text = u'H'
17.1956 	EXP 	text_2: autoDraw = True
17.1956 	EXP 	text_2: autoDraw = False
17.1965 	EXP 	New trial (rep=0, index=8): OrderedDict([('block', 1), ('sep_dur', u'short'), ('Tx', u't2'), ('trial', 9), ('stimulus', u'R'), ('cond', u'distractor')])
17.2398 	EXP 	mask: autoDraw = True
17.2398 	EXP 	mask: autoDraw = False
17.2398 	EXP 	text_2: autoDraw = False
17.2398 	EXP 	mask: autoDraw = False
17.2398 	EXP 	text_2: text = u'R'
17.2398 	EXP 	text_2: autoDraw = True
17.2766 	EXP 	text_2: autoDraw = False
17.2775 	EXP 	New trial (rep=0, index=9): OrderedDict([('block', 1), ('sep_dur', u'short'), ('Tx', u't2'), ('trial', 10), ('stimulus', u'5'), ('cond', u'target')])
17.3551 	EXP 	mask: autoDraw = True
17.3551 	EXP 	mask: autoDraw = False
17.3551 	EXP 	text_2: autoDraw = False
17.3551 	EXP 	mask: autoDraw = False
17.3551 	EXP 	text_2: text = u'5'
17.3551 	EXP 	text_2: autoDraw = True
17.3551 	EXP 	text_2: autoDraw = False
17.3560 	EXP 	New trial (rep=0, index=10): OrderedDict([('block', 1), ('sep_dur', u'short'), ('Tx', u't2'), ('trial', 11), ('stimulus', u'C'), ('cond', u'distractor')])
17.4292 	EXP 	mask: autoDraw = True
17.4292 	EXP 	mask: autoDraw = False
17.4292 	EXP 	text_2: autoDraw = False
17.4292 	EXP 	mask: autoDraw = False
17.4292 	EXP 	text_2: text = u'C'
17.4292 	EXP 	text_2: autoDraw = True
17.4292 	EXP 	text_2: autoDraw = False
17.4299 	EXP 	New trial (rep=0, index=11): OrderedDict([('block', 1), ('sep_dur', u'short'), ('Tx', u't2'), ('trial', 12), ('stimulus', u'Y'), ('cond', u'distractor')])
17.4700 	EXP 	mask: autoDraw = True
17.4700 	EXP 	mask: autoDraw = False
17.4700 	EXP 	text_2: autoDraw = False
17.4700 	EXP 	mask: autoDraw = False
17.4700 	EXP 	text_2: text = u'Y'
17.4700 	EXP 	text_2: autoDraw = True
17.5037 	EXP 	text_2: autoDraw = False
17.5054 	EXP 	New trial (rep=0, index=12): OrderedDict([('block', 1), ('sep_dur', u'short'), ('Tx', u't2'), ('trial', 13), ('stimulus', u'C'), ('cond', u'distractor')])
17.5441 	EXP 	mask: autoDraw = True
17.5441 	EXP 	mask: autoDraw = False
17.5441 	EXP 	text_2: autoDraw = False
17.5441 	EXP 	mask: autoDraw = False
17.5441 	EXP 	text_2: text = u'C'
17.5441 	EXP 	text_2: autoDraw = True
17.5760 	EXP 	text_2: autoDraw = False
17.5769 	EXP 	New trial (rep=0, index=13): OrderedDict([('block', 1), ('sep_dur', u'short'), ('Tx', u't2'), ('trial', 14), ('stimulus', u'I'), ('cond', u'distractor')])
17.6493 	EXP 	mask: autoDraw = True
17.6493 	EXP 	mask: autoDraw = False
17.6493 	EXP 	text_2: autoDraw = False
17.6493 	EXP 	mask: autoDraw = False
17.6493 	EXP 	text_2: text = u'I'
17.6493 	EXP 	text_2: autoDraw = True
17.6493 	EXP 	text_2: autoDraw = False
17.6499 	EXP 	New trial (rep=0, index=14): OrderedDict([('block', 1), ('sep_dur', u'short'), ('Tx', u't2'), ('trial', 15), ('stimulus', u'R'), ('cond', u'distractor')])
17.6869 	EXP 	mask: autoDraw = True
17.6869 	EXP 	mask: autoDraw = False
17.6869 	EXP 	text_2: autoDraw = False
17.6869 	EXP 	mask: autoDraw = False
17.6869 	EXP 	text_2: text = u'R'
17.6869 	EXP 	text_2: autoDraw = True
17.7199 	EXP 	text_2: autoDraw = False
17.7212 	EXP 	New trial (rep=0, index=15): OrderedDict([('block', 1), ('sep_dur', u'short'), ('Tx', u't2'), ('trial', 16), ('stimulus', u'H'), ('cond', u'distractor')])
17.7584 	EXP 	mask: autoDraw = True
17.7584 	EXP 	mask: autoDraw = False
17.7584 	EXP 	text_2: autoDraw = False
17.7584 	EXP 	mask: autoDraw = False
17.7584 	EXP 	text_2: text = u'H'
17.7584 	EXP 	text_2: autoDraw = True
17.7930 	EXP 	text_2: autoDraw = False
17.7939 	EXP 	New trial (rep=0, index=16): OrderedDict([('block', 1), ('sep_dur', u'short'), ('Tx', u't2'), ('trial', 17), ('stimulus', u'Q'), ('cond', u'distractor')])
17.8746 	EXP 	mask: autoDraw = True
17.8746 	EXP 	mask: autoDraw = False
17.8746 	EXP 	text_2: autoDraw = False
17.8746 	EXP 	mask: autoDraw = False
17.8746 	EXP 	text_2: text = u'Q'
17.8746 	EXP 	text_2: autoDraw = True
17.8746 	EXP 	text_2: autoDraw = False
17.8753 	EXP 	New trial (rep=0, index=17): OrderedDict([('block', 1), ('sep_dur', u'short'), ('Tx', u't2'), ('trial', 18), ('stimulus', u'S'), ('cond', u'distractor')])
17.9105 	EXP 	mask: autoDraw = True
17.9105 	EXP 	mask: autoDraw = False
17.9105 	EXP 	text_2: autoDraw = False
17.9105 	EXP 	mask: autoDraw = False
17.9105 	EXP 	text_2: text = u'S'
17.9105 	EXP 	text_2: autoDraw = True
17.9424 	EXP 	text_2: autoDraw = False
17.9793 	EXP 	mask: autoDraw = True
17.9793 	EXP 	mask: autoDraw = False
17.9793 	EXP 	text_2: autoDraw = False
17.9793 	EXP 	mask: autoDraw = False
19.0087 	EXP 	Probe_t1: autoDraw = True
20.6362 	DATA 	Keypress: 3
20.6768 	EXP 	Probe_t1: autoDraw = False
20.6768 	EXP 	Probe_t2: autoDraw = True
21.4447 	DATA 	Keypress: 3
21.4886 	EXP 	Probe_t2: autoDraw = False
21.4886 	EXP 	blank: autoDraw = True
22.2135 	EXP 	New trial (rep=1, index=0): None
22.2650 	EXP 	blank: autoDraw = False
22.2650 	EXP 	text: text = 2
22.2650 	EXP 	text: autoDraw = True
22.4153 	EXP 	Imported tmp_stimuli.csv as conditions, 17 conditions, 6 params
22.4157 	EXP 	Created sequence: sequential, trialTypes=17, nReps=1, seed=None
22.4162 	EXP 	New trial (rep=0, index=0): OrderedDict([('block', 2), ('sep_dur', u'short'), ('Tx', u't1'), ('trial', 1), ('stimulus', u'K'), ('cond', u'distractor')])
22.4885 	EXP 	text: autoDraw = False
22.4885 	EXP 	text_2: text = u'K'
22.4885 	EXP 	text_2: autoDraw = True
22.4885 	EXP 	text_2: autoDraw = False
22.4893 	EXP 	New trial (rep=0, index=1): OrderedDict([('block', 2), ('sep_dur', u'short'), ('Tx', u't1'), ('trial', 2), ('stimulus', u'J'), ('cond', u'distractor')])
22.5617 	EXP 	text_2: autoDraw = False
22.5617 	EXP 	mask: autoDraw = False
22.5617 	EXP 	text_2: text = u'J'
22.5617 	EXP 	text_2: autoDraw = True
22.5617 	EXP 	text_2: autoDraw = False
22.5623 	EXP 	New trial (rep=0, index=2): OrderedDict([('block', 2), ('sep_dur', u'short'), ('Tx', u't1'), ('trial', 3), ('stimulus', u'I'), ('cond', u'distractor')])
22.6004 	EXP 	mask: autoDraw = True
22.6004 	EXP 	mask: autoDraw = False
22.6004 	EXP 	text_2: autoDraw = False
22.6004 	EXP 	mask: autoDraw = False
22.6004 	EXP 	text_2: text = u'I'
22.6004 	EXP 	text_2: autoDraw = True
22.6338 	EXP 	text_2: autoDraw = False
22.6344 	EXP 	New trial (rep=0, index=3): OrderedDict([('block', 2), ('sep_dur', u'short'), ('Tx', u't1'), ('trial', 4), ('stimulus', u'X'), ('cond', u'distractor')])
22.7002 	EXP 	mask: autoDraw = True
22.7002 	EXP 	mask: autoDraw = False
22.7002 	EXP 	text_2: autoDraw = False
22.7002 	EXP 	mask: autoDraw = False
22.7002 	EXP 	text_2: text = u'X'
22.7002 	EXP 	text_2: autoDraw = True
22.7002 	EXP 	text_2: autoDraw = False
22.7008 	EXP 	New trial (rep=0, index=4): OrderedDict([('block', 2), ('sep_dur', u'short'), ('Tx', u't1'), ('trial', 5), ('stimulus', u'Z'), ('cond', u'distractor')])
22.7726 	EXP 	mask: autoDraw = True
22.7726 	EXP 	mask: autoDraw = False
22.7726 	EXP 	text_2: autoDraw = False
22.7726 	EXP 	mask: autoDraw = False
22.7726 	EXP 	text_2: text = u'Z'
22.7726 	EXP 	text_2: autoDraw = True
22.7726 	EXP 	text_2: autoDraw = False
22.7733 	EXP 	New trial (rep=0, index=5): OrderedDict([('block', 2), ('sep_dur', u'short'), ('Tx', u't1'), ('trial', 6), ('stimulus', u'O'), ('cond', u'distractor')])
22.8424 	EXP 	mask: autoDraw = True
22.8424 	EXP 	mask: autoDraw = False
22.8424 	EXP 	text_2: autoDraw = False
22.8424 	EXP 	mask: autoDraw = False
22.8424 	EXP 	text_2: text = u'O'
22.8424 	EXP 	text_2: autoDraw = True
22.8424 	EXP 	text_2: autoDraw = False
22.8433 	EXP 	New trial (rep=0, index=6): OrderedDict([('block', 2), ('sep_dur', u'short'), ('Tx', u't1'), ('trial', 7), ('stimulus', u'L'), ('cond', u'distractor')])
22.9122 	EXP 	mask: autoDraw = True
22.9122 	EXP 	mask: autoDraw = False
22.9122 	EXP 	text_2: autoDraw = False
22.9122 	EXP 	mask: autoDraw = False
22.9122 	EXP 	text_2: text = u'L'
22.9122 	EXP 	text_2: autoDraw = True
22.9122 	EXP 	text_2: autoDraw = False
22.9130 	EXP 	New trial (rep=0, index=7): OrderedDict([('block', 2), ('sep_dur', u'short'), ('Tx', u't1'), ('trial', 8), ('stimulus', u'H'), ('cond', u'distractor')])
22.9540 	EXP 	mask: autoDraw = True
22.9540 	EXP 	mask: autoDraw = False
22.9540 	EXP 	text_2: autoDraw = False
22.9540 	EXP 	mask: autoDraw = False
22.9540 	EXP 	text_2: text = u'H'
22.9540 	EXP 	text_2: autoDraw = True
22.9871 	EXP 	text_2: autoDraw = False
22.9882 	EXP 	New trial (rep=0, index=8): OrderedDict([('block', 2), ('sep_dur', u'short'), ('Tx', u't1'), ('trial', 9), ('stimulus', u'J'), ('cond', u'distractor')])
23.0257 	EXP 	mask: autoDraw = True
23.0257 	EXP 	mask: autoDraw = False
23.0257 	EXP 	text_2: autoDraw = False
23.0257 	EXP 	mask: autoDraw = False
23.0257 	EXP 	text_2: text = u'J'
23.0257 	EXP 	text_2: autoDraw = True
23.0596 	EXP 	text_2: autoDraw = False
23.0603 	EXP 	New trial (rep=0, index=9): OrderedDict([('block', 2), ('sep_dur', u'short'), ('Tx', u't1'), ('trial', 10), ('stimulus', u'2'), ('cond', u'target')])
23.1341 	EXP 	mask: autoDraw = True
23.1341 	EXP 	mask: autoDraw = False
23.1341 	EXP 	text_2: autoDraw = False
23.1341 	EXP 	mask: autoDraw = False
23.1341 	EXP 	text_2: text = u'2'
23.1341 	EXP 	text_2: autoDraw = True
23.1341 	EXP 	text_2: autoDraw = False
23.1351 	EXP 	New trial (rep=0, index=10): OrderedDict([('block', 2), ('sep_dur', u'short'), ('Tx', u't1'), ('trial', 11), ('stimulus', u'R'), ('cond', u'distractor')])
23.1757 	EXP 	mask: autoDraw = True
23.1757 	EXP 	mask: autoDraw = False
23.1757 	EXP 	text_2: autoDraw = False
23.1757 	EXP 	mask: autoDraw = False
23.1757 	EXP 	text_2: text = u'R'
23.1757 	EXP 	text_2: autoDraw = True
23.2107 	EXP 	text_2: autoDraw = False
23.2115 	EXP 	New trial (rep=0, index=11): OrderedDict([('block', 2), ('sep_dur', u'short'), ('Tx', u't1'), ('trial', 12), ('stimulus', u'J'), ('cond', u'distractor')])
23.2526 	EXP 	mask: autoDraw = True
23.2526 	EXP 	mask: autoDraw = False
23.2526 	EXP 	text_2: autoDraw = False
23.2526 	EXP 	mask: autoDraw = False
23.2526 	EXP 	text_2: text = u'J'
23.2526 	EXP 	text_2: autoDraw = True
23.2868 	EXP 	text_2: autoDraw = False
23.2878 	EXP 	New trial (rep=0, index=12): OrderedDict([('block', 2), ('sep_dur', u'short'), ('Tx', u't1'), ('trial', 13), ('stimulus', u'B'), ('cond', u'distractor')])
23.3608 	EXP 	mask: autoDraw = True
23.3608 	EXP 	mask: autoDraw = False
23.3608 	EXP 	text_2: autoDraw = False
23.3608 	EXP 	mask: autoDraw = False
23.3608 	EXP 	text_2: text = u'B'
23.3608 	EXP 	text_2: autoDraw = True
23.3608 	EXP 	text_2: autoDraw = False
23.3617 	EXP 	New trial (rep=0, index=13): OrderedDict([('block', 2), ('sep_dur', u'short'), ('Tx', u't1'), ('trial', 14), ('stimulus', u'C'), ('cond', u'distractor')])
23.4002 	EXP 	mask: autoDraw = True
23.4002 	EXP 	mask: autoDraw = False
23.4002 	EXP 	text_2: autoDraw = False
23.4002 	EXP 	mask: autoDraw = False
23.4002 	EXP 	text_2: text = u'C'
23.4002 	EXP 	text_2: autoDraw = True
23.4334 	EXP 	text_2: autoDraw = False
23.4340 	EXP 	New trial (rep=0, index=14): OrderedDict([('block', 2), ('sep_dur', u'short'), ('Tx', u't1'), ('trial', 15), ('stimulus', u' '), ('cond', u'mask')])
23.4709 	EXP 	mask: autoDraw = True
23.4709 	EXP 	mask: autoDraw = False
23.4709 	EXP 	text_2: autoDraw = False
23.4709 	EXP 	mask: autoDraw = False
23.4709 	EXP 	text_2: text = u' '
23.4709 	EXP 	text_2: autoDraw = True
23.5087 	EXP 	text_2: autoDraw = False
23.5093 	EXP 	New trial (rep=0, index=15): OrderedDict([('block', 2), ('sep_dur', u'short'), ('Tx', u't1'), ('trial', 16), ('stimulus', u'F'), ('cond', u'distractor')])
23.5445 	EXP 	mask: autoDraw = True
23.5445 	EXP 	mask: autoDraw = False
23.5445 	EXP 	text_2: autoDraw = False
23.5445 	EXP 	mask: autoDraw = False
23.5445 	EXP 	text_2: text = u'F'
23.5445 	EXP 	text_2: autoDraw = True
23.5755 	EXP 	text_2: autoDraw = False
23.5764 	EXP 	New trial (rep=0, index=16): OrderedDict([('block', 2), ('sep_dur', u'short'), ('Tx', u't1'), ('trial', 17), ('stimulus', u'M'), ('cond', u'distractor')])
23.6480 	EXP 	mask: autoDraw = True
23.6480 	EXP 	mask: autoDraw = False
23.6480 	EXP 	text_2: autoDraw = False
23.6480 	EXP 	mask: autoDraw = False
23.6480 	EXP 	text_2: text = u'M'
23.6480 	EXP 	text_2: autoDraw = True
23.6480 	EXP 	text_2: autoDraw = False
23.6831 	EXP 	mask: autoDraw = True
23.6831 	EXP 	mask: autoDraw = False
23.6831 	EXP 	text_2: autoDraw = False
23.6831 	EXP 	mask: autoDraw = False
24.6995 	EXP 	Probe_t1: autoDraw = True
25.7985 	DATA 	Keypress: 4
25.8430 	EXP 	Probe_t1: autoDraw = False
25.8430 	EXP 	Probe_t2: autoDraw = True
25.9565 	DATA 	Keypress: 4
25.9987 	EXP 	Probe_t2: autoDraw = False
25.9987 	EXP 	blank: autoDraw = True
26.6969 	EXP 	New trial (rep=2, index=0): None
26.7458 	EXP 	blank: autoDraw = False
26.7458 	EXP 	blank: autoDraw = False
26.7458 	EXP 	text: text = 3
26.7458 	EXP 	text: autoDraw = True
26.9002 	EXP 	Imported tmp_stimuli.csv as conditions, 17 conditions, 6 params
26.9008 	EXP 	Created sequence: sequential, trialTypes=17, nReps=1, seed=None
26.9017 	EXP 	New trial (rep=0, index=0): OrderedDict([('block', 3), ('sep_dur', u'short'), ('Tx', u't1'), ('trial', 1), ('stimulus', u'X'), ('cond', u'distractor')])
26.9459 	EXP 	text: autoDraw = False
26.9459 	EXP 	text: autoDraw = False
26.9459 	EXP 	text_2: text = u'X'
26.9459 	EXP 	text_2: autoDraw = True
26.9803 	EXP 	text_2: autoDraw = False
26.9813 	EXP 	New trial (rep=0, index=1): OrderedDict([('block', 3), ('sep_dur', u'short'), ('Tx', u't1'), ('trial', 2), ('stimulus', u'W'), ('cond', u'distractor')])
27.0551 	EXP 	mask: autoDraw = True
27.0551 	EXP 	mask: autoDraw = False
27.0551 	EXP 	text_2: autoDraw = False
27.0551 	EXP 	mask: autoDraw = False
27.0551 	EXP 	text_2: text = u'W'
27.0551 	EXP 	text_2: autoDraw = True
27.0551 	EXP 	text_2: autoDraw = False
27.0558 	EXP 	New trial (rep=0, index=2): OrderedDict([('block', 3), ('sep_dur', u'short'), ('Tx', u't1'), ('trial', 3), ('stimulus', u'2'), ('cond', u'target')])
27.0938 	EXP 	mask: autoDraw = True
27.0938 	EXP 	mask: autoDraw = False
27.0938 	EXP 	text_2: autoDraw = False
27.0938 	EXP 	mask: autoDraw = False
27.0938 	EXP 	text_2: text = u'2'
27.0938 	EXP 	text_2: autoDraw = True
27.1361 	EXP 	text_2: autoDraw = False
27.1370 	EXP 	New trial (rep=0, index=3): OrderedDict([('block', 3), ('sep_dur', u'short'), ('Tx', u't1'), ('trial', 4), ('stimulus', u'B'), ('cond', u'distractor')])
27.1799 	EXP 	mask: autoDraw = True
27.1799 	EXP 	mask: autoDraw = False
27.1799 	EXP 	text_2: autoDraw = False
27.1799 	EXP 	mask: autoDraw = False
27.1799 	EXP 	text_2: text = u'B'
27.1799 	EXP 	text_2: autoDraw = True
27.2110 	EXP 	text_2: autoDraw = False
27.2116 	EXP 	New trial (rep=0, index=4): OrderedDict([('block', 3), ('sep_dur', u'short'), ('Tx', u't1'), ('trial', 5), ('stimulus', u'V'), ('cond', u'distractor')])
27.2850 	EXP 	mask: autoDraw = True
27.2850 	EXP 	mask: autoDraw = False
27.2850 	EXP 	text_2: autoDraw = False
27.2850 	EXP 	mask: autoDraw = False
27.2850 	EXP 	text_2: text = u'V'
27.2850 	EXP 	text_2: autoDraw = True
27.2850 	EXP 	text_2: autoDraw = False
27.2857 	EXP 	New trial (rep=0, index=5): OrderedDict([('block', 3), ('sep_dur', u'short'), ('Tx', u't1'), ('trial', 6), ('stimulus', u'B'), ('cond', u'distractor')])
27.3230 	EXP 	mask: autoDraw = True
27.3230 	EXP 	mask: autoDraw = False
27.3230 	EXP 	text_2: autoDraw = False
27.3230 	EXP 	mask: autoDraw = False
27.3230 	EXP 	text_2: text = u'B'
27.3230 	EXP 	text_2: autoDraw = True
27.3541 	EXP 	text_2: autoDraw = False
27.3552 	EXP 	New trial (rep=0, index=6): OrderedDict([('block', 3), ('sep_dur', u'short'), ('Tx', u't1'), ('trial', 7), ('stimulus', u'K'), ('cond', u'distractor')])
27.3951 	EXP 	mask: autoDraw = True
27.3951 	EXP 	mask: autoDraw = False
27.3951 	EXP 	text_2: autoDraw = False
27.3951 	EXP 	mask: autoDraw = False
27.3951 	EXP 	text_2: text = u'K'
27.3951 	EXP 	text_2: autoDraw = True
27.4265 	EXP 	text_2: autoDraw = False
27.4271 	EXP 	New trial (rep=0, index=7): OrderedDict([('block', 3), ('sep_dur', u'short'), ('Tx', u't1'), ('trial', 8), ('stimulus', u' '), ('cond', u'mask')])
27.4755 	EXP 	mask: autoDraw = True
27.4755 	EXP 	mask: autoDraw = False
27.4755 	EXP 	text_2: autoDraw = False
27.4755 	EXP 	mask: autoDraw = False
27.4755 	EXP 	text_2: text = u' '
27.4755 	EXP 	text_2: autoDraw = True
27.5051 	EXP 	text_2: autoDraw = False
27.5056 	EXP 	New trial (rep=0, index=8): OrderedDict([('block', 3), ('sep_dur', u'short'), ('Tx', u't1'), ('trial', 9), ('stimulus', u'F'), ('cond', u'distractor')])
27.5437 	EXP 	mask: autoDraw = True
27.5437 	EXP 	mask: autoDraw = False
27.5437 	EXP 	text_2: autoDraw = False
27.5437 	EXP 	mask: autoDraw = False
27.5437 	EXP 	text_2: text = u'F'
27.5437 	EXP 	text_2: autoDraw = True
27.5779 	EXP 	text_2: autoDraw = False
27.5787 	EXP 	New trial (rep=0, index=9): OrderedDict([('block', 3), ('sep_dur', u'short'), ('Tx', u't1'), ('trial', 10), ('stimulus', u'I'), ('cond', u'distractor')])
27.6169 	EXP 	mask: autoDraw = True
27.6169 	EXP 	mask: autoDraw = False
27.6169 	EXP 	text_2: autoDraw = False
27.6169 	EXP 	mask: autoDraw = False
27.6169 	EXP 	text_2: text = u'I'
27.6169 	EXP 	text_2: autoDraw = True
27.6505 	EXP 	text_2: autoDraw = False
27.6515 	EXP 	New trial (rep=0, index=10): OrderedDict([('block', 3), ('sep_dur', u'short'), ('Tx', u't1'), ('trial', 11), ('stimulus', u'N'), ('cond', u'distractor')])
27.7217 	EXP 	mask: autoDraw = True
27.7217 	EXP 	mask: autoDraw = False
27.7217 	EXP 	text_2: autoDraw = False
27.7217 	EXP 	mask: autoDraw = False
27.7217 	EXP 	text_2: text = u'N'
27.7217 	EXP 	text_2: autoDraw = True
27.7217 	EXP 	text_2: autoDraw = False
27.7229 	EXP 	New trial (rep=0, index=11): OrderedDict([('block', 3), ('sep_dur', u'short'), ('Tx', u't1'), ('trial', 12), ('stimulus', u'J'), ('cond', u'distractor')])
27.7602 	EXP 	mask: autoDraw = True
27.7602 	EXP 	mask: autoDraw = False
27.7602 	EXP 	text_2: autoDraw = False
27.7602 	EXP 	mask: autoDraw = False
27.7602 	EXP 	text_2: text = u'J'
27.7602 	EXP 	text_2: autoDraw = True
27.7943 	EXP 	text_2: autoDraw = False
27.7949 	EXP 	New trial (rep=0, index=12): OrderedDict([('block', 3), ('sep_dur', u'short'), ('Tx', u't1'), ('trial', 13), ('stimulus', u'G'), ('cond', u'distractor')])
27.8636 	EXP 	mask: autoDraw = True
27.8636 	EXP 	mask: autoDraw = False
27.8636 	EXP 	text_2: autoDraw = False
27.8636 	EXP 	mask: autoDraw = False
27.8636 	EXP 	text_2: text = u'G'
27.8636 	EXP 	text_2: autoDraw = True
27.8636 	EXP 	text_2: autoDraw = False
27.8643 	EXP 	New trial (rep=0, index=13): OrderedDict([('block', 3), ('sep_dur', u'short'), ('Tx', u't1'), ('trial', 14), ('stimulus', u'H'), ('cond', u'distractor')])
27.9038 	EXP 	mask: autoDraw = True
27.9038 	EXP 	mask: autoDraw = False
27.9038 	EXP 	text_2: autoDraw = False
27.9038 	EXP 	mask: autoDraw = False
27.9038 	EXP 	text_2: text = u'H'
27.9038 	EXP 	text_2: autoDraw = True
27.9378 	EXP 	text_2: autoDraw = False
27.9388 	EXP 	New trial (rep=0, index=14): OrderedDict([('block', 3), ('sep_dur', u'short'), ('Tx', u't1'), ('trial', 15), ('stimulus', u'N'), ('cond', u'distractor')])
27.9755 	EXP 	mask: autoDraw = True
27.9755 	EXP 	mask: autoDraw = False
27.9755 	EXP 	text_2: autoDraw = False
27.9755 	EXP 	mask: autoDraw = False
27.9755 	EXP 	text_2: text = u'N'
27.9755 	EXP 	text_2: autoDraw = True
28.0090 	EXP 	text_2: autoDraw = False
28.0096 	EXP 	New trial (rep=0, index=15): OrderedDict([('block', 3), ('sep_dur', u'short'), ('Tx', u't1'), ('trial', 16), ('stimulus', u'H'), ('cond', u'distractor')])
28.0484 	EXP 	mask: autoDraw = True
28.0484 	EXP 	mask: autoDraw = False
28.0484 	EXP 	text_2: autoDraw = False
28.0484 	EXP 	mask: autoDraw = False
28.0484 	EXP 	text_2: text = u'H'
28.0484 	EXP 	text_2: autoDraw = True
28.0817 	EXP 	text_2: autoDraw = False
28.0823 	EXP 	New trial (rep=0, index=16): OrderedDict([('block', 3), ('sep_dur', u'short'), ('Tx', u't1'), ('trial', 17), ('stimulus', u'N'), ('cond', u'distractor')])
28.1255 	EXP 	mask: autoDraw = True
28.1255 	EXP 	mask: autoDraw = False
28.1255 	EXP 	text_2: autoDraw = False
28.1255 	EXP 	mask: autoDraw = False
28.1255 	EXP 	text_2: text = u'N'
28.1255 	EXP 	text_2: autoDraw = True
28.1552 	EXP 	text_2: autoDraw = False
28.1871 	EXP 	mask: autoDraw = True
28.1871 	EXP 	mask: autoDraw = False
28.1871 	EXP 	text_2: autoDraw = False
28.1871 	EXP 	mask: autoDraw = False
29.1986 	EXP 	Probe_t1: autoDraw = True
29.9919 	DATA 	Keypress: 5
30.0333 	EXP 	Probe_t1: autoDraw = False
30.0333 	EXP 	Probe_t2: autoDraw = True
30.1450 	DATA 	Keypress: 5
30.1857 	EXP 	Probe_t2: autoDraw = False
30.1857 	EXP 	blank: autoDraw = True
30.9048 	EXP 	New trial (rep=3, index=0): None
30.9586 	EXP 	blank: autoDraw = False
30.9586 	EXP 	text: text = 4
30.9586 	EXP 	text: autoDraw = True
31.1110 	EXP 	Imported tmp_stimuli.csv as conditions, 18 conditions, 6 params
31.1114 	EXP 	Created sequence: sequential, trialTypes=18, nReps=1, seed=None
31.1119 	EXP 	New trial (rep=0, index=0): OrderedDict([('block', 4), ('sep_dur', u'short'), ('Tx', u't1'), ('trial', 1), ('stimulus', u'G'), ('cond', u'distractor')])
31.1476 	EXP 	text: autoDraw = False
31.1476 	EXP 	text_2: text = u'G'
31.1476 	EXP 	text_2: autoDraw = True
31.1824 	EXP 	text_2: autoDraw = False
31.1835 	EXP 	New trial (rep=0, index=1): OrderedDict([('block', 4), ('sep_dur', u'short'), ('Tx', u't1'), ('trial', 2), ('stimulus', u'6'), ('cond', u'target')])
31.2307 	EXP 	mask: autoDraw = True
31.2307 	EXP 	mask: autoDraw = False
31.2307 	EXP 	text_2: autoDraw = False
31.2307 	EXP 	mask: autoDraw = False
31.2307 	EXP 	text_2: text = u'6'
31.2307 	EXP 	text_2: autoDraw = True
31.2658 	EXP 	text_2: autoDraw = False
31.2665 	EXP 	New trial (rep=0, index=2): OrderedDict([('block', 4), ('sep_dur', u'short'), ('Tx', u't1'), ('trial', 3), ('stimulus', u'G'), ('cond', u'distractor')])
31.3104 	EXP 	mask: autoDraw = True
31.3104 	EXP 	mask: autoDraw = False
31.3104 	EXP 	text_2: autoDraw = False
31.3104 	EXP 	mask: autoDraw = False
31.3104 	EXP 	text_2: text = u'G'
31.3104 	EXP 	text_2: autoDraw = True
31.3449 	EXP 	text_2: autoDraw = False
31.3456 	EXP 	New trial (rep=0, index=3): OrderedDict([('block', 4), ('sep_dur', u'short'), ('Tx', u't1'), ('trial', 4), ('stimulus', u'X'), ('cond', u'distractor')])
31.3842 	EXP 	mask: autoDraw = True
31.3842 	EXP 	mask: autoDraw = False
31.3842 	EXP 	text_2: autoDraw = False
31.3842 	EXP 	mask: autoDraw = False
31.3842 	EXP 	text_2: text = u'X'
31.3842 	EXP 	text_2: autoDraw = True
31.4179 	EXP 	text_2: autoDraw = False
31.4185 	EXP 	New trial (rep=0, index=4): OrderedDict([('block', 4), ('sep_dur', u'short'), ('Tx', u't1'), ('trial', 5), ('stimulus', u'Z'), ('cond', u'distractor')])
31.4592 	EXP 	mask: autoDraw = True
31.4592 	EXP 	mask: autoDraw = False
31.4592 	EXP 	text_2: autoDraw = False
31.4592 	EXP 	mask: autoDraw = False
31.4592 	EXP 	text_2: text = u'Z'
31.4592 	EXP 	text_2: autoDraw = True
31.4890 	EXP 	text_2: autoDraw = False
31.4896 	EXP 	New trial (rep=0, index=5): OrderedDict([('block', 4), ('sep_dur', u'short'), ('Tx', u't1'), ('trial', 6), ('stimulus', u'E'), ('cond', u'distractor')])
31.5583 	EXP 	mask: autoDraw = True
31.5583 	EXP 	mask: autoDraw = False
31.5583 	EXP 	text_2: autoDraw = False
31.5583 	EXP 	mask: autoDraw = False
31.5583 	EXP 	text_2: text = u'E'
31.5583 	EXP 	text_2: autoDraw = True
31.5583 	EXP 	text_2: autoDraw = False
31.5589 	EXP 	New trial (rep=0, index=6): OrderedDict([('block', 4), ('sep_dur', u'short'), ('Tx', u't1'), ('trial', 7), ('stimulus', u' '), ('cond', u'mask')])
31.5965 	EXP 	mask: autoDraw = True
31.5965 	EXP 	mask: autoDraw = False
31.5965 	EXP 	text_2: autoDraw = False
31.5965 	EXP 	mask: autoDraw = False
31.5965 	EXP 	text_2: text = u' '
31.5965 	EXP 	text_2: autoDraw = True
31.6310 	EXP 	text_2: autoDraw = False
31.6318 	EXP 	New trial (rep=0, index=7): OrderedDict([('block', 4), ('sep_dur', u'short'), ('Tx', u't1'), ('trial', 8), ('stimulus', u'F'), ('cond', u'distractor')])
31.6745 	EXP 	mask: autoDraw = True
31.6745 	EXP 	mask: autoDraw = False
31.6745 	EXP 	text_2: autoDraw = False
31.6745 	EXP 	mask: autoDraw = False
31.6745 	EXP 	text_2: text = u'F'
31.6745 	EXP 	text_2: autoDraw = True
31.7125 	EXP 	text_2: autoDraw = False
31.7131 	EXP 	New trial (rep=0, index=8): OrderedDict([('block', 4), ('sep_dur', u'short'), ('Tx', u't1'), ('trial', 9), ('stimulus', u'M'), ('cond', u'distractor')])
31.7478 	EXP 	mask: autoDraw = True
31.7478 	EXP 	mask: autoDraw = False
31.7478 	EXP 	text_2: autoDraw = False
31.7478 	EXP 	mask: autoDraw = False
31.7478 	EXP 	text_2: text = u'M'
31.7478 	EXP 	text_2: autoDraw = True
31.7781 	EXP 	text_2: autoDraw = False
31.7787 	EXP 	New trial (rep=0, index=9): OrderedDict([('block', 4), ('sep_dur', u'short'), ('Tx', u't1'), ('trial', 10), ('stimulus', u'I'), ('cond', u'distractor')])
31.8195 	EXP 	mask: autoDraw = True
31.8195 	EXP 	mask: autoDraw = False
31.8195 	EXP 	text_2: autoDraw = False
31.8195 	EXP 	mask: autoDraw = False
31.8195 	EXP 	text_2: text = u'I'
31.8195 	EXP 	text_2: autoDraw = True
31.8528 	EXP 	text_2: autoDraw = False
31.8534 	EXP 	New trial (rep=0, index=10): OrderedDict([('block', 4), ('sep_dur', u'short'), ('Tx', u't1'), ('trial', 11), ('stimulus', u'M'), ('cond', u'distractor')])
31.8896 	EXP 	mask: autoDraw = True
31.8896 	EXP 	mask: autoDraw = False
31.8896 	EXP 	text_2: autoDraw = False
31.8896 	EXP 	mask: autoDraw = False
31.8896 	EXP 	text_2: text = u'M'
31.8896 	EXP 	text_2: autoDraw = True
31.9201 	EXP 	text_2: autoDraw = False
31.9207 	EXP 	New trial (rep=0, index=11): OrderedDict([('block', 4), ('sep_dur', u'short'), ('Tx', u't1'), ('trial', 12), ('stimulus', u'C'), ('cond', u'distractor')])
31.9601 	EXP 	mask: autoDraw = True
31.9601 	EXP 	mask: autoDraw = False
31.9601 	EXP 	text_2: autoDraw = False
31.9601 	EXP 	mask: autoDraw = False
31.9601 	EXP 	text_2: text = u'C'
31.9601 	EXP 	text_2: autoDraw = True
31.9944 	EXP 	text_2: autoDraw = False
31.9953 	EXP 	New trial (rep=0, index=12): OrderedDict([('block', 4), ('sep_dur', u'short'), ('Tx', u't1'), ('trial', 13), ('stimulus', u'I'), ('cond', u'distractor')])
32.0351 	EXP 	mask: autoDraw = True
32.0351 	EXP 	mask: autoDraw = False
32.0351 	EXP 	text_2: autoDraw = False
32.0351 	EXP 	mask: autoDraw = False
32.0351 	EXP 	text_2: text = u'I'
32.0351 	EXP 	text_2: autoDraw = True
32.0688 	EXP 	text_2: autoDraw = False
32.0694 	EXP 	New trial (rep=0, index=13): OrderedDict([('block', 4), ('sep_dur', u'short'), ('Tx', u't1'), ('trial', 14), ('stimulus', u'Z'), ('cond', u'distractor')])
32.1055 	EXP 	mask: autoDraw = True
32.1055 	EXP 	mask: autoDraw = False
32.1055 	EXP 	text_2: autoDraw = False
32.1055 	EXP 	mask: autoDraw = False
32.1055 	EXP 	text_2: text = u'Z'
32.1055 	EXP 	text_2: autoDraw = True
32.1364 	EXP 	text_2: autoDraw = False
32.1370 	EXP 	New trial (rep=0, index=14): OrderedDict([('block', 4), ('sep_dur', u'short'), ('Tx', u't1'), ('trial', 15), ('stimulus', u'W'), ('cond', u'distractor')])
32.1756 	EXP 	mask: autoDraw = True
32.1756 	EXP 	mask: autoDraw = False
32.1756 	EXP 	text_2: autoDraw = False
32.1756 	EXP 	mask: autoDraw = False
32.1756 	EXP 	text_2: text = u'W'
32.1756 	EXP 	text_2: autoDraw = True
32.2090 	EXP 	text_2: autoDraw = False
32.2099 	EXP 	New trial (rep=0, index=15): OrderedDict([('block', 4), ('sep_dur', u'short'), ('Tx', u't1'), ('trial', 16), ('stimulus', u'A'), ('cond', u'distractor')])
32.2754 	EXP 	mask: autoDraw = True
32.2754 	EXP 	mask: autoDraw = False
32.2754 	EXP 	text_2: autoDraw = False
32.2754 	EXP 	mask: autoDraw = False
32.2754 	EXP 	text_2: text = u'A'
32.2754 	EXP 	text_2: autoDraw = True
32.2754 	EXP 	text_2: autoDraw = False
32.2761 	EXP 	New trial (rep=0, index=16): OrderedDict([('block', 4), ('sep_dur', u'short'), ('Tx', u't1'), ('trial', 17), ('stimulus', u'L'), ('cond', u'distractor')])
32.3117 	EXP 	mask: autoDraw = True
32.3117 	EXP 	mask: autoDraw = False
32.3117 	EXP 	text_2: autoDraw = False
32.3117 	EXP 	mask: autoDraw = False
32.3117 	EXP 	text_2: text = u'L'
32.3117 	EXP 	text_2: autoDraw = True
32.3459 	EXP 	text_2: autoDraw = False
32.3466 	EXP 	New trial (rep=0, index=17): OrderedDict([('block', 4), ('sep_dur', u'short'), ('Tx', u't1'), ('trial', 18), ('stimulus', u'P'), ('cond', u'distractor')])
32.3892 	EXP 	mask: autoDraw = True
32.3892 	EXP 	mask: autoDraw = False
32.3892 	EXP 	text_2: autoDraw = False
32.3892 	EXP 	mask: autoDraw = False
32.3892 	EXP 	text_2: text = u'P'
32.3892 	EXP 	text_2: autoDraw = True
32.4206 	EXP 	text_2: autoDraw = False
32.4587 	EXP 	mask: autoDraw = True
32.4587 	EXP 	mask: autoDraw = False
32.4587 	EXP 	text_2: autoDraw = False
32.4587 	EXP 	mask: autoDraw = False
33.4760 	EXP 	Probe_t1: autoDraw = True
34.0238 	DATA 	Keypress: 6
34.0612 	EXP 	Probe_t1: autoDraw = False
34.0612 	EXP 	Probe_t2: autoDraw = True
34.1793 	DATA 	Keypress: 6
34.2627 	EXP 	Probe_t2: autoDraw = False
34.2627 	EXP 	blank: autoDraw = True
34.9647 	EXP 	New trial (rep=4, index=0): None
35.0108 	EXP 	blank: autoDraw = False
35.0108 	EXP 	blank: autoDraw = False
35.0108 	EXP 	text: text = 5
35.0108 	EXP 	text: autoDraw = True
35.1717 	EXP 	Imported tmp_stimuli.csv as conditions, 15 conditions, 6 params
35.1725 	EXP 	Created sequence: sequential, trialTypes=15, nReps=1, seed=None
35.1734 	EXP 	New trial (rep=0, index=0): OrderedDict([('block', 5), ('sep_dur', u'short'), ('Tx', u't1'), ('trial', 1), ('stimulus', u'W'), ('cond', u'distractor')])
35.2044 	EXP 	text: autoDraw = False
35.2044 	EXP 	text: autoDraw = False
35.2044 	EXP 	text_2: text = u'W'
35.2044 	EXP 	text_2: autoDraw = True
35.2374 	EXP 	text_2: autoDraw = False
35.2380 	EXP 	New trial (rep=0, index=1): OrderedDict([('block', 5), ('sep_dur', u'short'), ('Tx', u't1'), ('trial', 2), ('stimulus', u'W'), ('cond', u'distractor')])
35.2707 	EXP 	mask: autoDraw = True
35.2707 	EXP 	mask: autoDraw = False
35.2707 	EXP 	text_2: autoDraw = False
35.2707 	EXP 	mask: autoDraw = False
35.2707 	EXP 	text_2: text = u'W'
35.2707 	EXP 	text_2: autoDraw = True
35.3002 	EXP 	text_2: autoDraw = False
35.3008 	EXP 	New trial (rep=0, index=2): OrderedDict([('block', 5), ('sep_dur', u'short'), ('Tx', u't1'), ('trial', 3), ('stimulus', u'D'), ('cond', u'distractor')])
35.3672 	EXP 	mask: autoDraw = True
35.3672 	EXP 	mask: autoDraw = False
35.3672 	EXP 	text_2: autoDraw = False
35.3672 	EXP 	mask: autoDraw = False
35.3672 	EXP 	text_2: text = u'D'
35.3672 	EXP 	text_2: autoDraw = True
35.3672 	EXP 	text_2: autoDraw = False
35.3680 	EXP 	New trial (rep=0, index=3): OrderedDict([('block', 5), ('sep_dur', u'short'), ('Tx', u't1'), ('trial', 4), ('stimulus', u'D'), ('cond', u'distractor')])
35.3970 	EXP 	mask: autoDraw = True
35.3970 	EXP 	mask: autoDraw = False
35.3970 	EXP 	text_2: autoDraw = False
35.3970 	EXP 	mask: autoDraw = False
35.3970 	EXP 	text_2: text = u'D'
35.3970 	EXP 	text_2: autoDraw = True
35.4225 	EXP 	text_2: autoDraw = False
35.4518 	EXP 	mask: autoDraw = True
35.4524 	EXP 	New trial (rep=0, index=4): OrderedDict([('block', 5), ('sep_dur', u'short'), ('Tx', u't1'), ('trial', 5), ('stimulus', u'U'), ('cond', u'distractor')])
35.4870 	EXP 	mask: autoDraw = False
35.4870 	EXP 	text_2: autoDraw = False
35.4870 	EXP 	mask: autoDraw = False
35.4870 	EXP 	text_2: text = u'U'
35.4870 	EXP 	text_2: autoDraw = True
35.5157 	EXP 	text_2: autoDraw = False
35.5163 	EXP 	New trial (rep=0, index=5): OrderedDict([('block', 5), ('sep_dur', u'short'), ('Tx', u't1'), ('trial', 6), ('stimulus', u'C'), ('cond', u'distractor')])
35.5502 	EXP 	mask: autoDraw = True
35.5502 	EXP 	mask: autoDraw = False
35.5502 	EXP 	text_2: autoDraw = False
35.5502 	EXP 	mask: autoDraw = False
35.5502 	EXP 	text_2: text = u'C'
35.5502 	EXP 	text_2: autoDraw = True
35.5795 	EXP 	text_2: autoDraw = False
35.5803 	EXP 	New trial (rep=0, index=6): OrderedDict([('block', 5), ('sep_dur', u'short'), ('Tx', u't1'), ('trial', 7), ('stimulus', u'X'), ('cond', u'distractor')])
35.6146 	EXP 	mask: autoDraw = True
35.6146 	EXP 	mask: autoDraw = False
35.6146 	EXP 	text_2: autoDraw = False
35.6146 	EXP 	mask: autoDraw = False
35.6146 	EXP 	text_2: text = u'X'
35.6146 	EXP 	text_2: autoDraw = True
35.6426 	EXP 	text_2: autoDraw = False
35.6433 	EXP 	New trial (rep=0, index=7): OrderedDict([('block', 5), ('sep_dur', u'short'), ('Tx', u't1'), ('trial', 8), ('stimulus', u'Q'), ('cond', u'distractor')])
35.6760 	EXP 	mask: autoDraw = True
35.6760 	EXP 	mask: autoDraw = False
35.6760 	EXP 	text_2: autoDraw = False
35.6760 	EXP 	mask: autoDraw = False
35.6760 	EXP 	text_2: text = u'Q'
35.6760 	EXP 	text_2: autoDraw = True
35.7023 	EXP 	text_2: autoDraw = False
35.7030 	EXP 	New trial (rep=0, index=8): OrderedDict([('block', 5), ('sep_dur', u'short'), ('Tx', u't1'), ('trial', 9), ('stimulus', u'7'), ('cond', u'target')])
35.7796 	EXP 	mask: autoDraw = True
35.7796 	EXP 	mask: autoDraw = False
35.7796 	EXP 	text_2: autoDraw = False
35.7796 	EXP 	mask: autoDraw = False
35.7796 	EXP 	text_2: text = u'7'
35.7796 	EXP 	text_2: autoDraw = True
35.7796 	EXP 	text_2: autoDraw = False
35.7802 	EXP 	New trial (rep=0, index=9): OrderedDict([('block', 5), ('sep_dur', u'short'), ('Tx', u't1'), ('trial', 10), ('stimulus', u'O'), ('cond', u'distractor')])
35.8177 	EXP 	mask: autoDraw = True
35.8177 	EXP 	mask: autoDraw = False
35.8177 	EXP 	text_2: autoDraw = False
35.8177 	EXP 	mask: autoDraw = False
35.8177 	EXP 	text_2: text = u'O'
35.8177 	EXP 	text_2: autoDraw = True
35.8473 	EXP 	text_2: autoDraw = False
35.8483 	EXP 	New trial (rep=0, index=10): OrderedDict([('block', 5), ('sep_dur', u'short'), ('Tx', u't1'), ('trial', 11), ('stimulus', u'I'), ('cond', u'distractor')])
35.8843 	EXP 	mask: autoDraw = True
35.8843 	EXP 	mask: autoDraw = False
35.8843 	EXP 	text_2: autoDraw = False
35.8843 	EXP 	mask: autoDraw = False
35.8843 	EXP 	text_2: text = u'I'
35.8843 	EXP 	text_2: autoDraw = True
35.9139 	EXP 	text_2: autoDraw = False
35.9146 	EXP 	New trial (rep=0, index=11): OrderedDict([('block', 5), ('sep_dur', u'short'), ('Tx', u't1'), ('trial', 12), ('stimulus', u'Z'), ('cond', u'distractor')])
35.9479 	EXP 	mask: autoDraw = True
35.9479 	EXP 	mask: autoDraw = False
35.9479 	EXP 	text_2: autoDraw = False
35.9479 	EXP 	mask: autoDraw = False
35.9479 	EXP 	text_2: text = u'Z'
35.9479 	EXP 	text_2: autoDraw = True
35.9780 	EXP 	text_2: autoDraw = False
35.9788 	EXP 	New trial (rep=0, index=12): OrderedDict([('block', 5), ('sep_dur', u'short'), ('Tx', u't1'), ('trial', 13), ('stimulus', u'E'), ('cond', u'distractor')])
36.0146 	EXP 	mask: autoDraw = True
36.0146 	EXP 	mask: autoDraw = False
36.0146 	EXP 	text_2: autoDraw = False
36.0146 	EXP 	mask: autoDraw = False
36.0146 	EXP 	text_2: text = u'E'
36.0146 	EXP 	text_2: autoDraw = True
36.0444 	EXP 	text_2: autoDraw = False
36.0454 	EXP 	New trial (rep=0, index=13): OrderedDict([('block', 5), ('sep_dur', u'short'), ('Tx', u't1'), ('trial', 14), ('stimulus', u' '), ('cond', u'mask')])
36.0787 	EXP 	mask: autoDraw = True
36.0787 	EXP 	mask: autoDraw = False
36.0787 	EXP 	text_2: autoDraw = False
36.0787 	EXP 	mask: autoDraw = False
36.0787 	EXP 	text_2: text = u' '
36.0787 	EXP 	text_2: autoDraw = True
36.1058 	EXP 	text_2: autoDraw = False
36.1070 	EXP 	New trial (rep=0, index=14): OrderedDict([('block', 5), ('sep_dur', u'short'), ('Tx', u't1'), ('trial', 15), ('stimulus', u'S'), ('cond', u'distractor')])
36.1463 	EXP 	mask: autoDraw = True
36.1463 	EXP 	mask: autoDraw = False
36.1463 	EXP 	text_2: autoDraw = False
36.1463 	EXP 	mask: autoDraw = False
36.1463 	EXP 	text_2: text = u'S'
36.1463 	EXP 	text_2: autoDraw = True
36.1769 	EXP 	text_2: autoDraw = False
36.2094 	EXP 	mask: autoDraw = True
36.2094 	EXP 	mask: autoDraw = False
36.2094 	EXP 	text_2: autoDraw = False
36.2094 	EXP 	mask: autoDraw = False
37.2203 	EXP 	Probe_t1: autoDraw = True
37.5801 	DATA 	Keypress: 7
37.6141 	EXP 	Probe_t1: autoDraw = False
37.6141 	EXP 	Probe_t2: autoDraw = True
37.7202 	DATA 	Keypress: 7
37.7634 	EXP 	Probe_t2: autoDraw = False
37.7634 	EXP 	blank: autoDraw = True
38.4648 	EXP 	New trial (rep=5, index=0): None
38.5084 	EXP 	blank: autoDraw = False
38.5084 	EXP 	blank: autoDraw = False
38.5084 	EXP 	text: text = 6
38.5084 	EXP 	text: autoDraw = True
38.6550 	EXP 	Imported tmp_stimuli.csv as conditions, 17 conditions, 6 params
38.6559 	EXP 	Created sequence: sequential, trialTypes=17, nReps=1, seed=None
38.6571 	EXP 	New trial (rep=0, index=0): OrderedDict([('block', 6), ('sep_dur', u'short'), ('Tx', u't2'), ('trial', 1), ('stimulus', u'X'), ('cond', u'distractor')])
38.6903 	EXP 	text: autoDraw = False
38.6903 	EXP 	text: autoDraw = False
38.6903 	EXP 	text_2: text = u'X'
38.6903 	EXP 	text_2: autoDraw = True
38.7201 	EXP 	text_2: autoDraw = False
38.7212 	EXP 	New trial (rep=0, index=1): OrderedDict([('block', 6), ('sep_dur', u'short'), ('Tx', u't2'), ('trial', 2), ('stimulus', u'K'), ('cond', u'distractor')])
38.8055 	EXP 	New trial (rep=0, index=2): OrderedDict([('block', 6), ('sep_dur', u'short'), ('Tx', u't2'), ('trial', 3), ('stimulus', u'B'), ('cond', u'distractor')])
38.8310 	EXP 	mask: autoDraw = True
38.8310 	EXP 	mask: autoDraw = False
38.8310 	EXP 	text_2: autoDraw = False
38.8310 	EXP 	mask: autoDraw = False
38.8310 	EXP 	text_2: text = u'K'
38.8310 	EXP 	text_2: autoDraw = True
38.8310 	EXP 	text_2: autoDraw = False
38.8310 	EXP 	mask: autoDraw = True
38.8310 	EXP 	mask: autoDraw = False
38.8310 	EXP 	text_2: autoDraw = False
38.8310 	EXP 	mask: autoDraw = False
38.8310 	EXP 	text_2: text = u'B'
38.8310 	EXP 	text_2: autoDraw = True
38.8552 	EXP 	text_2: autoDraw = False
38.8858 	EXP 	New trial (rep=0, index=3): OrderedDict([('block', 6), ('sep_dur', u'short'), ('Tx', u't2'), ('trial', 4), ('stimulus', u'D'), ('cond', u'distractor')])
38.9178 	EXP 	mask: autoDraw = True
38.9178 	EXP 	mask: autoDraw = False
38.9178 	EXP 	text_2: autoDraw = False
38.9178 	EXP 	mask: autoDraw = False
38.9178 	EXP 	text_2: text = u'D'
38.9178 	EXP 	text_2: autoDraw = True
38.9462 	EXP 	text_2: autoDraw = False
38.9470 	EXP 	New trial (rep=0, index=4): OrderedDict([('block', 6), ('sep_dur', u'short'), ('Tx', u't2'), ('trial', 5), ('stimulus', u'T'), ('cond', u'distractor')])
39.0095 	EXP 	mask: autoDraw = True
39.0095 	EXP 	mask: autoDraw = False
39.0095 	EXP 	text_2: autoDraw = False
39.0095 	EXP 	mask: autoDraw = False
39.0095 	EXP 	text_2: text = u'T'
39.0095 	EXP 	text_2: autoDraw = True
39.0095 	EXP 	text_2: autoDraw = False
39.0103 	EXP 	New trial (rep=0, index=5): OrderedDict([('block', 6), ('sep_dur', u'short'), ('Tx', u't2'), ('trial', 6), ('stimulus', u'1'), ('cond', u'target')])
39.0846 	EXP 	mask: autoDraw = True
39.0846 	EXP 	mask: autoDraw = False
39.0846 	EXP 	text_2: autoDraw = False
39.0846 	EXP 	mask: autoDraw = False
39.0846 	EXP 	text_2: text = u'1'
39.0846 	EXP 	text_2: autoDraw = True
39.0846 	EXP 	text_2: autoDraw = False
39.0853 	EXP 	New trial (rep=0, index=6): OrderedDict([('block', 6), ('sep_dur', u'short'), ('Tx', u't2'), ('trial', 7), ('stimulus', u'Q'), ('cond', u'distractor')])
39.1176 	EXP 	mask: autoDraw = True
39.1176 	EXP 	mask: autoDraw = False
39.1176 	EXP 	text_2: autoDraw = False
39.1176 	EXP 	mask: autoDraw = False
39.1176 	EXP 	text_2: text = u'Q'
39.1176 	EXP 	text_2: autoDraw = True
39.1465 	EXP 	text_2: autoDraw = False
39.1473 	EXP 	New trial (rep=0, index=7): OrderedDict([('block', 6), ('sep_dur', u'short'), ('Tx', u't2'), ('trial', 8), ('stimulus', u'N'), ('cond', u'distractor')])
39.1810 	EXP 	mask: autoDraw = True
39.1810 	EXP 	mask: autoDraw = False
39.1810 	EXP 	text_2: autoDraw = False
39.1810 	EXP 	mask: autoDraw = False
39.1810 	EXP 	text_2: text = u'N'
39.1810 	EXP 	text_2: autoDraw = True
39.2099 	EXP 	text_2: autoDraw = False
39.2107 	EXP 	New trial (rep=0, index=8): OrderedDict([('block', 6), ('sep_dur', u'short'), ('Tx', u't2'), ('trial', 9), ('stimulus', u'N'), ('cond', u'distractor')])
39.2378 	EXP 	mask: autoDraw = True
39.2378 	EXP 	mask: autoDraw = False
39.2378 	EXP 	text_2: autoDraw = False
39.2378 	EXP 	mask: autoDraw = False
39.2378 	EXP 	text_2: text = u'N'
39.2378 	EXP 	text_2: autoDraw = True
39.2689 	EXP 	text_2: autoDraw = False
39.2973 	EXP 	mask: autoDraw = True
39.2979 	EXP 	New trial (rep=0, index=9): OrderedDict([('block', 6), ('sep_dur', u'short'), ('Tx', u't2'), ('trial', 10), ('stimulus', u'R'), ('cond', u'distractor')])
39.3297 	EXP 	mask: autoDraw = False
39.3297 	EXP 	text_2: autoDraw = False
39.3297 	EXP 	mask: autoDraw = False
39.3297 	EXP 	text_2: text = u'R'
39.3297 	EXP 	text_2: autoDraw = True
39.3544 	EXP 	text_2: autoDraw = False
39.3861 	EXP 	mask: autoDraw = True
39.3867 	EXP 	New trial (rep=0, index=10): OrderedDict([('block', 6), ('sep_dur', u'short'), ('Tx', u't2'), ('trial', 11), ('stimulus', u'2'), ('cond', u'target')])
39.4227 	EXP 	mask: autoDraw = False
39.4227 	EXP 	text_2: autoDraw = False
39.4227 	EXP 	mask: autoDraw = False
39.4227 	EXP 	text_2: text = u'2'
39.4227 	EXP 	text_2: autoDraw = True
39.4599 	EXP 	text_2: autoDraw = False
39.4607 	EXP 	New trial (rep=0, index=11): OrderedDict([('block', 6), ('sep_dur', u'short'), ('Tx', u't2'), ('trial', 12), ('stimulus', u'U'), ('cond', u'distractor')])
39.4982 	EXP 	mask: autoDraw = True
39.4982 	EXP 	mask: autoDraw = False
39.4982 	EXP 	text_2: autoDraw = False
39.4982 	EXP 	mask: autoDraw = False
39.4982 	EXP 	text_2: text = u'U'
39.4982 	EXP 	text_2: autoDraw = True
39.5286 	EXP 	text_2: autoDraw = False
39.5297 	EXP 	New trial (rep=0, index=12): OrderedDict([('block', 6), ('sep_dur', u'short'), ('Tx', u't2'), ('trial', 13), ('stimulus', u'B'), ('cond', u'distractor')])
39.5652 	EXP 	mask: autoDraw = True
39.5652 	EXP 	mask: autoDraw = False
39.5652 	EXP 	text_2: autoDraw = False
39.5652 	EXP 	mask: autoDraw = False
39.5652 	EXP 	text_2: text = u'B'
39.5652 	EXP 	text_2: autoDraw = True
39.5949 	EXP 	text_2: autoDraw = False
39.5955 	EXP 	New trial (rep=0, index=13): OrderedDict([('block', 6), ('sep_dur', u'short'), ('Tx', u't2'), ('trial', 14), ('stimulus', u'V'), ('cond', u'distractor')])
39.6294 	EXP 	mask: autoDraw = True
39.6294 	EXP 	mask: autoDraw = False
39.6294 	EXP 	text_2: autoDraw = False
39.6294 	EXP 	mask: autoDraw = False
39.6294 	EXP 	text_2: text = u'V'
39.6294 	EXP 	text_2: autoDraw = True
39.6595 	EXP 	text_2: autoDraw = False
39.6604 	EXP 	New trial (rep=0, index=14): OrderedDict([('block', 6), ('sep_dur', u'short'), ('Tx', u't2'), ('trial', 15), ('stimulus', u'K'), ('cond', u'distractor')])
39.6948 	EXP 	mask: autoDraw = True
39.6948 	EXP 	mask: autoDraw = False
39.6948 	EXP 	text_2: autoDraw = False
39.6948 	EXP 	mask: autoDraw = False
39.6948 	EXP 	text_2: text = u'K'
39.6948 	EXP 	text_2: autoDraw = True
39.7209 	EXP 	text_2: autoDraw = False
39.7217 	EXP 	New trial (rep=0, index=15): OrderedDict([('block', 6), ('sep_dur', u'short'), ('Tx', u't2'), ('trial', 16), ('stimulus', u'U'), ('cond', u'distractor')])
39.7577 	EXP 	mask: autoDraw = True
39.7577 	EXP 	mask: autoDraw = False
39.7577 	EXP 	text_2: autoDraw = False
39.7577 	EXP 	mask: autoDraw = False
39.7577 	EXP 	text_2: text = u'U'
39.7577 	EXP 	text_2: autoDraw = True
39.7839 	EXP 	text_2: autoDraw = False
39.7845 	EXP 	New trial (rep=0, index=16): OrderedDict([('block', 6), ('sep_dur', u'short'), ('Tx', u't2'), ('trial', 17), ('stimulus', u'F'), ('cond', u'distractor')])
39.8212 	EXP 	mask: autoDraw = True
39.8212 	EXP 	mask: autoDraw = False
39.8212 	EXP 	text_2: autoDraw = False
39.8212 	EXP 	mask: autoDraw = False
39.8212 	EXP 	text_2: text = u'F'
39.8212 	EXP 	text_2: autoDraw = True
39.8503 	EXP 	text_2: autoDraw = False
39.8820 	EXP 	mask: autoDraw = True
39.8820 	EXP 	mask: autoDraw = False
39.8820 	EXP 	text_2: autoDraw = False
39.8820 	EXP 	mask: autoDraw = False
40.9048 	EXP 	Probe_t1: autoDraw = True
41.3314 	DATA 	Keypress: 8
41.4070 	EXP 	Probe_t1: autoDraw = False
41.4070 	EXP 	Probe_t2: autoDraw = True
41.4690 	DATA 	Keypress: 8
41.5035 	EXP 	Probe_t2: autoDraw = False
41.5035 	EXP 	blank: autoDraw = True
42.2338 	EXP 	New trial (rep=6, index=0): None
42.2773 	EXP 	blank: autoDraw = False
42.2773 	EXP 	text: text = 7
42.2773 	EXP 	text: autoDraw = True
42.4239 	EXP 	Imported tmp_stimuli.csv as conditions, 15 conditions, 6 params
42.4251 	EXP 	Created sequence: sequential, trialTypes=15, nReps=1, seed=None
42.4263 	EXP 	New trial (rep=0, index=0): OrderedDict([('block', 7), ('sep_dur', u'short'), ('Tx', u't1'), ('trial', 1), ('stimulus', u'L'), ('cond', u'distractor')])
42.4344 	DATA 	Keypress: lshift
42.4572 	EXP 	text: autoDraw = False
42.4572 	EXP 	text: autoDraw = False
42.4572 	EXP 	text_2: text = u'L'
42.4572 	EXP 	text_2: autoDraw = True
42.4866 	EXP 	text_2: autoDraw = False
42.4877 	EXP 	New trial (rep=0, index=1): OrderedDict([('block', 7), ('sep_dur', u'short'), ('Tx', u't1'), ('trial', 2), ('stimulus', u'P'), ('cond', u'distractor')])
42.5221 	EXP 	mask: autoDraw = True
42.5221 	EXP 	mask: autoDraw = False
42.5221 	EXP 	text_2: autoDraw = False
42.5221 	EXP 	mask: autoDraw = False
42.5221 	EXP 	text_2: text = u'P'
42.5221 	EXP 	text_2: autoDraw = True
42.5477 	EXP 	text_2: autoDraw = False
42.5484 	EXP 	New trial (rep=0, index=2): OrderedDict([('block', 7), ('sep_dur', u'short'), ('Tx', u't1'), ('trial', 3), ('stimulus', u'7'), ('cond', u'target')])
42.5814 	EXP 	mask: autoDraw = True
42.5814 	EXP 	mask: autoDraw = False
42.5814 	EXP 	text_2: autoDraw = False
42.5814 	EXP 	mask: autoDraw = False
42.5814 	EXP 	text_2: text = u'7'
42.5814 	EXP 	text_2: autoDraw = True
42.6140 	EXP 	text_2: autoDraw = False
42.6148 	EXP 	New trial (rep=0, index=3): OrderedDict([('block', 7), ('sep_dur', u'short'), ('Tx', u't1'), ('trial', 4), ('stimulus', u'U'), ('cond', u'distractor')])
42.6491 	EXP 	mask: autoDraw = True
42.6491 	EXP 	mask: autoDraw = False
42.6491 	EXP 	text_2: autoDraw = False
42.6491 	EXP 	mask: autoDraw = False
42.6491 	EXP 	text_2: text = u'U'
42.6491 	EXP 	text_2: autoDraw = True
42.6721 	EXP 	text_2: autoDraw = False
42.7014 	EXP 	mask: autoDraw = True
42.7020 	EXP 	New trial (rep=0, index=4): OrderedDict([('block', 7), ('sep_dur', u'short'), ('Tx', u't1'), ('trial', 5), ('stimulus', u'F'), ('cond', u'distractor')])
42.7100 	DATA 	Keypress: escape
42.7100 	EXP 	Global key event: forcequit. Calling <function forceQuit at 0x110D8AF0>.
42.8592 	EXP 	window1: mouseVisible = True
