7.7350 	WARNING 	User requested fullscreen with size [2160 1440], but screen is actually [3240, 2160]. Using actual size
9.1337 	EXP 	Created window1 = Window(allowGUI=False, allowStencil=False, args=UNKNOWN, autoLog=True, bitsMode=UNKNOWN, blendMode='avg', color='black', colorSpace='named', fullscr=UNKNOWN, gamma=None, kwargs=UNKNOWN, lms=UNKNOWN, monitor=<psychopy.monitors.calibTools.Monitor object at 0x21269F30>, multiSample=False, name='window1', numSamples=2, pos=[0, 0], screen=0, size=array([3240, 2160]), stereo=False, units=u'norm', useFBO=True, useRetina=False, viewOri=0.0, viewPos=None, viewScale=None, waitBlanking=True, winType=u'pyglet')
9.1338 	EXP 	window1: recordFrameIntervals = False
9.2977 	EXP 	window1: recordFrameIntervals = True
9.4821 	EXP 	window1: recordFrameIntervals = False
9.8705 	EXP 	Created instructions_text = TextStim(alignHoriz='center', alignVert='center', antialias=True, autoLog=True, bold=False, color='white', colorSpace='named', contrast=1.0, depth=0.0, flipHoriz=False, flipVert=False, font=u'Arial', fontFiles=[], height=0.1, italic=False, name='instructions_text', opacity=1.0, ori=0, pos=array([ 0.,  0.]), rgb=array([ 255.,  255.,  255.]), text=newstr(...), units=u'norm', win=Window(...), wrapWidth=1)
9.8710 	EXP 	Created blank_iti = TextStim(alignHoriz='center', alignVert='center', antialias=True, autoLog=True, bold=False, color='white', colorSpace='named', contrast=1.0, depth=0.0, flipHoriz=False, flipVert=False, font=u'Arial', fontFiles=[], height=0.1, italic=False, name='blank_iti', opacity=1.0, ori=0, pos=array([ 0.,  0.]), rgb=array([ 255.,  255.,  255.]), text='', units=u'norm', win=Window(...), wrapWidth=1)
9.8777 	EXP 	Created crosshair = TextStim(alignHoriz='center', alignVert='center', antialias=True, autoLog=True, bold=False, color='white', colorSpace='named', contrast=1.0, depth=0, flipHoriz=False, flipVert=False, font='', fontFiles=[], height=0.1, italic=False, name='crosshair', opacity=1.0, ori=0.0, pos=array([ 0.,  0.]), rgb=array([ 255.,  255.,  255.]), text='+', units=u'norm', win=Window(...), wrapWidth=1)
9.9787 	EXP 	Sound  set volume 1.000
10.0064 	EXP 	instructions_text: autoDraw = True
33.7682 	DATA 	Keypress: space
33.7819 	EXP 	instructions_text: autoDraw = False
33.7819 	EXP 	blank_iti: autoDraw = True
34.7662 	EXP 	Created sequence: random, trialTypes=1, nReps=17, seed=None
34.7665 	EXP 	New trial (rep=0, index=0): None
34.7823 	EXP 	blank_iti: autoDraw = False
34.7823 	EXP 	blank_iti: autoDraw = False
34.7823 	EXP 	crosshair: autoDraw = True
34.7823 	EXP 	crosshair: autoDraw = True
35.0499 	DATA 	Keypress: space
35.3670 	EXP 	New trial (rep=1, index=0): None
35.3831 	EXP 	crosshair: autoDraw = True
35.5183 	DATA 	Keypress: space
35.9683 	EXP 	New trial (rep=2, index=0): None
35.9852 	EXP 	crosshair: autoDraw = True
36.0664 	DATA 	Keypress: space
36.5704 	EXP 	New trial (rep=3, index=0): None
36.5872 	EXP 	crosshair: autoDraw = True
36.6060 	DATA 	Keypress: space
37.1685 	EXP 	New trial (rep=4, index=0): None
37.1853 	EXP 	crosshair: autoDraw = True
37.2143 	DATA 	Keypress: space
37.7699 	EXP 	New trial (rep=5, index=0): None
37.7868 	EXP 	crosshair: autoDraw = True
37.8302 	DATA 	Keypress: space
38.3686 	EXP 	New trial (rep=6, index=0): None
38.3854 	EXP 	crosshair: autoDraw = True
38.4038 	DATA 	Keypress: space
38.9674 	EXP 	New trial (rep=7, index=0): None
38.9839 	EXP 	crosshair: autoDraw = True
39.0059 	DATA 	Keypress: space
39.5665 	DATA 	Keypress: space
39.5671 	EXP 	New trial (rep=8, index=0): None
39.5831 	EXP 	crosshair: autoDraw = True
40.1681 	DATA 	Keypress: space
40.1706 	EXP 	New trial (rep=9, index=0): None
40.1877 	EXP 	crosshair: autoDraw = True
40.7013 	DATA 	Keypress: space
40.7700 	EXP 	New trial (rep=10, index=0): None
40.7875 	EXP 	crosshair: autoDraw = True
41.3351 	DATA 	Keypress: space
41.3689 	EXP 	New trial (rep=11, index=0): None
41.3856 	EXP 	crosshair: autoDraw = True
41.9512 	DATA 	Keypress: space
41.9697 	EXP 	New trial (rep=12, index=0): None
41.9867 	EXP 	crosshair: autoDraw = True
42.5516 	DATA 	Keypress: space
42.5690 	EXP 	New trial (rep=13, index=0): None
42.5859 	EXP 	crosshair: autoDraw = True
43.1536 	DATA 	Keypress: space
43.1699 	EXP 	New trial (rep=14, index=0): None
43.1870 	EXP 	crosshair: autoDraw = True
43.7689 	EXP 	New trial (rep=15, index=0): None
43.7857 	EXP 	crosshair: autoDraw = True
43.8040 	DATA 	Keypress: space
44.3534 	DATA 	Keypress: space
44.3708 	EXP 	New trial (rep=16, index=0): None
44.3882 	EXP 	crosshair: autoDraw = True
44.8840 	DATA 	Keypress: space
45.5853 	DATA 	Keypress: space
46.1009 	DATA 	Keypress: space
46.6697 	DATA 	Keypress: space
47.2546 	DATA 	Keypress: space
47.8199 	DATA 	Keypress: space
48.3229 	DATA 	Keypress: space
48.9787 	DATA 	Keypress: space
49.4259 	DATA 	Keypress: space
49.9875 	DATA 	Keypress: space
50.5356 	DATA 	Keypress: space
51.0521 	DATA 	Keypress: space
51.5711 	DATA 	Keypress: space
52.1530 	DATA 	Keypress: space
52.6857 	DATA 	Keypress: space
53.2369 	DATA 	Keypress: space
53.7890 	DATA 	Keypress: space
54.3526 	DATA 	Keypress: space
54.9570 	DATA 	Keypress: space
55.4555 	DATA 	Keypress: space
56.0527 	DATA 	Keypress: space
56.5537 	DATA 	Keypress: space
57.0869 	DATA 	Keypress: space
57.6196 	DATA 	Keypress: space
58.2530 	DATA 	Keypress: space
58.7862 	DATA 	Keypress: space
59.3289 	DATA 	Keypress: space
59.8519 	DATA 	Keypress: space
60.4201 	DATA 	Keypress: space
60.9203 	DATA 	Keypress: space
61.4738 	DATA 	Keypress: space
62.0364 	DATA 	Keypress: space
62.6369 	DATA 	Keypress: space
63.1700 	DATA 	Keypress: space
63.7213 	DATA 	Keypress: space
64.2592 	DATA 	Keypress: space
64.7849 	DATA 	Keypress: space
65.3214 	DATA 	Keypress: space
65.8891 	DATA 	Keypress: space
66.4196 	DATA 	Keypress: space
67.0733 	DATA 	Keypress: space
67.6189 	DATA 	Keypress: space
68.1702 	DATA 	Keypress: space
68.7227 	DATA 	Keypress: space
69.2537 	DATA 	Keypress: space
69.8200 	DATA 	Keypress: space
70.3549 	DATA 	Keypress: space
70.8700 	DATA 	Keypress: space
71.4204 	DATA 	Keypress: space
71.9402 	DATA 	Keypress: space
72.4729 	DATA 	Keypress: space
73.0206 	DATA 	Keypress: space
73.5877 	DATA 	Keypress: space
74.1373 	DATA 	Keypress: space
74.6855 	DATA 	Keypress: space
75.2527 	DATA 	Keypress: space
75.8381 	DATA 	Keypress: space
76.3544 	DATA 	Keypress: space
76.8890 	DATA 	Keypress: space
77.4544 	DATA 	Keypress: space
78.0041 	DATA 	Keypress: space
78.5729 	DATA 	Keypress: space
79.1045 	DATA 	Keypress: space
79.6646 	DATA 	Keypress: space
80.1549 	DATA 	Keypress: space
80.6547 	DATA 	Keypress: space
81.2238 	DATA 	Keypress: space
81.7218 	DATA 	Keypress: space
82.2715 	DATA 	Keypress: space
82.8549 	DATA 	Keypress: space
83.4053 	DATA 	Keypress: space
84.0216 	DATA 	Keypress: space
84.5539 	DATA 	Keypress: space
85.0754 	DATA 	Keypress: space
85.6553 	DATA 	Keypress: space
86.2205 	DATA 	Keypress: space
86.7596 	DATA 	Keypress: space
87.2883 	DATA 	Keypress: space
87.8556 	DATA 	Keypress: space
88.4259 	DATA 	Keypress: space
88.9718 	DATA 	Keypress: space
89.5371 	DATA 	Keypress: space
90.1229 	DATA 	Keypress: space
90.7253 	DATA 	Keypress: space
91.2555 	DATA 	Keypress: space
91.7725 	DATA 	Keypress: space
92.2898 	DATA 	Keypress: space
92.8899 	DATA 	Keypress: space
93.3961 	DATA 	Keypress: space
93.9094 	DATA 	Keypress: space
94.4399 	DATA 	Keypress: space
94.9398 	DATA 	Keypress: space
95.4732 	DATA 	Keypress: space
96.0729 	DATA 	Keypress: space
96.6586 	DATA 	Keypress: space
97.2068 	DATA 	Keypress: space
97.7603 	DATA 	Keypress: space
98.3401 	DATA 	Keypress: space
98.9094 	DATA 	Keypress: space
99.4718 	DATA 	Keypress: space
100.0564 	DATA 	Keypress: space
100.6068 	DATA 	Keypress: space
101.2068 	DATA 	Keypress: space
101.7564 	DATA 	Keypress: space
102.2735 	DATA 	Keypress: space
102.8239 	DATA 	Keypress: space
103.3899 	DATA 	Keypress: space
103.9592 	DATA 	Keypress: space
104.5552 	DATA 	Keypress: space
105.0730 	EXP 	window1: mouseVisible = True
