5.3216 	WARNING 	User requested fullscreen with size [2160 1440], but screen is actually [3240, 2160]. Using actual size
6.6495 	EXP 	Created window1 = Window(allowGUI=False, allowStencil=False, args=UNKNOWN, autoLog=True, bitsMode=UNKNOWN, blendMode='avg', color=u'white', colorSpace='named', fullscr=UNKNOWN, gamma=None, kwargs=UNKNOWN, lms=UNKNOWN, monitor=<psychopy.monitors.calibTools.Monitor object at 0x2165FF10>, multiSample=False, name='window1', numSamples=2, pos=[0, 0], screen=0, size=array([3240, 2160]), stereo=False, units=u'norm', useFBO=True, useRetina=False, viewOri=0.0, viewPos=None, viewScale=None, waitBlanking=True, winType=u'pyglet')
6.6495 	EXP 	window1: recordFrameIntervals = False
6.8163 	EXP 	window1: recordFrameIntervals = True
7.0009 	EXP 	window1: recordFrameIntervals = False
7.4285 	EXP 	Created instructions_text = TextStim(alignHoriz='center', alignVert='center', antialias=True, autoLog=True, bold=False, color=u'black', colorSpace='named', contrast=1.0, depth=0.0, flipHoriz=False, flipVert=False, font=u'Arial', fontFiles=[], height=0.1, italic=False, name='instructions_text', opacity=1.0, ori=0, pos=array([ 0.,  0.]), rgb=array([ 0.,  0.,  0.]), text=newstr(...), units=u'norm', win=Window(...), wrapWidth=1)
7.4291 	EXP 	Created blank_iti = TextStim(alignHoriz='center', alignVert='center', antialias=True, autoLog=True, bold=False, color=u'white', colorSpace='named', contrast=1.0, depth=0.0, flipHoriz=False, flipVert=False, font=u'Arial', fontFiles=[], height=0.1, italic=False, name='blank_iti', opacity=1.0, ori=0, pos=array([ 0.,  0.]), rgb=array([ 255.,  255.,  255.]), text='', units=u'norm', win=Window(...), wrapWidth=1)
7.4659 	EXP 	Sound  set volume 1.000
7.4829 	EXP 	instructions_text: autoDraw = True
7.9995 	DATA 	Keypress: space
8.0155 	EXP 	instructions_text: autoDraw = False
8.0155 	EXP 	blank_iti: autoDraw = True
9.0019 	EXP 	Created sequence: random, trialTypes=1, nReps=17, seed=None
9.0252 	EXP 	Created crosshair = TextStim(alignHoriz='center', alignVert='center', antialias=True, autoLog=True, bold=False, color=array([ 0.,  0.,  0.]), colorSpace='rgb', contrast=1.0, depth=0, flipHoriz=False, flipVert=False, font='', fontFiles=[], height=0.1, italic=False, name='crosshair', opacity=1.0, ori=0.0, pos=array([ 0.,  0.]), rgb=array([ 0.,  0.,  0.]), text='+', units=u'norm', win=Window(...), wrapWidth=1)
9.0263 	EXP 	New trial (rep=0, index=0): None
9.0413 	EXP 	blank_iti: autoDraw = False
9.0413 	EXP 	crosshair: autoDraw = True
9.0413 	EXP 	crosshair: autoDraw = True
9.6021 	EXP 	New trial (rep=1, index=0): None
9.6186 	EXP 	crosshair: autoDraw = True
10.2019 	EXP 	New trial (rep=2, index=0): None
10.2185 	EXP 	crosshair: autoDraw = True
10.8024 	EXP 	New trial (rep=3, index=0): None
10.8194 	EXP 	crosshair: autoDraw = True
11.4040 	EXP 	New trial (rep=4, index=0): None
11.4212 	EXP 	crosshair: autoDraw = True
12.0000 	EXP 	New trial (rep=5, index=0): None
12.0162 	EXP 	crosshair: autoDraw = True
12.6021 	EXP 	New trial (rep=6, index=0): None
12.6192 	EXP 	crosshair: autoDraw = True
13.2077 	EXP 	New trial (rep=7, index=0): None
13.2260 	EXP 	crosshair: autoDraw = True
13.8021 	EXP 	New trial (rep=8, index=0): None
13.8320 	EXP 	crosshair: autoDraw = True
14.4040 	EXP 	New trial (rep=9, index=0): None
14.4216 	EXP 	crosshair: autoDraw = True
15.0024 	EXP 	New trial (rep=10, index=0): None
15.0187 	EXP 	crosshair: autoDraw = True
15.6023 	EXP 	New trial (rep=11, index=0): None
15.6191 	EXP 	crosshair: autoDraw = True
16.2019 	EXP 	New trial (rep=12, index=0): None
16.2183 	EXP 	crosshair: autoDraw = True
16.8010 	EXP 	New trial (rep=13, index=0): None
16.8167 	EXP 	crosshair: autoDraw = True
17.4045 	EXP 	New trial (rep=14, index=0): None
17.4243 	EXP 	crosshair: autoDraw = True
18.0024 	EXP 	New trial (rep=15, index=0): None
18.0200 	EXP 	crosshair: autoDraw = True
18.6017 	EXP 	New trial (rep=16, index=0): None
18.6173 	EXP 	crosshair: autoDraw = True
19.8698 	DATA 	Keypress: escape
20.0545 	EXP 	window1: mouseVisible = True
