1.3558 	ERROR 	avbin.dll failed to load. Try importing psychopy.visual
  as the first library (before anything that uses scipy)
  and make sure that avbin is installed.
5.9442 	WARNING 	User requested fullscreen with size [2160 1440], but screen is actually [1024, 768]. Using actual size
6.6425 	EXP 	Created window1 = Window(allowGUI=False, allowStencil=False, autoLog=True, bitsMode=UNKNOWN, blendMode='avg', color=array([ 1.,  1.,  1.]), colorSpace='rgb', fullscr=UNKNOWN, gamma=None, lms=UNKNOWN, monitor=<psychopy.monitors.calibTools.Monitor object at 0x1EF98630>, multiSample=False, name='window1', numSamples=2, pos=[0, 0], screen=0, size=array([1024,  768]), stereo=False, units=u'norm', useFBO=True, useRetina=True, viewOri=0.0, viewPos=None, viewScale=None, waitBlanking=True, winType='pyglet')
6.6426 	EXP 	window1: recordFrameIntervals = False
6.8072 	EXP 	window1: recordFrameIntervals = True
6.9913 	EXP 	window1: recordFrameIntervals = False
7.1639 	EXP 	Created Instructions = TextStim(alignHoriz='center', alignVert='center', antialias=True, autoLog=True, bold=False, color=u'black', colorSpace='named', contrast=1.0, depth=0.0, flipHoriz=False, flipVert=False, font=u'Arial', fontFiles=[], height=0.1, italic=False, name='Instructions', opacity=1.0, ori=0, pos=array([ 0.,  0.]), rgb=array([ 0.,  0.,  0.]), text=unicode(...), units=u'norm', win=Window(...), wrapWidth=1)
8.3186 	EXP 	Set  sound=C
21.3232 	EXP 	Set  sound=Newcastle Hospitals - unknown album - 00 - Progressive Muscle Relaxation - Male Voice.ogg
21.3235 	EXP 	Sound  set volume 1.000
21.3502 	EXP 	Created text = TextStim(alignHoriz='center', alignVert='center', antialias=True, autoLog=True, bold=False, color=u'black', colorSpace='named', contrast=1.0, depth=0.0, flipHoriz=False, flipVert=False, font=u'Arial', fontFiles=[], height=0.1, italic=False, name='text', opacity=1.0, ori=0, pos=array([ 0.,  0.]), rgb=array([ 0.,  0.,  0.]), text=unicode(...), units=u'norm', win=Window(...), wrapWidth=1)
21.3504 	DATA 	Keypress: space
21.3506 	DATA 	Keypress: space
21.3508 	DATA 	Keypress: space
21.3509 	DATA 	Keypress: space
21.3539 	EXP 	Instructions: autoDraw = True
21.3539 	EXP 	Instructions: autoDraw = False
22.5565 	DATA 	Keypress: space
35.8305 	EXP 	Set  sound=Newcastle Hospitals - unknown album - 00 - Progressive Muscle Relaxation - Male Voice.ogg
35.8313 	EXP 	Sound  started
35.8314 	EXP 	Sound  stopped
35.8317 	DATA 	Keypress: space
35.8319 	DATA 	Keypress: space
35.8320 	DATA 	Keypress: space
35.8322 	DATA 	Keypress: space
35.8323 	DATA 	Keypress: escape
35.8330 	DATA 	Keypress: escape
35.8364 	EXP 	Instructions: autoDraw = False
35.8364 	EXP 	text: autoDraw = True
35.8364 	EXP 	text: autoDraw = False
61.4044 	DATA 	Keypress: space
61.4384 	EXP 	window1: mouseVisible = True
