1.3738 	ERROR 	avbin.dll failed to load. Try importing psychopy.visual
  as the first library (before anything that uses scipy)
  and make sure that avbin is installed.
5.6386 	EXP 	Created window1 = Window(allowGUI=False, allowStencil=False, autoLog=True, bitsMode=UNKNOWN, blendMode='avg', color=array([ 1.,  1.,  1.]), colorSpace='rgb', fullscr=UNKNOWN, gamma=None, lms=UNKNOWN, monitor=<psychopy.monitors.calibTools.Monitor object at 0x20138650>, multiSample=False, name='window1', numSamples=2, pos=[0, 0], screen=0, size=array([1024,  768]), stereo=False, units=u'norm', useFBO=True, useRetina=True, viewOri=0.0, viewPos=None, viewScale=None, waitBlanking=True, winType='pyglet')
5.6387 	EXP 	window1: recordFrameIntervals = False
5.8038 	EXP 	window1: recordFrameIntervals = True
5.9876 	EXP 	window1: recordFrameIntervals = False
6.1533 	EXP 	Created Instructions = TextStim(alignHoriz='center', alignVert='center', antialias=True, autoLog=True, bold=False, color=u'black', colorSpace='named', contrast=1.0, depth=0.0, flipHoriz=False, flipVert=False, font=u'Arial', fontFiles=[], height=0.1, italic=False, name='Instructions', opacity=1.0, ori=0, pos=array([ 0.,  0.]), rgb=array([ 0.,  0.,  0.]), text=unicode(...), units=u'norm', win=Window(...), wrapWidth=1)
7.3209 	EXP 	Set  sound=C
20.4195 	EXP 	Set  sound=../stimuli/Newcastle Hospitals - unknown album - 00 - Progressive Muscle Relaxation - Male Voice.ogg
20.4197 	EXP 	Sound  set volume 1.000
20.4452 	EXP 	Created text = TextStim(alignHoriz='center', alignVert='center', antialias=True, autoLog=True, bold=False, color=u'black', colorSpace='named', contrast=1.0, depth=0.0, flipHoriz=False, flipVert=False, font=u'Arial', fontFiles=[], height=0.1, italic=False, name='text', opacity=1.0, ori=0, pos=array([ 0.,  0.]), rgb=array([ 0.,  0.,  0.]), text=unicode(...), units=u'norm', win=Window(...), wrapWidth=1)
20.4459 	EXP 	window1: blendMode = 'avg'
20.4525 	EXP 	Instructions: autoDraw = True
20.4539 	EXP 	window1: blendMode = 'avg'
20.4685 	EXP 	window1: blendMode = 'avg'
20.4859 	EXP 	window1: blendMode = 'avg'
20.5025 	EXP 	window1: blendMode = 'avg'
20.5191 	EXP 	window1: blendMode = 'avg'
20.5362 	EXP 	window1: blendMode = 'avg'
20.5529 	EXP 	window1: blendMode = 'avg'
20.5695 	EXP 	window1: blendMode = 'avg'
20.5864 	EXP 	window1: blendMode = 'avg'
20.6031 	EXP 	window1: blendMode = 'avg'
20.6195 	EXP 	window1: blendMode = 'avg'
20.6363 	EXP 	window1: blendMode = 'avg'
20.6528 	EXP 	window1: blendMode = 'avg'
20.6695 	EXP 	window1: blendMode = 'avg'
20.6863 	EXP 	window1: blendMode = 'avg'
20.7029 	EXP 	window1: blendMode = 'avg'
20.7195 	EXP 	window1: blendMode = 'avg'
20.7363 	EXP 	window1: blendMode = 'avg'
20.7529 	EXP 	window1: blendMode = 'avg'
20.7699 	EXP 	window1: blendMode = 'avg'
20.7864 	EXP 	window1: blendMode = 'avg'
20.8029 	EXP 	window1: blendMode = 'avg'
20.8200 	EXP 	window1: blendMode = 'avg'
20.8365 	EXP 	window1: blendMode = 'avg'
20.8529 	EXP 	window1: blendMode = 'avg'
20.8695 	EXP 	window1: blendMode = 'avg'
20.8862 	EXP 	window1: blendMode = 'avg'
20.9028 	EXP 	window1: blendMode = 'avg'
20.9195 	EXP 	window1: blendMode = 'avg'
20.9363 	EXP 	window1: blendMode = 'avg'
20.9530 	EXP 	window1: blendMode = 'avg'
20.9695 	EXP 	window1: blendMode = 'avg'
20.9863 	EXP 	window1: blendMode = 'avg'
21.0029 	EXP 	window1: blendMode = 'avg'
21.0194 	EXP 	window1: blendMode = 'avg'
21.0362 	EXP 	window1: blendMode = 'avg'
21.0529 	EXP 	window1: blendMode = 'avg'
21.0695 	EXP 	window1: blendMode = 'avg'
21.0862 	EXP 	window1: blendMode = 'avg'
21.1030 	EXP 	window1: blendMode = 'avg'
21.1194 	EXP 	window1: blendMode = 'avg'
21.1363 	EXP 	window1: blendMode = 'avg'
21.1530 	EXP 	window1: blendMode = 'avg'
21.1695 	EXP 	window1: blendMode = 'avg'
21.1863 	EXP 	window1: blendMode = 'avg'
21.2029 	EXP 	window1: blendMode = 'avg'
21.2198 	EXP 	window1: blendMode = 'avg'
21.2362 	EXP 	window1: blendMode = 'avg'
21.2537 	EXP 	window1: blendMode = 'avg'
21.2695 	EXP 	window1: blendMode = 'avg'
21.2862 	EXP 	window1: blendMode = 'avg'
21.3029 	EXP 	window1: blendMode = 'avg'
21.3193 	EXP 	window1: blendMode = 'avg'
21.3364 	EXP 	window1: blendMode = 'avg'
21.3529 	EXP 	window1: blendMode = 'avg'
21.3695 	EXP 	window1: blendMode = 'avg'
21.3863 	EXP 	window1: blendMode = 'avg'
21.4029 	EXP 	window1: blendMode = 'avg'
21.4195 	EXP 	window1: blendMode = 'avg'
21.4363 	EXP 	window1: blendMode = 'avg'
21.4528 	EXP 	window1: blendMode = 'avg'
21.4695 	EXP 	window1: blendMode = 'avg'
21.4862 	EXP 	window1: blendMode = 'avg'
21.5029 	EXP 	window1: blendMode = 'avg'
21.5195 	EXP 	window1: blendMode = 'avg'
21.5363 	EXP 	window1: blendMode = 'avg'
21.5528 	EXP 	window1: blendMode = 'avg'
21.5695 	EXP 	window1: blendMode = 'avg'
21.5863 	EXP 	window1: blendMode = 'avg'
21.6029 	EXP 	window1: blendMode = 'avg'
21.6196 	EXP 	window1: blendMode = 'avg'
21.6363 	EXP 	window1: blendMode = 'avg'
21.6528 	EXP 	window1: blendMode = 'avg'
21.6695 	EXP 	window1: blendMode = 'avg'
21.6864 	EXP 	window1: blendMode = 'avg'
21.7029 	EXP 	window1: blendMode = 'avg'
21.7195 	EXP 	window1: blendMode = 'avg'
21.7362 	EXP 	window1: blendMode = 'avg'
21.7529 	EXP 	window1: blendMode = 'avg'
21.7695 	EXP 	window1: blendMode = 'avg'
21.7863 	EXP 	window1: blendMode = 'avg'
21.8029 	EXP 	window1: blendMode = 'avg'
21.8195 	EXP 	window1: blendMode = 'avg'
21.8362 	EXP 	window1: blendMode = 'avg'
21.8528 	EXP 	window1: blendMode = 'avg'
21.8696 	EXP 	window1: blendMode = 'avg'
21.8863 	EXP 	window1: blendMode = 'avg'
21.9028 	EXP 	window1: blendMode = 'avg'
21.9194 	EXP 	window1: blendMode = 'avg'
21.9362 	EXP 	window1: blendMode = 'avg'
21.9529 	EXP 	window1: blendMode = 'avg'
21.9696 	EXP 	window1: blendMode = 'avg'
21.9863 	EXP 	window1: blendMode = 'avg'
22.0028 	EXP 	window1: blendMode = 'avg'
22.0194 	EXP 	window1: blendMode = 'avg'
22.0362 	EXP 	window1: blendMode = 'avg'
22.0528 	EXP 	window1: blendMode = 'avg'
22.0694 	EXP 	window1: blendMode = 'avg'
22.0862 	EXP 	window1: blendMode = 'avg'
22.1028 	EXP 	window1: blendMode = 'avg'
22.1196 	EXP 	window1: blendMode = 'avg'
22.1362 	EXP 	window1: blendMode = 'avg'
22.1528 	EXP 	window1: blendMode = 'avg'
22.1695 	EXP 	window1: blendMode = 'avg'
22.1862 	EXP 	window1: blendMode = 'avg'
22.2028 	EXP 	window1: blendMode = 'avg'
22.2194 	EXP 	window1: blendMode = 'avg'
22.2363 	EXP 	window1: blendMode = 'avg'
22.2528 	EXP 	window1: blendMode = 'avg'
22.2695 	EXP 	window1: blendMode = 'avg'
22.2862 	EXP 	window1: blendMode = 'avg'
22.3028 	EXP 	window1: blendMode = 'avg'
22.3194 	EXP 	window1: blendMode = 'avg'
22.3362 	EXP 	window1: blendMode = 'avg'
22.3528 	EXP 	window1: blendMode = 'avg'
22.3694 	EXP 	window1: blendMode = 'avg'
22.3862 	EXP 	window1: blendMode = 'avg'
22.4027 	EXP 	window1: blendMode = 'avg'
22.4194 	EXP 	window1: blendMode = 'avg'
22.4362 	EXP 	window1: blendMode = 'avg'
22.4529 	EXP 	window1: blendMode = 'avg'
22.4694 	EXP 	window1: blendMode = 'avg'
22.4864 	EXP 	window1: blendMode = 'avg'
22.5028 	EXP 	window1: blendMode = 'avg'
22.5195 	EXP 	window1: blendMode = 'avg'
22.5363 	EXP 	window1: blendMode = 'avg'
22.5528 	EXP 	window1: blendMode = 'avg'
22.5694 	EXP 	window1: blendMode = 'avg'
22.5862 	EXP 	window1: blendMode = 'avg'
22.6028 	EXP 	window1: blendMode = 'avg'
22.6195 	EXP 	window1: blendMode = 'avg'
22.6363 	EXP 	window1: blendMode = 'avg'
22.6527 	EXP 	window1: blendMode = 'avg'
22.6695 	EXP 	window1: blendMode = 'avg'
22.6863 	EXP 	window1: blendMode = 'avg'
22.7028 	EXP 	window1: blendMode = 'avg'
22.7196 	EXP 	window1: blendMode = 'avg'
22.7356 	EXP 	window1: blendMode = 'avg'
22.7522 	EXP 	window1: blendMode = 'avg'
22.7689 	EXP 	window1: blendMode = 'avg'
22.7858 	EXP 	window1: blendMode = 'avg'
22.8028 	EXP 	window1: blendMode = 'avg'
22.8192 	EXP 	window1: blendMode = 'avg'
22.8361 	EXP 	window1: blendMode = 'avg'
22.8528 	EXP 	window1: blendMode = 'avg'
22.8693 	EXP 	window1: blendMode = 'avg'
22.8862 	EXP 	window1: blendMode = 'avg'
22.9030 	EXP 	window1: blendMode = 'avg'
22.9193 	EXP 	window1: blendMode = 'avg'
22.9362 	EXP 	window1: blendMode = 'avg'
22.9529 	EXP 	window1: blendMode = 'avg'
22.9693 	EXP 	window1: blendMode = 'avg'
22.9862 	EXP 	window1: blendMode = 'avg'
23.0027 	EXP 	window1: blendMode = 'avg'
23.0194 	EXP 	window1: blendMode = 'avg'
23.0362 	EXP 	window1: blendMode = 'avg'
23.0529 	EXP 	window1: blendMode = 'avg'
23.0693 	EXP 	window1: blendMode = 'avg'
23.0860 	EXP 	window1: blendMode = 'avg'
23.1027 	EXP 	window1: blendMode = 'avg'
23.1193 	EXP 	window1: blendMode = 'avg'
23.1359 	EXP 	window1: blendMode = 'avg'
23.1525 	EXP 	window1: blendMode = 'avg'
23.1692 	EXP 	window1: blendMode = 'avg'
23.1860 	EXP 	window1: blendMode = 'avg'
23.2026 	EXP 	window1: blendMode = 'avg'
23.2193 	EXP 	window1: blendMode = 'avg'
23.2361 	EXP 	window1: blendMode = 'avg'
23.2528 	EXP 	window1: blendMode = 'avg'
23.2693 	EXP 	window1: blendMode = 'avg'
23.2861 	EXP 	window1: blendMode = 'avg'
23.3028 	EXP 	window1: blendMode = 'avg'
23.3194 	EXP 	window1: blendMode = 'avg'
23.3362 	EXP 	window1: blendMode = 'avg'
23.3528 	EXP 	window1: blendMode = 'avg'
23.3695 	EXP 	window1: blendMode = 'avg'
23.3864 	EXP 	window1: blendMode = 'avg'
23.4028 	EXP 	window1: blendMode = 'avg'
23.4195 	EXP 	window1: blendMode = 'avg'
23.4362 	EXP 	window1: blendMode = 'avg'
23.4528 	EXP 	window1: blendMode = 'avg'
23.4694 	EXP 	window1: blendMode = 'avg'
23.4862 	EXP 	window1: blendMode = 'avg'
23.5028 	EXP 	window1: blendMode = 'avg'
23.5196 	EXP 	window1: blendMode = 'avg'
23.5363 	EXP 	window1: blendMode = 'avg'
23.5528 	EXP 	window1: blendMode = 'avg'
23.5695 	EXP 	window1: blendMode = 'avg'
23.5863 	EXP 	window1: blendMode = 'avg'
23.6028 	EXP 	window1: blendMode = 'avg'
23.6195 	EXP 	window1: blendMode = 'avg'
23.6363 	EXP 	window1: blendMode = 'avg'
23.6528 	EXP 	window1: blendMode = 'avg'
23.6694 	EXP 	window1: blendMode = 'avg'
23.6864 	EXP 	window1: blendMode = 'avg'
23.7028 	EXP 	window1: blendMode = 'avg'
23.7195 	EXP 	window1: blendMode = 'avg'
23.7364 	EXP 	window1: blendMode = 'avg'
23.7528 	EXP 	window1: blendMode = 'avg'
23.7697 	EXP 	window1: blendMode = 'avg'
23.7863 	EXP 	window1: blendMode = 'avg'
23.8028 	EXP 	window1: blendMode = 'avg'
23.8195 	EXP 	window1: blendMode = 'avg'
23.8363 	EXP 	window1: blendMode = 'avg'
23.8527 	EXP 	window1: blendMode = 'avg'
23.8695 	EXP 	window1: blendMode = 'avg'
23.8862 	EXP 	window1: blendMode = 'avg'
23.9029 	EXP 	window1: blendMode = 'avg'
23.9197 	EXP 	window1: blendMode = 'avg'
23.9363 	EXP 	window1: blendMode = 'avg'
23.9527 	EXP 	window1: blendMode = 'avg'
23.9695 	EXP 	window1: blendMode = 'avg'
23.9863 	EXP 	window1: blendMode = 'avg'
24.0028 	EXP 	window1: blendMode = 'avg'
24.0195 	EXP 	window1: blendMode = 'avg'
24.0363 	EXP 	window1: blendMode = 'avg'
24.0527 	EXP 	window1: blendMode = 'avg'
24.0695 	EXP 	window1: blendMode = 'avg'
24.0862 	EXP 	window1: blendMode = 'avg'
24.1027 	EXP 	window1: blendMode = 'avg'
24.1195 	EXP 	window1: blendMode = 'avg'
24.1363 	EXP 	window1: blendMode = 'avg'
24.1528 	EXP 	window1: blendMode = 'avg'
24.1697 	EXP 	window1: blendMode = 'avg'
24.1864 	EXP 	window1: blendMode = 'avg'
24.2028 	EXP 	window1: blendMode = 'avg'
24.2195 	EXP 	window1: blendMode = 'avg'
24.2364 	EXP 	window1: blendMode = 'avg'
24.2528 	EXP 	window1: blendMode = 'avg'
24.2696 	EXP 	window1: blendMode = 'avg'
24.2863 	EXP 	window1: blendMode = 'avg'
24.3028 	EXP 	window1: blendMode = 'avg'
24.3195 	EXP 	window1: blendMode = 'avg'
24.3362 	EXP 	window1: blendMode = 'avg'
24.3527 	EXP 	window1: blendMode = 'avg'
24.3695 	EXP 	window1: blendMode = 'avg'
24.3863 	EXP 	window1: blendMode = 'avg'
24.4029 	EXP 	window1: blendMode = 'avg'
24.4197 	EXP 	window1: blendMode = 'avg'
24.4363 	EXP 	window1: blendMode = 'avg'
24.4528 	EXP 	window1: blendMode = 'avg'
24.4697 	EXP 	window1: blendMode = 'avg'
24.4863 	EXP 	window1: blendMode = 'avg'
24.5028 	EXP 	window1: blendMode = 'avg'
24.5197 	EXP 	window1: blendMode = 'avg'
24.5363 	EXP 	window1: blendMode = 'avg'
24.5527 	EXP 	window1: blendMode = 'avg'
24.5694 	EXP 	window1: blendMode = 'avg'
24.5864 	EXP 	window1: blendMode = 'avg'
24.6028 	EXP 	window1: blendMode = 'avg'
24.6195 	EXP 	window1: blendMode = 'avg'
24.6375 	EXP 	window1: blendMode = 'avg'
24.6530 	EXP 	window1: blendMode = 'avg'
24.6694 	EXP 	window1: blendMode = 'avg'
24.6864 	EXP 	window1: blendMode = 'avg'
24.7027 	EXP 	window1: blendMode = 'avg'
24.7194 	EXP 	window1: blendMode = 'avg'
24.7363 	EXP 	window1: blendMode = 'avg'
24.7528 	EXP 	window1: blendMode = 'avg'
24.7694 	EXP 	window1: blendMode = 'avg'
24.7861 	EXP 	window1: blendMode = 'avg'
24.8027 	EXP 	window1: blendMode = 'avg'
24.8194 	EXP 	window1: blendMode = 'avg'
24.8360 	EXP 	window1: blendMode = 'avg'
24.8528 	EXP 	window1: blendMode = 'avg'
24.8694 	EXP 	window1: blendMode = 'avg'
24.8861 	EXP 	window1: blendMode = 'avg'
24.9027 	EXP 	window1: blendMode = 'avg'
24.9196 	EXP 	window1: blendMode = 'avg'
24.9362 	EXP 	window1: blendMode = 'avg'
24.9529 	EXP 	window1: blendMode = 'avg'
24.9695 	EXP 	window1: blendMode = 'avg'
24.9863 	EXP 	window1: blendMode = 'avg'
25.0028 	EXP 	window1: blendMode = 'avg'
25.0194 	EXP 	window1: blendMode = 'avg'
25.0362 	EXP 	window1: blendMode = 'avg'
25.0528 	EXP 	window1: blendMode = 'avg'
25.0694 	EXP 	window1: blendMode = 'avg'
25.0861 	EXP 	window1: blendMode = 'avg'
25.1027 	EXP 	window1: blendMode = 'avg'
25.1195 	EXP 	window1: blendMode = 'avg'
25.1362 	EXP 	window1: blendMode = 'avg'
25.1528 	EXP 	window1: blendMode = 'avg'
25.1694 	EXP 	window1: blendMode = 'avg'
25.1860 	EXP 	window1: blendMode = 'avg'
25.2027 	EXP 	window1: blendMode = 'avg'
25.2195 	EXP 	window1: blendMode = 'avg'
25.2362 	EXP 	window1: blendMode = 'avg'
25.2527 	EXP 	window1: blendMode = 'avg'
25.2694 	EXP 	window1: blendMode = 'avg'
25.2863 	EXP 	window1: blendMode = 'avg'
25.3027 	EXP 	window1: blendMode = 'avg'
25.3195 	EXP 	window1: blendMode = 'avg'
25.3361 	EXP 	window1: blendMode = 'avg'
25.3527 	EXP 	window1: blendMode = 'avg'
25.3694 	EXP 	window1: blendMode = 'avg'
25.3862 	EXP 	window1: blendMode = 'avg'
25.4026 	EXP 	window1: blendMode = 'avg'
25.4194 	EXP 	window1: blendMode = 'avg'
25.4361 	EXP 	window1: blendMode = 'avg'
25.4527 	EXP 	window1: blendMode = 'avg'
25.4694 	EXP 	window1: blendMode = 'avg'
25.4869 	EXP 	window1: blendMode = 'avg'
25.5027 	EXP 	window1: blendMode = 'avg'
25.5201 	EXP 	window1: blendMode = 'avg'
25.5363 	EXP 	window1: blendMode = 'avg'
25.5527 	EXP 	window1: blendMode = 'avg'
25.5693 	EXP 	window1: blendMode = 'avg'
25.5871 	EXP 	window1: blendMode = 'avg'
25.6027 	EXP 	window1: blendMode = 'avg'
25.6193 	EXP 	window1: blendMode = 'avg'
25.6360 	EXP 	window1: blendMode = 'avg'
25.6527 	EXP 	window1: blendMode = 'avg'
25.6693 	EXP 	window1: blendMode = 'avg'
25.6878 	EXP 	window1: blendMode = 'avg'
25.7028 	EXP 	window1: blendMode = 'avg'
25.7194 	EXP 	window1: blendMode = 'avg'
25.7360 	EXP 	window1: blendMode = 'avg'
25.7526 	EXP 	window1: blendMode = 'avg'
25.7693 	EXP 	window1: blendMode = 'avg'
25.7860 	EXP 	window1: blendMode = 'avg'
25.8037 	EXP 	window1: blendMode = 'avg'
25.8195 	EXP 	window1: blendMode = 'avg'
25.8360 	EXP 	window1: blendMode = 'avg'
25.8527 	EXP 	window1: blendMode = 'avg'
25.8692 	EXP 	window1: blendMode = 'avg'
25.8860 	EXP 	window1: blendMode = 'avg'
25.9026 	EXP 	window1: blendMode = 'avg'
25.9194 	EXP 	window1: blendMode = 'avg'
25.9361 	EXP 	window1: blendMode = 'avg'
25.9528 	EXP 	window1: blendMode = 'avg'
25.9692 	EXP 	window1: blendMode = 'avg'
25.9862 	EXP 	window1: blendMode = 'avg'
26.0029 	EXP 	window1: blendMode = 'avg'
26.0193 	EXP 	window1: blendMode = 'avg'
26.0362 	EXP 	window1: blendMode = 'avg'
26.0527 	EXP 	window1: blendMode = 'avg'
26.0693 	EXP 	window1: blendMode = 'avg'
26.0860 	EXP 	window1: blendMode = 'avg'
26.1028 	EXP 	window1: blendMode = 'avg'
26.1193 	EXP 	window1: blendMode = 'avg'
26.1363 	EXP 	window1: blendMode = 'avg'
26.1527 	EXP 	window1: blendMode = 'avg'
26.1693 	EXP 	window1: blendMode = 'avg'
26.1860 	EXP 	window1: blendMode = 'avg'
26.2040 	EXP 	window1: blendMode = 'avg'
26.2193 	EXP 	window1: blendMode = 'avg'
26.2361 	EXP 	window1: blendMode = 'avg'
26.2527 	EXP 	window1: blendMode = 'avg'
26.2693 	EXP 	window1: blendMode = 'avg'
26.2860 	EXP 	window1: blendMode = 'avg'
26.3028 	EXP 	window1: blendMode = 'avg'
26.3192 	EXP 	window1: blendMode = 'avg'
26.3360 	EXP 	window1: blendMode = 'avg'
26.3539 	EXP 	window1: blendMode = 'avg'
26.3693 	EXP 	window1: blendMode = 'avg'
26.3860 	EXP 	window1: blendMode = 'avg'
26.4026 	EXP 	window1: blendMode = 'avg'
26.4193 	EXP 	window1: blendMode = 'avg'
26.4360 	EXP 	window1: blendMode = 'avg'
26.4526 	EXP 	window1: blendMode = 'avg'
26.4693 	EXP 	window1: blendMode = 'avg'
26.4860 	EXP 	window1: blendMode = 'avg'
26.5036 	EXP 	window1: blendMode = 'avg'
26.5193 	EXP 	window1: blendMode = 'avg'
26.5361 	EXP 	window1: blendMode = 'avg'
26.5529 	EXP 	window1: blendMode = 'avg'
26.5693 	EXP 	window1: blendMode = 'avg'
26.5860 	EXP 	window1: blendMode = 'avg'
26.6028 	EXP 	window1: blendMode = 'avg'
26.6192 	EXP 	window1: blendMode = 'avg'
26.6360 	EXP 	window1: blendMode = 'avg'
26.6529 	EXP 	window1: blendMode = 'avg'
26.6693 	EXP 	window1: blendMode = 'avg'
26.6862 	EXP 	window1: blendMode = 'avg'
26.7027 	EXP 	window1: blendMode = 'avg'
26.7193 	EXP 	window1: blendMode = 'avg'
26.7360 	EXP 	window1: blendMode = 'avg'
26.7542 	EXP 	window1: blendMode = 'avg'
26.7693 	EXP 	window1: blendMode = 'avg'
26.7860 	EXP 	window1: blendMode = 'avg'
26.8026 	EXP 	window1: blendMode = 'avg'
26.8192 	EXP 	window1: blendMode = 'avg'
26.8360 	EXP 	window1: blendMode = 'avg'
26.8526 	EXP 	window1: blendMode = 'avg'
26.8694 	EXP 	window1: blendMode = 'avg'
26.8860 	EXP 	window1: blendMode = 'avg'
26.9027 	EXP 	window1: blendMode = 'avg'
26.9193 	EXP 	window1: blendMode = 'avg'
26.9363 	EXP 	window1: blendMode = 'avg'
26.9525 	EXP 	window1: blendMode = 'avg'
26.9693 	EXP 	window1: blendMode = 'avg'
26.9860 	EXP 	window1: blendMode = 'avg'
27.0026 	EXP 	window1: blendMode = 'avg'
27.0192 	EXP 	window1: blendMode = 'avg'
27.0361 	EXP 	window1: blendMode = 'avg'
27.0526 	EXP 	window1: blendMode = 'avg'
27.0693 	EXP 	window1: blendMode = 'avg'
27.0860 	EXP 	window1: blendMode = 'avg'
27.1026 	EXP 	window1: blendMode = 'avg'
27.1193 	EXP 	window1: blendMode = 'avg'
27.1360 	EXP 	window1: blendMode = 'avg'
27.1525 	EXP 	window1: blendMode = 'avg'
27.1695 	EXP 	window1: blendMode = 'avg'
27.1860 	EXP 	window1: blendMode = 'avg'
27.2026 	EXP 	window1: blendMode = 'avg'
27.2193 	EXP 	window1: blendMode = 'avg'
27.2362 	EXP 	window1: blendMode = 'avg'
27.2526 	EXP 	window1: blendMode = 'avg'
27.2698 	EXP 	window1: blendMode = 'avg'
27.2861 	EXP 	window1: blendMode = 'avg'
27.3027 	EXP 	window1: blendMode = 'avg'
27.3194 	EXP 	window1: blendMode = 'avg'
27.3361 	EXP 	window1: blendMode = 'avg'
27.3526 	EXP 	window1: blendMode = 'avg'
27.3693 	EXP 	window1: blendMode = 'avg'
27.3862 	EXP 	window1: blendMode = 'avg'
27.4025 	EXP 	window1: blendMode = 'avg'
27.4194 	EXP 	window1: blendMode = 'avg'
27.4376 	EXP 	window1: blendMode = 'avg'
27.4526 	EXP 	window1: blendMode = 'avg'
27.4693 	EXP 	window1: blendMode = 'avg'
27.4860 	EXP 	window1: blendMode = 'avg'
27.5026 	EXP 	window1: blendMode = 'avg'
27.5192 	EXP 	window1: blendMode = 'avg'
27.5360 	EXP 	window1: blendMode = 'avg'
27.5526 	EXP 	window1: blendMode = 'avg'
27.5693 	EXP 	window1: blendMode = 'avg'
27.5861 	EXP 	window1: blendMode = 'avg'
27.6024 	EXP 	window1: blendMode = 'avg'
27.6193 	EXP 	window1: blendMode = 'avg'
27.6360 	EXP 	window1: blendMode = 'avg'
27.6526 	EXP 	window1: blendMode = 'avg'
27.6693 	EXP 	window1: blendMode = 'avg'
27.6860 	EXP 	window1: blendMode = 'avg'
27.7025 	EXP 	window1: blendMode = 'avg'
27.7192 	EXP 	window1: blendMode = 'avg'
27.7372 	EXP 	window1: blendMode = 'avg'
27.7526 	EXP 	window1: blendMode = 'avg'
27.7693 	EXP 	window1: blendMode = 'avg'
27.7859 	EXP 	window1: blendMode = 'avg'
27.8026 	EXP 	window1: blendMode = 'avg'
27.8193 	EXP 	window1: blendMode = 'avg'
27.8360 	EXP 	window1: blendMode = 'avg'
27.8525 	EXP 	window1: blendMode = 'avg'
27.8692 	EXP 	window1: blendMode = 'avg'
27.8860 	EXP 	window1: blendMode = 'avg'
27.9027 	EXP 	window1: blendMode = 'avg'
27.9192 	EXP 	window1: blendMode = 'avg'
27.9358 	EXP 	window1: blendMode = 'avg'
27.9527 	EXP 	window1: blendMode = 'avg'
27.9691 	EXP 	window1: blendMode = 'avg'
27.9859 	EXP 	window1: blendMode = 'avg'
28.0027 	EXP 	window1: blendMode = 'avg'
28.0192 	EXP 	window1: blendMode = 'avg'
28.0360 	EXP 	window1: blendMode = 'avg'
28.0527 	EXP 	window1: blendMode = 'avg'
28.0691 	EXP 	window1: blendMode = 'avg'
28.0859 	EXP 	window1: blendMode = 'avg'
28.1038 	EXP 	window1: blendMode = 'avg'
28.1192 	EXP 	window1: blendMode = 'avg'
28.1359 	EXP 	window1: blendMode = 'avg'
28.1525 	EXP 	window1: blendMode = 'avg'
28.1691 	EXP 	window1: blendMode = 'avg'
28.1858 	EXP 	window1: blendMode = 'avg'
28.2027 	EXP 	window1: blendMode = 'avg'
28.2192 	EXP 	window1: blendMode = 'avg'
28.2359 	EXP 	window1: blendMode = 'avg'
28.2540 	EXP 	window1: blendMode = 'avg'
28.2693 	EXP 	window1: blendMode = 'avg'
28.2859 	EXP 	window1: blendMode = 'avg'
28.3026 	EXP 	window1: blendMode = 'avg'
28.3192 	EXP 	window1: blendMode = 'avg'
28.3359 	EXP 	window1: blendMode = 'avg'
28.3525 	EXP 	window1: blendMode = 'avg'
28.3692 	EXP 	window1: blendMode = 'avg'
28.3859 	EXP 	window1: blendMode = 'avg'
28.4025 	EXP 	window1: blendMode = 'avg'
28.4192 	EXP 	window1: blendMode = 'avg'
28.4359 	EXP 	window1: blendMode = 'avg'
28.4524 	EXP 	window1: blendMode = 'avg'
28.4692 	EXP 	window1: blendMode = 'avg'
28.4858 	EXP 	window1: blendMode = 'avg'
28.5025 	EXP 	window1: blendMode = 'avg'
28.5192 	EXP 	window1: blendMode = 'avg'
28.5358 	EXP 	window1: blendMode = 'avg'
28.5525 	EXP 	window1: blendMode = 'avg'
28.5692 	EXP 	window1: blendMode = 'avg'
28.5858 	EXP 	window1: blendMode = 'avg'
28.6024 	EXP 	window1: blendMode = 'avg'
28.6192 	EXP 	window1: blendMode = 'avg'
28.6358 	EXP 	window1: blendMode = 'avg'
28.6524 	EXP 	window1: blendMode = 'avg'
28.6692 	EXP 	window1: blendMode = 'avg'
28.6859 	EXP 	window1: blendMode = 'avg'
28.7024 	EXP 	window1: blendMode = 'avg'
28.7192 	EXP 	window1: blendMode = 'avg'
28.7358 	EXP 	window1: blendMode = 'avg'
28.7525 	EXP 	window1: blendMode = 'avg'
28.7691 	EXP 	window1: blendMode = 'avg'
28.7859 	EXP 	window1: blendMode = 'avg'
28.8026 	EXP 	window1: blendMode = 'avg'
28.8191 	EXP 	window1: blendMode = 'avg'
28.8361 	EXP 	window1: blendMode = 'avg'
28.8525 	EXP 	window1: blendMode = 'avg'
28.8692 	EXP 	window1: blendMode = 'avg'
28.8860 	EXP 	window1: blendMode = 'avg'
28.9025 	EXP 	window1: blendMode = 'avg'
28.9200 	EXP 	window1: blendMode = 'avg'
28.9383 	EXP 	window1: blendMode = 'avg'
28.9534 	EXP 	window1: blendMode = 'avg'
28.9700 	EXP 	window1: blendMode = 'avg'
28.9867 	EXP 	window1: blendMode = 'avg'
29.0032 	EXP 	window1: blendMode = 'avg'
29.0200 	EXP 	window1: blendMode = 'avg'
29.0366 	EXP 	window1: blendMode = 'avg'
29.0532 	EXP 	window1: blendMode = 'avg'
29.0700 	EXP 	window1: blendMode = 'avg'
29.0867 	EXP 	window1: blendMode = 'avg'
29.1033 	EXP 	window1: blendMode = 'avg'
29.1201 	EXP 	window1: blendMode = 'avg'
29.1367 	EXP 	window1: blendMode = 'avg'
29.1533 	EXP 	window1: blendMode = 'avg'
29.1700 	EXP 	window1: blendMode = 'avg'
29.1866 	EXP 	window1: blendMode = 'avg'
29.2033 	EXP 	window1: blendMode = 'avg'
29.2203 	EXP 	window1: blendMode = 'avg'
29.2365 	EXP 	window1: blendMode = 'avg'
29.2533 	EXP 	window1: blendMode = 'avg'
29.2700 	EXP 	window1: blendMode = 'avg'
29.2867 	EXP 	window1: blendMode = 'avg'
29.3032 	EXP 	window1: blendMode = 'avg'
29.3201 	EXP 	window1: blendMode = 'avg'
29.3369 	EXP 	window1: blendMode = 'avg'
29.3533 	EXP 	window1: blendMode = 'avg'
29.3700 	EXP 	window1: blendMode = 'avg'
29.3881 	EXP 	window1: blendMode = 'avg'
29.4033 	EXP 	window1: blendMode = 'avg'
29.4202 	EXP 	window1: blendMode = 'avg'
29.4366 	EXP 	window1: blendMode = 'avg'
29.4533 	EXP 	window1: blendMode = 'avg'
29.4702 	EXP 	window1: blendMode = 'avg'
29.4866 	EXP 	window1: blendMode = 'avg'
29.5032 	EXP 	window1: blendMode = 'avg'
29.5209 	EXP 	window1: blendMode = 'avg'
29.5367 	EXP 	window1: blendMode = 'avg'
29.5531 	EXP 	window1: blendMode = 'avg'
29.5700 	EXP 	window1: blendMode = 'avg'
29.5887 	EXP 	window1: blendMode = 'avg'
29.6033 	EXP 	window1: blendMode = 'avg'
29.6200 	EXP 	window1: blendMode = 'avg'
29.6366 	EXP 	window1: blendMode = 'avg'
29.6534 	EXP 	window1: blendMode = 'avg'
29.6700 	EXP 	window1: blendMode = 'avg'
29.6867 	EXP 	window1: blendMode = 'avg'
29.7034 	EXP 	window1: blendMode = 'avg'
29.7200 	EXP 	window1: blendMode = 'avg'
29.7383 	EXP 	window1: blendMode = 'avg'
29.7533 	EXP 	window1: blendMode = 'avg'
29.7699 	EXP 	window1: blendMode = 'avg'
29.7869 	EXP 	window1: blendMode = 'avg'
29.8032 	EXP 	window1: blendMode = 'avg'
29.8202 	EXP 	window1: blendMode = 'avg'
29.8365 	EXP 	window1: blendMode = 'avg'
29.8525 	EXP 	window1: blendMode = 'avg'
29.8688 	EXP 	window1: blendMode = 'avg'
29.8855 	EXP 	window1: blendMode = 'avg'
29.9023 	EXP 	window1: blendMode = 'avg'
29.9188 	EXP 	window1: blendMode = 'avg'
29.9355 	EXP 	window1: blendMode = 'avg'
29.9522 	EXP 	window1: blendMode = 'avg'
29.9688 	EXP 	window1: blendMode = 'avg'
29.9855 	EXP 	window1: blendMode = 'avg'
30.0022 	EXP 	window1: blendMode = 'avg'
30.0189 	EXP 	window1: blendMode = 'avg'
30.0355 	EXP 	window1: blendMode = 'avg'
30.0524 	EXP 	window1: blendMode = 'avg'
30.0688 	EXP 	window1: blendMode = 'avg'
30.0855 	EXP 	window1: blendMode = 'avg'
30.1023 	EXP 	window1: blendMode = 'avg'
30.1188 	EXP 	window1: blendMode = 'avg'
30.1355 	EXP 	window1: blendMode = 'avg'
30.1522 	EXP 	window1: blendMode = 'avg'
30.1688 	EXP 	window1: blendMode = 'avg'
30.1855 	EXP 	window1: blendMode = 'avg'
30.2023 	EXP 	window1: blendMode = 'avg'
30.2187 	EXP 	window1: blendMode = 'avg'
30.2355 	EXP 	window1: blendMode = 'avg'
30.2523 	EXP 	window1: blendMode = 'avg'
30.2689 	EXP 	window1: blendMode = 'avg'
30.2855 	EXP 	window1: blendMode = 'avg'
30.3022 	EXP 	window1: blendMode = 'avg'
30.3188 	EXP 	window1: blendMode = 'avg'
30.3355 	EXP 	window1: blendMode = 'avg'
30.3521 	EXP 	window1: blendMode = 'avg'
30.3689 	EXP 	window1: blendMode = 'avg'
30.3855 	EXP 	window1: blendMode = 'avg'
30.4022 	EXP 	window1: blendMode = 'avg'
30.4188 	EXP 	window1: blendMode = 'avg'
30.4355 	EXP 	window1: blendMode = 'avg'
30.4522 	EXP 	window1: blendMode = 'avg'
30.4688 	EXP 	window1: blendMode = 'avg'
30.4855 	EXP 	window1: blendMode = 'avg'
30.5022 	EXP 	window1: blendMode = 'avg'
30.5188 	EXP 	window1: blendMode = 'avg'
30.5355 	EXP 	window1: blendMode = 'avg'
30.5522 	EXP 	window1: blendMode = 'avg'
30.5688 	EXP 	window1: blendMode = 'avg'
30.5855 	EXP 	window1: blendMode = 'avg'
30.6022 	EXP 	window1: blendMode = 'avg'
30.6188 	EXP 	window1: blendMode = 'avg'
30.6355 	EXP 	window1: blendMode = 'avg'
30.6523 	EXP 	window1: blendMode = 'avg'
30.6688 	EXP 	window1: blendMode = 'avg'
30.6855 	EXP 	window1: blendMode = 'avg'
30.7022 	EXP 	window1: blendMode = 'avg'
30.7187 	EXP 	window1: blendMode = 'avg'
30.7358 	EXP 	window1: blendMode = 'avg'
30.7526 	EXP 	window1: blendMode = 'avg'
30.7694 	EXP 	window1: blendMode = 'avg'
30.7861 	EXP 	window1: blendMode = 'avg'
30.8024 	EXP 	window1: blendMode = 'avg'
30.8185 	EXP 	window1: blendMode = 'avg'
30.8352 	EXP 	window1: blendMode = 'avg'
30.8518 	EXP 	window1: blendMode = 'avg'
30.8687 	EXP 	window1: blendMode = 'avg'
30.8855 	EXP 	window1: blendMode = 'avg'
30.9024 	EXP 	window1: blendMode = 'avg'
30.9190 	EXP 	window1: blendMode = 'avg'
30.9371 	EXP 	window1: blendMode = 'avg'
30.9523 	EXP 	window1: blendMode = 'avg'
30.9690 	EXP 	window1: blendMode = 'avg'
30.9858 	EXP 	window1: blendMode = 'avg'
31.0024 	EXP 	window1: blendMode = 'avg'
31.0190 	EXP 	window1: blendMode = 'avg'
31.0357 	EXP 	window1: blendMode = 'avg'
31.0524 	EXP 	window1: blendMode = 'avg'
31.0690 	EXP 	window1: blendMode = 'avg'
31.0857 	EXP 	window1: blendMode = 'avg'
31.1023 	EXP 	window1: blendMode = 'avg'
31.1189 	EXP 	window1: blendMode = 'avg'
31.1357 	EXP 	window1: blendMode = 'avg'
31.1524 	EXP 	window1: blendMode = 'avg'
31.1689 	EXP 	window1: blendMode = 'avg'
31.1857 	EXP 	window1: blendMode = 'avg'
31.2023 	EXP 	window1: blendMode = 'avg'
31.2190 	EXP 	window1: blendMode = 'avg'
31.2357 	EXP 	window1: blendMode = 'avg'
31.2523 	EXP 	window1: blendMode = 'avg'
31.2689 	EXP 	window1: blendMode = 'avg'
31.2856 	EXP 	window1: blendMode = 'avg'
31.3023 	EXP 	window1: blendMode = 'avg'
31.3189 	EXP 	window1: blendMode = 'avg'
31.3356 	EXP 	window1: blendMode = 'avg'
31.3523 	EXP 	window1: blendMode = 'avg'
31.3690 	EXP 	window1: blendMode = 'avg'
31.3857 	EXP 	window1: blendMode = 'avg'
31.4023 	EXP 	window1: blendMode = 'avg'
31.4191 	EXP 	window1: blendMode = 'avg'
31.4356 	EXP 	window1: blendMode = 'avg'
31.4523 	EXP 	window1: blendMode = 'avg'
31.4691 	EXP 	window1: blendMode = 'avg'
31.4856 	EXP 	window1: blendMode = 'avg'
31.5023 	EXP 	window1: blendMode = 'avg'
31.5192 	EXP 	window1: blendMode = 'avg'
31.5356 	EXP 	window1: blendMode = 'avg'
31.5523 	EXP 	window1: blendMode = 'avg'
31.5690 	EXP 	window1: blendMode = 'avg'
31.5856 	EXP 	window1: blendMode = 'avg'
31.6023 	EXP 	window1: blendMode = 'avg'
31.6190 	EXP 	window1: blendMode = 'avg'
31.6356 	EXP 	window1: blendMode = 'avg'
31.6523 	EXP 	window1: blendMode = 'avg'
31.6690 	EXP 	window1: blendMode = 'avg'
31.6856 	EXP 	window1: blendMode = 'avg'
31.7023 	EXP 	window1: blendMode = 'avg'
31.7189 	EXP 	window1: blendMode = 'avg'
31.7356 	EXP 	window1: blendMode = 'avg'
31.7523 	EXP 	window1: blendMode = 'avg'
31.7689 	EXP 	window1: blendMode = 'avg'
31.7856 	EXP 	window1: blendMode = 'avg'
31.8022 	EXP 	window1: blendMode = 'avg'
31.8190 	EXP 	window1: blendMode = 'avg'
31.8357 	EXP 	window1: blendMode = 'avg'
31.8524 	EXP 	window1: blendMode = 'avg'
31.8689 	EXP 	window1: blendMode = 'avg'
31.8857 	EXP 	window1: blendMode = 'avg'
31.9023 	EXP 	window1: blendMode = 'avg'
31.9189 	EXP 	window1: blendMode = 'avg'
31.9358 	EXP 	window1: blendMode = 'avg'
31.9523 	EXP 	window1: blendMode = 'avg'
31.9689 	EXP 	window1: blendMode = 'avg'
31.9858 	EXP 	window1: blendMode = 'avg'
32.0023 	EXP 	window1: blendMode = 'avg'
32.0190 	EXP 	window1: blendMode = 'avg'
32.0359 	EXP 	window1: blendMode = 'avg'
32.0523 	EXP 	window1: blendMode = 'avg'
32.0690 	EXP 	window1: blendMode = 'avg'
32.0856 	EXP 	window1: blendMode = 'avg'
32.1023 	EXP 	window1: blendMode = 'avg'
32.1189 	EXP 	window1: blendMode = 'avg'
32.1363 	EXP 	window1: blendMode = 'avg'
32.1524 	EXP 	window1: blendMode = 'avg'
32.1689 	EXP 	window1: blendMode = 'avg'
32.1856 	EXP 	window1: blendMode = 'avg'
32.2025 	EXP 	window1: blendMode = 'avg'
32.2190 	EXP 	window1: blendMode = 'avg'
32.2357 	EXP 	window1: blendMode = 'avg'
32.2523 	EXP 	window1: blendMode = 'avg'
32.2689 	EXP 	window1: blendMode = 'avg'
32.2868 	EXP 	window1: blendMode = 'avg'
32.3032 	EXP 	window1: blendMode = 'avg'
32.3189 	EXP 	window1: blendMode = 'avg'
32.3355 	EXP 	window1: blendMode = 'avg'
32.3524 	EXP 	window1: blendMode = 'avg'
32.3689 	EXP 	window1: blendMode = 'avg'
32.3856 	EXP 	window1: blendMode = 'avg'
32.4024 	EXP 	window1: blendMode = 'avg'
32.4189 	EXP 	window1: blendMode = 'avg'
32.4356 	EXP 	window1: blendMode = 'avg'
32.4523 	EXP 	window1: blendMode = 'avg'
32.4689 	EXP 	window1: blendMode = 'avg'
32.4856 	EXP 	window1: blendMode = 'avg'
32.5036 	EXP 	window1: blendMode = 'avg'
32.5200 	EXP 	window1: blendMode = 'avg'
32.5356 	EXP 	window1: blendMode = 'avg'
32.5523 	EXP 	window1: blendMode = 'avg'
32.5689 	EXP 	window1: blendMode = 'avg'
32.5857 	EXP 	window1: blendMode = 'avg'
32.6023 	EXP 	window1: blendMode = 'avg'
32.6189 	EXP 	window1: blendMode = 'avg'
32.6357 	EXP 	window1: blendMode = 'avg'
32.6523 	EXP 	window1: blendMode = 'avg'
32.6689 	EXP 	window1: blendMode = 'avg'
32.6856 	EXP 	window1: blendMode = 'avg'
32.7023 	EXP 	window1: blendMode = 'avg'
32.7189 	EXP 	window1: blendMode = 'avg'
32.7356 	EXP 	window1: blendMode = 'avg'
32.7522 	EXP 	window1: blendMode = 'avg'
32.7689 	EXP 	window1: blendMode = 'avg'
32.7856 	EXP 	window1: blendMode = 'avg'
32.8022 	EXP 	window1: blendMode = 'avg'
32.8189 	EXP 	window1: blendMode = 'avg'
32.8354 	DATA 	Keypress: space
32.8366 	EXP 	Sound  started
32.8516 	EXP 	Instructions: autoDraw = False
34.0517 	EXP 	Sound  stopped
34.0529 	EXP 	window1: blendMode = 'avg'
34.0683 	EXP 	text: autoDraw = True
34.0689 	EXP 	window1: blendMode = 'avg'
34.0855 	EXP 	window1: blendMode = 'avg'
34.1022 	EXP 	window1: blendMode = 'avg'
34.1188 	EXP 	window1: blendMode = 'avg'
34.1355 	EXP 	window1: blendMode = 'avg'
34.1523 	EXP 	window1: blendMode = 'avg'
34.1687 	EXP 	window1: blendMode = 'avg'
34.1855 	EXP 	window1: blendMode = 'avg'
34.2023 	EXP 	window1: blendMode = 'avg'
34.2188 	EXP 	window1: blendMode = 'avg'
34.2356 	EXP 	window1: blendMode = 'avg'
34.2525 	EXP 	window1: blendMode = 'avg'
34.2688 	EXP 	window1: blendMode = 'avg'
34.2855 	EXP 	window1: blendMode = 'avg'
34.3022 	EXP 	window1: blendMode = 'avg'
34.3189 	EXP 	window1: blendMode = 'avg'
34.3355 	EXP 	window1: blendMode = 'avg'
34.3522 	EXP 	window1: blendMode = 'avg'
34.3689 	EXP 	window1: blendMode = 'avg'
34.3856 	EXP 	window1: blendMode = 'avg'
34.4022 	EXP 	window1: blendMode = 'avg'
34.4189 	EXP 	window1: blendMode = 'avg'
34.4354 	EXP 	window1: blendMode = 'avg'
34.4523 	EXP 	window1: blendMode = 'avg'
34.4688 	EXP 	window1: blendMode = 'avg'
34.4855 	EXP 	window1: blendMode = 'avg'
34.5022 	EXP 	window1: blendMode = 'avg'
34.5201 	EXP 	window1: blendMode = 'avg'
34.5355 	EXP 	window1: blendMode = 'avg'
34.5523 	EXP 	window1: blendMode = 'avg'
34.5689 	EXP 	window1: blendMode = 'avg'
34.5855 	EXP 	window1: blendMode = 'avg'
34.6023 	EXP 	window1: blendMode = 'avg'
34.6188 	EXP 	window1: blendMode = 'avg'
34.6356 	EXP 	window1: blendMode = 'avg'
34.6522 	EXP 	window1: blendMode = 'avg'
34.6689 	EXP 	window1: blendMode = 'avg'
34.6854 	EXP 	window1: blendMode = 'avg'
34.7021 	EXP 	window1: blendMode = 'avg'
34.7188 	EXP 	window1: blendMode = 'avg'
34.7356 	EXP 	window1: blendMode = 'avg'
34.7522 	EXP 	window1: blendMode = 'avg'
34.7688 	EXP 	window1: blendMode = 'avg'
34.7855 	EXP 	window1: blendMode = 'avg'
34.8020 	EXP 	window1: blendMode = 'avg'
34.8187 	EXP 	window1: blendMode = 'avg'
34.8368 	EXP 	window1: blendMode = 'avg'
34.8521 	EXP 	window1: blendMode = 'avg'
34.8688 	EXP 	window1: blendMode = 'avg'
34.8854 	EXP 	window1: blendMode = 'avg'
34.9021 	EXP 	window1: blendMode = 'avg'
34.9188 	EXP 	window1: blendMode = 'avg'
34.9356 	EXP 	window1: blendMode = 'avg'
34.9521 	EXP 	window1: blendMode = 'avg'
34.9685 	EXP 	window1: blendMode = 'avg'
34.9850 	EXP 	window1: blendMode = 'avg'
35.0017 	EXP 	window1: blendMode = 'avg'
35.0185 	EXP 	window1: blendMode = 'avg'
35.0362 	EXP 	window1: blendMode = 'avg'
35.0520 	EXP 	window1: blendMode = 'avg'
35.0685 	EXP 	window1: blendMode = 'avg'
35.0854 	EXP 	window1: blendMode = 'avg'
35.1019 	EXP 	window1: blendMode = 'avg'
35.1186 	EXP 	window1: blendMode = 'avg'
35.1354 	EXP 	window1: blendMode = 'avg'
35.1520 	EXP 	window1: blendMode = 'avg'
35.1685 	EXP 	window1: blendMode = 'avg'
35.1854 	EXP 	window1: blendMode = 'avg'
35.2020 	EXP 	window1: blendMode = 'avg'
35.2188 	EXP 	window1: blendMode = 'avg'
35.2355 	EXP 	window1: blendMode = 'avg'
35.2520 	EXP 	window1: blendMode = 'avg'
35.2688 	EXP 	window1: blendMode = 'avg'
35.2855 	EXP 	window1: blendMode = 'avg'
35.3022 	EXP 	window1: blendMode = 'avg'
35.3187 	EXP 	window1: blendMode = 'avg'
35.3355 	EXP 	window1: blendMode = 'avg'
35.3520 	EXP 	window1: blendMode = 'avg'
35.3687 	EXP 	window1: blendMode = 'avg'
35.3856 	EXP 	window1: blendMode = 'avg'
35.4020 	EXP 	window1: blendMode = 'avg'
35.4187 	EXP 	window1: blendMode = 'avg'
35.4355 	EXP 	window1: blendMode = 'avg'
35.4520 	EXP 	window1: blendMode = 'avg'
35.4686 	EXP 	window1: blendMode = 'avg'
35.4855 	EXP 	window1: blendMode = 'avg'
35.5019 	EXP 	window1: blendMode = 'avg'
35.5187 	EXP 	window1: blendMode = 'avg'
35.5354 	EXP 	window1: blendMode = 'avg'
35.5528 	EXP 	window1: blendMode = 'avg'
35.5687 	EXP 	window1: blendMode = 'avg'
35.5855 	EXP 	window1: blendMode = 'avg'
35.6020 	EXP 	window1: blendMode = 'avg'
35.6187 	EXP 	window1: blendMode = 'avg'
35.6355 	EXP 	window1: blendMode = 'avg'
35.6521 	EXP 	window1: blendMode = 'avg'
35.6686 	EXP 	window1: blendMode = 'avg'
35.6855 	EXP 	window1: blendMode = 'avg'
35.7021 	EXP 	window1: blendMode = 'avg'
35.7187 	EXP 	window1: blendMode = 'avg'
35.7355 	EXP 	window1: blendMode = 'avg'
35.7520 	EXP 	window1: blendMode = 'avg'
35.7687 	EXP 	window1: blendMode = 'avg'
35.7855 	EXP 	window1: blendMode = 'avg'
35.8020 	EXP 	window1: blendMode = 'avg'
35.8186 	EXP 	window1: blendMode = 'avg'
35.8353 	EXP 	window1: blendMode = 'avg'
35.8520 	EXP 	window1: blendMode = 'avg'
35.8686 	EXP 	window1: blendMode = 'avg'
35.8854 	EXP 	window1: blendMode = 'avg'
35.9019 	EXP 	window1: blendMode = 'avg'
35.9186 	EXP 	window1: blendMode = 'avg'
35.9355 	EXP 	window1: blendMode = 'avg'
35.9520 	EXP 	window1: blendMode = 'avg'
35.9686 	EXP 	window1: blendMode = 'avg'
35.9855 	EXP 	window1: blendMode = 'avg'
36.0020 	EXP 	window1: blendMode = 'avg'
36.0188 	EXP 	window1: blendMode = 'avg'
36.0355 	EXP 	window1: blendMode = 'avg'
36.0520 	EXP 	window1: blendMode = 'avg'
36.0685 	EXP 	window1: blendMode = 'avg'
36.0854 	EXP 	window1: blendMode = 'avg'
36.1022 	EXP 	window1: blendMode = 'avg'
36.1186 	EXP 	window1: blendMode = 'avg'
36.1355 	EXP 	window1: blendMode = 'avg'
36.1521 	EXP 	window1: blendMode = 'avg'
36.1686 	EXP 	window1: blendMode = 'avg'
36.1855 	EXP 	window1: blendMode = 'avg'
36.2019 	EXP 	window1: blendMode = 'avg'
36.2186 	EXP 	window1: blendMode = 'avg'
36.2354 	EXP 	window1: blendMode = 'avg'
36.2520 	EXP 	window1: blendMode = 'avg'
36.2687 	EXP 	window1: blendMode = 'avg'
36.2854 	EXP 	window1: blendMode = 'avg'
36.3019 	EXP 	window1: blendMode = 'avg'
36.3187 	EXP 	window1: blendMode = 'avg'
36.3354 	EXP 	window1: blendMode = 'avg'
36.3520 	EXP 	window1: blendMode = 'avg'
36.3687 	EXP 	window1: blendMode = 'avg'
36.3854 	EXP 	window1: blendMode = 'avg'
36.4032 	EXP 	window1: blendMode = 'avg'
36.4187 	EXP 	window1: blendMode = 'avg'
36.4355 	EXP 	window1: blendMode = 'avg'
36.4519 	EXP 	window1: blendMode = 'avg'
36.4686 	EXP 	window1: blendMode = 'avg'
36.4854 	EXP 	window1: blendMode = 'avg'
36.5018 	EXP 	window1: blendMode = 'avg'
36.5187 	EXP 	window1: blendMode = 'avg'
36.5353 	EXP 	window1: blendMode = 'avg'
36.5518 	EXP 	window1: blendMode = 'avg'
36.5686 	EXP 	window1: blendMode = 'avg'
36.5853 	EXP 	window1: blendMode = 'avg'
36.6019 	EXP 	window1: blendMode = 'avg'
36.6187 	EXP 	window1: blendMode = 'avg'
36.6354 	EXP 	window1: blendMode = 'avg'
36.6519 	EXP 	window1: blendMode = 'avg'
36.6686 	EXP 	window1: blendMode = 'avg'
36.6848 	EXP 	window1: blendMode = 'avg'
36.7014 	EXP 	window1: blendMode = 'avg'
36.7181 	EXP 	window1: blendMode = 'avg'
36.7349 	EXP 	window1: blendMode = 'avg'
36.7520 	EXP 	window1: blendMode = 'avg'
36.7687 	EXP 	window1: blendMode = 'avg'
36.7856 	EXP 	window1: blendMode = 'avg'
36.8022 	EXP 	window1: blendMode = 'avg'
36.8187 	EXP 	window1: blendMode = 'avg'
36.8355 	EXP 	window1: blendMode = 'avg'
36.8522 	EXP 	window1: blendMode = 'avg'
36.8688 	EXP 	window1: blendMode = 'avg'
36.8855 	EXP 	window1: blendMode = 'avg'
36.9021 	EXP 	window1: blendMode = 'avg'
36.9188 	EXP 	window1: blendMode = 'avg'
36.9356 	EXP 	window1: blendMode = 'avg'
36.9523 	EXP 	window1: blendMode = 'avg'
36.9687 	EXP 	window1: blendMode = 'avg'
36.9856 	EXP 	window1: blendMode = 'avg'
37.0021 	EXP 	window1: blendMode = 'avg'
37.0188 	EXP 	window1: blendMode = 'avg'
37.0355 	EXP 	window1: blendMode = 'avg'
37.0523 	EXP 	window1: blendMode = 'avg'
37.0688 	EXP 	window1: blendMode = 'avg'
37.0854 	EXP 	window1: blendMode = 'avg'
37.1020 	EXP 	window1: blendMode = 'avg'
37.1188 	EXP 	window1: blendMode = 'avg'
37.1356 	EXP 	window1: blendMode = 'avg'
37.1520 	EXP 	window1: blendMode = 'avg'
37.1688 	EXP 	window1: blendMode = 'avg'
37.1856 	EXP 	window1: blendMode = 'avg'
37.2021 	EXP 	window1: blendMode = 'avg'
37.2187 	EXP 	window1: blendMode = 'avg'
37.2355 	EXP 	window1: blendMode = 'avg'
37.2523 	EXP 	window1: blendMode = 'avg'
37.2687 	EXP 	window1: blendMode = 'avg'
37.2856 	EXP 	window1: blendMode = 'avg'
37.3021 	EXP 	window1: blendMode = 'avg'
37.3187 	EXP 	window1: blendMode = 'avg'
37.3355 	EXP 	window1: blendMode = 'avg'
37.3520 	EXP 	window1: blendMode = 'avg'
37.3687 	EXP 	window1: blendMode = 'avg'
37.3855 	EXP 	window1: blendMode = 'avg'
37.4021 	EXP 	window1: blendMode = 'avg'
37.4188 	EXP 	window1: blendMode = 'avg'
37.4355 	EXP 	window1: blendMode = 'avg'
37.4521 	EXP 	window1: blendMode = 'avg'
37.4688 	EXP 	window1: blendMode = 'avg'
37.4855 	EXP 	window1: blendMode = 'avg'
37.5020 	EXP 	window1: blendMode = 'avg'
37.5191 	EXP 	window1: blendMode = 'avg'
37.5356 	EXP 	window1: blendMode = 'avg'
37.5520 	EXP 	window1: blendMode = 'avg'
37.5688 	EXP 	window1: blendMode = 'avg'
37.5855 	EXP 	window1: blendMode = 'avg'
37.6036 	EXP 	window1: blendMode = 'avg'
37.6187 	EXP 	window1: blendMode = 'avg'
37.6354 	EXP 	window1: blendMode = 'avg'
37.6520 	EXP 	window1: blendMode = 'avg'
37.6688 	EXP 	window1: blendMode = 'avg'
37.6855 	EXP 	window1: blendMode = 'avg'
37.7021 	EXP 	window1: blendMode = 'avg'
37.7188 	EXP 	window1: blendMode = 'avg'
37.7356 	EXP 	window1: blendMode = 'avg'
37.7537 	EXP 	window1: blendMode = 'avg'
37.7687 	EXP 	window1: blendMode = 'avg'
37.7856 	EXP 	window1: blendMode = 'avg'
37.8020 	EXP 	window1: blendMode = 'avg'
37.8187 	EXP 	window1: blendMode = 'avg'
37.8356 	DATA 	Keypress: escape
