2.9366 	EXP 	Added new global key event: forcequit
5.1792 	WARNING 	User requested fullscreen with size [1024  768], but screen is actually [3240, 2160]. Using actual size
6.2696 	EXP 	Created window1 = Window(allowGUI=False, allowStencil=False, args=UNKNOWN, autoLog=True, bitsMode=UNKNOWN, blendMode='avg', color='red', colorSpace='named', fullscr=UNKNOWN, gamma=None, kwargs=UNKNOWN, lms=UNKNOWN, monitor=<psychopy.monitors.calibTools.Monitor object at 0x1FF49DD0>, multiSample=False, name='window1', numSamples=2, pos=[0, 0], screen=0, size=array([3240, 2160]), stereo=False, units=u'norm', useFBO=True, useRetina=False, viewOri=0.0, viewPos=None, viewScale=None, waitBlanking=True, winType=u'pyglet')
6.2697 	EXP 	window1: mouseVisible = False
6.2697 	EXP 	window1: recordFrameIntervals = False
6.4376 	EXP 	window1: recordFrameIntervals = True
6.6207 	EXP 	window1: recordFrameIntervals = False
6.9446 	EXP 	Created Instructions = TextStim(alignHoriz='center', alignVert='center', antialias=True, autoLog=True, bold=False, color='white', colorSpace='named', contrast=1.0, depth=0.0, flipHoriz=False, flipVert=False, font=u'Arial', fontFiles=[], height=0.1, italic=False, name='Instructions', opacity=1.0, ori=0, pos=array([ 0.,  0.]), rgb=array([ 255.,  255.,  255.]), text=newstr(...), units=u'norm', win=Window(...), wrapWidth=1)
6.9913 	EXP 	Created stayStill = TextStim(alignHoriz='center', alignVert='center', antialias=True, autoLog=True, bold=False, color='white', colorSpace='named', contrast=1.0, depth=0.0, flipHoriz=False, flipVert=False, font=u'Arial', fontFiles=[], height=0.1, italic=False, name='stayStill', opacity=1.0, ori=0, pos=array([ 0.,  0.]), rgb=array([ 255.,  255.,  255.]), text=newstr(...), units=u'norm', win=Window(...), wrapWidth=1)
8.7163 	EXP 	Sound  set volume 1.000
8.7582 	EXP 	Created text = TextStim(alignHoriz='center', alignVert='center', antialias=True, autoLog=True, bold=False, color='white', colorSpace='named', contrast=1.0, depth=0.0, flipHoriz=False, flipVert=False, font=u'Arial', fontFiles=[], height=0.1, italic=False, name='text', opacity=1.0, ori=0, pos=array([ 0.,  0.]), rgb=array([ 255.,  255.,  255.]), text=newstr(...), units=u'norm', win=Window(...), wrapWidth=1)
8.7821 	EXP 	Instructions: autoDraw = True
11.5555 	DATA 	Mouse: Left button down, pos=(1910,575)
11.7043 	DATA 	Mouse:  Left button up, pos=(1910,575)
13.0475 	DATA 	Keypress: space
13.0696 	EXP 	Instructions: autoDraw = False
13.0696 	EXP 	stayStill: autoDraw = True
14.9215 	DATA 	Keypress: escape
19.5495 	DATA 	Keypress: lshift
19.8886 	DATA 	Keypress: escape
19.8886 	EXP 	Global key event: forcequit. Calling <function quitExp at 0x10DB2430>.
19.9662 	EXP 	window1: mouseVisible = True
